AfCv8fp4PPcIiwZk1xX/Ml/5cmXsyfJAKmXn8axUXFHk8Fi3qIxGtGR1K47tGwte4daUgWxZ/ZXU8jlnqgDeHzfnO/szqxJQp2OQ10dSaXVyHSoYLvll
JrzMyx949pNa4PMnC5Eyqjh/PhK4I2L07B9dyWx5XoXxf5Ou1vjPsRkq0/CZyjuw7vKPk812GrYD/7mRykf5cg==
lmNwqBhzOsPEQwGM/jxyo+vsyTEFjK6/R0Ad6LmUQ7hoTSaAQpa6qgxopc6qM21SPYzTGDSEWdMp4/yZUfajdAFm++gAjp+39bp6QotjCdUSK/lm
dsBELCqLk4X8bP91GF5V1/aRuw4RNLjdlHQlndC60GH8YsPhmMUTCUd179iNTCgT9/89WmJuxsPO/GpH21dnM3fr3x77k7yPo3JNjV4N1hAq+WE=
OEJHb8Opj6ysRRjVWkzc//eRuw4RNLjdlHQlndC60GH8YsPhmMUTCUd179iNTCgT9/89WmJuxsPO/GpH21dnM3fr3x77k7yPo3JNjV4N1hAq+WE=
G1SVokSybRAJuFApc5FhWvSRuw4RNLjdlHQlndC60GH8YsPhmMUTCUd179iNTCgT9/89WmJuxsPO/GpH21dnM3fr3x77k7yPo3JNjV4N1hAq+WE=
sW5hiacEHgu3S2a8cdx/ZPWRuw4RNLjdlHQlndC60GH8YsPhmMUTCUd179iNTCgT9/89WmJuxsPO/GpH21dnM3fr3x77k7yPo3JNjV4N1hAq+WE=
mn3HZjG0MmDYZRDCDavAWGMd9A9e24zI56nZ9FuKvbwmFPinmQJfhowjopHh04RpSfKzGOkyuzR4ai87fc7a/tOnWfk6P/l6
OLecvSWKWQ3LABbFKLmTqWAd9A9e24zI56nZ9FuKvbwmFPinmQJfhowjopHh04RpSfKzGOkyuzR4ai87fc7a/tOnWfk6P/l6
/KZN0wfV6xqOUpRHkc0ws2Ed9A9e24zI56nZ9FuKvbwmFPinmQJfhowjopHh04RpSfKzGOkyuzR4ai87fc7a/tOnWfk6P/l6
qdVjiRmZloMB6GSKwAlSA2Yd9A9e24zI56nZ9FuKvbwmFPinmQJfhowjopHh04RpSfKzGOkyuzV4ai87fc7a/tOnWfk6P/l6
RyaN+09ON++74Mflh7TuBmcd9A9e24zI56nZ9FuKvbwmFPinmQJfhowjopHh04RpSfKzGOkyuzV4ai87fc7a/tOnWfk6P/l6
yBdg8KFDuxBpRrrRjPU3L2Qd9A9e24zI56nZ9FuKvbwmFPinmQJfhowjopHh04RpSfKzGOkyuzV4ai87fc7a/tOnWfk6P/l6
P4o7KQwA3CAdXBSN+VVHxWIH8g1FyYzI56nZ9FuKvbwmFPinmQJfhowjopHh04RpSfKzGOkyuzV4ai87fc7a/tOnWfk6P/l6
jamPnLDW22778Aoa59CVh2MH8g1FyYzI56nZ9FuKvbwmFPinmQJfhowjopHh04RpSfKzGOkyuzV4ai87fc7a/tOnWfk6P/l6
n2WF4d1jD4lBwuEncEKT/2AH8g1FyYzI56nZ9FuKvbwmFPinmQJfhowjopHh04RpSfKzGOkyuzV4ai87fc7a/tOnWfk6P/l6
m3iPyZCuDxQSkfuh+8Q9mBZq66/IEOFfmRXaDaFtveVVXP+kiqctv+duQIa0x/TskCPpnyXHLUtEankbDmvZovfJrGX0JDD5ew==
7tJeY+tEVUwDZtETRs4KnU8rT4Q//SmIs+4dEJ6gaDsRht8KFLcSLUl3ZAWxhmNEIXb7+SC+X8cVKvrS65NJ5TI7+XY=
yET93kp2YWELFV9auSSZak4rT4Q//SmIs+4dEJ6gaDsRht8KFLcSLUl3ZAWxhmNEIXb7+SC+X8cVKvrS65NJ5TI7+XY=
dmowq8lyLEnoxy2kdStpNGqMl78UBsahnRszF2ubgtghhTJted31JR2Mx4Ri1zW//54opoyXPKxYk7F/TVeVy7z60btWm5FiP5lUBdwUKPlj
U8QAlxZwpUJY0xUHFyjg/k0rT4Q//SmIs+4dEJ6gaDsRht8KFLcSLUl3ZAWxhmNEIXb7+SC+X8cVKvrS65NJ5TI7+XY=
wkPHh423Jj9FVshiu2gMY0wrT4Q//SmIs+4dEJ6gaDsRht8KFLcSLUl3ZAWxhmNEIXb7+SC+X8cVKvrS65NJ5TI7+XY=
dnhsDQX2Gy0REEMg15UpEUsrT4Q//SmIs+4dEJ6gaDsRht8KFLcSLUl3ZAWxhmNEIXb7+SC+X8cVKvrS65NJ5TI7+XY=
w//eJ/TbrLiALLMtNG2SF0orT4Q//SmIs+4dEJ6gaDsRht8KFLcSLUl3ZAWxhmNEIXb7+SC+X8cVKvrS65NJ5TI7+XY=
CwQxeKMFRnk/w/WX8TO4fkkrT4Q//SmIs+4dEJ6gaDsRht8KFLcSLUl3ZAWxhmNEIXb7+SC+X8cVKvrS65NJ5TI7+XY=
sCPvKYXkQIphMJI8RUECi0grT4Q//SmIs+4dEJ6gaDsRht8KFLcSLUl3ZAWxhmNEIXb7+SC+X8cVKvrS65NJ5TI7+XY=
887FdvII+igxTEhz+48mqEcrT4Q//SmIs+4dEJ6gaDsRht8KFLcSLUl3ZAWxhmNEIXb7+SC+X8cVKvrS65NJ5TI7+XY=
fOGE6fa7t1PeZRouR9DggEYrT4Q//SmIs+4dEJ6gaDsRht8KFLcSLUl3ZAWxhmNEIXb7+SC+X8cVKvrS65NJ5TI7+XY=
0iAaGb9Dz8pN6c2ox09i/qJwHB9VbS5ddcUBRcm0i1QeP6E/a/bU9kCvaEwsi71PUT9hiwhSTUvaAyXC6+GYVeA8PPl3
gucfMi8NYTG4G+yGfSJVCmIF+A9HzZPI56nZ9FuKvbwmFPinmQJfhowjopHh04RpSfKzGOkyuzV4ai87fc7a/tOnWfk6P/l6
rpwWK43wf+XNsQppjbFwihoEduJws27G4P8CEITzLT0Uhd4BefMDOk5kbxWxhmNEIXb7+SC+X8cVKvrS65NJ5TI7+XY=
jHn7kN37tx8in71fVvUrTBoEduJws27G4PsAHoTzLT0Uhd4BefMDOk5kbxWxhmNEIXb7+SC+X8cVKvrS65NJ5TI7+XY=
4VMFW05Bjnr8UxiTIWOvHR+zeuFcYXO7qSFU1IL+N7/lO0xsmzyBLc3zQT+dd6XLzBqBe+Y7AeLP+YRF7DQ4+XM=
RvyImSMvawB52RyWTi4Vkdt4EyYSimmPaWF2UbbIAmSJ7gL7n2lLTkrEpJqVz2QldjkGU/xC7k4a2AWMsT69/hR/PU5FVAj/juHNE+xsaILVlH2ka5KV/Fs6WKyAoZHwquwH0eETZhH5WA==
/F15q7OtjrUChqZu2Tn2H2U44a+GSeFqzwjLfqFtveVVXP+kiqctv+duQIa0x/TskCPpnyXHLUtJbXkRCGvZovfJrGX0JDD5ew==
u1vVF1bib3ANXagG12ZRwTArP8skqUqIs+4dEJ6gaDsRht8KFLcSLUl3ZAWxhmNEIXb79Ce+VcEVKvrS65NJ5TI7+XY=
c4zA29DEjvd9/8y52iX7j3GS0C7QctR44iLvOG3i6m4w4V1AH0jQ6dpntQG0V2WoW34NUJsXQ0A9Kwk8yuDfnVH/Pj35dA==
zlOwfjH7tfc1Y6J0zWXwexQ72DgXw6vIxpK69FuKvbwmFPinmQJfhowjopHh04RpSfKzGOkyuzl/aiU9fc7a/tOnWfk6P/l6
XVxkEX+KmaeHBWwEFnuv9VArqIxMsSQ2XwxiNFKOt9QNDnLCgG3FzJ/ESGVqyy3t1Ls9BOsy1RxbW5sMDQdR0KoMx7Fh8yYx+Xg=
8Z563DNBCDvhOswYVEu2918jqYAv/j9iNgxiNFKOt9QNDnLCgG3FzJ/ESGVqyy3t1Ls9BOsy1RxbW5sMDQdR0KoMx7Fh8yYx+Xg=
5mlkSdX/kHnCfFzfxHeemBw61FtY2P+uxpK69FuKvbwmFPinmQJfhowjopHh04RpSfKzGOkyuzl/aiU9fc7a/tOnWfk6P/l6
mgTKl1XoF1YmqIQb1lhEbnCes2HLJrp44iLvOG3i6m4w4V1AH0jQ6dpntQG0V2WoW34NUJsXQ0A9Kwk8yuDfnVH/Pj35dA==
DEHG6XpqYN6i8THpMJllizxIcNBwxkqIs+4dEJ6gaDsRht8KFLcSLUl3ZAWxhmNEIXb79Se+VcEVKvrS65NJ5TI7+XY=
/deUug8pDi6OIUCMlxX6k+oP/BqcZqNpt/V/eN2MWPPn/y06ki4WY158GqdrF7dTh+vgOatZyi8T8t3tjk3mMDr5cQ==
nr58rTpwGBkkh4cU/C/tcO8P/BqcdqNpt/V/eN2MWPPn/y06ki4WY158GqdrF7dTh+vlOKtZyi8T8t3tjk3mMDr5cQ==
BAsk9JjW/wJB5GhvjDhI4OoP/Bqcc6Npt/V/eN2MWPPn/y06ki4WY158GqdrF7dTh+vkOKtZyi8T8t3tjk3mMDr5cQ==
WsDiUZAPZpzZvvvLsbg2ZyAQ4QlS//+H/P2q9FuKvbwmFPinmQJfhowjopHh04RpSfKzGOkyuzl+aiU9fc7a/tOnWfk6P/l6
60fj/P3oVJc+VM9rgx0JrmIB274pCQh7z5L6WrJE+iDjJl3YzohIEwGO3wIEnzIFGb8kzeEuw+yx/nt/thb1aUXiuhq7u2nNIjP5fg==
96F9oc+Oa6o1Uo9KIzPyqG8fg5Av/j9iGjxeHkKOt9QNDnLCgG3FzJ/ESGVqyy3t1Ls9BOsy1RxbWZoMDQdR0KoMx7Fh8yYx+Xg=
xVtJ5hlHk6fsvvXcqVjvMSAQxFtY2P+e+riq9FuKvbwmFPinmQJfhowjopHh04RpSfKzGOkyuzt+aiU9fc7a/tOnWfk6P/l6
0pf5YcnF6NKKR+YsRTz2KlqOs2HLJoZS8iLvOG3i6m4w4V1AH0jQ6dpntQG0V2WoW34NUJsaQkA9Kwk8yuDfnVH/Pj35dA==
eU0xCHXTjBD8WoPAH8L08SxIcNBw7FqIs+4dEJ6gaDsRht8KFLcSLUl3ZAWxhmNEIXb7+Ca+VcEVKvrS65NJ5TI7+XY=
+t95MUZAIxLx+Q0fM73x8ogP/BqcdqNpt/V/eN2MWPPn/y06ki4WY158GqdrF7dTh+viP6tZyi8T8t3tjk3mMDr5cQ==
1YINeqP/WtydV29ZgsxH8k1ZP8skqTiIs+4dEJ6gaDsRht8KFLcSLUl3ZAWxhmNEIXb79SG+VcEVKvrS65NJ5TI7+XY=
FEhobh30XItd1VE1QaK5c05IcNBwuziIs+4dEJ6gaDsRht8KFLcSLUl3ZAWxhmNEIXb79SG+VcEVKvrS65NJ5TI7+XY=
dZbnufJRKs4STsZA5R8OBEBXP8skqTiIs+4dEJ6gaDsRht8KFLcSLUl3ZAWxhmNEIXb79yG+VcEVKvrS65NJ5TI7+XY=
907HGI7WBzakGPTyDBCFRwDirC7QctQIniLvOG3i6m4w4V1AH0jQ6dpntQG0V2WoW34NUJsURUA0Kgk8yuDfnVH/Pj35dA==
7UPqvvpwUJdnWSDkmQ1tiADis2HLJssIniLvOG3i6m4w4V1AH0jQ6dpntQG0V2WoW34NUJsVRUA0Kgk8yuDfnVH/Pj35dA==
mCkxdtBifBb8ucc5arAsUgDirC7QctQIniLvOG3i6m4w4V1AH0jQ6dpntQG0V2WoW34NUJsaRUA0Kgk8yuDfnVH/Pj35dA==
OlyLXvyUF68sNNARzmiqo2NKqEQXw6vIt+LG9FuKvbwmFPinmQJfhowjopHh04RpSfKzGOkyuzR5aiw8fc7a/tOnWfk6P/l6
qQD01Etj3YUamXiQh75M9Slc2fwwsSQ2X3sTRC6Ot9QNDnLCgG3FzJ/ESGVqyy3t1Ls9BOsy1RxbV50MBAZR0KoMx7Fh8yYx+Xg=
J1MXFnjbM8f4LXRJZ/tKDjZHmORFFkdgm8CvHf8eliDjJl3YzohIEwGO3wIEnzIFGb8kzeEuw+yx/ntxsRb8aEXiuhq7u2nNIjP5fg==
Y4qMgqquO9tiBGo2mUrNAlOMzuU7Tk/r6GzkdURfbmmnCqdhq9VDMBn8vGtrf6Gi9t5Sq2JcBq9vB5Nryyurxs/AT6ePkiGlSn3CKDb5fQ==
yzQgLAIjIihqSZIMRqy1UgOAv5UQbHaHzWkX/JgVb0EHSiaMi8L9ZFb82J+JCl+evAvCabEbRDG5mhOgebo7pcjCzESthpomo095wSo3+WI=
MTGs3ZxZVM1j6UZ4W/Azw0YCqv4Gdi7Yq4U8tw+/W/D++l9wraoaNhDZTUgfQMDR+j9FSXQf1XA7hp3YG5vUONRyufSKKK9FcccuNfl8
zL0pYNLSvS4U/dRGZzlQtigDq/AGdjGXsNEjtw+/W/D++l9wraoaNhDZTUgfQMDR+j9FSXQf1XA7hp3YG5vUONRyufSKKK9FcccuNfl8
1s4XERX9XEsDApHlYvQuOW/uvpQebHaYgnJD4/gVb0EHSiaMi8L9ZFb82J+JCl+evAvCabEbRDG5mhOgebo7psjCzESthpomo095wSo3+WI=
Z49mXUEQbc6zzccbrPSn8VzK5wY3H5zi5jVZH48qZOvP4+MsjibnLE02oqpgRfXUn9x4TYqj/dWUQ22sS1olhNvE7OSkroGoajSXWQHbFin5YA==
mp43OiIPj4HOqKftD+C6tO3i6kAFja6vCBBJ7L7RYsQASS+FT4b2+FN+nYD+UCgLMZbfGjSHUt0p5+SVUfajdAFm++IAjpyw9bp6QotjCdUSK/lm
7JoUGRz56Ci/WwNDJc+ktnZ1dlJmrIDyKCV0mZaFfi0aXqwvjycrWF6Sj8jtUkoe8LF9UB9Y8LkaFxWxNKcFGJsu7UCbASSQdJrpTEpQf20RLx4t+WQ=
iBGSd1mw5qY9aGgCjodhPOfe+uTE3IgjHXaQs/9kfU+E17L4SI3vyZcyhiT7Gj0shsS4d7kSX5as8+JBQUME+eki88jJIrsvWLps7N1eWm5zdxkpGi/5ag==
5wLlc/sQFx2Q3ZR2vcmbEwl+YCxVWFQ8CaCX8BhWPOG5uPBBKpL0Y09rc5Tu/ldkjf7SckA95dyf1Gg1qnuNHVQL3XQr4rUMW018XET2MWAqfGcBISMGIflo
gadxilgZSLVgEBkrwSsrwUkkjhvYsevKvr+IKBtqn5eTx1subOvCLJDBrw3fblaQg7bdSC44COMhnt8SJG9ytfkvpF2BngOcke57b5BmPNglcjqKWwspPQIj+W4=
u5b5ZnEXFn9hG0YK4zigsH5E2MUtjVsZfy4zOAaqn/tYFlsuy9zYlXrGPKcPr7vAvir/AC0aeubQqW1YH1DgoTrvJfn0b3Wge7Z9yBuNtAgUIhkECphPFTE3DiX5bA==
zC+3fX+478pGf+0/D34OLVU44a+GSOFqzwjLfqFtveVVXP+kiqctv+duQIa0x/TskCPpnyXHLUtFb3kZCWvZovfJrGX0JDD5ew==
6fwL1QH1FWpNmHIlUufFoBcbP8skqXqIs+4dEJ6gaDsRht8KFLcSLUl3ZAWxhmNEIXb7+CW+XcAVKvrS65NJ5TI7+XY=
0xR0sz/q2oay4kKGGjKyzFq14C7QctRf0iLvOG3i6m4w4V1AH0jQ6dpntQG0V2WoW34NUJsaQUA1Kgk8yuDfnVH/Pj35dA==
OrhTTbGEo0/ITocw/CsPyDAQ/wgXw6vI7bWK9FuKvbwmFPinmQJfhowjopHh04RpSfKzGOkyuzR9ai08fc7a/tOnWfk6P/l6
4cXrBQ7wqhwEvy1nPQZyw3wPg6t8sSQ2XyhJE2KOt9QNDnLCgG3FzJ/ESGVqyy3t1Ls9BOsy1RxbVpkMBQZR0KoMx7Fh8yYx+Xg=
hvrPKP3y0tHnAHqSUyOiAXsIjrAv/j9iGihJE2KOt9QNDnLCgG3FzJ/ESGVqyy3t1Ls9BOsy1RxbVpkMBQZR0KoMx7Fh8yYx+Xg=
5a3QolyCA6mW8LSZG7c6STcd5FtY2P+K7bWK9FuKvbwmFPinmQJfhowjopHh04RpSfKzGOkyuzV9ai08fc7a/tOnWfk6P/l6
1J9hrHHvQVOLIrpBGi5/V1eus2HLJpFf0iLvOG3i6m4w4V1AH0jQ6dpntQG0V2WoW34NUJsbQUA1Kgk8yuDfnVH/Pj35dA==
DLEI9bZQhre0FlqpV5Z5ZgxIcNBw4XqIs+4dEJ6gaDsRht8KFLcSLUl3ZAWxhmNEIXb7+SW+XcAVKvrS65NJ5TI7+XY=
ILfPk7+a8ykf3a/wLuXVBq1+YG8adnoOdcUBRcm0i1QeP6E/a/bU9kCvaEwsi71PUT9hiwBWTUndAyXC6+GYVeA8PPl3
3CeeQtVGAqU4ruAgEWmaQmNKqEQXw6vIt+LG9FuKvbwmFPinmQJfhowjopHh04RpSfKzGOkyuz58ai08fc7a/tOnWfk6P/l6
4IlgGvz6NyLNuOxRxiiIDClc2fwwsSQ2X3sTRC6Ot9QNDnLCgG3FzJ/ESGVqyy3t1Ls9BOsy1RxbXJgMBQZR0KoMx7Fh8yYx+Xg=
veocjQtNYef5ltBSn54NSjZHmORFFkdgm8CvHf8eliDjJl3YzohIEwGO3wIEnzIFGb8kzeEuw+yx/nt6tBb9aEXiuhq7u2nNIjP5fg==
ztzBEMN/5ZbF23d3mLOtR1oDq/AGdjGXsNEjtw+/W/D++l9wraoaNhDZTUgfQMDR+j9FSXQf1XA7hp3YG5nQONVyufSKKK9FcccuNfl8
YtCNKQeU+yaLNZaLqkzM+UYCqv4Gdi7Yq4Uutw+/W/D++l9wraoaNhDZTUgfQMDR+j9FSXQf1XA7hp3YG5nQONVyufSKKK9FcccuNfl8
Mdsqvz9xqDo94jzNYwFnfVOMzuU7Tk/r6GzkdURfbmmnCqdhq9VDMBn8vGtrf6Gi9t5Sq2JcBq9vB5Nryyuvws/BT6ePkiGlSn3CKDb5fQ==
rBTkKGSFdej2ubLFtX3LkAOAv5UQbHaHzWkX/JgVb0EHSiaMi8L9ZFb82J+JCl+evAvCabEbRDG5mhOgebo7oMzCzUSthpomo095wSo3+WI=
7ORgRwt4pVg9slBuw0TP3UYCqv4Gdi7Yq4U8tw+/W/D++l9wraoaNhDZTUgfQMDR+j9FSXQf1XA7hp3YG57QONVyufSKKK9FcccuNfl8
3Q9SumEzvzrjzHsq7LyORlOMzuU7Tk/r6GzkdURfbmmnCqdhq9VDMBn8vGtrf6Gi9t5Sq2JcBq9vB5Nryyuuws/BT6ePkiGlSn3CKDb5fQ==
aE1uhC/rH7JjRKUsumIvrAOAv5UQbHaHzWkX/JgVb0EHSiaMi8L9ZFb82J+JCl+evAvCabEbRDG5mhOgebo7oczCzUSthpomo095wSo3+WI=
rRN7IaGWiwd3s37zQ8MqGkYCqv4Gdi7Yq4U8tw+/W/D++l9wraoaNhDZTUgfQMDR+j9FSXQf1XA7hp3YG5zQONVyufSKKK9FcccuNfl8
u6vmbS6Ll/EaBCh/iGStmVOMzuU7Tk/r6GzkdURfbmmnCqdhq9VDMBn8vGtrf6Gi9t5Sq2JcBq9vB5Nryyutws/BT6ePkiGlSn3CKDb5fQ==
+u9PrML69xUJTUXP9EXTKgOAv5UQbHaHzWkX/JgVb0EHSiaMi8L9ZFb82J+JCl+evAvCabEbRDG5mhOgebo7oszCzUSthpomo095wSo3+WI=
GpaY67FgYrNKvgfodEHaSUYCqv4Gdi7Yq4U8tw+/W/D++l9wraoaNhDZTUgfQMDR+j9FSXQf1XA7hp3YG53QONVyufSKKK9FcccuNfl8
gB2pDPpfZmyc0O1m226xCygDq/AGdjGXsNEjtw+/W/D++l9wraoaNhDZTUgfQMDR+j9FSXQf1XA7hp3YG53QONVyufSKKK9FcccuNfl8
bzEtVOpfFcK2ye7G87gDWG/uvpQebHaYgnJD4/gVb0EHSiaMi8L9ZFb82J+JCl+evAvCabEbRDG5mhOgebo7rMzCzUSthpomo095wSo3+WI=
N0WRtZK2Ct1XOs2wSI6Q31zK5wY3H5zi5jVZH48qZOvP4+MsjibnLE02oqpgRfXUn9x4TYqj/dWUQ22sS1olhNvO6OSlroGoajSXWQHbFin5YA==
D09mlmDP/n3Y7Dw+As1KzO3i6kAFja6vCBBJ7L7RYsQASS+FT4b2+FN+nYD+UCgLMZbfGjSHUt0p5+SVUfajdAFm++gEjp2w9bp6QotjCdUSK/lm
WHgOW/v4VFpsGxrtBN26d3Z1dlJmrIDyKCV0mZaFfi0aXqwvjycrWF6Sj8jtUkoe8LF9UB9Y8LkaFxWxNKcFGJsu7UCbCiCQdZrpTEpQf20RLx4t+WQ=
9uLjEcCt0cnXBrAW2tVSkefe+uTE3IgjHXaQs/9kfU+E17L4SI3vyZcyhiT7Gj0shsS4d7kSX5as8+JBQUME+eki88jJIrslXLpt7N1eWm5zdxkpGi/5ag==
CPIbGCQ6N8xgxhbaz6wR/Ql+YCxVWFQ8CaCX8BhWPOG5uPBBKpL0Y09rc5Tu/ldkjf7SckA95dyf1Gg1qnuNHVQL3XQr4rUMW0d4XEX2MWAqfGcBISMGIflo
bkIkN/mvBdhRlDOLED64ryQkjhvYsevKvr+IKBtqn5eTx1subOvCLJDBrw3fblaQg7bdSC44COMhnt8SJG9ytfkvpF2BngOcke57aJdmPdglcjqKWwspPQIj+W4=
3xYzw9hiFkB91emrUOsHqGQznR/Ph+ekv76GKBt10IzH1VsubOvCLJDBrw3fblaQg7bdSC44COMhnt8SJG9ytfkvpF2BngOcke57aJdmPdglcjqKWwspPQIj+W4=
xz5p14MctP5yoVyVqiZL1UkkjhvYsevKvr+IKBtqn5eTx1subOvCLJDBrw3fblaQg7bdSC44COMhnt8SJG9ytfkvpF2BngOcke57aZdmPdglcjqKWwspPQIj+W4=
6xajb7s2ReiN5e4r2ByJ831E2MUtjVsZfy4zOAaqn/tYFlsuy9zYlXrGPKcPr7vAvir/AC0aeubQqW1YH1DgoTrvJfn0b3Wge7Z9yBuLswgVIhkECphPFTE3DiX5bA==
rnVtmESCpdNmEUScgRCdbV91dndL+OOcJip6hsbOfjALLcFs2mBmAjKSj8jtUkoe8LF9UB9Y8LkaFxWxNKcFGJsu7UCbCiOQdZrpTEpQf20RLx4t+WQ=
Cd8pqrmqkIqggWv0OwzSw3xE2MUtjVsZfy4zOAaqn/tYFlsuy9zYlXrGPKcPr7vAvir/AC0aeubQqW1YH1DgoTrvJfn0b3Wge7Z9yBuCswgVIhkECphPFTE3DiX5bA==
DJuQQPDltYOCqrHzBjdEh1U44a+GT/tszRPZfqFtveVVXP+kiqctv+duQIa0x/TskCPpnyXHLUtFbHkZCWvZovfJrGX0JDD5ew==
bAF9v6AgCCJ6j7VNKi5mLxobP8skqXqIs+4dEJ6gaDsRht8KFLcSLUl3ZAWxhmNEIXb7+Ca+XcAVKvrS65NJ5TI7+XY=
qgKNr3iMur7XXj6U7gSxQF244C7QctRS0iLvOG3i6m4w4V1AH0jQ6dpntQG0V2WoW34NUJsaQkA1Kgk8yuDfnVH/Pj35dA==
e+xDsQ5qbcKomf446pA/Zlqus2HLJpZS0iLvOG3i6m4w4V1AH0jQ6dpntQG0V2WoW34NUJsbQkA1Kgk8yuDfnVH/Pj35dA==
lhjAOW0c4jCdlXDl7/RzTAxIcNBw7HqIs+4dEJ6gaDsRht8KFLcSLUl3ZAWxhmNEIXb7+Sa+XcAVKvrS65NJ5TI7+XY=
C0qvPjoAxt+T0X4MpFEzIEBXP8skqXqIs+4dEJ6gaDsRht8KFLcSLUl3ZAWxhmNEIXb78CG+XcAVKvrS65NJ5TI7+XY=
fDuxKMdRoFcAIfeHod333UBIcNBwtjaIs+4dEJ6gaDsRht8KFLcSLUl3ZAWxhmNEIXb78CG+XcAVKvrS65NJ5TI7+XY=
OyfXTtqDhHm+cum7HglySEBXP8skqTaIs+4dEJ6gaDsRht8KFLcSLUl3ZAWxhmNEIXb78iG+XcAVKvrS65NJ5TI7+XY=
TzdMn4Z+hAGHu3Ir+8tDegDirC7QctQIniLvOG3i6m4w4V1AH0jQ6dpntQG0V2WoW34NUJsRRUA1Kgk8yuDfnVH/Pj35dA==
q66AV5ntT342fE1ySJ+N/mNKqEQXw6vIt+LG9FuKvbwmFPinmQJfhowjopHh04RpSfKzGOkyuz95ai08fc7a/tOnWfk6P/l6
PtSI3vbq2iVjUKdM2G43/ilc2fwwsSQ2X3sTRC6Ot9QNDnLCgG3FzJ/ESGVqyy3t1Ls9BOsy1RxbXZ0MBQZR0KoMx7Fh8yYx+Xg=
H+mxdsypVMH1Q4DtLeFjtjZHmORFFkdgm8CvHf8eliDjJl3YzohIEwGO3wIEnzIFGb8kzeEuw+yx/nt7sRb9aEXiuhq7u2nNIjP5fg==
TWwUl4vc7RuowEUWm7x6WloDq/AGdjGXsNEjtw+/W/D++l9wraoaNhDZTUgfQMDR+j9FSXQf1XA7hp3YG5nVONVyufSKKK9FcccuNfl8
UsTtEhENwFC66T8Hhtj9UUYCqv4Gdi7Yq4Uutw+/W/D++l9wraoaNhDZTUgfQMDR+j9FSXQf1XA7hp3YG57VONVyufSKKK9FcccuNfl8
ReJNoDJZOl24BsqMLKbIbSgDq/AGdjGXsNEjtw+/W/D++l9wraoaNhDZTUgfQMDR+j9FSXQf1XA7hp3YG5/VONVyufSKKK9FcccuNfl8
s0OMbZQ5+dLVqGKtKYpJbW/uvpQebHaYgnJD4/gVb0EHSiaMi8L9ZFb82J+JCl+evAvCabEbRDG5mhOgebo7rcnCzUSthpomo095wSo3+WI=
hPGwBBZyy+ASqsmTgzzXqE7K5wY3H5zi5jVZH48qZOvP4+MsjibnLE02oqpgRfXUn9x4TYqj/dWUQ22sS1olhNvG7OSlroGoajSXWQHbFin5YA==
x0V3QeFEnJaI5ZrbWS55xPbw6kAFja6vCBBJ7L7RcMQASS+FT4b2+FN+nYD+UCgLMZbfGjSHUt0p5+SVUfajdAFm++EAjp2w9bp6QotjCdUSK/lm
ZlHWfBOGIyIm15SpUs6CrXRuZFJmrIDyKCV0mZaFfjYIXqwvjycrWF6Sj8jtUkoe8LF9UB9Y8LkaFxWxNKcFGJsu7UCbACSQdZrpTEpQf20RLx4t+WQ=
CJidEn0gAO7NoYJzq4Zpc+rc4fbE3IgjHXaQs/9kfU+GzKD4SI3vyZcyhiT7Gj0shsS4d7kSX5as8+JBQUME+eki88jJIrsuWLpt7N1eWm5zdxkpGi/5ag==
kyofbfsgvbzLL3oD3dWiLPbB/9LIsokiE3aQrLB/KQeGzKD4SI3vyZcyhiT7Gj0shsS4d7kSX5as8+JBQUME+eki88jJIrsuWLpt7N1eWm5zdxkpGi/5ag==
XDEzbT8PNVtruLps3TdE+OHc4fbE3IgjHXaQs/9kfU+GzKD4SI3vyZcyhiT7Gj0shsS4d7kSX5as8+JBQUME+eki88jJIrsuWLpt7N1eWm5zdxkpGi/5ag==
FdsW2m6x+xx3Kccn4T6uGRN4YjdHWFQ8CaCX8BhWPOG5vvJaOJL0Y09rc5Tu/ldkjf7SckA95dyf1Gg1qnuNHVQL3XQr4rUMW0x8XEX2MWAqfGcBISMGIflo
khGSrbkfOKSxHY2+n0HZnUk+iBnDo+vKvr+IKBtqn5eTx0EobvDQLJDBrw3fblaQg7bdSC44COMhnt8SJG9ytfkvpF2BngOcke57apRmPtglcjqKWwspPQIj+W4=
34TM3o/VFsxLs7hhsi02pn41nwTdh+ekv76GKBt10IzHuEEobvDQLJDBrw3fblaQg7bdSC44COMhnt8SJG9ytfkvpF2BngOcke57apRmPtglcjqKWwspPQIj+W4=
+vOtArmMJVcDhmcvzybmjg3Z7NBGJBrUgnJD45ZMPARRAkqMi8L9ZFb82J+JCl+evAvCabEbRDG5mhOgebo7oM3Cz0Sthpomo095wSo3+WI=
6KLocNz9HxxluhLp1lmjgveRuw4RNLjC2WJ8k8jzlWXqW4r5v5YTCUd179iNTCgT9/89WmJuxsPO/GpH21dnM3fr0Rv7k7uPo3JNjV4N1hAq+WE=
u3mXNoqYrwOQwhSwj8GEz67v2mtdysyvRA8G9+rAb/QrEWjnT4a6+FN+nYD+UCgLMZbfGjSHUt0p5+SVUfajdAFm++YFjp+w9bp6QotjCdUSK/lm
Tp11HxqbREFCMEAwEXyYGgjx20NuWfCu+XpCS54RWK6WpY8swibnLE02oqpgRfXUn9x4TYqj/dWUQ22sS1olhNvA6eSnroGoajSXWQHbFin5YA==
zsnPa8JHPCwRE3Q5cjzbYw3Z7NBGJBqHzWkX8s9HKxlPJmqMi8L9ZFb82J+JCl+evAvCabEbRDG5mhOgebo7o83Cz0Sthpomo095wSo3+WI=
JmE8j9+Fqb9C5Jf/v9gZpAjx20NuWfDi5ioWBNtZCrKcprVk4ibnLE02oqpgRfXUn9x4TYqj/dWUQ22sS1olhNvG6OSnroGoajSXWQHbFin5YA==
O70LJqAFVMMuu+I/iFZYxa7v2mtdysyvCA8G9+rAb/QrEWjnT4b2+FN+nYD+UCgLMZbfGjSHUt0p5+SVUfajdAFm++MEjp+w9bp6QotjCdUSK/lm
8aYAQNmNFqc9sG3C4HfxDwjx20NuWfDi+XpCS54RWK6WpY8sjibnLE02oqpgRfXUn9x4TYqj/dWUQ22sS1olhNvF6OSnroGoajSXWQHbFin5YA==
JPn1gasBd86SoypfjTcgsg3Z7NBGJBqHzWkX8s9HKxlPJiaMi8L9ZFb82J+JCl+evAvCabEbRDG5mhOgebo7oMzCz0Sthpomo095wSo3+WI=
DAiDyoVULSafIwG9qpp4Hwjx20NuWfDi5ioWBNtZCrKcprVk4ibnLE02oqpgRfXUn9x4TYqj/dWUQ22sS1olhNvB6OSnroGoajSXWQHbFin5YA==
eiPFyhviXRs3m0+TwQ6tdDFvcHVQ6uPyKCV0mZaFfm4Xbod3yEUrWF6Sj8jtUkoe8LF9UB9Y8LkaFxWxNKcFGJsu7UCbBiOQd5rpTEpQf20RLx4t+WQ=
cNCO1PIpficJlKgAInqEiLPA6/X+9OojHXaQs/9kfU/DzbTffsuMyZcyhiT7Gj0shsS4d7kSX5as8+JBQUME+eki88jJIrsoX7pv7N1eWm5zdxkpGi/5ag==
XhRyfFxsq48TobQvEUVHvEpzdSpZfFg8CaCX8BhWPOG57O5QO6jcAU9rc5Tu/ldkjf7SckA95dyf1Gg1qnuNHVQL3XQr4rUMW0t7XEf2MWAqfGcBISMGIflo
TIeTkgSdm+Sj6pIKt+4iIp0IimdNl1xb7/B4SGnZqdvKVQhQGoOmgt1Clv/87R1ifdXpBWFEA/TGT7k/cwaMVsjfwIxEm7VvqW/ZC3iEdSvVEw0Cg1EQNTgMJPlv
UrEn8HBjHYVTmQcASYRAEn5zydQyiG11ES8yNgaqgLRDQkoZ2s3HkEyqXKcPr7vAvir/AC0aeubQqW1YH1DgoTrvJfn0b3Wge7Z9yBuLsggXIhkECphPFTE3DiX5bA==
NsLMjEzFRzk+fKOLSVMW7yc+iBnDo+ukv76GKBt10IzH1kEobvDQLPDBrw3fblaQg7bdSC44COMhnt8SJG9ytfkvpF2BngOcke57aZZmP9glcjqKWwspPQIj+W4=
WoEhWhltJUuWaEgxSH1M5Cc+iBnDo+vKvr+IKBtqn5eTxxgjee3OCJzBrw3fblaQg7bdSC44COMhnt8SJG9ytfkvpF2BngOcke57apZmP9glcjqKWwspPQIj+W4=
d89fFEm9Puf8Mwp3wFA2/n41nwTdh+ekv76GKBt10IzH1kEobvDQLJDBrw3fblaQg7bdSC44COMhnt8SJG9ytfkvpF2BngOcke57aZRmONglcjqKWwspPQIj+W4=
K6lwLSyaKFBT6UlM5SHeNEk+iBnDo+vKvr+IKBtqn5eTx0EobvDQLJDBrw3fblaQg7bdSC44COMhnt8SJG9ytfkvpF2BngOcke57aZRmONglcjqKWwspPQIj+W4=
Ym51yNqjTADYxCvwRci2vn41nwTdh+ekv76GKBt10IzHuEEobvDQLJDBrw3fblaQg7bdSC44COMhnt8SJG9ytfkvpF2BngOcke57aZRmONglcjqKWwspPQIj+W4=
uaS9RIOFVNkGdF0B6J+bSEk+iBnDo+vKvr+IKBtqn5eTx0EobvDQLJDBrw3fblaQg7bdSC44COMhnt8SJG9ytfkvpF2BngOcke57apRmONglcjqKWwspPQIj+W4=
UN9DUhgQ0j/JM3nMg0xWe35EwsMvlkkZfy4zOAaqn/tYFlsu0drajmjGPKcPr7vAvir/AC0aeubQqW1YH1DgoTrvJfn0b3Wge7Z9yBuIsAgQIhkECphPFTE3DiX5bA==
dsw2KlteQHWWw2+BbnmrUAnr3UNpR9GNoTVZH49JSb+LvLVh4SbnLE02oqpgRfXUn9x4TYqj/dWUQ22sS1olhNvH6uSgroGoajSXWQHbFin5YA==
7AWRUH8BWfDXlgbH+l35LK/13Gta1O3AXldJ7L7RN+U6DHHdAumx+FN+nYD+UCgLMZbfGjSHUt0p5+SVUfajdAFm++EGjpiw9bp6QotjCdUSK/lm
EbEYU2xWI8g9O9Co8kSiuTB1dnVX9MKTeXMzmZaFfm8NaIdw1mREDhmSj8jtUkoe8LF9UB9Y8LkaFxWxNKcFGJsu7UCbAyKQcJrpTEpQf20RLx4t+WQ=
EbHvk5jMoiThIdQSI5+TzDB1dnVX9MKTfmJr1o3Rbi0aeZ13zUZ6DhmSj8jtUkoe8LF9UB9Y8LkaFxWxNKcFGJsu7UCbAyKQcJrpTEpQf20RLx4t+WQ=
8K/RWwv4ghbxWfj9I4qIm6/13Gta1O3ATw8G9+rBdfIrFnbGINCx+FN+nYD+UCgLMZbfGjSHUt0p5+SVUfajdAFm++IGjpiw9bp6QotjCdUSK/lm
oVJRNDZ5BNIR44OJAYWU6Anr3UNpR9GN+XpCS58LXq6Ru65DySbnLE02oqpgRfXUn9x4TYqj/dWUQ22sS1olhNvE6uSgroGoajSXWQHbFin5YA==
EhxILrU0kEkxW39nxfjFhAnr3UNpR9GNoTVZH49JSb+LvLVh4SbnLE02oqpgRfXUn9x4TYqj/dWUQ22sS1olhNvE6uSgroGoajSXWQHbFin5YA==
0aVLtCzTIS+ruKTTosAopa/13Gta1O3AXldJ7L7RN+U6DHHdAumx+FN+nYD+UCgLMZbfGjSHUt0p5+SVUfajdAFm++IGjpiw9bp6QotjCdUSK/lm
71TiMfI3PrOr8XNdCUN7xzB1dnVX9MKTeXMzmZaFfm8NaIdw1mREDhmSj8jtUkoe8LF9UB9Y8LkaFxWxNKcFGJsu7UCbACKQcJrpTEpQf20RLx4t+WQ=
qpNCBkVjiNgaUvWb+98OYrLa7fX56stDSyfG9P9kfU/C17LfedWtqMZkwST7Gj0shsS4d7kSX5as8+JBQUME+eki88jJIrsuXrpo7N1eWm5zdxkpGi/5ag==
WuK2uDWNtZrtD5LdvxR+lktpcypeYnldQ/bGpl9WPOG57fRWO6/CIC89IsKp/ldkjf7SckA95dyf1Gg1qnuNHVQL3XQr4rUMW016XED2MWAqfGcBISMGIflo
4X3UMDvQSh+sHxfrG2QggEtpcypeYnldXv/BtwcZJ7Wpr+NHIajZAgU9IsKp/ldkjf7SckA95dyf1Gg1qnuNHVQL3XQr4rUMW016XED2MWAqfGcBISMGIflo
cI/wAWWyAOsaatKJbnbI3bLa7fX56stDQiDXrLB/KV+AwKPFfs6Pn8ZkwST7Gj0shsS4d7kSX5as8+JBQUME+eki88jJIrsvXrpo7N1eWm5zdxkpGi/5ag==
FD5Ak8sUhfbOG/RRUzT2JzB1dnVX9MKTfmJr1o3Rbi0aeZ13zUZ6DhmSj8jtUkoe8LF9UB9Y8LkaFxWxNKcFGJsu7UCbASKQcJrpTEpQf20RLx4t+WQ=
jpFlHwnk49caHO12LAepdK/13Gta1O3ATw8G9+rBdfIrFnbGINCx+FN+nYD+UCgLMZbfGjSHUt0p5+SVUfajdAFm++MGjpiw9bp6QotjCdUSK/lm
I0UhGJkXkmX1RMUqZtTY3gnr3UNpR9GN+XpCS58LXq6Ru65DySbnLE02oqpgRfXUn9x4TYqj/dWUQ22sS1olhNvF6uSgroGoajSXWQHbFin5YA==
9yIHAI7Znbw9LYoXjalv/K/13Gta1O3ACBBWo6WFJ6ctHWvaGcuZ+FN+nYD+UCgLMZbfGjSHUt0p5+SVUfajdAFm++gGjpiw9bp6QotjCdUSK/lm
2fBfVVnfKKFR5zHOfY3qELLa7fX56stDc3aQs/9kfU/C17LfedWtqJcyhiT7Gj0shsS4d7kSX5as8+JBQUME+eki88jJIrslXrpo7N1eWm5zdxkpGi/5ag==
oiWvW2W5Hl9F0IrF+I6wEktEZDtEZWJ/ac6X8BhWPOG57fRWO6/CIC8Fc5Tu/ldkjf7SckA95dyf1Gg1qnuNHVQL3XQr4rUMW099XED2MWAqfGcBISMGIflo
wQ+kZfsW+0H8yIJLHhH0HyRpcypeYnldZq6X8AcZJ7WpgvRWO6/CIC8Fc5Tu/ldkjf7SckA95dyf1Gg1qnuNHVQL3XQr4rUMW019XED2MWAqfGcBISMGIflo
k6hznGy8o1lvjR+tSY3OokpEZDtEZWJ/ac6X8BhWPOG5gvRWO6/CIC8Fc5Tu/ldkjf7SckA95dyf1Gg1qnuNHVQL3XQr4rUMW019XED2MWAqfGcBISMGIflo
y4PxU48wftmB7WQDSwtpUScJmQjeutHn39CIKBtqn5eTxxgUaPzTEaaCz2PfblaQg7bdSC44COMhnt8SJG9ytfkvpF2BngOcke57bZFmONglcjqKWwspPQIj+W4=
Pr6A9Qa6bXS3gCDE7rLyIn5E2MUvkVc4cEAzOAaqn/tYFltA5svLk3H8EcZgr7vAvir/AC0aeubQqW1YH1DgoTrvJfn0b3Wge7Z9yBuPtQgQIhkECphPFTE3DiX5bA==
aIIYQrzlAhoHuVtG+/y5dFZCpehKXKID4p+aqba0hhR8Djv0vpy7cjYjHkHXa29xZ5rm/CtSfdS2rJhvqRpfrtzbAhkRi8SBWcpTUFmqO5GpEgg0DRYalkMfOTEKJ/lS
kZ+O9h6REH8dkGFvg+JyM4mOMhwqmJepDS4tk/qhNXT9gUA7ZRLJbaVlkcW5FDsU7l+xP3sWpDbwD5jMvCvtjwEfUYv5Mp2MjeO1QluBaBXQHCz5Zw==
trXATuXLcYdz66RbfOzf39+JXgZbv26rNrEYCOjcaZLAiJlAIE1un+W6nZ0DUxeY4novta/WtijzDh1wXgDo21Gm3ypUV5KNiRdk5fEm4yThVvvY4N7YYFXK+rIrM8kFchv5Vg==
8iFqRMi8+xBCxQ/RIDeh/9+JXgZbv26rNrF2Z+rdZ5LAl9ZbdFwAsvKrh5oYcRj04novta/WtijzDh1wXgDo21Gm3ypUV5KNiRdk5fEm4yThVvvY4N7YYFXK+rIrM8kFchv5Vg==
PDlpWFhJ9gjcPCPq75FL4GeKnAaM5qwBWFcLJdsGS1kFaoK6zrthdTBh9OshlMm/IDVJMql9haWN7HdEMvfFv4+++OY8d6wsqDPhv303hcut2iH8AXsh4q85JMUMdBj5Uw==
kxGF6+7s85PogDgVn3lxRlZCpehKXKID4p+bqba0hhR8Djv0vpy7cjYjHkHXa29xZ5rm/CtSfdS2rJhvqRpfrtzbAhkRi8SBWcpTUFmqO5yoEgg0DRYalkMfOTEKJ/lS
WeRGTEXRDYe+ICR5VSdyLFZCsvlQW7kh7fOYqLi0hgszFW/l0LGsYywkBWPYB29xZ5rm/CtSfdS2rJhvqRpfrtzbAhkRi8SBWcpTUFmqO5StEgk0DRYalkMfOTEKJ/lS
GW5maT3ku8lADAmUJf/DZH5E3s4yjW4VEy8yNgaqgLRDQkou3M3Ajm3FPKUPr7vAvir/AC0aeubQqW1YH1DgoTrvJfn0b3Wge7Z9yBuKsQgRIhkECphPFTE3DiX5bA==
TqjAKK+FEH66sL4uZOjqSicJhQTYhOemv76GKBt10IzH1nY/dPDVL5DDrw3fblaQg7bdSC44COMhnt8SJG9ytfkvpF2BngOcke57aJVmOdglcjqKWwspPQIj+W4=
wEMugKxZdI+2KiBEf1zf10pEfyxgVDg9CK6X8AcZJ7WoguhaPZH0YU9rc5Tu/ldkjf7SckA95dyf1Gg1qnuNHVQL3XQr4rUMW055XEH2MWAqfGcBISMGIflo
qSrJMlYQim4tfEbQ6vJ/NbP3+tHIsIkiE3aQrLB/KV6tzKX7SI/vyZcyhiT7Gj0shsS4d7kSX5as8+JBQUME+eki88jJIrssXbpp7N1eWm5zdxkpGi/5ag==
dfDEOJWSYhvHT46sevb77DFYQ14KrYH8KCVr1o3RbwANXawtjycrWF6Sj8jtUkoe8LF9UB9Y8LkaFxWxNKcFGJsu7UCbAyGQcZrpTEpQf20RLx4t+WQ=
5TrlJq/IxvV1ELtox1uWtjFYUFFmroDyKCV0mZaFfm4gXawtjycrWF6Sj8jtUkoe8LF9UB9Y8LkaFxWxNKcFGJsu7UCbAyGQcZrpTEpQf20RLx4t+WQ=
uQwVNb1KOH3knM1dWsy6wEZt2JEKeT+I4Joj6UuuVYyR+l9wraoaNhDZTUgfQMDR+j9FSXQf1XA7hp3YG5LRONFyufSKKK9FcccuNfl8
ZZ3ooBjHyMxdoEXCg0Xq6a7Y+k8EjKCvCA8G9+rAWNQPSy+FT4b2+FN+nYD+UCgLMZbfGjSHUt0p5+SVUfajdAFm++kFjpmw9bp6QotjCdUSK/lm
zf6s29WdQg8r+e84ZzIDYq7Y+k8Aja6vCBBJ7L7RNsgcKC+FT4b2+FN+nYD+UCgLMZbfGjSHUt0p5+SVUfajdAFm++kFjpmw9bp6QotjCdUSK/lm
c0abAWfcCObTGCMYpgbwATFYUFFmqYDyKCV0mZaFfm4gTqMqjycrWF6Sj8jtUkoe8LF9UB9Y8LkaFxWxNKcFGJsu7UCbCyGQcZrpTEpQf20RLx4t+WQ=
tk8DV+JFcuvGQwqF2ywirTFYUFENrYH8KCVr1o3RbwA8XawqjycrWF6Sj8jtUkoe8LF9UB9Y8LkaFxWxNKcFGJsu7UCbCyGQcZrpTEpQf20RLx4t+WQ=
T9jTMG3KExGB2+3mvoIzpDFYUFFmqYDyKCV0mZaFfm4gTqMqjycrWF6Sj8jtUkoe8LF9UB9Y8LkaFxWxNKcFGJsu7UCbAiCQcZrpTEpQf20RLx4t+WQ=
qywhhd1z3NpDdKcxNkMsT19EQ14NrYH8KCVr1o3RbwA8XawqjycrWF6Sj8jtUkoe8LF9UB9Y8LkaFxWxNKcFGJsu7UCbAyCQcZrpTEpQf20RLx4t+WQ=
dxFTdl8UWu21f0W8uLmfbzJYUFFmqYDyKCV0mZaFfgA8XawqjycrWF6Sj8jtUkoe8LF9UB9Y8LkaFxWxNKcFGJsu7UCbAyCQcZrpTEpQf20RLx4t+WQ=
RcjLMTHODCaTfVj9W3YHxQdd77FYBS7Yq4Uz9lD6FK6N+l9wraoaNhDZTUgfQMDR+j9FSXQf1XA7hp3YG53QONFyufSKKK9FcccuNfl8
3P+bGBx6yU+JZpVXfhE47fLH/PH2z4hMbxnwv+86NlDNhbjfN8ywjNhs9ST7Gj0shsS4d7kSX5as8+JBQUME+eki88jJIrslXLpp7N1eWm5zdxkpGi/5ag==
JD8hhuY+Ni1q5+Gq7Py3HSD0MoQaz+lHtd1levXZuxY8A0DBypCsRWcAkOp2X55J98oXATtVM5DJvIyLe3+xwsYeAguS3JZP30dDS7srmKEfBT8HHxKRRRo9Mggm+W0=
BFT1MB2mLPBy/ylnHsRYIEkmhBnatfTKvL+IKBtqn5eTx1kkbunGM5DDrw3fblaQg7bdSC44COMhnt8SJG9ytfkvpF2BngOcke57bZdmOdglcjqKWwspPQIj+W4=
apm4w0GN37UGo5k2rh+gZn5E2s8vj18GfywzOAaqn/tYFlsuydbal37ZPKUPr7vAvir/AC0aeubQqW1YH1DgoTrvJfn0b3Wge7Z9yBuPswgRIhkECphPFTE3DiX5bA==
NHF5iNNfjsYQnJ+ttM2inX5E2s8vj18GfywzNgaqgLRDQkouydbal37ZPKUPr7vAvir/AC0aeubQqW1YH1DgoTrvJfn0b3Wge7Z9yBuNswgRIhkECphPFTE3DiX5bA==
B2o7e71fgAeJplqsZWhkin5E2s8vj18GfywzOwaqn/tYFltA5snBk2/0L8kMrrvAvir/AC0aeubQqW1YH1DgoTrvJfn0b3Wge7Z9yBuNswgRIhkECphPFTE3DiX5bA==
tGrPta8xnUwaedUv7mdFXEG510MnHtG4rWBZOY8KSL+Tt6565ibnLE02oqpgRfXUn9x4TYqj/dWUQ22sS1olhNvE6uShroGoajSXWQHbFin5YA==
mRMXSOnRInNmfSKxzAAz7RYQP8skqXGIs+4dEJ6gaDsRht8KFLcSLUl3ZAWxhmNEIXb78ia+WcAVKvrS65NJ5TI7+XY=
75bbmqB5WeccT/Ga+ty2+1G06y7QctRe2SLvOG3i6m4w4V1AH0jQ6dpntQG0V2WoW34NUJsQQkAxKgk8yuDfnVH/Pj35dA==
vXPhC/sxghSicfYnny4dDVals2HLJppe2SLvOG3i6m4w4V1AH0jQ6dpntQG0V2WoW34NUJsQQkAxKgk8yuDfnVH/Pj35dA==
A5MfxZ7i6NY14CA6ZVwc5wdIcNBw4HGIs+4dEJ6gaDsRht8KFLcSLUl3ZAWxhmNEIXb78ia+WcAVKvrS65NJ5TI7+XY=
Ry2oshI2Uq/7R5jGlvMaZBYQP8skqXGIs+4dEJ6gaDsRht8KFLcSLUl3ZAWxhmNEIXb78ya+WcAVKvrS65NJ5TI7+XY=
DbrYMU+Pn2fEz12O8F0CGlG06y7QctRe2SLvOG3i6m4w4V1AH0jQ6dpntQG0V2WoW34NUJsRQkAxKgk8yuDfnVH/Pj35dA==
kvWoOQSQbxx/Ml9g8go9c1als2HLJppe2SLvOG3i6m4w4V1AH0jQ6dpntQG0V2WoW34NUJsRQkAxKgk8yuDfnVH/Pj35dA==
CE5gVnPvrPPp/jwOsXKwQgdIcNBw4HGIs+4dEJ6gaDsRht8KFLcSLUl3ZAWxhmNEIXb79Ca+WcAVKvrS65NJ5TI7+XY=
7HbUz5p4RLw3rxGqv4MDW61+YG8adnoFdcUBRcm0i1QeP6E/a/bU9kCvaEwsi71PUT9hiwdUTU3dAyXC6+GYVeA8PPl3
yiCBxWIHOHwqMqu70xZBEQDis2HLJssIniLvOG3i6m4w4V1AH0jQ6dpntQG0V2WoW34NUJsUQkAxKgk8yuDfnVH/Pj35dA==
EhNv/RxPXUipx6vKOuTjv0BIcNBwtjaIs+4dEJ6gaDsRht8KFLcSLUl3ZAWxhmNEIXb79ia+WcAVKvrS65NJ5TI7+XY=
wFgX86KL0VKjV51iBQoTNkBXP8skqTaIs+4dEJ6gaDsRht8KFLcSLUl3ZAWxhmNEIXb7+Ca+WcAVKvrS65NJ5TI7+XY=
fA3ImnhMX0e0rB+anWasmkBIcNBwtjaIs+4dEJ6gaDsRht8KFLcSLUl3ZAWxhmNEIXb7+Ca+WcAVKvrS65NJ5TI7+XY=
6uJEl08E7kCzmgwviIeIeq1+YG8adnpCdcUBRcm0i1QeP6E/a/bU9kCvaEwsi71PUT9hiwFTTU3dAyXC6+GYVeA8PPl3
9eV3bW5MH96ipEMIBRhRHWBKqEQXw6vIt+LG9FuKvbwmFPinmQJfhowjopHh04RpSfKzGOkyuzx5aik8fc7a/tOnWfk6P/l6
sSJXI8FDDl4BijwTF8c7Xylf2fwwsSQ2X3gTRC6Ot9QNDnLCgG3FzJ/ESGVqyy3t1Ls9BOsy1RxbXp0MAQZR0KoMx7Fh8yYx+Xg=
rRaBGtktQoi2xnlEeCr34zRHm+RFFkdgm8CvHv8eliDjJl3YzohIEwGO3wIEnzIFGb8kzeEuw+yx/nt4sRb5aEXiuhq7u2nNIjP5fg==
pGlFTX/Tw6QRlaiQTzZfhSgBq/MGdjGXsNEjtQ+8W/D++l9wraoaNhDZTUgfQMDR+j9FSXQf1XA7hp3YG5vVONFyufSKKK9FcccuNfl8
gjFX5feK6YdmloBcjdiP0U/uvJQdbHaYgnJD4/gXb0IHSiaMi8L9ZFb82J+JCl+evAvCabEbRDG5mhOgebo7pcnCyUSthpomo095wSo3+WI=
nlN9WA2yvjlE4lgzOETAN2OCv5YQbHaHzWkXsPgXb0IHSiaMi8L9ZFb82J+JCl+evAvCabEbRDG5mhOgebo7pcnCyUSthpomo095wSo3+WI=
haXbNV0jiRvpDxe8qRKG0GvuvJQdbHaYgnJD4/gXb0IHSiaMi8L9ZFb82J+JCl+evAvCabEbRDG5mhOgebo7p8nCyUSthpomo095wSo3+WI=
Qh9hme4uH7NZmPvRFs/kZ3DO5wQ3HJzi5jVZH48uZOnP4OMsjibnLE02oqpgRfXUn9x4TYqj/dWUQ22sS1olhNvF7eShroGoajSXWQHbFin5YA==
KyzScFGCKf1PYwJp+uUH0W7Giwc1EZzi+XpCS+YuZOnP4OMsjibnLE02oqpgRfXUn9x4TYqj/dWUQ22sS1olhNvC7eShroGoajSXWQHbFin5YA==
P7OFZt13BAfJUgQHiJXZxnDO5wQ3HJzi5jVZH48uZOnP4OMsjibnLE02oqpgRfXUn9x4TYqj/dWUQ22sS1olhNvC7eShroGoajSXWQHbFin5YA==
1UW2gPisAIhpWYdYmqUWvtnO7kAHja2vCBBJ7L7RTsAASy+GT4b2+FN+nYD+UCgLMZbfGjSHUt0p5+SVUfajdAFm++QBjpmw9bp6QotjCdUSK/lm
8lu4B5RRYSHBxuy+sZOQpElBWlZmroDxKCV0mZaFfhk2WqwtjyQrWF6Sj8jtUkoe8LF9UB9Y8LkaFxWxNKcFGJsu7UCbBiWQcZrpTEpQf20RLx4t+WQ=
mD5ll9RinbG3O5fbB+j5jN3hzsjA3IojHnaQs/9kfU+74578SI/vypcyhiT7Gj0shsS4d7kSX5as8+JBQUME+eki88jJIrspWbpp7N1eWm5zdxkpGi/5ag==
X36f3ZkRBRu5ugcD/8pz6EtEXxh5XFQ+CaOX8BhWPOG5gs91Bpb0YU9oc5Tu/ldkjf7SckA95dyf1Gg1qnuNHVQL3XQr4rUMW0t9XEH2MWAqfGcBISMGIflo
L1HdAlq0d6MN80RldW2vzSRSUBdnVDg9C66X8AcZJ7Wpgs91Bpb0YU9oc5Tu/ldkjf7SckA95dyf1Gg1qnuNHVQL3XQr4rUMW0h9XEH2MWAqfGcBISMGIflo
PXocHvA0GKyHHPfaOghrd0pEXxh5XFQ+CaOX8BhWPOG5gs91Bpb0YU9oc5Tu/ldkjf7SckA95dyf1Gg1qnuNHVQL3XQr4rUMW0h9XEH2MWAqfGcBISMGIflo
MxQHdZT6WVvd5S06nDCiOw7Z7NBGJBr/gnJD45VMPARRAkqMi8L9ZFb82J+JCl+evAvCabEbRDG5mhOgebo7pszCykSthpomo095wSo3+WI=
KfTZy+zaFw35h7W1dw3Tzw7Z7NBGJBqHzWkX8c9HKxlPJkGMi8L9ZFb82J+JCl+evAvCabEbRDG5mhOgebo7p8zCykSthpomo095wSo3+WI=
TIqDCl9DaISClCw4KEzecWiWkb8IHse+0Ug5Dy7bg+x1gzEeed31JR2Mx4Ri1zW//54opoyXPKxYk7F/TVeVy73+0b5Rm5FiP5lUBdwUKPlj
RE0QvTdZiD+xkyf8A4sEaa3v2mtdysygCBBJ7L7RNf88DHbDI4b2+FN+nYD+UCgLMZbfGjSHUt0p5+SVUfajdAFm++kEjpqw9bp6QotjCdUSK/lm
kIwQ5r+9NMC75hgg35+LhTJvcHVQ6uPyJyV0mZaFfm0Xbod3yEUkWF6Sj8jtUkoe8LF9UB9Y8LkaFxWxNKcFGJsu7UCbCyCQcprpTEpQf20RLx4t+WQ=
tTp0vn5hU4Dxt7Z4aNVGeLDA6/X+9OoiHXmQs/9kfU/AzbTffsuMyZgyhiT7Gj0shsS4d7kSX5as8+JBQUME+eki88jJIrslXLpq7N1eWm5zdxkpGi/5ag==
nXAtq20GOT0N8B0wtY/qPrDA6/X+9OoiHHaQrLB/KV2axqPCYO/uyZgyhiT7Gj0shsS4d7kSX5as8+JBQUME+eki88jJIrssX7pq7N1eWm5zdxkpGi/5ag==
/YSOaUhHpWNYpG4OLYePGTJvcHVQ6uPzKCVr1o3RbDcceZpp7CckWF6Sj8jtUkoe8LF9UB9Y8LkaFxWxNKcFGJsu7UCbAiOQcprpTEpQf20RLx4t+WQ=
JMyIDuO+YD/JYPuaquQ/8a3v2mtdysyvCA8G9+rDb/QrEWjnQIb2+FN+nYD+UCgLMZbfGjSHUt0p5+SVUfajdAFm++AHjpqw9bp6QotjCdUSK/lm
r2nNBr9LvoRFramI+klLhq3v2mtdysygCBBJ7L7RNf88DHbDI4b2+FN+nYD+UCgLMZbfGjSHUt0p5+SVUfajdAFm++AHjpqw9bp6QotjCdUSK/lm
K1R1vznFTITzJUZoslMETDJvcHVQ6uPyJyV0mZaFfm0Xbod3yEUkWF6Sj8jtUkoe8LF9UB9Y8LkaFxWxNKcFGJsu7UCbAyOQcprpTEpQf20RLx4t+WQ=
iR2Q0TLdrh0Rim7zeu0NKzJvcHVQ6uPzKCVr1o3RbDcceZpp7CckWF6Sj8jtUkoe8LF9UB9Y8LkaFxWxNKcFGJsu7UCbAyOQcprpTEpQf20RLx4t+WQ=
VttdNjAP8ynuTUBTeRtdG63v2mtdysyvCA8G9+rDb/QrEWjnQIb2+FN+nYD+UCgLMZbfGjSHUt0p5+SVUfajdAFm++EHjpqw9bp6QotjCdUSK/lm
iT7pvCho7cjbe/cF93Fhjq3v2mtdysyhCBBJ7L7RNf88DHbDI4b2+FN+nYD+UCgLMZbfGjSHUt0p5+SVUfajdAFm++EHjpqw9bp6QotjCdUSK/lm
qM2n51RMwHNLiRWWKhL3IzJvcHVQ6uPzJiV0mZaFfm0Xbod3yEUlWF6Sj8jtUkoe8LF9UB9Y8LkaFxWxNKcFGJsu7UCbAyOQcprpTEpQf20RLx4t+WQ=
fS7qrxcqNRwixgmVYqiyuLDA6/X+9OoiHHiQs/9kfU/AzbTffsuMyJkyhiT7Gj0shsS4d7kSX5as8+JBQUME+eki88jJIrsuX7pq7N1eWm5zdxkpGi/5ag==
nE41RKoMmUq9OgnY4L9P50lzdSpZfFhSCKGZ8BhWPOG57+5QO6jcAU5qfZTu/ldkjf7SckA95dyf1Gg1qnuNHVQL3XQr4rUMW0x7XEL2MWAqfGcBISMGIflo
9GvV4MAbAhlOF98Mu2ytLBN4YjdHWFQ8CaCX8AcZJ7WrteVHJrb4DU5qfZTu/ldkjf7SckA95dyf1Gg1qnuNHVQL3XQr4rUMW099XEL2MWAqfGcBISMGIflo
7Q4+EEJoW6eNnm2Y8cSMtyRzdSpZfFhSCKGZ8BhWPOG5teVHJrb4DU5qfZTu/ldkjf7SckA95dyf1Gg1qnuNHVQL3XQr4rUMW0x9XEL2MWAqfGcBISMGIflo
X+rMFa3dazG2N1ZBnlZB+CcJgw7evc/G0L6JJhtqn5eTx3Yjee3OCJyvrgzRblaQg7bdSC44COMhnt8SJG9ytfkvpF2BngOcke57a5FmOtglcjqKWwspPQIj+W4=
TPaKG4JsHHjrvJMaNaUKzFw44a+GSvtszRPZfqFtveVVXP+kiqctv+duQIa0x/TskCPpnyXHLUtEa3keCWvZovfJrGX0JDD5ew==
ce4Fbb+pTayfo6egrftihEBXP8skqXOIs+4dEJ6gaDsRht8KFLcSLUl3ZAWxhmNEIXb78yC+WsAVKvrS65NJ5TI7+XY=
b3SFv15Bj1yZWU1zGdM4Wg7irC7QctQIniLvOG3i6m4w4V1AH0jQ6dpntQG0V2WoW34NUJsRREAyKgk8yuDfnVH/Pj35dA==
3vlhzAeukoroEj6ns9GxxWJEqEQXw6vIueLG9FuKvbwmFPinmQJfhowjopHh04RpSfKzGOkyuz94aio8fc7a/tOnWfk6P/l6
YJF9P08rcffRSIgdzAEqpChd1/wwsSQ2X3odRC6Ot9QNDnLCgG3FzJ/ESGVqyy3t1Ls9BOsy1RxbXZwMAgZR0KoMx7Fh8yYx+Xg=
h7jQexwJ7tuW/dyBzXk13FhGmepFFkdgm8CuHPEeliDjJl3YzohIEwGO3wIEnzIFGb8kzeEuw+yx/nt8sBb6aEXiuhq7u2nNIjP5fg==
vkcXMqrASzMTJ+tJKLls6gRtqvEIdjGXsNEj2Q6+VfD++l9wraoaNhDZTUgfQMDR+j9FSXQf1XA7hp3YG57UONJyufSKKK9FcccuNfl8
siiuNicznIEQImVakKOX0CgDq/AGdi7Yq4Vw2Q6+VfD++l9wraoaNhDZTUgfQMDR+j9FSXQf1XA7hp3YG57UONJyufSKKK9FcccuNfl8
Ucw9p0YAtuTEBmYE/CkFgCRtqvEIdjGXsNEj2Q6+VfD++l9wraoaNhDZTUgfQMDR+j9FSXQf1XA7hp3YG5/UONJyufSKKK9FcccuNfl8
2v8LbPBcRBw8j5rdjTt9wEvi0JUfYnaYgnJD4/R7bkAJSiaMi8L9ZFb82J+JCl+evAvCabEbRDG5mhOgebo7ocjCykSthpomo095wSo3+WI=
utyakn/BVFI+Y0Myn0t2W1Du62g2HpLi5jVZH48OaIXO4u0sjibnLE02oqpgRfXUn9x4TYqj/dWUQ22sS1olhNvA7OSiroGoajSXWQHbFin5YA==
UNIfTQcJ06P+SLI94XRSj+vuzkxrjK+hCBBJ7L7RbuAMJy6EQYb2+FN+nYD+UCgLMZbfGjSHUt0p5+SVUfajdAFm++YAjpqw9bp6QotjCdUSK/lm
YYEMMMNGrlRc0eikhDHz02hzenZqwoHzJiV0mZaFfisWeqBBjiYlWF6Sj8jtUkoe8LF9UB9Y8LkaFxWxNKcFGJsu7UCbBCSQcprpTEpQf20RLx4t+WQ=
tgk7NX/LjmIMWF1rILe9KHRuZFJmrIDyKCVr1o3RNisWeqBBjiYlWF6Sj8jtUkoe8LF9UB9Y8LkaFxWxNKcFGJsu7UCbBCSQcprpTEpQf20RLx4t+WQ=
8llbq/YVjAaOXg7bE5+wHGNzenZqwoHzJiV0mZaFfisWeqBBjiYlWF6Sj8jtUkoe8LF9UB9Y8LkaFxWxNKcFGJsu7UCbBSSQcprpTEpQf20RLx4t+WQ=
9oomm+vw1SzA93UfxwUJm+rL/Ojg0OYiHHiQs/9kfU+R0b7cROPuyJkyhiT7Gj0shsS4d7kSX5as8+JBQUME+eki88jJIrsrWLpq7N1eWm5zdxkpGi/5ag==
5c4Bgt9iHC7flCC+uKLDVCRzdSpZfFhSCKGZ8BhWPOG5teVHJrb4DU5qfZTu/ldkjf7SckA95dyf1Gg1qnuNHVQL3XQr4rUMW0Z8XEL2MWAqfGcBISMGIflo
M8zJVrqftrB+9+BExxjPQScJgw7evc/G0L6JJhtqn5eTx3Yjee3OCJyvrgzRblaQg7bdSC44COMhnt8SJG9ytfkvpF2BngOcke57YJBmOtglcjqKWwspPQIj+W4=
r0bYUMZg+r+w45zW/gcctOphMDtVMBktdcUBRcm0i1QeP6E/a/bU9kCvaEwsi71PUT9hiwRXTU/dAyXC6+GYVeA8PPl3
BSpOtUuQWgZgUWnxhV3vfK1+YG8adnoFdcUBRcm0i1QeP6E/a/bU9kCvaEwsi71PUT9hiwZXTU/dAyXC6+GYVeA8PPl3
FsDhhXvceMiNv3CbvqTcTGBKqEQXw6vIt+LG9FuKvbwmFPinmQJfhowjopHh04RpSfKzGOkyuzR9ais8fc7a/tOnWfk6P/l6
gZPJZbRLFxJUWJkh0t3uwClf2fwwsSQ2X3gTRC6Ot9QNDnLCgG3FzJ/ESGVqyy3t1Ls9BOsy1RxbVpkMAwZR0KoMx7Fh8yYx+Xg=
HV9+k3/Zsr1rWQyJyCL10zZHm+RFFkdgm8CvHv8eliDjJl3YzohIEwGO3wIEnzIFGb8kzeEuw+yx/ntwtRb7aEXiuhq7u2nNIjP5fg==
ArE0HIuX8xPLzgjj0qFOuygDq/MGdjGXsNEjtw+8W/D++l9wraoaNhDZTUgfQMDR+j9FSXQf1XA7hp3YG5PRONNyufSKKK9FcccuNfl8
CmGMp+Zp5Dz4JdxRsUbQ8GzuvpQdbHaYgnJD4/gVb0IHSiaMi8L9ZFb82J+JCl+evAvCabEbRDG5mhOgebo7pMzCy0Sthpomo095wSo3+WI=
iCwI/sXq9mymxVhiYfH523rJ5wY3HJzi5jVZH48pZOvP4OMsjibnLE02oqpgRfXUn9x4TYqj/dWUQ22sS1olhNvH6OSjroGoajSXWQHbFin5YA==
2A1UTmdoRfCoSxxLONPzTMDE6UAFja2vCBBJ7L7RRMcASS+GT4b2+FN+nYD+UCgLMZbfGjSHUt0p5+SVUfajdAFm++EEjpuw9bp6QotjCdUSK/lm
LJ9hlr/87yUv+Oy+ICTp3DFYUFFmrIDxKCV0mZaFfgA8XawvjyQrWF6Sj8jtUkoe8LF9UB9Y8LkaFxWxNKcFGJsu7UCbACCQc5rpTEpQf20RLx4t+WQ=
lIzzv4QxwBCG/fE7MVRJaihxy54IeTyI4Joj6UuuV4yR+l9wraoaNhDZTUgfQMDR+j9FSXQf1XA7hp3YG53QONNyufSKKK9FcccuNfl8
d1wFvwNQXTtMPfuCVikgbjJYUFFmrIDxKCV0mZaFfgA8XawvjyQrWF6Sj8jtUkoe8LF9UB9Y8LkaFxWxNKcFGJsu7UCbCiCQc5rpTEpQf20RLx4t+WQ=
QTL3/5zbplAWzBXnOYgOpjJYUFFmrIL8KCVr1o3RbAA8XawvjyQrWF6Sj8jtUkoe8LF9UB9Y8LkaFxWxNKcFGJsu7UCbCyCQc5rpTEpQf20RLx4t+WQ=
KSgk1cCDo+yOPBVtvIICGzJYUFFmrILxKCV0mZaFfm0gTqNBjiQrWF6Sj8jtUkoe8LF9UB9Y8LkaFxWxNKcFGJsu7UCbCyCQc5rpTEpQf20RLx4t+WQ=
JtD6Z1+y+uFCUSD7rcrMX/FhMDtVNhktdcUBRcm0i1QeP6E/a/bU9kCvaEwsi71PUT9hiwRVTU/dAyXC6+GYVeA8PPl3
AD9IR2SWNjzq4d1xe9uC5xcLP8skqWqIs+4dEJ6gaDsRht8KFLcSLUl3ZAWxhmNEIXb79ie+W8AVKvrS65NJ5TI7+XY=
yJVHYSXXTm/hBQVe3KmRrVq18C7QctRfwiLvOG3i6m4w4V1AH0jQ6dpntQG0V2WoW34NUJsUQ0AzKgk8yuDfnVH/Pj35dA==
vEEWx1NR5OCsILs0PXIixzwQ/xgXw6vI7bWa9FuKvbwmFPinmQJfhowjopHh04RpSfKzGOkyuzp/ais8fc7a/tOnWfk6P/l6
yrNraOuEEadgUpNC528sH34Dg6tssSQ2XyRJE3KOt9QNDnLCgG3FzJ/ESGVqyy3t1Ls9BOsy1RxbWJsMAwZR0KoMx7Fh8yYx+Xg=
sGsbfu9UBZ6LphwIDZWLn34Qx74SSkdgm8D4QqVJyiDjJl3YzohIEwGO3wIEnzIFGb8kzeEuw+yx/nt+txb7aEXiuhq7u2nNIjP5fg==
9dVBSBYhHvNmZ7ySscmofR5L/K9cIW2XsNEj/1jgAaei+l9wraoaNhDZTUgfQMDR+j9FSXQf1XA7hp3YG5zTONNyufSKKK9FcccuNfl8
WBB0FO/EO/0u5UO4rkoLWA5V9aRRKi7Yq4Vq/1jgAaei+l9wraoaNhDZTUgfQMDR+j9FSXQf1XA7hp3YG5zTONNyufSKKK9FcccuNfl8
i4FQHwMF3E27ULHLr3QFkmAZzLMZCQh7z5n4QqVJyiDjJl3YzohIEwGO3wIEnzIFGb8kzeEuw+yx/nt/txb7aEXiuhq7u2nNIjP5fg==
ZsdA7jn0PC+0cOhlx/6xGncIjqAv/j9iGCRJE3KOt9QNDnLCgG3FzJ/ESGVqyy3t1Ls9BOsy1RxbWZsMAwZR0KoMx7Fh8yYx+Xg=
LadSgQwEWfkg4ljid+y5+jcd9FtY2P+G7bWa9FuKvbwmFPinmQJfhowjopHh04RpSfKzGOkyuzt/ais8fc7a/tOnWfk6P/l6
zjK1k7yD01D40oEAn+n2pFe+s2HLJpFfwiLvOG3i6m4w4V1AH0jQ6dpntQG0V2WoW34NUJsVQ0AzKgk8yuDfnVH/Pj35dA==
VY1ZsHQJto5M75hc/Znw4RxIcNBw4WqIs+4dEJ6gaDsRht8KFLcSLUl3ZAWxhmNEIXb79ye+W8AVKvrS65NJ5TI7+XY=
0ErFhkr7/zhKOfe89KQs+jYo6oslGFc90N+/Q7QByiDjJl3YzohIEwGO3wIEnzIFGb8kzeEuw+yx/ntxtxb7aEXiuhq7u2nNIjP5fg==
EKdtJ5Xl2qlW8Y8434eUlq7Y+k9rjK+iCA8G9+rAWNQPJy6EQob2+FN+nYD+UCgLMZbfGjSHUt0p5+SVUfajdAFm++kHjpuw9bp6QotjCdUSK/lm
4j2l5lv5trUX5ratPMZXiImOAykBx87pYk5PgaXkKnqd4n8QdBK4AqVlkcW5FDsU7l+xP3sWpDbwD5jMvCvtjwEfUYvwNJ2PjeO1QluBaBXQHCz5Zw==
wJa4i+4SWDFNtjdm6WvRITFYUFFmrID8KCVr1o3RbwA8XawvjyQrWF6Sj8jtUkoe8LF9UB9Y8LkaFxWxNKcFGJsu7UCbASKQc5rpTEpQf20RLx4t+WQ=
V0bGnE8r5nmtKyKVE2SnqjFYUFFmrIDxKCV0mZaFfm4gTqNBjiYrWF6Sj8jtUkoe8LF9UB9Y8LkaFxWxNKcFGJsu7UCbBiKQc5rpTEpQf20RLx4t+WQ=
xNOQJfUywde7kNRPYyIUpzFYUFFmrID8KCVr1o3RbwA8XawvjyQrWF6Sj8jtUkoe8LF9UB9Y8LkaFxWxNKcFGJsu7UCbBiKQc5rpTEpQf20RLx4t+WQ=
H+vKl0Mv90keMGFIYuGRUTFYUFFmrIDwKCV0mZaFfm4gTqNBjiYrWF6Sj8jtUkoe8LF9UB9Y8LkaFxWxNKcFGJsu7UCbByKQc5rpTEpQf20RLx4t+WQ=
Sd2NQqGw3Hi9XU5/mjujTyhxy54IeT2I4Joj6UuuUYyR+l9wraoaNhDZTUgfQMDR+j9FSXQf1XA7hp3YG5rVONNyufSKKK9FcccuNfl8
qkRrZde46B8Tcf7atSUQuzJYUFFmrIDwKCV0mZaFfgA8XawvjyUrWF6Sj8jtUkoe8LF9UB9Y8LkaFxWxNKcFGJsu7UCbAiWQc5rpTEpQf20RLx4t+WQ=
LYmK7xuenVlBFRKteMvjoVU44a+GTftszRPZfqFtveVVXP+kiqctv+duQIa0x/TskCPpnyXHLUtMankfCWvZovfJrGX0JDD5ew==
WvKC5MPFMwvZu3otGzNxnfgP/BqcVqNpt/V/eN2MWPPn/y06ki4WY158GqdrF7dTh+vmPqtXyy8T8t3tjk3mMDr5cQ==
5YZpeKgbXzo8NWaMHOeEcE8pP8skqUiIs+4dEJ6gaDsRht8KFLcSLUl3ZAWxhmNEIXb78iC+W8AVKvrS65NJ5TI7+XY=
oTkmNRmPLHOm9e2pEw7fvwzt0i7QctQH4CLvOG3i6m4w4V1AH0jQ6dpntQG0V2WoW34NUJsQREAzKgk8yuDfnVH/Pj35dA==
29rjH+FkRaMgZ+vsYo08ig1GpzoXw6vIu+249FuKvbwmFPinmQJfhowjopHh04RpSfKzGOkyuzt4ais8fc7a/tOnWfk6P/l6
A8tdAPpdI5te2noU7SQLEGoy1fNOsSQ2XxUfS1COt9QNDnLCgG3FzJ/ESGVqyy3t1Ls9BOsy1RxbVpwMAwZR0KoMx7Fh8yYx+Xg=
ectEpdRaFRlpKQl5JzFVXUZe1oIv/j9iDBUfS1COt9QNDnLCgG3FzJ/ESGVqyy3t1Ls9BOsy1RxbVpwMAwZR0KoMx7Fh8yYx+Xg=
NBUkwu+B5lxSlNE22YSXyEoy1fNOsSQ2XxUfS1COt9QNDnLCgG3FzJ/ESGVqyy3t1Ls9BOsy1RxbV5wMAwZR0KoMx7Fh8yYx+Xg=
OaUs5D1Obri3Pe2QkheOcnAk9uhKaEdgm8DMc/MR6CDjJl3YzohIEwGO3wIEnzIFGb8kzeEuw+yx/ntxsBb7aEXiuhq7u2nNIjP5fg==
pOSniyfSzMHma4c9259Bbh5FyJ4KeU+XsNEj8WzRV/+A+l9wraoaNhDZTUgfQMDR+j9FSXQf1XA7hp3YG5rRONxyufSKKK9FcccuNfl8
Gm0jlsOmr1lrCsWwskxUyEjY+PdwYHnmgnJD485TDC8LRViMi8L9ZFb82J+JCl+evAvCabEbRDG5mhOgebo7pM3CxESthpomo095wSo3+WI=
JjPCxN/u+QeU5Uk2KL4DUFrt0UBUcZDtmDVZH48NUq2sje8j8CbnLE02oqpgRfXUn9x4TYqj/dWUQ22sS1olhNvG6eSsroGoajSXWQHbFin5YA==
A1zh2vxb4thQFw7BXi7ikffkzXZD7sCjB25J7L7RZOM2D0zrQ4mI+FN+nYD+UCgLMZbfGjSHUt0p5+SVUfajdAFm++AFjpSw9bp6QotjCdUSK/lm
lC3MTz//c12wekY8CWs/bF9vcHVQ6uOcJCoKmZaFfjcceZpp7EknVyCSj8jtUkoe8LF9UB9Y8LkaFxWxNKcFGJsu7UCbAyGQfJrpTEpQf20RLx4t+WQ=
lYgFSnQW8IwS+6+qOYfCobP34OLj6s5Ac3qfzf9kfU+tzbTffsuMp5s9+CT7Gj0shsS4d7kSX5as8+JBQUME+eki88jJIrstXbpk7N1eWm5zdxkpGi/5ag==
4YutxF1Fqzgg9wW2ar54EPemsBkMKpyuuSEd3NOnhDjhTJfnm7YTCUd179iNTCgT9/89WmJuxsPO/GpH21dnM3fr0Bv7mLuPo3JNjV4N1hAq+WE=
B05N1DPHmYnnr3V8WTpLnrP34OLj6s5Ac3ufzf9kfU/D+r/IY9Woq/c9+CT7Gj0shsS4d7kSX5as8+JBQUME+eki88jJIrsrXbpk7N1eWm5zdxkpGi/5ag==
Auk0Oz75Vna34NZt42S68dNhMDtVNBktdcUBRcm0i1QeP6E/a/bU9kCvaEwsi71PUT9hiwBWTUDdAyXC6+GYVeA8PPl3
jJO1xSMSDnuWhLC+gd3wd08pP8skqUiIs+4dEJ6gaDsRht8KFLcSLUl3ZAWxhmNEIXb78iS+VMAVKvrS65NJ5TI7+XY=
iqOJLiCqhyWFm/cfw64AOgzt0i7QctQH4CLvOG3i6m4w4V1AH0jQ6dpntQG0V2WoW34NUJsQQEA8Kgk8yuDfnVH/Pj35dA==
HixecyE7D/1y9gbd8epP4RBGpzoXw6vIu+249FuKvbwmFPinmQJfhowjopHh04RpSfKzGOkyuz98aiQ8fc7a/tOnWfk6P/l6
01LfMVZdIVC5+c/tBHGRrCkv1fNOsSQ2XwgfS1COt9QNDnLCgG3FzJ/ESGVqyy3t1Ls9BOsy1RxbWpgMDAZR0KoMx7Fh8yYx+Xg=
Lx/SLcy8AgrJGF4NH123hFte1oIv/j9iTwgfS1COt9QNDnLCgG3FzJ/ESGVqyy3t1Ls9BOsy1RxbWpgMDAZR0KoMx7Fh8yYx+Xg=
uQ/aFek067hny0aH+wyB1C8v1fNOsSQ2XwgfS1COt9QNDnLCgG3FzJ/ESGVqyy3t1Ls9BOsy1RxbWJgMDAZR0KoMx7Fh8yYx+Xg=
SdPMvOniRPQpusDNET5DSTdB6+hKaEdgm8CpbvMR6CDjJl3YzohIEwGO3wIEnzIFGb8kzeEuw+yx/nt+tBb0aEXiuhq7u2nNIjP5fg==
5lL3S+dHVS+dyoybZyfNbE4CrYMKeU+XsNEjtgnMV/+A+l9wraoaNhDZTUgfQMDR+j9FSXQf1XA7hp3YG53QONxyufSKKK9FcccuNfl8
9GHTj889fOKek8YMy9f9FUcE2fIJCC7Yq4U6tgnMV/+A+l9wraoaNhDZTUgfQMDR+j9FSXQf1XA7hp3YG53QONxyufSKKK9FcccuNfl8
HGbFV3vpcISaP68KSR1j4DE1mus7CQh7z9CpbvMR6CDjJl3YzohIEwGO3wIEnzIFGb8kzeEuw+yx/nt/tBb0aEXiuhq7u2nNIjP5fg==
u9/epjpdat9Joib9mEPmVlte1oIv/j9iSQgfS1COt9QNDnLCgG3FzJ/ESGVqyy3t1Ls9BOsy1RxbWZgMDAZR0KoMx7Fh8yYx+Xg=
dlHm0B4VxKifCTm16mktuSsv1fNOsSQ2XwgfS1COt9QNDnLCgG3FzJ/ESGVqyy3t1Ls9BOsy1RxbWZgMDAZR0KoMx7Fh8yYx+Xg=
R+NmUaqhWyOagzRx6BQQRjRF6+hKaEdgm8CtbvMR6CDjJl3YzohIEwGO3wIEnzIFGb8kzeEuw+yx/ntwtBb0aEXiuhq7u2nNIjP5fg==
u3XdjDjZQA3lni6htDQ0EkcBqYMKeU+XsNEjtQ3MV/+A+l9wraoaNhDZTUgfQMDR+j9FSXQf1XA7hp3YG5LQONxyufSKKK9FcccuNfl8
xq9gW9AczegI6mqJglvwxEQA2fIJCC7Yq4UztQ3MV/+A+l9wraoaNhDZTUgfQMDR+j9FSXQf1XA7hp3YG5LQONxyufSKKK9FcccuNfl8
4ShaPpahPbbSAx5lKq9mUzU1mus7CQh7z9OtbvMR6CDjJl3YzohIEwGO3wIEnzIFGb8kzeEuw+yx/ntwtBb0aEXiuhq7u2nNIjP5fg==
EKjqliNRLjZqkVrjJZ6c1TdF6+hKaEdgm8CtbvMR6CDjJl3YzohIEwGO3wIEnzIFGb8kzeEuw+yx/ntxtBb0aEXiuhq7u2nNIjP5fg==
Pj1qnNnBJSw/1P2IUoxzZ0QCqYMKeU+XsNEjtg3MV/+A+l9wraoaNhDZTUgfQMDR+j9FSXQf1XA7hp3YG5PQONxyufSKKK9FcccuNfl8
JGUiZVyb14wkwwvVMKdT82OCv5ZtYHnmgnJD45QUbTILRViMi8L9ZFb82J+JCl+evAvCabEbRDG5mhOgebo7rczCxESthpomo095wSo3+WI=
zuXrbCrVLHavkXvKBI75BUrGiwc1bJDtmDVZH48mCOrNkO8j8CbnLE02oqpgRfXUn9x4TYqj/dWUQ22sS1olhNvE6+SsroGoajSXWQHbFin5YA==
X3ClO/8t5n3t1gC9VDPgEmaqiAVFHZOc+XpCS9wmCOrNkO8j8CbnLE02oqpgRfXUn9x4TYqj/dWUQ22sS1olhNvE6+SsroGoajSXWQHbFin5YA==
JS31olJYO34Ft3rsiYI6+GnGiwc1bJDtmDVZH48mCOrNkO8j8CbnLE02oqpgRfXUn9x4TYqj/dWUQ22sS1olhNvF6+SsroGoajSXWQHbFin5YA==
Sp+u8KNqpbEi/20aP/aPddzX5iwEj92jB25J7L7RV8hsSC32Q4mI+FN+nYD+UCgLMZbfGjSHUt0p5+SVUfajdAFm++MHjpSw9bp6QotjCdUSK/lm
u3hWONBrLRjYOr1UPW8aVTFEQ14KrYKBJCoKmZaFfhwvUsAujVQnVyCSj8jtUkoe8LF9UB9Y8LkaFxWxNKcFGJsu7UCbASOQfJrpTEpQf20RLx4t+WQ=
37zj76Q7kdairDiwx5wzw0NXTDIJr/LwJ1tr1o3RbxwvUsAujVQnVyCSj8jtUkoe8LF9UB9Y8LkaFxWxNKcFGJsu7UCbBiOQfJrpTEpQf20RLx4t+WQ=
sKlwn9OyET+GJkhU8KnmtF9EQ14KrYKBJCoKmZaFfhwvUsAujVQnVyCSj8jtUkoe8LF9UB9Y8LkaFxWxNKcFGJsu7UCbBiOQfJrpTEpQf20RLx4t+WQ=
mjWygO8wi85hAp9PDVqBk7P3y9HIsIkhbnqfzf9kfU+t5of0JIztups9+CT7Gj0shsS4d7kSX5as8+JBQUME+eki88jJIrsoX7pk7N1eWm5zdxkpGi/5ag==
OdWfx/RfS9ygFXvlmV0hegjG+2dYHZPvmyYGKuwpG7WL8utQ4SbnLE02oqpgRfXUn9x4TYqj/dWUQ22sS1olhNvO6+SsroGoajSXWQHbFin5YA==
OPx06QpmuPneVt/NPcISVw7a6BdoWoPshlZmNJxJCZjM4p1Q4SbnLE02oqpgRfXUn9x4TYqj/dWUQ22sS1olhNvP6+SsroGoajSXWQHbFin5YA==
lQrVWRd54YyDJRuwN5dY6/emmyoncNvPpCJsvYuQ9C3mW8O5r7UTCUd179iNTCgT9/89WmJuxsPO/GpH21dnM3fr1xj7mLuPo3JNjV4N1hAq+WE=
Jxl+SUn++Azoj1jiAEfCCMDggjOqzGQP/cmRSn8XE5yBklQTd0M+vzKfKgnHVat5n7WXCFUsAAP//zVKSo6ekza8MrdjN4+D/2teaFM4wz97MnVdBi0+ACL5aQ==
sJy0NjVf9IsPc9PRmKa3TLD3y9HIsIkhbnqfzf9kfU+t5of0JIztups9+CT7Gj0shsS4d7kSX5as8+JBQUME+eki88jJIrsuXrpk7N1eWm5zdxkpGi/5ag==
ByD1pD8G2FB7hgZ7MnJtWrD3y9HIs4tRH3nurLB/KV2t5of0JIztups9+CT7Gj0shsS4d7kSX5as8+JBQUME+eki88jJIrspXrpk7N1eWm5zdxkpGi/5ag==
WyIxz8F9Tr1YxE7u2Dr5XzJYUFFmr/LwJ1tr1o3RbAA8XawujVQnVyCSj8jtUkoe8LF9UB9Y8LkaFxWxNKcFGJsu7UCbBCKQfJrpTEpQf20RLx4t+WQ=
nmgD7xKvdf6KO47UDkd0yjJYUFFmr4KBJCoKmZaFfm0gTqNBjVQnVyCSj8jtUkoe8LF9UB9Y8LkaFxWxNKcFGJsu7UCbBCKQfJrpTEpQf20RLx4t+WQ=
krzed0HoPQWbpzVBgpFMNbD3y9HIsoshbnqfzf9kfU/A+pT7SI7tups9+CT7Gj0shsS4d7kSX5as8+JBQUME+eki88jJIrsqXrpk7N1eWm5zdxkpGi/5ag==
elqPLrgWcfYgawRHELbINl3svIVVQkDmijPRdRobf27bZadhq9VDMBn8vGtrf6Gi9t5Sq2JcBq9vB5Nryyurx8/IT6ePkiGlSn3CKDb5fQ==
1kWE7OC+TJ96OEM9pEWX2bP3y9HIsIkhbnufzf9kfU/D+pT7SI/vyuo9+CT7Gj0shsS4d7kSX5as8+JBQUME+eki88jJIrstWbpk7N1eWm5zdxkpGi/5ag==
WIho4EOQs0A08EGIO2Jwy13svIVVQkDmijPRdRobf2/bZadhq9VDMBn8vGtrf6Gi9t5Sq2JcBq9vB5Nryyuix8/IT6ePkiGlSn3CKDb5fQ==
C39HZUilOhR7QGffXUVAhFyTAQWdye4wNmOGpa1FGBXP4Cia/t8VhAAUf9HjFQtg4dyUm3N/udLe/ip7qhzOHzfnO/szqxJWp2iX10dSaXVyHSoYLvll
YyVkiXbfVh9uvQYHl4OPR7P3y9HIt4khbnufzf9kfU/D+pT7SIztupo9+CT7Gj0shsS4d7kSX5as8+JBQUME+eki88jJIrstWLpk7N1eWm5zdxkpGi/5ag==
xflJcLvhJ2bXc6wXn0gfet3r2N6js4tRHnnurLB/KV6t5of0I4ztupo9+CT7Gj0shsS4d7kSX5as8+JBQUME+eki88jJIrsvWLpk7N1eWm5zdxkpGi/5ag==
nVdnXEKKijY6Q7+3UvO8ZrD3y9HIt4khbnufzf9kfU+t5of0I4ztupo9+CT7Gj0shsS4d7kSX5as8+JBQUME+eki88jJIrsvWLpk7N1eWm5zdxkpGi/5ag==
9uMNSVDQLD4Gij6NbBexaGPy3/sbY3vlkC1248hQf0AJNkmMi8L9ZFb82J+JCl+evAvCabEbRDG5mhOgebo7rcjCxESthpomo095wSo3+WI=
FguWb1Zc50D62CQGkmjRYrH3y9HIt4khbnufzf9kfU+t5of0I4ztupo9+CT7Gj0shsS4d7kSX5as8+JBQUME+eki88jJIrslWLpk7N1eWm5zdxkpGi/5ag==
WMwy/S0U2LSPnAXqqHzcE3wBhKJh9Gt8FylYEmb9rYtRB3+WjHn/mojFEWBjxTfgybU9BOsy1RxbWpkMAwFR0aoMx7Fh8yYx+Xg=
8HLPbCXScggW3doePyZg3T+Nk6kAHfXlzgY3F3jJyOdini86CseqeRSBk4h27WOo/sctr4KNMbFWk7F/TVeVy7H/0b9Wm5BiP5lUBdwUKPlj
Xu32LUAIDHLsbHlS/s5PzANb46QZaifZvsl1rlftEKa2iUUv8aMXYhzNdx4IQZnU8zFfRGkR1XA7hp3YG53UONV0ufWKKK9FcccuNfl8
ofWkcbpcK+gh0aMenwhwcGxmfWhU79W3N385zJ6YODEQbtM913VgDhbhlZexW0dK/KVHBghZqbwTGQ+8KakFGJsu7UCbBSSQdZzpTUpQf20RLx4t+WQ=
ZscQ2tt5LuCD20eOH7Gz8XSfsej389A2bMTkJ59xYSSNUhEfHHPa9eTxwwhdWRzlXeIXJzY204pmH34ZIHm/2KpFFygKb3F/rvUFUQLLXc8x/0GL5hLtyXtDxMLLITjVAHwc+Vc=
v4DaAk/VJlnSh4LItCN+17KQoB9YYMKbjzw7ldq9y26hR4D6hZJgExgp5tXZQDwpoeg8A2dnyNnD4WRH21dnM3fr3x77kb2PonJNjV4N1hAq+WE=
ehjDGyWv8AL4CNPgy35q+Hefsej389A2bMTkJ59xYSSNUhEfHHPa9eTxwwhdWRzlXeIXJzY204pmH34ZIHm/2KpFFygKb3F/rvUFUQLLXc8x/0GL6RLtyXtDxMLLITjVAHwc+Vc=
g5r87aZ9KW1Q73OmhS69n7KQoB9YYMKbjzw7ldq9y26hR4D6hZJgExgp5tXZQDwpoeg8A2dnyNnD4WRH21dnM3fr1xv7kr2PonJNjV4N1hAq+WE=
fOgHvZE18F1I+H6GPpJeLHSfsej389A2bMTkJ59xYSSNUhEfHHPa9eTxwwhdWRzlXeIXJzY204pmH34ZIHm/2KpFFygKb3F/rvUFUQLLXc8x/0GL4RftyntDxMLLITjVAHwc+Vc=
g5r87aZ9KW1Q73OmhS69n7KQoB9YYMKbjzw7ldq9y26hR4D6hZJgExgp5tXZQDwpoeg8A2dnyNnD4WRH21dnM3fr1xv7kr2PonJNjV4N1hAq+WE=
b8pTccyG1Q+KlCwT817203efsej389A2bMTkJ59xYSSNUhEfHHPa9eTxwwhdWRzlXeIXJzY204pmH34ZIHm/2KpFFygKb3F/rvUFUQLLXc8x/0GL4RftyntDxMLLITjVAHwc+Vc=
TxuDY7R2LTFbaHb7dpQgr7KQoB9YYMKbjzw7ldq9y26hR4D6hZJgExgp5tXZQDwpoeg8A2dnyNnD4WRH21dnM3fr1hv7kr2PonJNjV4N1hAq+WE=
EUwcIfa5917M2thpIpvY83afsej389A2bMTkJ59xYSSNUhEfHHPa9eTxwwhdWRzlXeIXJzY204pmH34ZIHm/2KpFFygKb3F/rvUFUQLLXc8x/0GL4BftyntDxMLLITjVAHwc+Vc=
TxuDY7R2LTFbaHb7dpQgr7KQoB9YYMKbjzw7ldq9y26hR4D6hZJgExgp5tXZQDwpoeg8A2dnyNnD4WRH21dnM3fr1hv7kr2PonJNjV4N1hAq+WE=
0wb8x4lHSiliZxqoQq4acHefsej389A2bMTkJ59xYSSNUhEfHHPa9eTxwwhdWRzlXeIXJzY204pmH34ZIHm/2KpFFygKb3F/rvUFUQLLXc8x/0GL4BftyntDxMLLITjVAHwc+Vc=
Z2wqYZp6qyqLl5X6ahfFTbKQoB9YYMKbjzw7ldq9y26hR4D6hZJgExgp5tXZQDwpoeg8A2dnyNnD4WRH21dnM3fr1Bv7kr2PonJNjV4N1hAq+WE=
PifE22lXLpftslNfMa97HXSfsej389A2bMTkJ59xYSSNUhEfHHPa9eTxwwhdWRzlXeIXJzY204pmH34ZIHm/2KpFFygKb3F/rvUFUQLLXc8x/0GL4hftyntDxMLLITjVAHwc+Vc=
Z2wqYZp6qyqLl5X6ahfFTbKQoB9YYMKbjzw7ldq9y26hR4D6hZJgExgp5tXZQDwpoeg8A2dnyNnD4WRH21dnM3fr1Bv7kr2PonJNjV4N1hAq+WE=
vjsTPoQN9LWZykTaPZw603efsej389A2bMTkJ59xYSSNUhEfHHPa9eTxwwhdWRzlXeIXJzY204pmH34ZIHm/2KpFFygKb3F/rvUFUQLLXc8x/0GL4hftyntDxMLLITjVAHwc+Vc=
cx8d/f+cn9tLKQMnzinoT7KQoB9YYMKbjzw7ldq9y26hR4D6hZJgExgp5tXZQDwpoeg8A2dnyNnD4WRH21dnM3fr1hr7kr2PonJNjV4N1hAq+WE=
Ui97zwO+zDvGkbgXsabrTHefsej389A2bMTkJ59xYSSNUhEfHHPa9eTxwwhdWRzlXeIXJzY204pmH34ZIHm/2KpFFygKb3F/rvUFUQLLXc8x/0GL4BbtyntDxMLLITjVAHwc+Vc=
eJVTVjshKWGd0K5HWiS+cLKQoB9YYMKbjzw7ldq9y26hR4D6hZJgExgp5tXZQDwpoeg8A2dnyNnD4WRH21dnM3fr1Rr7kr2PonJNjV4N1hAq+WE=
ptP2HeEOV7Gwv6mkp0nguHefsej389A2bMTkJ59xYSSNUhEfHHPa9eTxwwhdWRzlXeIXJzY204pmH34ZIHm/2KpFFygKb3F/rvUFUQLLXc8x/0GL4xbtyntDxMLLITjVAHwc+Vc=
S57wr4Vtei9b1/wlWvoMnrKQoB9YYMKbjzw7ldq9y26hR4D6hZJgExgp5tXZQDwpoeg8A2dnyNnD4WRH21dnM3fr1Br7kr2PonJNjV4N1hAq+WE=
JcpnGdN2xq4Hb9ITORiAinefsej389A2bMTkJ59xYSSNUhEfHHPa9eTxwwhdWRzlXeIXJzY204pmH34ZIHm/2KpFFygKb3F/rvUFUQLLXc8x/0GL4hbtyntDxMLLITjVAHwc+Vc=
rVUYfv6uVaUPZm2Cv9l19bKQoB9YYMKbjzw7ldq9y26hR4D6hZJgExgp5tXZQDwpoeg8A2dnyNnD4WRH21dnM3fr0xr7kr2PonJNjV4N1hAq+WE=
5ZAGwXhBmtP1WHj+HHtP23efsej389A2bMTkJ59xYSSNUhEfHHPa9eTxwwhdWRzlXeIXJzY204pmH34ZIHm/2KpFFygKb3F/rvUFUQLLXc8x/0GL5RbtyntDxMLLITjVAHwc+Vc=
O5F27jpwiWgkctE1TI8vQ7KQoB9YYMKbjzw7ldq9y26hR4D6hZJgExgp5tXZQDwpoeg8A2dnyNnD4WRH21dnM3fr0Br7kr2PonJNjV4N1hAq+WE=
RJ/5E/5Eu8qoYXpOKoeYdnefsej389A2bMTkJ59xYSSNUhEfHHPa9eTxwwhdWRzlXeIXJzY204pmH34ZIHm/2KpFFygKb3F/rvUFUQLLXc8x/0GL5hbtyntDxMLLITjVAHwc+Vc=
3yB6SCZg0925WB1n8yBikrKQoB9YYMKbjzw7ldq9y26hR4D6hZJgExgp5tXZQDwpoeg8A2dnyNnD4WRH21dnM3fr3hr7kr2PonJNjV4N1hAq+WE=
YBT0ESlgHWZ8lSpX1qGlXnafsej389A2bMTkJ59xYSSNUhEfHHPa9eTxwwhdWRzlXeIXJzY204pmH34ZIHm/2KpFFygKb3F/rvUFUQLLXc8x/0GL6BbtyntDxMLLITjVAHwc+Vc=
fU0KA93KVMu5of5TuAxiMXwBhKJh9Gt8FylYEmb9rYtRB3+WjHn/mojFEWBjxTfgybU9BOsy1RxbVp0MAgZR0aoMx7Fh8yYx+Xg=
lopfEXpXTRfBclGxq4Nxb21NgK1g8mthFylYEmb9rYtRB3+WjHn/mojFEWBjxTfgybU9BOsy1RxbXpwMAgZR0aoMx7Fh8yYx+Xg=
eyFN9XFXwSEecOvCR3FJMkpzdSpZfFgtVuWI/k8VJ/zujqZBKrjKPhYuIN6c/ldkjf7SckA95dyf1Gg1qnuNHVQL3XQr4rUMW0l7XEbwMWIqfGcBISMGIflo
wvaO4IeV9wCg7ysxs6kI2Q3Z7NBGJBrggnJD45ZMPARRAkqMi8L9ZFb82J+JCl+evAvCabEbRDG5mhOgebo7o8/CzkKthJomo095wSo3+WI=
2KqFqGqu1NMHGxjvT+fbcAjx20NuWfCSnjVZH49IU7mLu6tA9ibnLE02oqpgRfXUn9x4TYqj/dWUQ22sS1olhNvO6+SmqIGqajSXWQHbFin5YA==
kJJKfMjxemsB9Q2VMRWkBa7v2mtdyszSeGhJ7L7RNv88DHbDI/aO+FN+nYD+UCgLMZbfGjSHUt0p5+SVUfajdAFm++gHjp629bh6QotjCdUSK/lm
Ci86e6rlS3TJovNs6VpcVq7v2mtdyszfcA8G9+rAb/QrEWjnMvaO+FN+nYD+UCgLMZbfGjSHUt0p5+SVUfajdAFm++gHjp629bh6QotjCdUSK/lm
pSETTNLHBppwz12b0P4/jAjx20NuWfCa+XpCS54RWK6WpY9c9ibnLE02oqpgRfXUn9x4TYqj/dWUQ22sS1olhNvP6+SmqIGqajSXWQHbFin5YA==
4c8x0EU2enraPxqDVW4Vdgjx20NuWfCynjVZH49IU7mLu6tA9ibnLE02oqpgRfXUn9x4TYqj/dWUQ22sS1olhNvP6+SmqIGqajSXWQHbFin5YA==
zejgaqnUc3wTEKbPTzKFSK7v2mtdyszmWGhJ7L7RNv88DHbDI9aO+FN+nYD+UCgLMZbfGjSHUt0p5+SVUfajdAFm++AGjp629bh6QotjCdUSK/lm
JzfbqW3MVG0FGlYAMUHN4jFvcHVQ6uOmYXUMmZaFfm4Xbod3yEViCCaSj8jtUkoe8LF9UB9Y8LkaFxWxNKcFGJsu7UCbAiKQdpzpTkpQf20RLx4t+WQ=
8h37GeIFtOMKSLWshnKcR7PA6/X+9OphST/Ay/9kfU/DzbTffsuMnd5i/iT7Gj0shsS4d7kSX5as8+JBQUME+eki88jJIrssXrpu6t1cWm5zdxkpGi/5ag==
88V2mf4T2ynbJldInGlYCEpzdSpZfFhjS/TeoGBWPOG57O5QO6jcAQ0/OsSW/ldkjf7SckA95dyf1Gg1qnuNHVQL3XQr4rUMW096XEbwMWIqfGcBISMGIflo
pfRDrkK4u9xpFA0S4xX9TUpzdSpZfFh/XOfHiAcZJ7WoteVHJrb4PA0/OsSW/ldkjf7SckA95dyf1Gg1qnuNHVQL3XQr4rUMW096XEbwMWIqfGcBISMGIflo
vBfiG0UE8iEztPGXevMq4UpzdSpZfFhjS/TeoGBWPOG57O5QO6jcAQ0/OsSW/ldkjf7SckA95dyf1Gg1qnuNHVQL3XQr4rUMW0x6XEbwMWIqfGcBISMGIflo
ffjtxL4ASw7TydkZTDF0dEpzdSpZfFh/XOfHiAcZJ7WoteVHJrb4PA0/OsSW/ldkjf7SckA95dyf1Gg1qnuNHVQL3XQr4rUMW0x6XEbwMWIqfGcBISMGIflo
WyKXxzSEg/Aj0hy5+hZf0UpzdSpZfFhSS/TeoGBWPOG57O5QO6jcAQ0/OsSW/ldkjf7SckA95dyf1Gg1qnuNHVQL3XQr4rUMW016XEbwMWIqfGcBISMGIflo
LCZSNgpYgXQMsJhAeGHL6hN4YjdHWFR/XOfHiAcZJ7WoteVHJrb4DQ0/OsSW/ldkjf7SckA95dyf1Gg1qnuNHVQL3XQr4rUMW0t6XEbwMWIqfGcBISMGIflo
fYYsWsFB8Ob2tw6BNZIOlyRzdSpZfFhSS/TeoGBWPOG5teVHJrb4DQ0/OsSW/ldkjf7SckA95dyf1Gg1qnuNHVQL3XQr4rUMW0h6XEbwMWIqfGcBISMGIflo
c6L3nkeALWjyYvn7msnh0ScJgw7evc/G0P3cYUsSn5eTx3Yjee3OCJyv7VmWPi6Qg7bdSC44COMhnt8SJG9ytfkvpF2BngOcke57bpZmPt4lcDqKWwspPQIj+W4=
K9btXQhplC9aULItFZKKc8yn1msUj/fzQ0Ye0OqDYu4+FHbAHMyE+FN+nYD+UCgLMZbfGjSHUt0p5+SVUfajdAFm++QBjp629bh6QotjCdUSK/lm
07hxcHnsSP6ilO40tnFccgs7P8skqVqIs+4dEJ6gaDsRht8KFLcSLUl3ZAWxhmNEIXb79CG+XsYVKPrS65NJ5TI7+XY=
lF+Z8lCJ9qM26ifq2hPEvUqpwC7QctRD8iLvOG3i6m4w4V1AH0jQ6dpntQG0V2WoW34NUJsWRUA2LAk+yuDfnVH/Pj35dA==
YNyUvA2JVGfucUbdARQhPjYA4ygXw6vI/amq9FuKvbwmFPinmQJfhowjopHh04RpSfKzGOkyuzl5ai46fcza/tOnWfk6P/l6
p8HDYPuZ+GwxpWFAXt3JyWAJk7dcsSQ2Xy5ZD0KOt9QNDnLCgG3FzJ/ESGVqyy3t1Ls9BOsy1RxbW50MBgBR0qoMx7Fh8yYx+Xg=
Dedk/3woIeZAQZn2oYHyk30YkpAv/j9iBi5ZD0KOt9QNDnLCgG3FzJ/ESGVqyy3t1Ls9BOsy1RxbWJ0MBgBR0qoMx7Fh8yYx+Xg=
F8ttmbNPSb0U03QZvohnqCcBxFtY2P+M/amq9FuKvbwmFPinmQJfhowjopHh04RpSfKzGOkyuzp5ai46fcza/tOnWfk6P/l6
1FnY+8iwfz196ucfk35RpUuOs2HLJoFD8iLvOG3i6m4w4V1AH0jQ6dpntQG0V2WoW34NUJsURUA2LAk+yuDfnVH/Pj35dA==
Dd3upFw/ev7xQBOUMkF8DCxIcNBw/VqIs+4dEJ6gaDsRht8KFLcSLUl3ZAWxhmNEIXb79iG+XsYVKPrS65NJ5TI7+XY=
5NOZ1qWGFRVd6CcXEahmRe0P/BqcdqNpt/V/eN2MWPPn/y06ki4WY158GqdrF7dTh+vgP6tSzS8R8t3tjk3mMDr5cQ==
VIfdW0UUY24DRR9OBuf3cTo8P8skqV2Is+4dEJ6gaDsRht8KFLcSLUl3ZAWxhmNEIXb79yG+XsYVKPrS65NJ5TI7+XY=
/sXPEYuX9ndbpInB0u7DZytIcNBwzF2Is+4dEJ6gaDsRht8KFLcSLUl3ZAWxhmNEIXb79yG+XsYVKPrS65NJ5TI7+XY=
6XQw6nlJ6JjcRzM5Zn2NCBo8P8skqV2Is+4dEJ6gaDsRht8KFLcSLUl3ZAWxhmNEIXb79yG+XsYVKPrS65NJ5TI7+XY=
f3xUSviJhKAysB0cFTPK0164xy7QctRS9SLvOG3i6m4w4V1AH0jQ6dpntQG0V2WoW34NUJsVRUA2LAk+yuDfnVH/Pj35dA==
xJslAQa1twce9uUsBKJjfjEU8i8Xw6vI6bit9FuKvbwmFPinmQJfhowjopHh04RpSfKzGOkyuzR5ai46fcza/tOnWfk6P/l6
GDu32s2oMDBjncTgpmNmn3EOh6ZbsSQ2XylNHkWOt9QNDnLCgG3FzJ/ESGVqyy3t1Ls9BOsy1RxbVp0MBgBR0qoMx7Fh8yYx+Xg=
bN3EDtTc7AsMporAxLeOcVgfyroffUdgm8D3T6FE/SDjJl3YzohIEwGO3wIEnzIFGb8kzeEuw+yx/ntxsRb+bkXguhq7u2nNIjP5fg==
dA1/CiofZs9tWFtNCnqQzyRt86JYLFqXsNEj2VftBaqV+l9wraoaNhDZTUgfQMDR+j9FSXQf1XA7hp3YG5PVONZ0ufaKKK9FcccuNfl8
AxNpcPFBtsqAlzVxESkl2Evi0MxMMizzgnJD4/R7NxNZEE2Mi8L9ZFb82J+JCl+evAvCabEbRDG5mhOgebo7rcnCzkKthJomo095wSo3+WI=
BN2vrKZuA4AfWmKXphA/K1Du62hvTcK4jTVZH48OaIWXsb125SbnLE02oqpgRfXUn9x4TYqj/dWUQ22sS1olhNvP7eSmqIGqajSXWQHbFin5YA==
Oo4SyY5v+J0WJFbAjZfX5+vuzkxr1fzxUntJ7L7RbuAMJ3fXEdyd+FN+nYD+UCgLMZbfGjSHUt0p5+SVUfajdAFm++kBjp629bh6QotjCdUSK/lm
QdN0khDWgXbPsCnV7eclbWhzenZqwtigdn8fmZaFfisWeqBB13V1AjWSj8jtUkoe8LF9UB9Y8LkaFxWxNKcFGJsu7UCbAiSQdpzpTkpQf20RLx4t+WQ=
p2i4pA7HEv+6MgM/rcxAFXRuZFJm9dOick5r1o3RNisWeqBB13V1AjWSj8jtUkoe8LF9UB9Y8LkaFxWxNKcFGJsu7UCbAiSQdpzpTkpQf20RLx4t+WQ=
ur8Mnnb7myP0sP5714QZL2NzenZqwtigdn8fmZaFfisWeqBB13V1AjWSj8jtUkoe8LF9UB9Y8LkaFxWxNKcFGJsu7UCbAiSQdpzpTkpQf20RLx4t+WQ=
MCccwHfIanKffTeN2eT1hurL/Ojg0OZ7TyjK2P9kfU+R0b7cROO3m8lo7ST7Gj0shsS4d7kSX5as8+JBQUME+eki88jJIrssWLpu6t1cWm5zdxkpGi/5ag==
cWTEyiAGfIwsQ3bdMhdNxSRzdSpZfFhSUfLJqnNWPOG5teVHJrb4DRc5Lc6F/ldkjf7SckA95dyf1Gg1qnuNHVQL3XQr4rUMW098XEbwMWIqfGcBISMGIflo
ugL7thk+KVFywSfi9Yy9TicJgw7evc/G0OfadkEBn5eTx3Yjee3OCJyv91+BND2Qg7bdSC44COMhnt8SJG9ytfkvpF2BngOcke57aZBmPt4lcDqKWwspPQIj+W4=
Mj4VLzjDodpJSPjaWoC7KNun1msUjvfzQ0Ye0OqDYu4+FHbAHMyE+FN+nYD+UCgLMZbfGjSHUt0p5+SVUfajdAFm++YAjp629bh6QotjCdUSK/lm
W1Vfxn+uUomXlSejAIcLGBAsP8skqU2Is+4dEJ6gaDsRht8KFLcSLUl3ZAWxhmNEIXb79iC+XsYVKPrS65NJ5TI7+XY=
nf8C1nNDR3ECtJ0mqkuMslKy1y7QctRY5SLvOG3i6m4w4V1AH0jQ6dpntQG0V2WoW34NUJsUREA2LAk+yuDfnVH/Pj35dA==
2HbsZ4KKvgs5I7Q4GSM9jzcY+D8Xw6vI5bK99FuKvbwmFPinmQJfhowjopHh04RpSfKzGOkyuzt4ai46fcza/tOnWfk6P/l6
3ZJ1StlknRxWTV68+Df/JD8a01tY2P+N5bK99FuKvbwmFPinmQJfhowjopHh04RpSfKzGOkyuzt4ai46fcza/tOnWfk6P/l6
BLXqwlxNbVfB6ySnsUTgEw0Y+D8Xw6vI5bK99FuKvbwmFPinmQJfhowjopHh04RpSfKzGOkyuzR4ai46fcza/tOnWfk6P/l6
VrhFHsDMz37DZxlUfNGrm0oyi6xLsSQ2XxVBFFWOt9QNDnLCgG3FzJ/ESGVqyy3t1Ls9BOsy1RxbV5wMBgBR0qoMx7Fh8yYx+Xg=
Mb+E3r6VCaiVjZ4T8EhsTnAk9rYVbUdgm8DMc61O7SDjJl3YzohIEwGO3wIEnzIFGb8kzeEuw+yx/ntxsBb+bkXguhq7u2nNIjP5fg==
FAvCpwClR9qRjJG1HIKYSh5FyJ5UJkqXsNEj8WzRCaCF+l9wraoaNhDZTUgfQMDR+j9FSXQf1XA7hp3YG5rRONd0ufaKKK9FcccuNfl8
9xNOgbcttZnXSaEI3EdpeEjY+PdwPibjgnJD485TDC9VGl2Mi8L9ZFb82J+JCl+evAvCabEbRDG5mhOgebo7pM3Cz0KthJomo095wSo3+WI=
BHDDCctMaDTuW/SiMvdDwFrt0UBUcc6ynTVZH48NUq2sjbF89SbnLE02oqpgRfXUn9x4TYqj/dWUQ22sS1olhNvG6eSnqIGqajSXWQHbFin5YA==
FazeNf8GtgVmqqiiL0B+DPfkzXZD7sD9WGtJ7L7RZOM2D0zrHdaN+FN+nYD+UCgLMZbfGjSHUt0p5+SVUfajdAFm++EFjp+29bh6QotjCdUSK/lm
fFvwdLd6yfcNM/F2eZHv719vcHVQ6uOcenUPmZaFfjcceZpp7El5CCWSj8jtUkoe8LF9UB9Y8LkaFxWxNKcFGJsu7UCbAyGQd5zpTkpQf20RLx4t+WQ=
KHkRGnsGDW1csiyrDrPql7P34OLj6s5AcyTAyP9kfU+tzbTffsuMp8Vi/ST7Gj0shsS4d7kSX5as8+JBQUME+eki88jJIrsuXbpv6t1cWm5zdxkpGi/5ag==
fiSuTC0x8+hRQz+gAhaYy9en1msUjffzQ0Ye0OqDYu4+FHbAHMyE+FN+nYD+UCgLMZbfGjSHUt0p5+SVUfajdAFm++UFjp+29bh6QotjCdUSK/lm
u8psSVcwErGLv4AQXsLhlxYgP8skqUGIs+4dEJ6gaDsRht8KFLcSLUl3ZAWxhmNEIXb79SW+X8YVKPrS65NJ5TI7+XY=
1kLTCpYL5KhGwY0THzwiK0u02y7QctRe6SLvOG3i6m4w4V1AH0jQ6dpntQG0V2WoW34NUJsUQUA3LAk+yuDfnVH/Pj35dA==
mS9AfF9DtuUdb9X+Aiga+FaVs2HLJoBe6SLvOG3i6m4w4V1AH0jQ6dpntQG0V2WoW34NUJsUQUA3LAk+yuDfnVH/Pj35dA==
GSJNHjKYMI08808HLsL6hzdIcNBw4EGIs+4dEJ6gaDsRht8KFLcSLUl3ZAWxhmNEIXb79iW+X8YVKPrS65NJ5TI7+XY=
m3GjcPqgKjsMDVNMwmYG6zYgP8skqUGIs+4dEJ6gaDsRht8KFLcSLUl3ZAWxhmNEIXb79yW+X8YVKPrS65NJ5TI7+XY=
IE+WKaGTty+wce3P/z3NUGuU2y7QctR+6SLvOG3i6m4w4V1AH0jQ6dpntQG0V2WoW34NUJsVQUA3LAk+yuDfnVH/Pj35dA==
aLJOC6ehnl95HErIObb64Q0h3jMXw6vI3JSx9FuKvbwmFPinmQJfhowjopHh04RpSfKzGOkyuzt9ai86fcza/tOnWfk6P/l6
bUcuSQEfV4/RBZTeQMolaUoysopHsSQ2XxV4MlmOt9QNDnLCgG3FzJ/ESGVqyy3t1Ls9BOsy1RxbVpkMBwBR0qoMx7Fh8yYx+Xg=
RAM69LEgOdVYQEEqMDANlW4k9o8zYUdgm8DMc5Ro4SDjJl3YzohIEwGO3wIEnzIFGb8kzeEuw+yx/ntwtRb/bkXguhq7u2nNIjP5fg==
D3h+78/cWPmoHDVV7z0UfVQo/ZIyCQh7z4nMc5Ro4SDjJl3YzohIEwGO3wIEnzIFGb8kzeEuw+yx/ntxtRb/bkXguhq7u2nNIjP5fg==
5nYKOczpkxgysdNfAWmzc3Ak9o8zYUdgm8DMc5Ro4SDjJl3YzohIEwGO3wIEnzIFGb8kzeEuw+yx/ntxtRb/bkXguhq7u2nNIjP5fg==
HzHWHU3iWGy3O8oAHXPXHR5FyJ5tAEaXsNEj8WzRMIaJ+l9wraoaNhDZTUgfQMDR+j9FSXQf1XA7hp3YG5PRONd0ufaKKK9FcccuNfl8
pyl3UzzfI5N1u1EZ2PoCDkjY+PdwBwDvgnJD485TDC9sPFGMi8L9ZFb82J+JCl+evAvCabEbRDG5mhOgebo7rc3Cz0KthJomo095wSo3+WI=
kHalhVxU2yn0F4UbNGiJD1rt0UBUcfeUkTVZH48NUq2sjYha+SbnLE02oqpgRfXUn9x4TYqj/dWUQ22sS1olhNvG6OSnqIGqajSXWQHbFin5YA==
6/u0vbvm0nu7CfZG4Hw7a/fkzXZD7sDEfmdJ7L7RZOM2D0zrJPCB+FN+nYD+UCgLMZbfGjSHUt0p5+SVUfajdAFm++AEjp+29bh6QotjCdUSK/lm
mU8YQPWdIW//FJazgew8tF9vcHVQ6uOcQ1MDmZaFfjcceZpp7ElALimSj8jtUkoe8LF9UB9Y8LkaFxWxNKcFGJsu7UCbAiCQd5zpTkpQf20RLx4t+WQ=
z87wonM9TjO2UDwldVa3C7P34OLj6s5Acx3mxP9kfU+tzbTffsuMp/xE8ST7Gj0shsS4d7kSX5as8+JBQUME+eki88jJIrssXLpv6t1cWm5zdxkpGi/5ag==
OXjUNezhfqMeQgaC7f1PF3RsYy8IrIHsZ3U/0oqUGnBIOMoqjTlnFQTB4IK6cAQE8L59QFpTpP0YHhKmPbcFGJsu7UCbBCCQc5zpTkpQf20RLx4t+WQ=
Jr5gFxJVElejIQU9ruUC+jY8NRCkMWPm/Q8e2XMsXo/KPpT+2ubFpBkq0/CZyjuy7PKLks10GrYD/7mRykf5cg==
EYahgu1Qmj0k8/HF4KirenRsYy8IrIHsZ3U/0oqUGnBIOMoqjTlnFQTB4IK6cAQE8L59QFpTpP0YHhKmPbcFGJsu7UCbBSCQc5zpTkpQf20RLx4t+WQ=
2mI1Z01lVzD/1ERE/qU6tDY8NRCkMWPm/Q8e2XMsXo/KPpT+2ubFpBkq0/CZyju87PKLks10GrYD/7mRykf5cg==
nqJx+CaigUBHDNTJBRzqtaq8QfK3gQKuwwE0RA1gU2UQg7lfdec9S12OKdFfi0sihyncpYTEQPkL
rRHkQaDNKOeMKkcGSeHWFjsWMbAbr7AOkb/ShCzLxXgbTi1gmyJgcP18qa5KcD/NkY/eTfkE
kuhzt6MjEh3JrfrjXidm53RsYy8IrIHsZ3U/0oqUGnBIOMoqjTlnFQTB4IK6cAQE8L59QFpTpP0YHhKmPbcFGJsu7UCbAySQcJvpTkpQf20RLx4t+WQ=
BdTNAzsFz4erUcaOApxS8jY8NRCkMWPm/Q8e2XMsXo/KPpT+2ubFpBkq0/CZyju26PKIlc10GrYD/7mRykf5cg==
8wUrp7FfbIGYczt40Dnmi3RsYy8IrIHsZ3U/0oqUGnBIOMoqjTlnFQTB4IK6cAQE8L59QFpTpP0YHhKmPbcFGJsu7UCbACSQcJvpTkpQf20RLx4t+WQ=
BdTNAzsFz4erUcaOApxS8jY8NRCkMWPm/Q8e2XMsXo/KPpT+2ubFpBkq0/CZyju26PKIlc10GrYD/7mRykf5cg==
8wUrp7FfbIGYczt40Dnmi3RsYy8IrIHsZ3U/0oqUGnBIOMoqjTlnFQTB4IK6cAQE8L59QFpTpP0YHhKmPbcFGJsu7UCbACSQcJvpTkpQf20RLx4t+WQ=
BdTNAzsFz4erUcaOApxS8jY8NRCkMWPm/Q8e2XMsXo/KPpT+2ubFpBkq0/CZyju26PKIlc10GrYD/7mRykf5cg==
K8yaHH+IxhZXcUavlMT3Y3RsYy8IrIHsZ3U/0oqUGnBIOMoqjTlnFQTB4IK6cAQE8L59QFpTpP0YHhKmPbcFGJsu7UCbCiCQcprpTkpQf20RLx4t+WQ=
uHBnrQKVGcnlsVjZfr2NqzY8NRCkMWPm/Q8e2XMsXo/KPpT+2ubFpBkq0/CZyju87PKKlM10GrYD/7mRykf5cg==
xK5nRnFd5v3Rr5DvRXwVo1VV/HFKTCBvz4czq+srzwGvRi9n7ZJBZSr9ouhW+R0=
AysZlhyYYlBcif35cMzxPaq8QfK3gQKuwwE0RA1gU2UQg7lfdec9S1mNKd5Zi0sihyncpYTEQPkL
0svPgeqwg3/U2Fh/KmK5vjsWMbAbr7AOkb/ShCzLxXgbTi1gmyZjcPJ6qa5KcD/NkY/eTfkE
pUdYbXIyBLa62lPmlp4BkTK9mhWguSkKJp6khCpqJSK43J949y0GYafuu4MRDU9mzabsZFfAJLngxxCDc7lEfObDWd/Vpx1LOU1JXvnLayJnaXwlJAQg+Ws=
B13Zr1a41p4KkiB9KeybX7aXqA9WLIiOj3JymN2wxXnsQc36iYsTCUV258LOTCUU7vkqE2Ir0d3u7GxH21dnM3fr0xn7lruPoXJNjV4N1hAq+WE=
