f3uYLZsvCroxz8wy7BWygl/5cmXsyfJAKmXn8axUXFHk8Fi3qIxGtGR1K47tGwte4daUgWxZ/ZXU8jlnqgDeHzfnO/szqxVRp2OW10NRaXZyHSoYLvll
lMzz65bO+m0c+1PvJ4Tunzh/PhK4I2L07B9dyWx5XoXxf5Ou1vjPsRkq0/CZyju97/KPlc1yGbYA/7mRykf5cg==
ycCN2J4mUx3n+FjSZfliiPaRuw4RNLjdlHQlndC60GH8YsPhmMUTCUd179iNTCgT9/89WmJuxsPO/GpH21dnM3fr1Bj7lbqPp3FNjl4N1hAq+WE=
N1PTL1W/o5Is82LqXYmTBczz5l60zGB4/dnqBnUHXMD+4WwvMBp7riHdDkflaeI3lq27Rk8sAAP//zVKSo6NnDKmMrdjN4+D/2tcaFM1wj9/MXVeBi0+ACL5aQ==
DcfNsmn0pkjveejKUYFYuveRuw4RNLjdlHQlndC60GH8YsPhmMUTCUd179iNTCgT9/89WmJuxsPO/GpH21dnM3fr1hv7lrqPp3FNjl4N1hAq+WE=
YqesKHA8Ei2SXH1AAFmreMzz5l60zGB4/dnqBnUHXMD+4GwvMBp7riHdDkflaeI3lq27Rk8sAAP//zVKSo6NnDKmMrdjN4+D/2tea1M2wj9/MXVeBi0+ACL5aQ==
T3h/8cpJIzFikZaDEAJyHPSRuw4RNLjdlHQlndC60GH8YsPhmMUTCUd179iNTCgT9/89WmJuxsPO/GpH21dnM3fr1Bv7lrqPp3FNjl4N1hAq+WE=
DlJlwW6ZCrWFK8MOSpoVfczz5l60zGB4/dnqBnUHXMD+42wvMBp7riHdDkflaeI3lq27Rk8sAAP//zVKSo6NnDKmMrdjN4+D/2tca1M2wj9/MXVeBi0+ACL5aQ==
YAMuq/6dtOSDrv/OYdx6jfWRuw4RNLjdlHQlndC60GH8YsPhmMUTCUd179iNTCgT9/89WmJuxsPO/GpH21dnM3fr0hv7lrqPp3FNjl4N1hAq+WE=
U0MYaEQ0NFENXV8xXnMOeMzz5l60zGB4/dnqBnUHXMD+4mwvMBp7riHdDkflaeI3lq27Rk8sAAP//zVKSo6NnDKmMrdjN4+D/2taa1M2wj9/MXVeBi0+ACL5aQ==
rnuRJm5F99P/Bd0CJhErBWId9A9e24zI56nZ9FuKvbwmFPinmQJfhowjopHh04RpSfKzGOkyuz14aio9fcrZ/tCnWfk6P/l6
jnOyw4oyMRHKEox6uYBUuUMAtvEMcDyX5clm4lDjRP+puRF8t5hULBDZTUgfQMDR+ixKTW4f1XA7hp3YG5vUONJzufCJKKxFcccuNfl8
1bcOcagULPHj3auTc19m5lgdNI8XT+GeczzsS1t/kYImnrPK/tGnDz/H44vbK7ji/4eex3sRsQb6vZLIRvkN
WcYI4K0JQV1Q9abxTxPCXmMd9A9e24zI56nZ9FuKvbwmFPinmQJfhowjopHh04RpSfKzGOkyuzt/ais9fcrZ/tCnWfk6P/l6
sELKuX5LyBepjxVGh4zraEMAtvEMcDyX5clm4lDjRP6puRF8t5hULBDZTUgfQMDR+ixKTW4f1XA7hp3YG53TONNzufCJKKxFcccuNfl8
rPawpg07hk+Mo0EYAnuXoWAd9A9e24zI56nZ9FuKvbwmFPinmQJfhowjopHh04RpSfKzGOkyuzx+ais9fcrZ/tCnWfk6P/l6
q1BJ3qMx5yN+6rOCqkZuEEMAtvEMcDyX5clm4lDjRP2puRF8t5hULBDZTUgfQMDR+ixKTW4f1XA7hp3YG5rSONNzufCJKKxFcccuNfl8
n7cbtjVr/sxpMPP4+tIBKWEd9A9e24zI56nZ9FuKvbwmFPinmQJfhowjopHh04RpSfKzGOkyuz1+ais9fcrZ/tCnWfk6P/l6
NieHldZhbDY2V0THuUMdFUMAtvEMcDyX5clm4lDjRPypuRF8t5hULBDZTUgfQMDR+ixKTW4f1XA7hp3YG5vSONNzufCJKKxFcccuNfl8
5/Ar2AwlZPwB/f5LcUONcWYd9A9e24zI56nZ9FuKvbwmFPinmQJfhowjopHh04RpSfKzGOkyuz9+ais9fcrZ/tCnWfk6P/l6
j1HWQ8QTqoflMjT2VruzREMAtvEMcDyX5clm4lDjRPupuRF8t5hULBDZTUgfQMDR+ixKTW4f1XA7hp3YG5nSONNzufCJKKxFcccuNfl8
rUxPP6B31nK+7CJVMcksS2cd9A9e24zI56nZ9FuKvbwmFPinmQJfhowjopHh04RpSfKzGOkyuzl+ais9fcrZ/tCnWfk6P/l6
3UpHzQdwHOcmnrB1nCDPLUMAtvEMcDyX5clm4lDjRPqpuRF8t5hULBDZTUgfQMDR+ixKTW4f1XA7hp3YG5/SONNzufCJKKxFcccuNfl8
YyW4ExHOIGljgATq/kYqkmQd9A9e24zI56nZ9FuKvbwmFPinmQJfhowjopHh04RpSfKzGOkyuzV+ais9fcrZ/tCnWfk6P/l6
lipa8IaOnnoLSICeQHS+1kMAtvEMcDyX5clm4lDjRPmpuRF8t5hULBDZTUgfQMDR+ixKTW4f1XA7hp3YG5PSONNzufCJKKxFcccuNfl8
M8CL6vdiCajL7P5ehX7FlWIH8g1FyYzI56nZ9FuKvbwmFPinmQJfhowjopHh04RpSfKzGOkyuzt8aiQ9fcrZ/tCnWfk6P/l6
eGd9dPheM1vLYXeXubN1mWjhotZKJTvC8T0Nr8JAMB0YRWvJx9X1Vhjm2J+JCl+evAvCer4fXjG5mhOgebo7o8zCxEWtgpkmoE95wSo3+WI=
Aw3kwF/dN2DkxS/cecRxJWMH8g1FyYzI56nZ9FuKvbwmFPinmQJfhowjopHh04RpSfKzGOkyuzV8aiQ9fcrZ/tCnWfk6P/l6
0NGIkAhiafptBE2mSKAkG2jhotZKJTvC8T0Nr8JAMB0YRGvJx9X1Vhjm2J+JCl+evAvCer4fXjG5mhOgebo7rczCxEWtgpkmoE95wSo3+WI=
BjAiQEMATzle/9Wp5XCUmmAH8g1FyYzI56nZ9FuKvbwmFPinmQJfhowjopHh04RpSfKzGOkyuzx/aiQ9fcrZ/tCnWfk6P/l6
2lmYj/mjtjaDNgc2nZB7zWjhotZKJTvC8T0Nr8JAMB0YR2vJx9X1Vhjm2J+JCl+evAvCer4fXjG5mhOgebo7pM/CxEWtgpkmoE95wSo3+WI=
tW8YOVLRDf6n/hORu1lF5RZq66/IEOFfmRXaDaFtveVVXP+kiqctv+duQIa0x/TskCPpnyXHLUtNankQCGvdoffKrGX0JDD5ew==
AWxuxISoKxTWqnVlNx+fXG3JlUViWs20q0UWUcMcX7WS8uxh1HKzIFIH7LBgRfXUn9x4TYqw8tGOQ22sS1olhNvG7OSsr4GsaTSUWQHbFin5YA==
j/qX4XOTaYIQHNSzQtxIA08rT4Q//SmIs+4dEJ6gaDsRht8KFLcSLUl3ZAWxhmNEIXb79CC+VMEVLvnS6JNJ5TI7+XY=
eNWMuHsmZ00zf84NB39SqwYlujhnjOWE7bmWuUHfk41oDvinmQJfhowjooLu155pSfKzGOkyuzh4aiQ9fcrZ/tCnWfk6P/l6
UmlEQ/WXOC+xPiN3TGYp+U4rT4Q//SmIs+4dEJ6gaDsRht8KFLcSLUl3ZAWxhmNEIXb79iC+VMEVLvnS6JNJ5TI7+XY=
2QW1JYf7IRGF4k4GwgXFJQYlujhnjOWE7bmWuUHek41oDvinmQJfhowjooLu155pSfKzGOkyuzp4aiQ9fcrZ/tCnWfk6P/l6
GjUtfs6MpDMOlevM4OV8tmIF+A9HzZPI56nZ9FuKvbwmFPinmQJfhowjopHh04RpSfKzGOkyuzh9aiU9fcrZ/tCnWfk6P/l6
+JjPMoJ8hqc0qG+GxFDM2GjhotRAJznG7j0Nr8JAMB0YRWnDxdfxSRjm2J+JCl+evAvCer4fXjG5mhOgebo7oM3CxUWtgpkmoE95wSo3+WI=
D9aeleqyKN97gkKBK7U8J2IH8g9Cw43I56nZ9FuKvbwmFPinmQJfhowjopHh04RpSfKzGOkyuzx8aiU9fcrZ/tCnWfk6P/l6
B8X2JrRggFn1sQeaOhGcxWjhotZKJzzI8D0Nr8JAMB0YRWvJxdL/Vxjm2J+JCl+evAvCer4fXjG5mhOgebo7pMzCxUWtgpkmoE95wSo3+WI=
A/HDVxzdBtUrWCyxt8RF4FgHMo8LV+CeczzsS1t/kYImnrPK/tGnDz/H44vbK77i/4mex3sRsQb6vZLIRvkN
nVa5iDCOSHK4QAhDKRgo0WqMl78UBsahnRszF2ubgtghhTJted31JR2Mx4Ri1zW//54opoyXPKxYk7F/TVeVy7b80bFQm5VhP5pUBdwUKPlj
+3BBc8MTUA9abNGEMRiFix6rdscv0eFZ9pUpLqSQmEImH0rR1ZzAREomtMAqPY8Fu5BbXixRBd7TvIyLe3+xwsYeEQSWxpZP30dDS7srmKAfCT4HGxGRRho9Mggm+W0=
nB/fJt5wrBRRVCOeFrLGv00rT4Q//SmIs+4dEJ6gaDsRht8KFLcSLUl3ZAWxhmNEIXb79SG+VcEVLvnS6JNJ5TI7+XY=
RB7qPp77nzbJ78+Xe/gOMgYlujhnjOWE7bmWuUHdk41oDvinmQJfhowjooLu155pSfKzGOkyuzl5aiU9fcrZ/tCnWfk6P/l6
661VxVPq9EuImKAdA2VLV0wrT4Q//SmIs+4dEJ6gaDsRht8KFLcSLUl3ZAWxhmNEIXb79yG+VcEVLvnS6JNJ5TI7+XY=
f8vr8O+OJRltqJfeu2WgoQYlujhnjOWE7bmWuUHck41oDvinmQJfhowjooLu155pSfKzGOkyuzt5aiU9fcrZ/tCnWfk6P/l6
bHqRPsZh29ZAtnBqQ5/7tEsrT4Q//SmIs+4dEJ6gaDsRht8KFLcSLUl3ZAWxhmNEIXb7+CG+VcEVLvnS6JNJ5TI7+XY=
c0xB2wSvY3j45zjmNwO+lgYlujhnjOWE7bmWuUHbk41oDvinmQJfhowjooLu155pSfKzGOkyuzR5aiU9fcrZ/tCnWfk6P/l6
0FEmOoqzF9Ti5hgR5K9HzkorT4Q//SmIs+4dEJ6gaDsRht8KFLcSLUl3ZAWxhmNEIXb78CC+VcEVLvnS6JNJ5TI7+XY=
EzUxlwM+6BaFe5mmetQnVgYlujhnjOWE7bmWuUHak41oDvinmQJfhowjooLu155pSfKzGOkyuzx4aiU9fcrZ/tCnWfk6P/l6
/VbY2pIVlo3CMjb78M2jSEkrT4Q//SmIs+4dEJ6gaDsRht8KFLcSLUl3ZAWxhmNEIXb78yC+VcEVLvnS6JNJ5TI7+XY=
NzPh3KAVZ59HwipZlBBJfwYlujhnjOWE7bmWuUHZk41oDvinmQJfhowjooLu155pSfKzGOkyuz94aiU9fcrZ/tCnWfk6P/l6
2W58meR9sEYBcG0U/9rF5UgrT4Q//SmIs+4dEJ6gaDsRht8KFLcSLUl3ZAWxhmNEIXb79CC+VcEVLvnS6JNJ5TI7+XY=
ktZBzxMk1HTnu19pEqElhAYlujhnjOWE7bmWuUHYk41oDvinmQJfhowjooLu155pSfKzGOkyuzh4aiU9fcrZ/tCnWfk6P/l6
XxvX6WjKknsRHEL8IX4cdUcrT4Q//SmIs+4dEJ6gaDsRht8KFLcSLUl3ZAWxhmNEIXb79iC+VcEVLvnS6JNJ5TI7+XY=
xxS3uXaeoo7HysBFrZJdcQYlujhnjOWE7bmWuUHXk41oDvinmQJfhowjooLu155pSfKzGOkyuzp4aiU9fcrZ/tCnWfk6P/l6
NqP3qApN2ngAcCUJoyMffEYrT4Q//SmIs+4dEJ6gaDsRht8KFLcSLUl3ZAWxhmNEIXb7+CC+VcEVLvnS6JNJ5TI7+XY=
ivedVofNHlWzQ8MWyA2KFwYlujhnjOWE7bmWuUHWk41oDvinmQJfhowjooLu155pSfKzGOkyuzR4aiU9fcrZ/tCnWfk6P/l6
lL5nSR/7PFCiGOG0yQqfrKJwHB9VbS5ddcUBRcm0i1QeP6E/a/bU9kCvaEwsi71PUT9hiwFXTUjdAyHB6+KYVeA8PPl3
PJPxIeRe4fV/xBtraohzfHJIo5j2Walj3B7BQKFn6ctkEuWkiqctv+duQIanyPD2kCPpnyXHLUtNb3kYCWvdoffKrGX0JDD5ew==
lQVobzWqfSQUesDXULJUJuOi9bjfMST+eVZunA8Vts8XfmWao/+26CHfu+G93MhV19dAahsd8nSGoV9Vq6PoeVo5y6r8uZrUpJ6v85qppBOWX0zEoixwiWUiBF0FDS0inFXOz9HhFKrMOGXKMcZjhKE2+7Ggfl6Ale75kmhTSaWy+/m2
sLPlRbX64K/oIw9Pzp+KROOi9bjfMST+eVZunA8Vts8XfmWao/+16CHfu+G93MhV19dAahsd8nSGoV9VqKPoeVo5y6r8uZrUpJ6v85qppBOWX0zEoixwiWUiBF0FDS0inFXOz9HhFKrMOGXKMcZjhKE2+7egfl6Ale75kmhTSaWy+/m2
2GrJf5oaFRXTNlp6NG3hcOOi9bjfMST+eVZunA8Vts8XfmWao/+06CHfu+G93MhV19dAahsd8nSGoV9VqaPoeVo5y6r8uZrUpJ6v85qppBOWX0zEoixwiWUiBF0FDS0inFXOz9HhFKrMOGXKMcZjhKE2+7Olfl+Ale75kmhTSaWy+/m2
uVqn7sXpo99szFrkUnljbHbv7ipaqOAZ1ou9/RvJMG4WaHAnhwgMtI3xzzSzWIJHQKqsxFhsAgsXRh4uXSoNB1bJ9vhC8DRcyahbFPAbYXwoZ2KhowrOrpKLpkCD4gttzwP5X7Vn/UsdDunbGQsNIUeqnKVERAD5Sw==
b651X2buAuHCEZJIdMEFi3bv7ipaqOAZ1ou9/RvJMG4WaHAnhwgPtI3xzzSzWIJHQKqsxFhsAgsXRh4uXSoNB1bK9vhC8DRcyahbFPAbYXwoZ2KhowrOrpKLpkCD4gttzwP5X7Vn/UsfDunbGQsNIUeqnKVERAD5Sw==
s45MIuQNe3Fh9/okwVm9cHbv7ipaqOAZ1ou9/RvJMG4WaHAnhwgOtI3xzzSzWIJHQKusxFhsAgsXRh4uXSoNB1bK9vhC8DRcyahbFPAbYXwoZ2KhowrOrpKLpkCD4gttzwP5X7Vn/UsYDunbGQsNIUeqnKVERAD5Sw==
AgEiHcgbDQY1oiL+Yhq1Y3bv7ipaqOAZ1ou9/RvJMG4WaHAnhwgJtI3xzzSzWIJHQKqsxFhsAgsXRh4uXSoNB1bL9vhC8DRcyahbFPAbYXwoZ2KhowrOrpKLpkCD4gttzwP5X7Vn/UsVDunbGQsNIUeqnKVERAD5Sw==
sEkLOCUVHB3hx15WE7MS6Hbv7ipaqOAZ1ou9/RvJMG4WaHAnhwgLtI3xzzSzWIJHQKusxFhsAgsXRh4uXSoNB1bJ9vhC8DRcyahbFPAbYXwoZ2KhowrOrpKLpkCD4gttzwP5X7Vn/UsfDenbGQsNIUeqnKVERAD5Sw==
Nxsjb6oyLejlAhc/k4B3yOLzo8be2KqMGzDejtfN4kXFxy09OnYds53a6gcrcV8aaKfd3tS7gsdbhet/YccJ1nFARDCXm43qTL3OJwEptCJcUCWiIc5DTHHee113tn+IhYa5+vjb6W1iE/le
4lyYKJ5Fvjsjf96wktEHuOLzo8be2KqMGzDejtfN4kXFxy09O3Yds53a6gcrcV8baKfd3tS7gsdbhet/YccJ1nFARDCXm43qTL3OJwEptCJcUCWiIc5DTHHee193tn+IhYa5+vjb6W1iE/le
CKaC/8IZadhhWlsvPEvCDOLzo8be2KqMGzDejtfN4kXFxy09OHYds53a6gcrcV8caKfd3tS7gsdbhet/YccJ1nFARDCXm43qTL3OJwEptCJcUCWiIc5DTHHee1h2tn+IhYa5+vjb6W1iE/le
JfmoHOIzAKC7RidEH73oTOVEncJnCC9CyG57eXIZT4cPYT+z5DIaUG5ICilGaTKb567olYfucE7yBfK7rpMUPbwnf5zZvcDxz2JaLgZjSpA/un8N2zvlr1lPyQtvZEVrhfOZgfPy4PVobBT5Xw==
NTTx5bZdY4Wko6n0pm4E/maY23SGvlzbkusFgOa+Tk2ReQ6Rx/DpAyMNTw+Qi/26/Gdy8wPJq7upe1mFyayklP8HPR7UMU6jidUktiT8hUaJkjP4qRK7FD6Kr1y96tneEMfZGXof+Vo=
Fd5KZLO62GHbCSlTT7Ust2aY23SGvlzbkusFgOa+Tk2ReQ6RxvDpAyMNTwiQi/26/Gdy8wPJq7upe1mFyayklP8HPR7UMU6jidUktiT8hUaJkjP4qRK7HDmKr1y96tneEMfZGXof+Vo=
or8WyvxeMfJdk3yupllMlb2z5pxai4YnSHIvwFhTzAc1COMosdBrkmFVBKyV0u4bE2UvMUBDPeKMz9ILk0ErIxmTuT2Z5ORMDy8dZsQ5Tru5vUSO9DRFHvk6kwA5mjuGiWJP5O2imQbg7/lhahf5Qg==
pM5qsKC4q9muTAxMOAUrFb2z5pxai8I2Q2440V5uqUM0DNF97vIklWJRJOmIz5kKXGVqah0WIfOnnYcRgnAqPyr16n+U6/VXESsdZsQ5Tru5vUSO9DRFHvk6kwA5mjuBiWJP5O2imQbg7/lhahf5Qg==
0Jxu+zlJxniD0AnWikU1rb2z5pxai8I2Q2440V5uqUM0DNF97vIklWJRJOmIz5kKXGVqah0WIfOnnYcRgnAqPyr16n+U6/VXESsdZsQ5Tr+wqkOO9DRFHvk6kwA5mjuHjmJI5O2imQbg7/lhahf5Qg==
Sd0ZbDZGnrdGtMh1QOKNL1gFOI8OWf6eczzsS1t/kYImnrPK/tGnDz/H44vbK7jg/4Sfx3sRsQb6vZLIRvkN
ttdtXlEyEak+/5kxZxAVsmIF+A9HzZPI56nZ9FuKvbwmFPinmQJfhowjopHh04RpSfKzGOkyuzh+aig8fcrZ/tCnWfk6P/l6
gBM32Jp2gd6BRB9GEola12jhotRAJznG7j0Nr8JAMB0YRWnDxdfxSRjm2J+JCl+evAvCer4fXjG5mhOgebo7oM7CyEStgpkmoE95wSo3+WI=
FCsrsa9XGcs6C3Ov71/Fl72z5pxai8I2Q2440V5uqUM0DNF97vIklWJRJOmIz5kKXGVqah0WIfOnnYcRgnAqPyr16n+U6/VXESsdZsQ5Tru5vUSO9DRFHvk6kwA5mjuAjmJI5O2imQbg7/lhahf5Qg==
/jbylC1ZUMRL4E7CY7IihL2z5pxai8I2Q2440V5uqUM0DNF97vIklWJRJOmIz5kKXGVqah0WIfOnnYcRgnAqPyr16n+U6/VXESsdZsQ5Tr+wqkOO9DRFHvk6kwA5mjuBjmJI5O2imQbg7/lhahf5Qg==
iwyfLkiw5c5qyxI8X9SaC1gFOI8OWf6eczzsS1t/kYImnrPK/tGnDz/H44vbK77g/4Sfx3sRsQb6vZLIRvkN
aEF2rmyoCUUbVxGlBf1yf2IF+A9HzZPI56nZ9FuKvbwmFPinmQJfhowjopHh04RpSfKzGOkyuzR+aig8fcrZ/tCnWfk6P/l6
NqHKAYdqCm94wlZM3ZoAmmjhotRAJznG7j0Nr8JAMB0YRWnDxdfxSRjm2J+JCl+evAvCer4fXjG5mhOgebo7rM7CyEStgpkmoE95wSo3+WI=
a9ygR5ksLFwvP8grkEny0b2z5pxai8I2Q2440V5uqUM0DNF97vIklWJRJOmIz5kKXGVqah0WIfOnnYcRgnAqPyr16n+U6/VXESsdZsQ5Tru5vUSO9DRFHvk6kwA5mjuMjmJI5O2imQbg7/lhahf5Qg==
XBkhsL9kpB9WkuJwcO1X372z5pxai8I2Q2440V5uqUM0DNF97vIklWJRJOmIz5kKXGVqah0WIfOnnYcRgnAqPyr16n+U6/VXESsdZsQ5Tr+wqkOO9DRFHvk6kwA5mjuEiWJI5O2imQbg7/lhahf5Qg==
Azh4BSwRTu7UdjIMK5d4fmaY23SGvlzbkusFgOa+Tk2ReQ6RxfDpAyMNTw6Qi/26/Gdy8wPJq7upe1mGyayklP8HPR7UMU6jidUktiT8hUaJkjP4qRK7GjmKqFy96tneEMfZGXof+Vo=
MFvb7WqUPlisZ7b1Gm3ms2aY23SGvlzbkusFgOa+Tk2ReQ6RxPDpAyMNTw+Qi/26/Gdy8wPJq7upe1mGyayklP8HPR7UMU6jidUktiT8hUaJkjP4qRK7FDmKqFy96tneEMfZGXof+Vo=
0tbnOu2OZsCnNnNY6dJFSmaY23SGvlzbkusFgOa+Tk2ReQ6Rw/DpAyMNTw6Qi/26/Gdy8wPJq7upe1mHyayklP8HPR7UMU6jidUktiT8hUaJkjP4qRK7HDiKqFy96tneEMfZGXof+Vo=
coSrlDkPzVUsjzoXYUaHlGaY23SGvlzbkusFgOa+Tk2ReQ6RwvDpAyMNTw+Qi/26/Gdy8wPJq7upe1mHyayklP8HPR7UMU6jidUktiT8hUaJkjP4qRK7HjiKqFy96tneEMfZGXof+Vo=
1TpyJAhVxJw8ecB9IxR14nbv7ipaqOAZ1ou9/RvJMG4WaHAnhwgItI3xzzSzWIJHQKusxFhsAgsXRh4uXSoNB1bL9vhC8DRcyahbFPAbYXwoZ2KhowrOrpKLpkCD4gttzwP5X7Vn/UsVCuncGQsNIUeqnKVERAD5Sw==
tm5Vw9+z+3NBo1b+k4Z+pmaY23SGvlzbkusFgOa+Tk2ReQ6RwfDpAyMNTw6Qi/26/Gdy8wPJq7upe1mAyayklP8HPR7UMU6jidUktiT8hUaJkjP4qRK7HD2KqVy96tneEMfZGXof+Vo=
HO6YD8upJ2FcE0sVjtfw1maY23SGvlzbkusFgOa+Tk2ReQ6RwPDpAyMNTw+Qi/26/Gdy8wPJq7upe1mAyayklP8HPR7UMU6jidUktiT8hUaJkjP4qRK7Hj2KqVy96tneEMfZGXof+Vo=
mx9dWh06PX9nUIIn4Q2oAGaY23SGvlzbkusFgOa+Tk2ReQ6Rz/DpAyMNTw6Qi/26/Gdy8wPJq7upe1mByayklP8HPR7UMU6jidUktiT8hUaJkjP4qRK7GD2KqVy96tneEMfZGXof+Vo=
6EgUJAqNmziM42Kb1FYVmmaY23SGvlzbkusFgOa+Tk2ReQ6RzvDpAyMNTw+Qi/26/Gdy8wPJq7upe1mByayklP8HPR7UMU6jidUktiT8hUaJkjP4qRK7Gz2KqVy96tneEMfZGXof+Vo=
XZ+bD5N/JLYzMAKFO1HCb9PMwr7RZH2ou8sk5jis2MeDWRUUzBg/KUJhzovN1sy1YzZcPq7NNnvq20iNVP/b/L0FLGFz6t6uguv2AFMCm+1/Y4kfhYcNSysumZ2pq/2h1wrM5RRkEPlb
Ecra+ZAMTrTacJrvey16OA0ZNZoQXZKAITr7S1pJ1Zhzk6bR+sOmDz/H44vbK77g/4max3oRsQb6vZLIRvkN
ci4BkVc89J8GvOBn/IIBhUIw+sV5QbnpEcppazMsPY0FO2bl7Won4+7JYTAvQ+opjiOyFzP336MPa2qIA/kWX+6xBb62bc4gMvl5
KYXbTChe8NrhKUTtnbkIOBJDZoSRmfeFKfJGbViXmUZ5GtN7YkntqFuzfoEyg25/x6cLG0OrJnJXICN3MtH51qJd+jg++XU=
ei2VYNmF5lAVw8T9yEvBtA7f7shZcyzKw3MX4I5KPhxOWH7F18n/ZhC03oiJC2napl7PbasTWyG5mhOgebo7oczCzECtg5kmoE95wSo3+WI=
RPlhVgeDssHvKJF+j7Bmv20EnqYvsmIsHiZaVnbH698PDDSKhnrFzamAUjBnzzfly6s9BOsy1RxbW5gMBAJR1akMxLFh8yYx+Xg=
3zbuAfch35bH6V8h+JJvZBNDZoSRmfeFKfJGbViXmUZ5GtN7YkntqFuzfoEyg25/x6cLG0OrIXFXICN3MtH51qJd+jg++XU=
K4hpr9lDWGQtXxmwx4Cwtw/f7shZcyzKw3MX4I5KPhxOWH7F18n/ZhC03oiJC2napl7PbasTWyG5mhOgebo7ps/CzECtg5kmoE95wSo3+WI=
wLSw45Es6MPT2JDBBtopu20EnqYvsmIsHiZaVnbH698PDDSKhnrFzamAUjBnzzfly6s9BOsy1RxbXJsMBAJR1akMxLFh8yYx+Xg=
Oj8Fz3s/PZzU/mLIKcoZvSsDh695sT8sFmoPUnbH698PDDSKhnrFzamAUjBnzzfly6s9BOsy1RxbWp0MBAJR1akMxLFh8yYx+Xg=
Z15NpUE6qKt+NJ+0Jao6bEpkJH2bwH6ZnVKJ9N5L+VndDXX954SwnNDL2bvgUBBoPDUQjZTDFf0yhh03maJSRSQ3BS5N6scjjsmBcE/DSmmuI5JX03e/Y+9rTk+jcbefjrHl/tbtbmAS+Vk=
jRMR9gJVMfS8HMI9Q+1wk05rrrTIWbAm3xODSugxtudXGreinacsiaN0FYuw3fzzgCPpnyXHLUtJa3kZDWvcoffKrGX0JDD5ew==
zWEyPdkFWByXVZRFcu02sEYv2Y10YBbFExH05pvb3/pEaVKH86IbMuEvqAkn/OkbHGVYE+T7RS/5j+kLi6Il6WGz+IETskB1yCw0+X8=
cL2KF2Tm5Jp+wrqvV73bR0pkJH2bwH6ZnVKJ9N5L+VndDXr954SwnNDL2bvgUBBoPDUQjZTDFf0yhh03maJSRSQ3BS5N6scjjsmBcE/DSmmuI5JX03e/Y+9rSkqjcrefjrHl/tbtbmAS+Vk=
sHLc72/ne10sKzXJK8OfSU5rrrTIWbAm3xODSugxtudXGreinacsiaN0FYuw3fzzgCPpnyXHLUtKbnkaDWvcoffKrGX0JDD5ew==
OwhL0E3pe8rmnDRdQNaE3SYc7x4Xj/aO4fCevQeBv75gXP6wmQNpwpZ2r5X725t5SfKzGOkyuzl5ai44fcvZ/tCnWfk6P/l6
Hed2uh3ySD7XgLZ1eLOnAEo0JipVZXloUeXtu1QXFbX8vudVPaTfPBZ6b4K2twtvj/yUOkYq5d2pkHJgp3+XFUsb3XQr4rUMW0t9XEbyMWUpfGQBISMGIflo
IQpfH+8aT2FDZGqV9Z2RHiYc7x4Xj/aO4fCevQeBv75gXP6wmQNpwpZ2r5X725t5SfKzGOkyuzp5ai44fcvZ/tCnWfk6P/l6
UH/aDrnqOBTqKOyy1i3scUk0JipVZXloUeXtu1QXFbX8vudVPaTfPBZ6b4K2twtvj/yUOkYq5d2pkHJgp3+XFUsb3XQr4rUMW0h9XEbyMWUpfGQBISMGIflo
UVLDcE5t4MQ40l0vG7O9liYc7x4Xj/aO4fCevQeBv75gXP6wmQNpwpZ2r5X725t5SfKzGOkyuzt5ai44fcvZ/tCnWfk6P/l6
PfXXLiqhTOaDINkIfgr6e0g0JipVZXloUeXtu1QXFbX8vudVPaTfPBZ6b4K2twtvj/yUOkYq5d2pkHJgp3+XFUsb3XQr4rUMW0l9XEbyMWUpfGQBISMGIflo
UVLDcE5t4MQ40l0vG7O9liYc7x4Xj/aO4fCevQeBv75gXP6wmQNpwpZ2r5X725t5SfKzGOkyuzt5ai44fcvZ/tCnWfk6P/l6
/AiT8kHH3YLMz+MauJCp5U80JipVZXloUeXtu1QXFbX8vudVPaTfPBZ6b4K2twtvj/yUOkYq5d2pkHJgp3+XFUsb3XQr4rUMW0l9XEbyMWUpfGQBISMGIflo
UVLDcE5t4MQ40l0vG7O9liYc7x4Xj/aO4fCevQeBv75gXP6wmQNpwpZ2r5X725t5SfKzGOkyuzt5ai44fcvZ/tCnWfk6P/l6
UD16+spfn+9U6MGlvKIjTk40JipVZXloUeXtu1QXFbX8vudVPaTfPBZ6b4K2twtvj/yUOkYq5d2pkHJgp3+XFUsb3XQr4rUMW0l9XEbyMWUpfGQBISMGIflo
l/nhljHmtBKzaYDnsqwqZiYc7x4Xj/aO4fCevQeBv75gXP6wmQNpwpZ2r5X725t5SfKzGOkyuzR5ai44fcvZ/tCnWfk6P/l6
tJiHu8i5tNelol/Tsu0pY000JipVZXloUeXtu1QXFbX8vudVPaTfPBZ6b4K2twtvj/yUOkYq5d2pkHJgp3+XFUsb3XQr4rUMW0Z9XEbyMWUpfGQBISMGIflo
qnTzr6FQZ2Ar3XVevm0NdSYc7x4Xj/aO4fCevQeBv75gXP6wmQNpwpZ2r5X725t5SfKzGOkyuzl8aig4fcvZ/tCnWfk6P/l6
xApkq0jagL408p9quTx7mEk0JipVZXloUeXtu1QXFbX8vudVPaTfPBZ6b4K2twtvj/yUOkYq5d2pkHJgp3+XFUsb3XQr4rUMW0t4XEDyMWUpfGQBISMGIflo
l7lfn6+rrARqpaMzmtpJXCR2hQzGopjm/OradEV1y4qIl0EobvDQDO/TtlqJfA7Z373fSmhwDvQhn+lWPjp/seMnu02BngOcke57YZRmONwldzmKWAspPQIj+W4=
sTG2UBBXMhUktx5B1w72aiYc7x4Xj/aO4fCevQeBv75gXP6wmQNpwpZ2r5X725t5SfKzGOkyuzl+aig4fcvZ/tCnWfk6P/l6
rfdibaJZ6PQeLKKLpecqw0k0JipVZXloUeXtu1QXFbX8vudVPaTfPBZ6b4K2twtvj/yUOkYq5d2pkHJgp3+XFUsb3XQr4rUMW0t6XEDyMWUpfGQBISMGIflo
uiTvIczwYV4HmiWTnJQs4CYc7x4Xj/aO4fCevQeBv75gXP6wmQNpwpZ2r5X725t5SfKzGOkyuzp+aig4fcvZ/tCnWfk6P/l6
C61WB1eMfv4II4MaaRbrh0g0JipVZXloUeXtu1QXFbX8vudVPaTfPBZ6b4K2twtvj/yUOkYq5d2pkHJgp3+XFUsb3XQr4rUMW0h6XEDyMWUpfGQBISMGIflo
uiTvIczwYV4HmiWTnJQs4CYc7x4Xj/aO4fCevQeBv75gXP6wmQNpwpZ2r5X725t5SfKzGOkyuzp+aig4fcvZ/tCnWfk6P/l6
C61WB1eMfv4II4MaaRbrh0g0JipVZXloUeXtu1QXFbX8vudVPaTfPBZ6b4K2twtvj/yUOkYq5d2pkHJgp3+XFUsb3XQr4rUMW0h6XEDyMWUpfGQBISMGIflo
4S+tOPr2Q3BTPhMYil7tJiYc7x4Xj/aO4fCevQeBv75gXP6wmQNpwpZ2r5X725t5SfKzGOkyuzt+aig4fcvZ/tCnWfk6P/l6
zOG/lWPOEcfP1qXac1oZ8E80JipVZXloUeXtu1QXFbX8vudVPaTfPBZ6b4K2twtvj/yUOkYq5d2pkHJgp3+XFUsb3XQr4rUMW0l6XEDyMWUpfGQBISMGIflo
4S+tOPr2Q3BTPhMYil7tJiYc7x4Xj/aO4fCevQeBv75gXP6wmQNpwpZ2r5X725t5SfKzGOkyuzt+aig4fcvZ/tCnWfk6P/l6
Mxi4yzwV1kIdYQWU1xtfz0g0JipVZXloUeXtu1QXFbX8vudVPaTfPBZ6b4K2twtvj/yUOkYq5d2pkHJgp3+XFUsb3XQr4rUMW0l6XEDyMWUpfGQBISMGIflo
XT4EihChCAVyHCOrgOmgPSR2hQzGopjm/OradEV1y4qIl0EobvDQDO/TtlqJfA7Z373fSmhwDvQhn+lWPjp/seMnu02BngOcke57YZZmONwldzmKWAspPQIj+W4=
pbAdyYx+G8XBOFp/0OL5yCYc7x4Xj/aO4fCevQeBv75gXP6wmQNpwpZ2r5X725t5SfKzGOkyuz15aig4fcvZ/tCnWfk6P/l6
Xwk/VABOFWcWXJj0FIMSmkg0JipVZXloUeXtu1QXFbX8vudVPaTfPBZ6b4K2twtvj/yUOkYq5d2pkHJgp3+XFUsb3XQr4rUMW099XEDyMWUpfGQBISMGIflo
pbAdyYx+G8XBOFp/0OL5yCYc7x4Xj/aO4fCevQeBv75gXP6wmQNpwpZ2r5X725t5SfKzGOkyuz15aig4fcvZ/tCnWfk6P/l6
j3pW3ExDUH0EWov2cHIWwk80JipVZXloUeXtu1QXFbX8vudVPaTfPBZ6b4K2twtvj/yUOkYq5d2pkHJgp3+XFUsb3XQr4rUMW099XEDyMWUpfGQBISMGIflo
Gdb2ffIPJM4sYZvTeicKqCR2hQzGopjm/OradEV1y4qIl0EobvDQDO/TtlqJfA7Z373fSmhwDvQhn+lWPjp/seMnu02BngOcke57a5FmONwldzmKWAspPQIj+W4=
GcYywMaHyuyKkIj8Mpd+BSYc7x4Xj/aO4fCevQeBv75gXP6wmQNpwpZ2r5X725t5SfKzGOkyuzl5aig4fcvZ/tCnWfk6P/l6
UXF1sgRPDbkVO19RIgUV4E80JipVZXloUeXtu1QXFbX8vudVPaTfPBZ6b4K2twtvj/yUOkYq5d2pkHJgp3+XFUsb3XQr4rUMW0t9XEDyMWUpfGQBISMGIflo
3pO9TxlQOB9O3O4saWkZxyV2hQzGopjm/OradEV1y4qIl0EobvDQDO/TtlqJfA7Z373fSmhwDvQhn+lWPjp/seMnu02BngOcke57YJFmONwldzmKWAspPQIj+W4=
E8pOlqRpPI15vPOkHa71wSR2hQzGopjm/OradEV1y4qIl0EobvDQDO/TtlqJfA7Z373fSmhwDvQhn+lWPjp/seMnu02BngOcke57YZFmONwldzmKWAspPQIj+W4=
LsDFs978yLlvWkLhEvYdcyYc7x4Xj/aO4fCevQeBv75gXP6wmQNpwpZ2r5X725t5SfKzGOkyuz94aig4fcvZ/tCnWfk6P/l6
gq7HyGrk7kAKAWOU2/Nk1k80JipVZXloUeXtu1QXFbX8vudVPaTfPBZ6b4K2twtvj/yUOkYq5d2pkHJgp3+XFUsb3XQr4rUMW018XEDyMWUpfGQBISMGIflo
LsDFs978yLlvWkLhEvYdcyYc7x4Xj/aO4fCevQeBv75gXP6wmQNpwpZ2r5X725t5SfKzGOkyuz94aig4fcvZ/tCnWfk6P/l6
L0boRM/atROjTSQBrwgqc040JipVZXloUeXtu1QXFbX8vudVPaTfPBZ6b4K2twtvj/yUOkYq5d2pkHJgp3+XFUsb3XQr4rUMW018XEDyMWUpfGQBISMGIflo
WYVLbgIq0x4vJA4rFqPb+SV2hQzGopjm/OradEV1y4qIl0EobvDQDO/TtlqJfA7Z373fSmhwDvQhn+lWPjp/seMnu02BngOcke57bZBmONwldzmKWAspPQIj+W4=
YO0obCnNkQ/MLbFV097SdyYc7x4Xj/aO4fCevQeBv75gXP6wmQNpwpZ2r5X725t5SfKzGOkyuzV4aig4fcvZ/tCnWfk6P/l6
CFZ5U2QKHBFD9ZR6hQ8q7Eo0JipVZXloUeXtu1QXFbX8vudVPaTfPBZ6b4K2twtvj/yUOkYq5d2pkHJgp3+XFUsb3XQr4rUMW0d8XEDyMWUpfGQBISMGIflo
MPmKkWFC0nH/XW16pPWJzyu2lga46SkdPYOqnzt2PCn1zJds5XlAJu/z84pYUUZnx/rnYk3HPImzlEXLYL1sc/DDWd/Vpx1LPE9JXf3LbCFnanwlJAQg+Ws=
hiR0nbWLOLd4vZ78WVaeUSYc7x4Xj/aO4fCevQeBv75gXP6wmQNpwpZ2r5X725t5SfKzGOkyuz98aik4fcvZ/tCnWfk6P/l6
e0vk/kyHyPBT//nrwgH7YEk0JipVZXloUeXtu1QXFbX8vudVPaTfPBZ6b4K2twtvj/yUOkYq5d2pkHJgp3+XFUsb3XQr4rUMW014XEHyMWUpfGQBISMGIflo
03kl/e2KnjRCae2FWaiWESYc7x4Xj/aO4fCevQeBv75gXP6wmQNpwpZ2r5X725t5SfKzGOkyuzl8aik4fcvZ/tCnWfk6P/l6
u1/ODA3rpwm0eMdPxgAsyUo0JipVZXloUeXtu1QXFbX8vudVPaTfPBZ6b4K2twtvj/yUOkYq5d2pkHJgp3+XFUsb3XQr4rUMW0t4XEHyMWUpfGQBISMGIflo
8AWUjlKTKGP5vlawf9O6hg0ZNZoQXZKAITr7S1pJ1Zhwk6bR+sOmDz/H44vbK77n/4Wbx3oRsQb6vZLIRvkN
dmoz8s0XXvT94ES5iWY79kIw+sV5QbnpEcppazMsPY0FO2bl7Won4+7JYTAsQ+opjiOyFzP336MPa2qPA/UXX+6xBb62bc4gMvl5
+jv7ZBMUYl3+yNZl2344ZBRDZoSRmfeFKfJGbViXmUZ5GtN7YkntqFizfoEyg25/x6cLG0OrKndXJSN3MtH51qJd+jg++XU=
tHgfsTTKRMxPjILoBLZROAjf7shZcyzKw3MX4I5KPhxOWH7F18n/ZhC03oiJC2napl3PbasTWyG5mhOgebo7rcnCyUCtg5kmoE95wSo3+WI=
YGb0E1yhtbNFhGdlfSV8+m0EnqYvsmIsHiZaVnbH698PDDSKhnrFzamAUjNnzzfly6s9BOsy1RxbV50MAQJR1akMxLFh8yYx+Xg=
Cfjb/VoDO3a54JUJZoNing0ZNZoQXZKAITr7S1pJ1Zhxk6bR+sOmDz/H44vbK7nm/4Wbx3oRsQb6vZLIRvkN
hwLrqQ4Q4c6GtwGtlYGEz0Iw+sV5QbnpEcppazMsPY0FO2bl7Won4+7JYTAtQ+opjiOyFzP336MPa22OA/UXX+6xBb62bc4gMvl5
GtsOLnLnE+mwXFSbGk8Z/RRDZoSRmfeFKfJGbViXmUZ5GtN7YkntqFmzfoEyg25/x6cLG0OrJXZXJSN3MtH51qJd+jg++XU=
59lusKHcp0ZIt2X7pQC7XAjf7shZcyzKw3MX4I5KPhxOWH7F18n/ZhC03oiJC2naplzPbasTWyG5mhOgebo7osjCyUCtg5kmoE95wSo3+WI=
mBwEM21yb1XESnbyMmsV8G0EnqYvsmIsHiZaVnbH698PDDSKhnrFzamAUjJnzzfly6s9BOsy1RxbWJwMAQJR1akMxLFh8yYx+Xg=
BIFhTF0LcsnM30dSpS9Eqko0JipVZXloUeXtu1QXFbX8vudVPaTfPBZ6b4K2twtvj/yUOkYq5d2pkHJjp3+XFUsb3XQr4rUMW0l5XELyMWUpfGQBISMGIflo
cyz342ZQ1mgztC6FFWktZSYc7x4Xj/aO4fCevQeBv75gXP6wmQNpwpZ1r5X725t5SfKzGOkyuzt9aio4fcvZ/tCnWfk6P/l6
vlu5NekjCE//sn1twzR6tEk0JipVZXloUeXtu1QXFbX8vudVPaTfPBZ6b4K2twtvj/yUOkYq5d2pkHJjp3+XFUsb3XQr4rUMW0l5XELyMWUpfGQBISMGIflo
BNO/IzlJYQ+yjx36SJtbtiJ2hQzGopjm/OradEV1y4qIl0EobvDQDO/TtlqJfA7Z373fSmhwDvQhn+lWPjl/seMnu02BngOcke57YZVmOtwldzmKWAspPQIj+W4=
7gxL+KSWssxvqmmhVeoTdyYc7x4Xj/aO4fCevQeBv75gXP6wmQNpwpZ1r5X725t5SfKzGOkyuzx8aio4fcvZ/tCnWfk6P/l6
KQXN8T+RfCMM7ka5ZSNHTkk0JipVZXloUeXtu1QXFbX8vudVPaTfPBZ6b4K2twtvj/yUOkYq5d2pkHJjp3+XFUsb3XQr4rUMW054XELyMWUpfGQBISMGIflo
rvEekghqshUMkdIFVLlS8SYc7x4Xj/aO4fCevQeBv75gXP6wmQNpwpZ1r5X725t5SfKzGOkyuz18aio4fcvZ/tCnWfk6P/l6
uY1YIryBB0ZAEOxPcr+Vmkg0JipVZXloUeXtu1QXFbX8vudVPaTfPBZ6b4K2twtvj/yUOkYq5d2pkHJjp3+XFUsb3XQr4rUMW094XELyMWUpfGQBISMGIflo
exmvGrUaisf6IF91MOzEciJ2hQzGopjm/OradEV1y4qIl0EobvDQDO/TtlqJfA7Z373fSmhwDvQhn+lWPjl/seMnu02BngOcke57apRmOtwldzmKWAspPQIj+W4=
0DcOX0YK9nLa6+KE4ImkeiYc7x4Xj/aO4fCevQeBv75gXP6wmQNpwpZ1r5X725t5SfKzGOkyuz98aio4fcvZ/tCnWfk6P/l6
0ewICYwAgpaD8C2/jZRHiEg0JipVZXloUeXtu1QXFbX8vudVPaTfPBZ6b4K2twtvj/yUOkYq5d2pkHJjp3+XFUsb3XQr4rUMW014XELyMWUpfGQBISMGIflo
ceLVzKzSwRPl5hxulvB98iYc7x4Xj/aO4fCevQeBv75gXP6wmQNpwpZ1r5X725t5SfKzGOkyuzh8aio4fcvZ/tCnWfk6P/l6
z21DkZMjXIbJp4Q/H+f1Uk80JipVZXloUeXtu1QXFbX8vudVPaTfPBZ6b4K2twtvj/yUOkYq5d2pkHJjp3+XFUsb3XQr4rUMW0p4XELyMWUpfGQBISMGIflo
ceLVzKzSwRPl5hxulvB98iYc7x4Xj/aO4fCevQeBv75gXP6wmQNpwpZ1r5X725t5SfKzGOkyuzh8aio4fcvZ/tCnWfk6P/l6
jUtdqoxRr0bNGxXZU+iLm0g0JipVZXloUeXtu1QXFbX8vudVPaTfPBZ6b4K2twtvj/yUOkYq5d2pkHJjp3+XFUsb3XQr4rUMW0p4XELyMWUpfGQBISMGIflo
AUHOygWzXb1jljAPHEtm0SYc7x4Xj/aO4fCevQeBv75gXP6wmQNpwpZ1r5X725t5SfKzGOkyuzl8aio4fcvZ/tCnWfk6P/l6
fA4UcWBMtGweTSS2Yi9R1k80JipVZXloUeXtu1QXFbX8vudVPaTfPBZ6b4K2twtvj/yUOkYq5d2pkHJjp3+XFUsb3XQr4rUMW0t4XELyMWUpfGQBISMGIflo
UO1RHVpW0JL12ZuFbRt34yJ2hQzGopjm/OradEV1y4qIl0EobvDQDO/TtlqJfA7Z373fSmhwDvQhn+lWPjl/seMnu02BngOcke57bpRmOtwldzmKWAspPQIj+W4=
FGveC4JzUn50AjF/c+a9ViYc7x4Xj/aO4fCevQeBv75gXP6wmQNpwpZ1r5X725t5SfKzGOkyuzt/aio4fcvZ/tCnWfk6P/l6
b5LfePoF159Cj5u2bRMa2E80JipVZXloUeXtu1QXFbX8vudVPaTfPBZ6b4K2twtvj/yUOkYq5d2pkHJjp3+XFUsb3XQr4rUMW0l7XELyMWUpfGQBISMGIflo
wQkm6l4ttOAXwsf9GQNmKko0JipVZXloUeXtu1QXFbX8vudVPaTfPBZ6b4K2twtvj/yUOkYq5d2pkHJip3+XFUsb3XQr4rUMW056XELyMWUpfGQBISMGIflo
b6GhIhLVfm2Sy2xK0jp9jiYc7x4Xj/aO4fCevQeBv75gXP6wmQNpwpZ0r5X725t5SfKzGOkyuz1+aio4fcvZ/tCnWfk6P/l6
oKJPx1TS3vgNriPs3seHCUk0JipVZXloUeXtu1QXFbX8vudVPaTfPBZ6b4K2twtvj/yUOkYq5d2pkHJip3+XFUsb3XQr4rUMW096XELyMWUpfGQBISMGIflo
Kv6nJ2p0dmjAP8rsBxIxwCJ2hQzGopjm/OradEV1y4qIl0EobvDQDO/TtlqJfA7Z373fSmhwDvQhn+lWPjh/seMnu02BngOcke57apZmOtwldzmKWAspPQIj+W4=
ptdf0xSes8Y84NqpJv9W8iYc7x4Xj/aO4fCevQeBv75gXP6wmQNpwpZ0r5X725t5SfKzGOkyuz9+aio4fcvZ/tCnWfk6P/l6
t/eUp5SJHO/M6wDaeWapGUk0JipVZXloUeXtu1QXFbX8vudVPaTfPBZ6b4K2twtvj/yUOkYq5d2pkHJip3+XFUsb3XQr4rUMW016XELyMWUpfGQBISMGIflo
xemPU50BtKU69v6ezgpbGSYc7x4Xj/aO4fCevQeBv75gXP6wmQNpwpZ0r5X725t5SfKzGOkyuzh+aio4fcvZ/tCnWfk6P/l6
Hug5jyfZqKcMKHQIM0GMBkg0JipVZXloUeXtu1QXFbX8vudVPaTfPBZ6b4K2twtvj/yUOkYq5d2pkHJip3+XFUsb3XQr4rUMW0p6XELyMWUpfGQBISMGIflo
yRppjHa1x9Ou8oSu7upMiyJ2hQzGopjm/OradEV1y4qIl0EobvDQDO/TtlqJfA7Z373fSmhwDvQhn+lWPjh/seMnu02BngOcke57bZZmOtwldzmKWAspPQIj+W4=
gnYziFvOD6qGkSZocbZCdyYc7x4Xj/aO4fCevQeBv75gXP6wmQNpwpZ1r5X725t5SfKzGOkyuzt5aio4fcvZ/tCnWfk6P/l6
j7j2jYWvFl0NMgMzoPm0j0k0JipVZXloUeXtu1QXFbX8vudVPaTfPBZ6b4K2twtvj/yUOkYq5d2pkHJjp3+XFUsb3XQr4rUMW0l9XELyMWUpfGQBISMGIflo
gnYziFvOD6qGkSZocbZCdyYc7x4Xj/aO4fCevQeBv75gXP6wmQNpwpZ1r5X725t5SfKzGOkyuzt5aio4fcvZ/tCnWfk6P/l6
g/bEaHgmGucEQJVL0e7mJ0o0JipVZXloUeXtu1QXFbX8vudVPaTfPBZ6b4K2twtvj/yUOkYq5d2pkHJjp3+XFUsb3XQr4rUMW0l9XELyMWUpfGQBISMGIflo
8s8r13EEtGiYiRcPfxXcsiu2lga46SkdPYOqnzt2PCn1zJds5XlAJu/z84pYUUZnx/rnYk3HPImzlEbLYL1sc/DDWd/Vpx1LPEpJXv3LbCFnanwlJAQg+Ws=
giUBv9XZuYgvNLr0LKfqzCYc7x4Xj/aO4fCevQeBv75gXP6wmQNpwpZ0r5X725t5SfKzGOkyuzh4aio4fcvZ/tCnWfk6P/l6
/sTrd/BW0UpcYyudejDKiUo0JipVZXloUeXtu1QXFbX8vudVPaTfPBZ6b4K2twtvj/yUOkYq5d2pkHJip3+XFUsb3XQr4rUMW0p8XELyMWUpfGQBISMGIflo
YzqvohxdtXIcUoOPiJ4DFSu2lga46SkdPYOqnzt2PCn1zJds5XlAJu/z84pYUUZnx/rnYk3HPImzlEfLYL1sc/DDWd/Vpx1LOEpJXv3LbCFnanwlJAQg+Ws=
PNMxAbASOkWNIzyBZ89kDSYc7x4Xj/aO4fCevQeBv75gXP6wmQNpwpZ0r5X725t5SfKzGOkyuzl9ais4fcvZ/tCnWfk6P/l6
DyEqn8v6I7c5O/jaD8OEdEg0JipVZXloUeXtu1QXFbX8vudVPaTfPBZ6b4K2twtvj/yUOkYq5d2pkHJip3+XFUsb3XQr4rUMW0t5XEPyMWUpfGQBISMGIflo
Nbxs13d3tKMk18cRV+e5siYc7x4Xj/aO4fCevQeBv75gXP6wmQNpwpZ0r5X725t5SfKzGOkyuzp9ais4fcvZ/tCnWfk6P/l6
4ET7JDZVnZ1cCIoV7X66NEk0JipVZXloUeXtu1QXFbX8vudVPaTfPBZ6b4K2twtvj/yUOkYq5d2pkHJip3+XFUsb3XQr4rUMW0h5XEPyMWUpfGQBISMGIflo
AxbDnTNeiY8p74jk62WZZCYc7x4Xj/aO4fCevQeBv75gXP6wmQNpwpZ0r5X725t5SfKzGOkyuzt9ais4fcvZ/tCnWfk6P/l6
NNVp/m6z0ZvUedIaBimd1Uk0JipVZXloUeXtu1QXFbX8vudVPaTfPBZ6b4K2twtvj/yUOkYq5d2pkHJip3+XFUsb3XQr4rUMW0l5XEPyMWUpfGQBISMGIflo
AxbDnTNeiY8p74jk62WZZCYc7x4Xj/aO4fCevQeBv75gXP6wmQNpwpZ0r5X725t5SfKzGOkyuzt9ais4fcvZ/tCnWfk6P/l6
bdaUO6WXVLTqG9/NgMmHtko0JipVZXloUeXtu1QXFbX8vudVPaTfPBZ6b4K2twtvj/yUOkYq5d2pkHJip3+XFUsb3XQr4rUMW0l5XEPyMWUpfGQBISMGIflo
G7BGkLrDD25z/CLTxmCz8iYc7x4Xj/aO4fCevQeBv75gXP6wmQNpwpZ1r5X725t5SfKzGOkyuz58ais4fcvZ/tCnWfk6P/l6
uUDVE1EtsPugI6m1+CjduUo0JipVZXloUeXtu1QXFbX8vudVPaTfPBZ6b4K2twtvj/yUOkYq5d2pkHJjp3+XFUsb3XQr4rUMW0x4XEPyMWUpfGQBISMGIflo
G0gFzWH9GpBwrF/zMpgX2g0ZNZoQXZKAITr7S1pJ1Zh2k6bR+sOmDz/H44vbK73n/4ebx3oRsQb6vZLIRvkN
BRvoBr2fvlkrvptEUtCKIUIw+sV5QbnpEcppazMsPY0FO2bl7Won4+7JYTAqQ+opjiOyFzP336MPa2mPA/cXX+6xBb62bc4gMvl5
NMdFlg5n6hJ19up6jKPV5WNEtxVWwKnIq/SevQeBv75gXP6wmQNpwpZzr5X725t5SfKzGOkyuzx4ais4fcvZ/tCnWfk6P/l6
dWxBCpXP7e4lRXc8eeS/kGvPnKoNH7Tkgwk4Wy3Ahe5tnGsqMIH+Jx/Kj4J11zSJu4R4q4iNNLNIk7F/TVeVy7X60b9Vm5RhP5pUBdwUKPlj
jKEZzQ4pAE6nYy8omvbZBG0EnqYvsmIsHiZaVnbH698PDDSKhnrFzamAUjVnzzfly6s9BOsy1RxbXpwMAwJR1akMxLFh8yYx+Xg=
eubN23w6LftukAWLqFfiu2BEtxVWwKnIq/SevQeBv75gXP6wmQNpwpZzr5X725t5SfKzGOkyuzl4ais4fcvZ/tCnWfk6P/l6
hoPqhWX0K47Us7O5JDuJb2jPnKoNH7Tkgwk4Wy3Ahe5tnGsqMIH+Jx/Kj4J11zSJu4R4q4iNNLNIk7F/TVeVy7D60b9Vm5RhP5pUBdwUKPlj
hzqEO3zDHQ19rPCcNmEOz20EnqYvsmIsHiZaVnbH698PDDSKhnrFzamAUjVnzzfly6s9BOsy1RxbW5wMAwJR1akMxLFh8yYx+Xg=
GzeqtvSKVWRNikyxU2R5aw0ZNZoQXZKAITr7S1pJ1Zh3k6bR+sOmDz/H44vbK7/i/4ibx3oRsQb6vZLIRvkN
/7X7OsoNwWhxfzi23Oc7w0Iw+sV5QbnpEcppazMsPY0FO2bl7Won4+7JYTArQ+opjiOyFzP336MPa2uKA/gXX+6xBb62bc4gMvl5
YQDoX3qzjlprE9ZFLYkAnWFEtxVWwKnIq/SevQeBv75gXP6wmQNpwpZyr5X725t5SfKzGOkyuzR8aiQ4fcvZ/tCnWfk6P/l6
vrT3SaBWAlPy3AGCq7nPnWnPnKoNH7Tkgwk4Wy3Ahe5tnGsqMIH+Jx/Kj4J11zSJu4R5q4iNNLNIk7F/TVeVy73+0bBVm5RhP5pUBdwUKPlj
7UjqVSPFMxPRWN2hmWN3YW0EnqYvsmIsHiZaVnbH698PDDSKhnrFzamAUjRnzzfly6s9BOsy1RxbVpgMDAJR1akMxLFh8yYx+Xg=
ypdIEp0OqVj0secV+uCmHWZEtxVWwKnIq/SevQeBv75gXP6wmQNpwpZyr5X725t5SfKzGOkyuz5/aiQ4fcvZ/tCnWfk6P/l6
BHWQLi9BtF+PILidWvSDiW7PnKoNH7Tkgwk4Wy3Ahe5tnGsqMIH+Jx/Kj4J11zSJu4R5q4iNNLNIk7F/TVeVy7f90bBVm5RhP5pUBdwUKPlj
gtKV8vKe3vO6vIY3VWIrY20EnqYvsmIsHiZaVnbH698PDDSKhnrFzamAUjRnzzfly6s9BOsy1RxbXJsMDAJR1akMxLFh8yYx+Xg=
uhHn+Vy/pI0cz6NtaynbYjZGx7oWX0cvm472DOMIzmm/LV/aiMBOBAGP6UYezz8BA7c73eEuw+yx/nt5thb1bEXnuRq4u2nNIjP5fg==
BohIyf7OrrQa/NRG4RXqJEpkJH2bwH6ZnVKJ9N5L+VndDXb+54SwnNDL2bvgUBBoPDUQjZTDFf0yhh03maJSRSQ3BS5N6scjjsmBcErDSmmuI5JX03e/Y+9rTkujcLSfjrHl/tbtbmAS+Vk=
aYX0GWIDzTZ2PsLG247xJkUD9aBVPy7DscwjpRboDeKmswN7r6hcfhbOTUkpBNqB9ztfQWsP1XA7hp3YG5zRONR1ufGJKKxFcccuNfl8
Ip84JphJyf/Plp4HrGJxJUpkJH2bwH6ZnVKJ9N5L+VndDXf+54SwnNDL2bvgUBBoPDUQjZTDFf0yhh03maJSRSQ3BS5N6scjjsmBcErDSmmuI5JX03e/Y+9rTUijcLSfjrHl/tbtbmAS+Vk=
Wd4LpzXqtsiCm+6M8y2naU5rrrTIWbAm3xODSugxtudXGreinacsiaN0EIuw3fzzgCPpnyXHLUtIbHkYDmvcoffKrGX0JDD5ew==
/iBcxJLTKFMKX9lcLer4ZUcv2Y10YBbFExH05pvb3/pEaVKH86IbMuEvqAkn/OwbHGVYE+T7RS/5j+kLjKMl6GKz+IETskB1yCw0+X8=
hFYyvJnoeKqtMyMRvukcsUUD9aBVPy7DscwjpRboDeKmswN7r6hcfhbOTUkpBNqB9ztfQWsP1XA7hp3YG5rRONV1ufGJKKxFcccuNfl8
h+bBpnYGw/X7U3GLFSdWDU5rrrTIWbAm3xODSugxtudXGreinacsiaN0EIuw3fzzgCPpnyXHLUtFb3kZDmvcoffKrGX0JDD5ew==
i7aOb7QCI9lX1P3DuytJLF2CkbRmB1D0vG35dVZGOT+1Uu49oNdBdlH6q2tqSeW4ptNWsWpDFq9vB5Nryyupws/BSKeKkSGmSn3CKDb5fQ==
IYxVk+nNySW9PU1R9it5YiYc7x4Xj/aO4fCevQeBv75gXP6wmQNpwpZzr5X725t5SfKzGOkyuz5/ai07fcvZ/tCnWfk6P/l6
AmKCYD5MZ7kw3zWmExQ0GB1g+s14RfzpX8Y7PX0iMoUENyXu7Won4+7JYTArQ+opjiOyFzP336MPa22PA/EUX+6xBb62bc4gMvl5
XFUIdm5G4XyHaHzDijrkQEpkJH2bwH6ZnVKJ9N5L+VndDXT+54SwnNDL2bvgUBBoPDUQjZTDFf0yhh03maJSRSQ3BS5N6scjjsmBcEvDSmmuI5JX03e/Y+9rTEujcrSfjrHl/tbtbmAS+Vk=
Nvv2ntJxse5gyy73olR2KU5rrrTIWbAm3xODSugxtudXGreinacsiaN0EYuw3fzzgCPpnyXHLUtJb3kaDmvcoffKrGX0JDD5ew==
1zta9/e7eOR02JkZl+ZsEkMD9aBVPy7DscwjpRboDeKmswN7r6hcfhbOTUkpBNqA9ztfQWsP1XA7hp3YG53RONZ1ufGJKKxFcccuNfl8
IO2aHD+EfYD29cUoT0P3pEpkJH2bwH6ZnVKJ9N5L+VndDXX+54SwnNDL2bvgUBBoPDUQjZTDFf0yhh03maJSRSQ3BS5N6scjjsmBcEvDSmmuI5JX03e/Y+9rTUmjcrSfjrHl/tbtbmAS+Vk=
N1bL73uzfhnQvPUxYO0Hx05rrrTIWbAm3xODSugxtudXGreinacsiaN0EYuw3fzzgCPpnyXHLUtObXkaDmvcoffKrGX0JDD5ew==
kglcw9V6jv01V7QSpflQsEo0JipVZXloUeXtu1QXFbX8vudVPaTfPBZ6b4K2twtvj/yUOkYq5d2pkHJlp3+XFUsb3XQr4rUMW0p9XEbxMWUpfGQBISMGIflo
rSH9RAFAmyPv+qfKlko+kyYc7x4Xj/aO4fCevQeBv75gXP6wmQNpwpZzr5X725t5SfKzGOkyuzt5ai47fcvZ/tCnWfk6P/l6
Qtlv/Dppz6jOjzjxXVX7gUo0JipVZXloUeXtu1QXFbX8vudVPaTfPBZ6b4K2twtvj/yUOkYq5d2pkHJlp3+XFUsb3XQr4rUMW0l9XEbxMWUpfGQBISMGIflo
lyfMlXGjC3gyD5y8TzN93CYc7x4Xj/aO4fCevQeBv75gXP6wmQNpwpZzr5X725t5SfKzGOkyuzR5ai47fcvZ/tCnWfk6P/l6
gX761wVDF9ukmCUbREvG7Eo0JipVZXloUeXtu1QXFbX8vudVPaTfPBZ6b4K2twtvj/yUOkYq5d2pkHJlp3+XFUsb3XQr4rUMW0Z9XEbxMWUpfGQBISMGIflo
e1PTE5zxwRgHh3Lg6Gk58SYc7x4Xj/aO4fCevQeBv75gXP6wmQNpwpZzr5X725t5SfKzGOkyuzl4ai47fcvZ/tCnWfk6P/l6
B26y5AeLztXkyOZawqdsDEo0JipVZXloUeXtu1QXFbX8vudVPaTfPBZ6b4K2twtvj/yUOkYq5d2pkHJlp3+XFUsb3XQr4rUMW0t8XEbxMWUpfGQBISMGIflo
EvVMTksnnTuaA97H81vqOyYc7x4Xj/aO4fCevQeBv75gXP6wmQNpwpZzr5X725t5SfKzGOkyuzp4ai47fcvZ/tCnWfk6P/l6
+/ruRygKl7fZSkYDn1XUJkk0JipVZXloUeXtu1QXFbX8vudVPaTfPBZ6b4K2twtvj/yUOkYq5d2pkHJlp3+XFUsb3XQr4rUMW0h8XEbxMWUpfGQBISMGIflo
BG/U4z0wkelJcxWmlT20zSYc7x4Xj/aO4fCevQeBv75gXP6wmQNpwpZzr5X725t5SfKzGOkyuzR9aig7fcvZ/tCnWfk6P/l6
iQHDSgv6cC2YIAwnv4PbAkk0JipVZXloUeXtu1QXFbX8vudVPaTfPBZ6b4K2twtvj/yUOkYq5d2pkHJlp3+XFUsb3XQr4rUMW0Z5XEDxMWUpfGQBISMGIflo
m4on71kzP709vhZiBaJZnp1RyX1FjHlEo7ItGjWHto/XTlgJEZS7nNkxhOaruw86NIniB2MCS/LRT7gJNxzcW8zFyJNUm7VvqW/ZC3uGdSzSEwgBg1IQNTgMJPlv
Stx5sCruUD/MGG534ysvZSYc7x4Xj/aO4fCevQeBv75gXP6wmQNpwpZzr5X725t5SfKzGOkyuzt8aig7fcvZ/tCnWfk6P/l6
dDawcxn0OhR3FTaWRoqj/kg0JipVZXloUeXtu1QXFbX8vudVPaTfPBZ6b4K2twtvj/yUOkYq5d2pkHJlp3+XFUsb3XQr4rUMW0l4XEDxMWUpfGQBISMGIflo
S0cus5w+mh1Zcf2xam8jJZ5RyX1FjHlEo7ItGjWHto/XTlgJEZS7nNkxhOaruw86NIniB2MCS/LRT7gJNxzcW8zFyJNUm7VvqW/ZC3CGdSzSEwgBg1IQNTgMJPlv
lbXDDJ3rPAm9R/7VzA3dJyYc7x4Xj/aO4fCevQeBv75gXP6wmQNpwpZyr5X725t5SfKzGOkyuzp/aig7fcvZ/tCnWfk6P/l6
7Bcto2vUeb0vqTkzHPKFq0k0JipVZXloUeXtu1QXFbX8vudVPaTfPBZ6b4K2twtvj/yUOkYq5d2pkHJkp3+XFUsb3XQr4rUMW0h7XEDxMWUpfGQBISMGIflo
wnlY+ebVsq1iFFKjdpxvgJ9RyX1FjHlEo7ItGjWHto/XTlgJEZS7nNkxhOaruw86NIniB2MCS/LRT7gJNxzdW8zFyJNUm7VvqW/ZC3GFdSzSEwgBg1IQNTgMJPlv
sVfWh+BprdVXMR+EwrjjkCYc7x4Xj/aO4fCevQeBv75gXP6wmQNpwpZyr5X725t5SfKzGOkyuzx+aig7fcvZ/tCnWfk6P/l6
piHu0Syn/7BVdI/5w/q4L0g0JipVZXloUeXtu1QXFbX8vudVPaTfPBZ6b4K2twtvj/yUOkYq5d2pkHJkp3+XFUsb3XQr4rUMW056XEDxMWUpfGQBISMGIflo
NyTLaF53ahaQxxJtav+zMJhRyX1FjHlEo7ItGjWHto/XTlgJEZS7nNkxhOaruw86NIniB2MCS/LRT7gJNxzdW8zFyJNUm7VvqW/ZC3uEdSzSEwgBg1IQNTgMJPlv
MiPjMp1gWYYGhJJhA+kTCiYc7x4Xj/aO4fCevQeBv75gXP6wmQNpwpZyr5X725t5SfKzGOkyuz9+aig7fcvZ/tCnWfk6P/l6
JtJVb5Zz92lXNvY/s+NZ5E80JipVZXloUeXtu1QXFbX8vudVPaTfPBZ6b4K2twtvj/yUOkYq5d2pkHJkp3+XFUsb3XQr4rUMW016XEDxMWUpfGQBISMGIflo
PXa/WGy/Q2tdGRxpqGfhkJhRyX1FjHlEo7ItGjWHto/XTlgJEZS7nNkxhOaruw86NIniB2MCS/LRT7gJNxzdW8zFyJNUm7VvqW/ZC3yEdSzSEwgBg1IQNTgMJPlv
N7a+yqTl1CLX7LmeoPSzfSYc7x4Xj/aO4fCevQeBv75gXP6wmQNpwpZyr5X725t5SfKzGOkyuzt+aig7fcvZ/tCnWfk6P/l6
iN44/wFHRVqVE5WFJeO900o0JipVZXloUeXtu1QXFbX8vudVPaTfPBZ6b4K2twtvj/yUOkYq5d2pkHJkp3+XFUsb3XQr4rUMW0l6XEDxMWUpfGQBISMGIflo
YJ4Q1M8jVM1BjDIL0m+EFCYc7x4Xj/aO4fCevQeBv75gXP6wmQNpwpZ1r5X725t5SfKzGOkyuz5/aik7fcvZ/tCnWfk6P/l6
A9Iy+clyPkEjxuEFkb2xF0k0JipVZXloUeXtu1QXFbX8vudVPaTfPBZ6b4K2twtvj/yUOkYq5d2pkHJjp3+XFUsb3XQr4rUMW0x7XEHxMWUpfGQBISMGIflo
lkRgLFfqmWdHE3GFuXT4mSYc7x4Xj/aO4fCevQeBv75gXP6wmQNpwpZ1r5X725t5SfKzGOkyuz9/aik7fcvZ/tCnWfk6P/l6
id3jsS6TUx9TdWvgBT1BI0o0JipVZXloUeXtu1QXFbX8vudVPaTfPBZ6b4K2twtvj/yUOkYq5d2pkHJjp3+XFUsb3XQr4rUMW017XEHxMWUpfGQBISMGIflo
rbXQfXlZo2cZ55evwwTlbQhocz1TaitoXf7F71MEPOXxvvJaOLKLcVY8JYa2twtvj/yUOkYq5d2pkHJjp3+XFUsb3XQr4rUMW0p7XEHxMWUpfGQBISMGIflo
oJDFVsU9spjL8sGtaXufDyYc7x4Xj/aO4fCevQeBv75gXP6wmQNpwpZ1r5X725t5SfKzGOkyuzt8ais7fcvZ/tCnWfk6P/l6
yYjHPVgFvupVzpF7uFYKM0o0JipVZXloUeXtu1QXFbX8vudVPaTfPBZ6b4K2twtvj/yUOkYq5d2pkHJjp3+XFUsb3XQr4rUMW0l4XEPxMWUpfGQBISMGIflo
qsGA9detH2jN06/x2O2loiu2lga46SkdPYOqnzt2PCn1zJds5XlAJu/z84pYUUZnx/rnYk3HPImzlEbLYL1sc/DDWd/Vpx1LNE5JX/7LbCFnanwlJAQg+Ws=
sp0YW66orD6/0AG5qUSEKCYc7x4Xj/aO4fCevQeBv75gXP6wmQNpwpZ0r5X725t5SfKzGOkyuz1/ais7fcvZ/tCnWfk6P/l6
ayB2x7UkHkMeAS9wZCn8m0o0JipVZXloUeXtu1QXFbX8vudVPaTfPBZ6b4K2twtvj/yUOkYq5d2pkHJip3+XFUsb3XQr4rUMW097XEPxMWUpfGQBISMGIflo
bb9NRm0eQ8CB59ygR4z1liYc7x4Xj/aO4fCevQeBv75gXP6wmQNpwpZzr5X725t5SfKzGOkyuzh/ais7fcvZ/tCnWfk6P/l6
Y/txR+wE2Dky67l5RS7E8Eo0JipVZXloUeXtu1QXFbX8vudVPaTfPBZ6b4K2twtvj/yUOkYq5d2pkHJlp3+XFUsb3XQr4rUMW0p7XEPxMWUpfGQBISMGIflo
ZNgJEVBxdsd8hXFFAYyQeSu2lga46SkdPYOqnzt2PCn1zJds5XlAJu/z84pYUUZnx/rnYk3HPImzlEDLYL1sc/DDWd/Vpx1LOk1JX/7LbCFnanwlJAQg+Ws=
dbcia8xwsH2mcwHaukTynyYc7x4Xj/aO4fCevQeBv75gXP6wmQNpwpZyr5X725t5SfKzGOkyuzV/ais7fcvZ/tCnWfk6P/l6
yxzEwy4kjOi3ZiOm8IRgkEo0JipVZXloUeXtu1QXFbX8vudVPaTfPBZ6b4K2twtvj/yUOkYq5d2pkHJkp3+XFUsb3XQr4rUMW0d7XEPxMWUpfGQBISMGIflo
mcYHNwrgePwu0EqcpIFzbiu2lga46SkdPYOqnzt2PCn1zJds5XlAJu/z84pYUUZnx/rnYk3HPImzlEHLYL1sc/DDWd/Vpx1LPUxJX/7LbCFnanwlJAQg+Ws=
W6/REm13EZl11bGQ6QWuFg0ZNZoQXZKAITr7S1pJ1Zhzk6bR+sOmDz/H44vbK7/g/4eYx3oRsQb6vZLIRvkN
zaZty6K6S8fLXvXudr42PkIw+sV5QbnpEcppazMsPY0FO2bl7Won4+7JYTAvQ+opjiOyFzP336MPa2uIA/cUX+6xBb62bc4gMvl5
bvGzT4sUo3J8xUEAVj1OsUo0JipVZXloUeXtu1QXFbX8vudVPaTfPBZ6b4K2twtvj/yUOkYq5d2pkHJgp3+XFUsb3XQr4rUMW0p6XEPxMWUpfGQBISMGIflo
oWMIb3GIn4D6Zyy9TkqwbnwBhKJh9Gt8FylYEmb9rYtRB3+WjHn/mojFEWBjxTfgybU9BOsy1RxbVpgMDQFR1akMxLFh8yYx+Xg=
6S/xUyRLEQK3LF0XB54nMD+Nk6kAHfXlzgY3F3jJyOdini86CseqeRSBk4h27WOo/sctr4KNMbFWk7F/TVeVy73+0bFWm5RhP5pUBdwUKPlj
qUvZUfYbQrjKW7l9s7KYEq7NswDv3DMgr5fwWzANUsGo8SdlKhJgiynHCErtcthjwOmeBQEgFDmp6DQTT4eQiTuhPLdjN4+D/2taaVM5xD9+MXVeBi0+ACL5aQ==
WPsXEnTYaW/QrrM0n6ulw63NswDv3DMgr5fwWDANUsGo8SdlKhJgiynHCErtcthjwOmeBQEgFDmp6DQTT4eQiTuhPLdjN4+D/2tXaVM5xD9+MXVeBi0+ACL5aQ==
CBD0qwLGNkpildlSwgBTSKzNswDv3DMgr5fwWTANUsGo8SdlKhJgiynHCErtcthjwOmeBQEgFDmp6DQTT4eQiTuhPLdjN4+D/2tcaFM5xD9+MXVeBi0+ACL5aQ==
iS+IE6eNEoqhhuaRsmoP8qnNswDv3DMgr5fwXDANUsGo8SdlKhJgiynHCErtcthjwOmeBQEgFDmp6DQTT4eQiTuhPLdjN4+D/2tYaFM5xD9+MXVeBi0+ACL5aQ==
2hFKoy2QEbYoTwyEgQnsf/eXuRYOY5+TjzF/1dKyyHuhR4D6hZJgExgp5tXZQDwpoeg8A2dnyNnD4WRH21dnM3fr3h77mbyPpnFNjl4N1hAq+WE=
vWZF2x61asUCu92pdIjMcQNb46QZaifZvsl1rlftEKa2iUUv8aMXYhzNdx4IQZnU8zFfRGkR1XA7hp3YG53TONR0ufGJKKxFcccuNfl8
j9PgDT8kj92fK7tz0EczM21NgK1g8mthFylYEmb9rYtRB3+WjHn/mojFEWBjxTfgybU9BOsy1RxbXpoMBABR1akMxLFh8yYx+Xg=
niSSM0Y8iN9pCHjoL+8rgIm/IRUo1oq1NFFTiK35bCWtwgcnJlbjStZ/zpmwGW8Y+mXnKHpPoT/+FZXRsivtjwEfUYv4NJ2Ii+OwQVuCaBXQHCz5Zw==
278rujg0dsKSWDYVu8zeF6UYhnYqwxoNIx4V3iNfD2CdzUHC4hI4LznVfN2yY513aD7G8YPZjNvE8I6jixx/DVZN92aFh2Ry+aJsC1xJYi0VUCDhRWhYS3t3hKFHAaBf12ebuxOr8BbH4DEXYlFJtpKdSlgO+UU=
CyJwNHFdb56QPxHxa309v/f0mXBanby5UUZE5KOXafg8UHfXBNC+i0khwYnzBCQfC8DIG22CW9Mz6vmbUfajdAFm++QAjpy29b95QohjCdUSK/lm
XGWM1FX5hi4tb7vMleFDrLDG6e3ho819RWmMpbliJAibw7nEdJS3m9xkzlfhRWEli5C0Y4NESJf19utPW04Z9+ki88jJIrslXbpt6t1bWW5wdxkpGi/5ag==
AwkAFt99hVUiyi98qa/UorKQoB9YYMKbjzw7ldq9y26hR4D6hZJgExgp5tXZQDwpoeg8A2dnyNnD4WRH21dnM3fr3hn7kb2PpnFNjl4N1hAq+WE=
gb3MSRLvjlKgwucz9aoisUjY98EPcGDAy3tZrMQMNxNMHG7/kZ2hbVuo1IuzXEif5Q7LZ6sWWT+5mhOgebo7pc7CzUKtg5kmoE95wSo3+WI=
FahDr58gS33MPNr15ff0XSYc7x4Xj7eL/LSOh0HV4bUrQPSzo1RIh9Umq5/73plnSfKzGOkyuz9+ai06fcvZ/tCnWfk6P/l6
ITvutaxYVVMipv/4yqTbAgZ+4LTFWa1n2g7HWtJ34rlcUauonp17qOY3RY+63fnxniPpnyXHLUtPankZD2vcoffKrGX0JDD5ew==
FLdpJRFja39bDV0ZhNHgKm1NgK1g8mt8FylYEmb9rYtRB3+WjHn/mojFEWBjxTfgybU9BOsy1RxbWJkMBwBR1akMxLFh8yYx+Xg=
wl/brelHx45/hfTllNNAkXwBhKJh9Gt8FylYEmb9rYtRB3+WjHn/mojFEWBjxTfgybU9BOsy1RxbWpgMBwBR1akMxLFh8yYx+Xg=
WCHWKAKa/SMpo3U/ATjJV21NgK1g8mthFylYEmb9rYtRB3+WjHn/mojFEWBjxTfgybU9BOsy1RxbWZgMBwBR1akMxLFh8yYx+Xg=
h13ChZHLAcFyvhVfeVo8KYm/IRUo1oq1NFFTiK35bCWtwgcnJlbjStZ/zpmwGW8Y+mXnKHpPoT/+FZXRsivtjwEfUYv1NZ2Li+OwQVuCaBXQHCz5Zw==
eWXRKTER+chO6cEsLShyN7PG6e3ho819RWmMpbliJAibw7nEdJS3m9xkzlfhRWEli5C0Y4NESJf19utPW04Z9+ki88jJIrstXrpv6t1bWW5wdxkpGi/5ag==
QUH9kO0OuVq9dPwg499xeKUYhnYqwxoNIx4V3iNfD2CdzUHC4hI4LznVfN2yY513aD7G8YPZjNvE8I6jixx/DVZN92aFh2Ry+aJsC1xJYi0VUCDhRWhYS3t3hKFHAaBf12ebuxOr8RbH4zEXYlFJtpKdSlgO+UU=
Z1vnQcdIEjOJwNcJZa8mwPf0mXBanby5UUZE5KOXafg8UHfXBNC+i0khwYnzBCQfC8DIG22CW9Mz6vmbUfajdAFm++UAjp+29b95QohjCdUSK/lm
gEBwV0SB0JE7rvO/dIHq0TSX0uhID/2siQEwFWGKw+dini86CseqeRSBk4h27WOo/sctr4KNMbFWk7F/TVeVy7b/0bxXm5RhP5pUBdwUKPlj
5BSwuW6iDR6yAHLE6EGtBLKQoB9YYMKbjzw7ldq9y26hR4D6hZJgExgp5tXZQDwpoeg8A2dnyNnD4WRH21dnM3fr1Bv7lL2PpnFNjl4N1hAq+WE=
XxpgcWmO744pkZQk0avRFUjY98EPcGDAy3tZrMQMNxNMHG7/kZ2hbVuo1IuzXEif5Q7LZ6sWWT+5mhOgebo7p83CyEKtg5kmoE95wSo3+WI=
RKddT5RbnjgXq99M+CQUOT+Nk6kAHfXlzgY3F3jJyOdini86CseqeRSBk4h27WOo/sctr4KNMbFWk7F/TVeVy7b/0bxXm5RhP5pUBdwUKPlj
J7+AJA3bBQ8pcRpwj+GtTfTZthsUNcuSiDF/1dKyyHuhR4D6hZJgExgp5tXZQDwpoeg8A2dnyNnD4WRH21dnM3fr0hv7lL2PpnFNjl4N1hAq+WE=
7/xjZ1Mvb1TtT2YFy73DufXZthsUNcuSiDF/1dKyyHuhR4D6hZJgExgp5tXZQDwpoeg8A2dnyNnD4WRH21dnM3fr0Rv7lL2PpnFNjl4N1hAq+WE=
JHN5udGuCGq0GNxIUkbsrfDZthsUNcuSiDF/1dKyyHuhR4D6hZJgExgp5tXZQDwpoeg8A2dnyNnD4WRH21dnM3fr0Bv7lL2PpnFNjl4N1hAq+WE=
GxWEguZ4aBIjoTTtJ/mPDjHc9P30+MZ+bdTFNcx1SmWGEUJJXieO9ey9lgEZGRTqXvcXJzY204pmH34ZIHm/2KpFFygKb3F/rvUFUQLLXc8x/0GL4RbtzHtDwMHLIjjVAHwc+Vc=
vNIURtTROXZBDQfVRLs8Aa7NswDv3DMgr5fwWzANUsGo8SdlKhJgiynHCErtcthjwOmeBQEgFDmp6DQTT4eQiTuhPLdjN4+D/2taalM0xT9+MXVeBi0+ACL5aQ==
Fs3/tMzAWyX7dImhXb2dfK3NswDv3DMgr5fwWDANUsGo8SdlKhJgiynHCErtcthjwOmeBQEgFDmp6DQTT4eQiTuhPLdjN4+D/2tWalM0xT9+MXVeBi0+ACL5aQ==
Ti9WmDjyVrm4CMBYDm1LjqzNswDv3DMgr5fwWTANUsGo8SdlKhJgiynHCErtcthjwOmeBQEgFDmp6DQTT4eQiTuhPLdjN4+D/2tdaVM0xT9+MXVeBi0+ACL5aQ==
jRPDilAsbsfFkGcU7ponPqnNswDv3DMgr5fwXDANUsGo8SdlKhJgiynHCErtcthjwOmeBQEgFDmp6DQTT4eQiTuhPLdjN4+D/2tbaFM0xT9+MXVeBi0+ACL5aQ==
9F8Lh2aiV3FG7ZrbwpyGN67NswDv3DMgr5fwWzANUsGo8SdlKhJgiynHCErtcthjwOmeBQEgFDmp6DQTT4eQiTuhPLdjN4+D/2tbb1M0xT9+MXVeBi0+ACL5aQ==
C6Mw2e74HbMl2P9yLB/+967NswDv3DMgr5fwXjANUsGo8SdlKhJgiynHCErtcthjwOmeBQEgFDmp6DQTT4eQiTuhPLdjN4+D/2tfblM0xT9+MXVeBi0+ACL5aQ==
WVIpdS2oQrK+gPxaDcBl+VuR6cpAMGmEi3NWr9EMNxNMHG7/kZ2hbVuo1IuzXEif5Q7LZ6sWWT+5mhOgebo7ps3CyUKtg5kmoE95wSo3+WI=
V0r++CL1dw9oX7uDMiwW4VqR6cpAMGmEi3NWr9EMNxNMHG7/kZ2hbVuo1IuzXEif5Q7LZ6sWWT+5mhOgebo7oc3CyUKtg5kmoE95wSo3+WI=
aWRJw2zIcXBt7PGAe44Gl0iR6cpAMGmEi3NWr9EMNxNMHG7/kZ2hbVuo1IuzXEif5Q7LZ6sWWT+5mhOgebo7oszCyUKtg5kmoE95wSo3+WI=
KY/RzkpE7P+aVczUer9KoANb46QZaifZvsl1rlftEKa2iUUv8aMXYhzNdx4IQZnU8zFfRGkR1XA7hp3YG5vTONF0ufGJKKxFcccuNfl8
VAAfwjH16Iz6f8updfTKUkp677XDWbBn2g7HWtJ34rlcUauonp17qOY3RY+63fnxniPpnyXHLUtJbXkdD2vcoffKrGX0JDD5ew==
LK5PVY2rwDQMtAVY68GtmHwBhKJh9GthFylYEmb9rYtRB3+WjHn/mojFEWBjxTfgybU9BOsy1RxbWZsMAQBR1akMxLFh8yYx+Xg=
MaabYt+wBzer7Tl7v3Fl/21NgK1g8mthFylYEmb9rYtRB3+WjHn/mojFEWBjxTfgybU9BOsy1RxbX5oMAQBR1akMxLFh8yYx+Xg=
V4t7RVn9C6736XmXjoi+iom/IRUo1oq1NFFTiK35bCWtwgcnJlbjStZ/zpmwGW8Y+mXnKHpPoT/+FZXRsivtjwEfUYv3NJ2Ni+OwQVuCaBXQHCz5Zw==
iRCEEu/ZgJr9dSnklJVEbbKQoB9YYMKbjzw7ldq9y26hR4D6hZJgExgp5tXZQDwpoeg8A2dnyNnD4WRH21dnM3fr0B77lb2PpnFNjl4N1hAq+WE=
HpmqPhjovEynLdY11eW8M0jY98EPcGDAy3tZrMQMNxNMHG7/kZ2hbVuo1IuzXEif5Q7LZ6sWWT+5mhOgebo7o8jCyUKtg5kmoE95wSo3+WI=
agLHXqoSB+r/J3pXEGFMAj+Nk6kAHfXlzgY3F3jJyOdini86CseqeRSBk4h27WOo/sctr4KNMbFWk7F/TVeVy7L60b1Xm5RhP5pUBdwUKPlj
w0uEbKxG5GPTjEk0dsNF9kiR6cpAMGmEi3NWr9EMNxNMHG7/kZ2hbVuo1IuzXEif5Q7LZ6sWWT+5mhOgebo7oM/CykKtg5kmoE95wSo3+WI=
WRRNyHZf7P0j+hj4SVmVjQNb46QZaifZvsl1rlftEKa2iUUv8aMXYhzNdx4IQZnU8zFfRGkR1XA7hp3YG5zTONJ0ufGJKKxFcccuNfl8
CmXjzN5VaS6SP8xEBqj5PW1NgK1g8mthFylYEmb9rYtRB3+WjHn/mojFEWBjxTfgybU9BOsy1RxbWZsMAgBR1akMxLFh8yYx+Xg=
2ztMWLGtzMkrfXiG4HSsW/Hm1WkUyfH5FwxA5KOXafg8UHfXBNC+i0khwYnzBCQfC8DIG22CW9Mz6vmbUfajdAFm++QGjpq29b95QohjCdUSK/lm
+USHrdW22tj6GGeb2b1930jY98EPcGDAy3tZrMQMNxNMHG7/kZ2hbVuo1IuzXEif5Q7LZ6sWWT+5mhOgebo7oM7CykKtg5kmoE95wSo3+WI=
ridjnNjgv3NmuJT29SJ2aD+Nk6kAHfXlzgY3F3jJyOdini86CseqeRSBk4h27WOo/sctr4KNMbFWk7F/TVeVy7H80b5Xm5RhP5pUBdwUKPlj
PdRQPBk5hrC3+5IKpZRrGQNb46QZaifZvsl1rlftEKa2iUUv8aMXYhzNdx4IQZnU8zFfRGkR1XA7hp3YG5jVONJ0ufGJKKxFcccuNfl8
5WJLlaxmaIsbCHAzn69ecz+Nk6kAHfXlzgY3F3jJyOdini86CseqeRSBk4h27WOo/sctr4KNMbFWk7F/TVeVy7f70b5Xm5RhP5pUBdwUKPlj
wKVrknQv2uVmikTlx3hf6gNb46QZaifZvsl1rlftEKa2iUUv8aMXYhzNdx4IQZnU8zFfRGkR1XA7hp3YG53VONJ0ufGJKKxFcccuNfl8
NhXGWIj8kKKO6dQ5nE48iW1NgK1g8mthFylYEmb9rYtRB3+WjHn/mojFEWBjxTfgybU9BOsy1RxbX5wMAgBR1akMxLFh8yYx+Xg=
yNNSnr1pm4fr7QucloDMTIy/IRUo1oq1NFFTiK35bCWtwgcnJlbjStZ/zpmwGW8Y+mXnKHpPoT/+FZXRsivtjwEfUYv3Mp2Oi+OwQVuCaBXQHCz5Zw==
RzpCqedshV4TDkT9IsUY9aUYhnYqwxoNIx4V3iNfD2CdzUHC4hI4LznVfN2yY513aD7G8YPZjNvE8I6jixx/DVZN92aFh2Ry+aJsC1xJYi0VUCDhRWhYS3t3hKFHAaBf12ebuxOr8xHH5zEXYlFJtpKdSlgO+UU=
kh/uKoVLP+wCZuv3Rs5JGDWQ0uhID/2siQEwFWGKw+dini86CseqeRSBk4h27WOo/sctr4KNMbFWk7F/TVeVy7D80b9Xm5RhP5pUBdwUKPlj
iessRD1AbGOnMMVhkVQCcrKQoB9YYMKbjzw7ldq9y26hR4D6hZJgExgp5tXZQDwpoeg8A2dnyNnD4WRH21dnM3fr0hj7l72PpnFNjl4N1hAq+WE=
cGsOATXSytDCN7uZ2YGTJUjY98EPcGDAy3tZrMQMNxNMHG7/kZ2hbVuo1IuzXEif5Q7LZ6sWWT+5mhOgebo7oc7Cy0Ktg5kmoE95wSo3+WI=
jSjJku2YRixWFtn78wZ30j+Nk6kAHfXlzgY3F3jJyOdini86CseqeRSBk4h27WOo/sctr4KNMbFWk7F/TVeVy7D80b9Xm5RhP5pUBdwUKPlj
Nzdc9noAUyHFhbOfoSVzYfDZthsUNcuSiDF/1dKyyHuhR4D6hZJgExgp5tXZQDwpoeg8A2dnyNnD4WRH21dnM3fr1R/7l72PpnFNjl4N1hAq+WE=
29AKuSugG9EpW3WwPr+6bvTZthsUNcuSiDF/1dKyyHuhR4D6hZJgExgp5tXZQDwpoeg8A2dnyNnD4WRH21dnM3fr1B/7l72PpnFNjl4N1hAq+WE=
GlCt2fWcnx2h9KcUNiJ+MPXZthsUNcuSiDF/1dKyyHuhR4D6hZJgExgp5tXZQDwpoeg8A2dnyNnD4WRH21dnM3fr0x/7l72PpnFNjl4N1hAq+WE=
4XwoXVSOKTwDWM7SN+E3G/LZthsUNcuSiDF/1dKyyHuhR4D6hZJgExgp5tXZQDwpoeg8A2dnyNnD4WRH21dnM3fr0h/7l72PpnFNjl4N1hAq+WE=
OfyMQI0nRoNHGEHhiOJ8IwNb46QZaifZvsl1rlftEKa2iUUv8aMXYhzNdx4IQZnU8zFfRGkR1XA7hp3YG5zVONN0ufGJKKxFcccuNfl8
h4ySWjeiPRbYsRXWWR5Lg2xmfWhU79W3N385zJ6YODEQbtM913VgDhbhlZexW0dK/KVHBghZqbwTGQ+8KakFGJsu7UCbBCWQc5zpSUlQfG0RLx4t+WQ=
WoM0a4+ZFGWfvkYONXJEQHSfsej389A2bMTkJ59xYSSNUhEfHHPa9eTxwwhdWRzlXeIXJzY204pmH34ZIHm/2KpFFygKb3F/rvUFUQLLXc8x/0GL5xPtz3tDwMHLIjjVAHwc+Vc=
sA4PKjooQMr/dNXIN0idfrKQoB9YYMKbjzw7ldq9y26hR4D6hZJgExgp5tXZQDwpoeg8A2dnyNnD4WRH21dnM3fr0B/7l72PpnFNjl4N1hAq+WE=
ojX7RUaI9BHwhPpEOKkm4kjY98EPcGDAy3tZrMQMNxNMHG7/kZ2hbVuo1IuzXEif5Q7LZ6sWWT+5mhOgebo7o8nCy0Ktg5kmoE95wSo3+WI=
kFkvs58wgd5gbw1+3yqZjz+Nk6kAHfXlzgY3F3jJyOdini86CseqeRSBk4h27WOo/sctr4KNMbFWk7F/TVeVy7L70b9Xm5RhP5pUBdwUKPlj
5c3a4UpbrP/YqwvxaJRaSdgMnHJChWtEtawpF3bXtpXETV5BUcm8isZnj6eupksqDs+2WWhJV/jSde8ocl+JX8bFzZFKm7VvqW/ZC32CdS/TEwgBg1IQNTgMJPlv
5c3a4UpbrP/YqwvxaJRaSdgMnHJChWtEtawpF3bXtpXETV5BUcm8isZnj6eupksqDs+2WWhJV/jSde8ocl+JX8bFzZFKm7VvqW/ZC32CdS/TEwgBg1IQNTgMJPlv
+U3Y4IODonfPX2A+qgsQbK7NswDv3DMgr5fwWzANUsGo8SdlKhJgiynHCErtcthjwOmeBQEgFDmp6DQTT4eQiTuhPLdjN4+D/2tfa1M4xT9+MXVeBi0+ACL5aQ==
vJtERKfeHf2CwbwHdrdMya7NswDv3DMgr5fwWzANUsGo8SdlKhJgiynHCErtcthjwOmeBQEgFDmp6DQTT4eQiTuhPLdjN4+D/2tea1M4xT9+MXVeBi0+ACL5aQ==
BsM8fWFldWwFXtyAK9UCNK7NswDv3DMgr5fwWzANUsGo8SdlKhJgiynHCErtcthjwOmeBQEgFDmp6DQTT4eQiTuhPLdjN4+D/2tda1M4xT9+MXVeBi0+ACL5aQ==
6JAFgvSVnXq5Dcn9q9CdIK7NswDv3DMgr5fwWzANUsGo8SdlKhJgiynHCErtcthjwOmeBQEgFDmp6DQTT4eQiTuhPLdjN4+D/2tca1M4xT9+MXVeBi0+ACL5aQ==
LeO2F6Q9+NPJRd5OVIjg/a3NswDv3DMgr5fwWDANUsGo8SdlKhJgiynHCErtcthjwOmeBQEgFDmp6DQTT4eQiTuhPLdjN4+D/2tbalM4xT9+MXVeBi0+ACL5aQ==
pi1GuxpByS8gigAUk8SBZKzNswDv3DMgr5fwWTANUsGo8SdlKhJgiynHCErtcthjwOmeBQEgFDmp6DQTT4eQiTuhPLdjN4+D/2tXalM4xT9+MXVeBi0+ACL5aQ==
EF3GdoZ1jI4e1T9SrUDt0qnNswDv3DMgr5fwXDANUsGo8SdlKhJgiynHCErtcthjwOmeBQEgFDmp6DQTT4eQiTuhPLdjN4+D/2tdaVM4xT9+MXVeBi0+ACL5aQ==
TZlYpFstPvQYTUAXjTortANb46QZaifZvsl1rlftEKa2iUUv8aMXYhzNdx4IQZnU8zFfRGkR1XA7hp3YG5nSONx0ufGJKKxFcccuNfl8
57hihUDfHPynMJIDxJ2HtW1NgK1g8mthFylYEmb9rYtRB3+WjHn/mojFEWBjxTfgybU9BOsy1RxbW5oMDABR1akMxLFh8yYx+Xg=
tkCw2Su49fdasb9nvqOgiYm/IRUo1oq1NFFTiK35bCWtwgcnJlbjStZ/zpmwGW8Y+mXnKHpPoT/+FZXRsivtjwEfUYvwM52Ai+OwQVuCaBXQHCz5Zw==
r31Y4W3JbRMenui5raO0lbKQoB9YYMKbjzw7ldq9y26hR4D6hZJgExgp5tXZQDwpoeg8A2dnyNnD4WRH21dnM3fr0hr7lbqPpnFNjl4N1hAq+WE=
qsOev3bvgdfbRH4P4r2cN3Sfsej389A2bMTkJ59xYSSNUhEfHHPa9eTxwwhdWRzlXeIXJzY204pmH34ZIHm/2KpFFygKb3F/rvUFUQLLXc8x/0GL5BbtzXxDwMHLIjjVAHwc+Vc=
XNeiq/+dXLUfEplYp0qjl7KQoB9YYMKbjzw7ldq9y26hR4D6hZJgExgp5tXZQDwpoeg8A2dnyNnD4WRH21dnM3fr0Rr7lbqPpnFNjl4N1hAq+WE=
F6f3ph3vnjKkoXHyGZjqf3BuYSFL+MS2eGhrmtCWNzkRYpA213VgDhbhlZexW0dK/KVHBghZqbwTGQ+8KakFGJsu7UCbBCCQcZvpSUlQfG0RLx4t+WQ=
U1eky0KQ0N3LNzJyUXYQb3Sfsej389A2bMTkJ59xYSSNUhEfHHPa9eTxwwhdWRzlXeIXJzY204pmH34ZIHm/2KpFFygKb3F/rvUFUQLLXc8x/0GL5BXtzXxDwMHLIjjVAHwc+Vc=
oiEuH89IG8fuVhZbkqCDsLKQoB9YYMKbjzw7ldq9y26hR4D6hZJgExgp5tXZQDwpoeg8A2dnyNnD4WRH21dnM3fr0Rn7lbqPpnFNjl4N1hAq+WE=
FzC123oTIfbcEtaS8Qle53BuYSFL+MS2eGhrmtCWNzkRYpA213VgDhbhlZexW0dK/KVHBghZqbwTGQ+8KakFGJsu7UCbBSOQcZvpSUlQfG0RLx4t+WQ=
8pocpr/vsKbY0p01mK9V2EjY98EPcGDAy3tZrMQMNxNMHG7/kZ2hbVuo1IuzXEif5Q7LZ6sWWT+5mhOgebo7rM/CyUWtg5kmoE95wSo3+WI=
QgtyAGiH76dT/Y6KsFZhiT+Nk6kAHfXlzgY3F3jJyOdini86CseqeRSBk4h27WOo/sctr4KNMbFWk7F/TVeVy7390b1Qm5RhP5pUBdwUKPlj
kywJ9g8cZchrEpkve8dUq/TZthsUNcuSiDF/1dKyyHuhR4D6hZJgExgp5tXZQDwpoeg8A2dnyNnD4WRH21dnM3fr0Rj7lbqPpnFNjl4N1hAq+WE=
0sAY8uTcoyosT1pM6EzSxPXZthsUNcuSiDF/1dKyyHuhR4D6hZJgExgp5tXZQDwpoeg8A2dnyNnD4WRH21dnM3fr0Bj7lbqPpnFNjl4N1hAq+WE=
2uOpTNxRhODB2dzcUei90fDZthsUNcuSiDF/1dKyyHuhR4D6hZJgExgp5tXZQDwpoeg8A2dnyNnD4WRH21dnM3fr3xj7lbqPpnFNjl4N1hAq+WE=
9cULJ0GtvbGyzFVUkmjqka7NswDv3DMgr5fwWDANUsGo8SdlKhJgiynHCErtcthjwOmeBQEgFDmp6DQTT4eQiTuhPLdjN4+D/2tcb1M1wj9+MXVeBi0+ACL5aQ==
chNydvNacy1M85Gm8zUsQ63NswDv3DMgr5fwWTANUsGo8SdlKhJgiynHCErtcthjwOmeBQEgFDmp6DQTT4eQiTuhPLdjN4+D/2tYblM1wj9+MXVeBi0+ACL5aQ==
0ovNwabcIURWyeqx4r/LuazNswDv3DMgr5fwXjANUsGo8SdlKhJgiynHCErtcthjwOmeBQEgFDmp6DQTT4eQiTuhPLdjN4+D/2tea1M2wj9+MXVeBi0+ACL5aQ==
Uz4Uph26Tjj5uS9OGdOdPKnNswDv3DMgr5fwXTANUsGo8SdlKhJgiynHCErtcthjwOmeBQEgFDmp6DQTT4eQiTuhPLdjN4+D/2tfalM2wj9+MXVeBi0+ACL5aQ==
ijYfFENjdbMTAAvZg3dXdQNb46QZaifZvsl1rlftEKa2iUUv8aMXYhzNdx4IQZnU8zFfRGkR1XA7hp3YG5LQONJzufGJKKxFcccuNfl8
tTDTeBAmSnCmD3kLM/0QpG1NgK1g8mthFylYEmb9rYtRB3+WjHn/mojFEWBjxTfgybU9BOsy1RxbXpsMAgdR1akMxLFh8yYx+Xg=
4fFECH9vHZ7OQYNWIbXNmYq/IRUo1oq1NFFTiK35bCWtwgcnJlbjStZ/zpmwGW8Y+mXnKHpPoT/+FZXRsivtjwEfUYv2NZ2OjOOwQVuCaBXQHCz5Zw==
2Hsyjz+0tFjToJ17ZFS9s7KQoB9YYMKbjzw7ldq9y26hR4D6hZJgExgp5tXZQDwpoeg8A2dnyNnD4WRH21dnM3fr1hj7lrqPpnFNjl4N1hAq+WE=
+sU3+MbTsFbHDWUtvzJVinSfsej389A2bMTkJ59xYSSNUhEfHHPa9eTxwwhdWRzlXeIXJzY204pmH34ZIHm/2KpFFygKb3F/rvUFUQLLXc8x/0GL4BTtznxDwMHLIjjVAHwc+Vc=
3TxZRMhtq1XpRYFui5Rw3bKQoB9YYMKbjzw7ldq9y26hR4D6hZJgExgp5tXZQDwpoeg8A2dnyNnD4WRH21dnM3fr1Rj7lrqPpnFNjl4N1hAq+WE=
gLUF7rCETU4QRqDNP5PWHHBuYSFL+MS2eGhrmtCWNzkRYpA213VgDhbhlZexW0dK/KVHBghZqbwTGQ+8KakFGJsu7UCbACKQcpvpSUlQfG0RLx4t+WQ=
HIZrWhtAETDZNf1cF6yMqEjY98EPcGDAy3tZrMQMNxNMHG7/kZ2hbVuo1IuzXEif5Q7LZ6sWWT+5mhOgebo7p87CykWtg5kmoE95wSo3+WI=
x5YNepPYW76zurUnJtTlZT+Nk6kAHfXlzgY3F3jJyOdini86CseqeRSBk4h27WOo/sctr4KNMbFWk7F/TVeVy7b80b5Qm5RhP5pUBdwUKPlj
LXaMfBp4l5UVhGy5m2XCQgNb46QZaifZvsl1rlftEKa2iUUv8aMXYhzNdx4IQZnU8zFfRGkR1XA7hp3YG53UONJzufGJKKxFcccuNfl8
+qT6LDT+OHfQHY5RbOQbZGxmfWhU79W3N385zJ6YODEQbtM913VgDhbhlZexW0dK/KVHBghZqbwTGQ+8KakFGJsu7UCbBSSQcpvpSUlQfG0RLx4t+WQ=
CP2dX0Z6HYocco7ioscfaXSfsej389A2bMTkJ59xYSSNUhEfHHPa9eTxwwhdWRzlXeIXJzY204pmH34ZIHm/2KpFFygKb3F/rvUFUQLLXc8x/0GL5hLtznxDwMHLIjjVAHwc+Vc=
U92+v307ThQdAD4PfLTFILKQoB9YYMKbjzw7ldq9y26hR4D6hZJgExgp5tXZQDwpoeg8A2dnyNnD4WRH21dnM3fr1hv7l7qPpnFNjl4N1hAq+WE=
wKyf3b6D5tQqxLYDKodnDHSfsej389A2bMTkJ59xYSSNUhEfHHPa9eTxwwhdWRzlXeIXJzY204pmH34ZIHm/2KpFFygKb3F/rvUFUQLLXc8x/0GL4Bftz3xDwMHLIjjVAHwc+Vc=
PAD9UeJukWg/IH4LZKBj47DG6e3ho819RWmMpbliJAibw7nEdJS3m9xkzlfhRWEli5C0Y4NESJf19utPW04Z9+ki88jJIrsrXbpr7d1bWW5wdxkpGi/5ag==
+vvepqW+gQ9Dn111tj+k4HHqjRWgv2wNPIeqyGB/JWzx0Zh1+TpLZ+rut5piFxI5zLH7aE79a6j21xXPar1pce7DWd/Vpx1LPU5JX/jLbCFnanwlJAQg+Ws=
LWvz0zqaAw+tqFiYW4vOs7PG6e3ho819RWmMpbliJAibw7nEdJS3m9xkzlfhRWEli5C0Y4NESJf19utPW04Z9+ki88jJIrstXLpr7d1bWW5wdxkpGi/5ag==
sbdZ2snB2k9MTse1/DO8JrHG6e3ho819RWmMpbliJAibw7nEdJS3m9xkzlfhRWEli5C0Y4NESJf19utPW04Z9+ki88jJIrsuXLpr7d1bWW5wdxkpGi/5ag==
mZol7Zy9qhweQHbCXTvM8LKQoB9YYMKbjzw7ldq9y26hR4D6hZJgExgp5tXZQDwpoeg8A2dnyNnD4WRH21dnM3fr0hr7l7qPpnFNjl4N1hAq+WE=
23IWOg7YUmlIGpHoOLMNCHSfsej389A2bMTkJ59xYSSNUhEfHHPa9eTxwwhdWRzlXeIXJzY204pmH34ZIHm/2KpFFygKb3F/rvUFUQLLXc8x/0GL5Bbtz3xDwMHLIjjVAHwc+Vc=
9U8GTQXI6IHifCNnjPSiHLKQoB9YYMKbjzw7ldq9y26hR4D6hZJgExgp5tXZQDwpoeg8A2dnyNnD4WRH21dnM3fr0Rr7l7qPpnFNjl4N1hAq+WE=
6Be1J9EEVvNACcawa9kBvHSfsej389A2bMTkJ59xYSSNUhEfHHPa9eTxwwhdWRzlXeIXJzY204pmH34ZIHm/2KpFFygKb3F/rvUFUQLLXc8x/0GL5xbtz3xDwMHLIjjVAHwc+Vc=
BfYor9M1GbL3AcTiMVpzlbKQoB9YYMKbjzw7ldq9y26hR4D6hZJgExgp5tXZQDwpoeg8A2dnyNnD4WRH21dnM3fr0Br7l7qPpnFNjl4N1hAq+WE=
5b3PUX+FfZviGnLmN7obbEjY98EPcGDAy3tZrMQMNxNMHG7/kZ2hbVuo1IuzXEif5Q7LZ6sWWT+5mhOgebo7o8zCy0Wtg5kmoE95wSo3+WI=
7A3/8+OWOGqX7rvD0y/h8j+Nk6kAHfXlzgY3F3jJyOdini86CseqeRSBk4h27WOo/sctr4KNMbFWk7F/TVeVy7L+0b9Qm5RhP5pUBdwUKPlj
R9TxpxMDtbkNB5Ue6HqApG1NgK1g8mthFylYEmb9rYtRB3+WjHn/mojFEWBjxTfgybU9BOsy1RxbWJoMAwdR1akMxLFh8yYx+Xg=
aMQMTC9GQoj8sDltZavW84q/IRUo1oq1NFFTiK35bCWtwgcnJlbjStZ/zpmwGW8Y+mXnKHpPoT/+FZXRsivtjwEfUYv4NJ2PjOOwQVuCaBXQHCz5Zw==
xh+k1MiiLTNxBSgTCDeArbKQoB9YYMKbjzw7ldq9y26hR4D6hZJgExgp5tXZQDwpoeg8A2dnyNnD4WRH21dnM3fr1R/7l7qPpnFNjl4N1hAq+WE=
mbdU6irHi54Sd6Ps4Tz5dHSfsej389A2bMTkJ59xYSSNUhEfHHPa9eTxwwhdWRzlXeIXJzY204pmH34ZIHm/2KpFFygKb3F/rvUFUQLLXc8x/0GL4xPtz3xDwMHLIjjVAHwc+Vc=
s3FZFfLL/kph9LEjvnocWbKQoB9YYMKbjzw7ldq9y26hR4D6hZJgExgp5tXZQDwpoeg8A2dnyNnD4WRH21dnM3fr0h/7l7qPpnFNjl4N1hAq+WE=
4TxJWX7SJQX3kbd3TI/e1kjY98EPcGDAy3tZrMQMNxNMHG7/kZ2hbVuo1IuzXEif5Q7LZ6sWWT+5mhOgebo7ocnCy0Wtg5kmoE95wSo3+WI=
11WXCUwCS++h2oRGV11P0T+Nk6kAHfXlzgY3F3jJyOdini86CseqeRSBk4h27WOo/sctr4KNMbFWk7F/TVeVy7D70b9Qm5RhP5pUBdwUKPlj
nXJ6k2vRH6M6fiT7k1b0gvHZthsUNcuSiDF/1dKyyHuhR4D6hZJgExgp5tXZQDwpoeg8A2dnyNnD4WRH21dnM3fr0x77l7qPpnFNjl4N1hAq+WE=
Y13oYTSJlTxYeFWV5oOvifTZthsUNcuSiDF/1dKyyHuhR4D6hZJgExgp5tXZQDwpoeg8A2dnyNnD4WRH21dnM3fr0h77l7qPpnFNjl4N1hAq+WE=
vz+peU0x8L/wT2EIXcO95PXZthsUNcuSiDF/1dKyyHuhR4D6hZJgExgp5tXZQDwpoeg8A2dnyNnD4WRH21dnM3fr0R77l7qPpnFNjl4N1hAq+WE=
iw0rJ8IR1VJo8/gq3d5Uw/LZthsUNcuSiDF/1dKyyHuhR4D6hZJgExgp5tXZQDwpoeg8A2dnyNnD4WRH21dnM3fr0R77l7qPpnFNjl4N1hAq+WE=
rK+ct6xHGEkh+ZoCK/QP1q7NswDv3DMgr5fwWTANUsGo8SdlKhJgiynHCErtcthjwOmeBQEgFDmp6DQTT4eQiTuhPLdjN4+D/2tZa1M4wj9+MXVeBi0+ACL5aQ==
9hDOAfvMbp6h8nzHJpPY/a3NswDv3DMgr5fwXjANUsGo8SdlKhJgiynHCErtcthjwOmeBQEgFDmp6DQTT4eQiTuhPLdjN4+D/2tdalM4wj9+MXVeBi0+ACL5aQ==
CvTYtcxTlo7sDw2PrpOoLazNswDv3DMgr5fwXzANUsGo8SdlKhJgiynHCErtcthjwOmeBQEgFDmp6DQTT4eQiTuhPLdjN4+D/2taalM4wj9+MXVeBi0+ACL5aQ==
TfxbqbJZe+gPEhJAXxKny6nNswDv3DMgr5fwUjANUsGo8SdlKhJgiynHCErtcthjwOmeBQEgFDmp6DQTT4eQiTuhPLdjN4+D/2tWalM4wj9+MXVeBi0+ACL5aQ==
GyN/gtD7CDFFKsyrfMttrQNb46QZaifZvsl1rlftEKa2iUUv8aMXYhzNdx4IQZnU8zFfRGkR1XA7hp3YG5nTONxzufGJKKxFcccuNfl8
W1GaGyhHCHMisYEHAGn2yW1NgK1g8mthFylYEmb9rYtRB3+WjHn/mojFEWBjxTfgybU9BOsy1RxbW5sMDAdR1akMxLFh8yYx+Xg=
UGwQBN5kNI1ifqCK2QnBQou/IRUo1oq1NFFTiK35bCWtwgcnJlbjStZ/zpmwGW8Y+mXnKHpPoT/+FZXRsivtjwEfUYv4NZ2AjOOwQVuCaBXQHCz5Zw==
bUFNtF6/242t95W/V+jhO6UYhnYqwxoNIx4V3iNfD2CdzUHC4hI4LznVfN2yY513aD7G8YPZjNvE8I6jixx/DVZN92aFh2Ry+aJsC1xJYi0VUCDhRWhYS3t3hKFHAaBf12ebuxOr9RfH6DYXYlFJtpKdSlgO+UU=
nWZkb1zQORObZgj7plw5BXwBhKJh9Gt8FylYEmb9rYtSB3+WjHn/mojFEWBjxTfgybU9BOsy1RxbWpgMDQdR1akMxLFh8yYx+Xg=
cdEFapHOuK3TbLeSDh+GET+Nk6kAHfXlzgY3F3jJyOdini86CseqehSBk4h27WOo/sctr4KNMbFWk7F/TVeVy7H+0bFQm5RhP5pUBdwUKPlj
DsN8g8RLAWWSdU5HrYqRR6vNswDv3DMgr5fwXjANUsGo8SdlKhJgiynHCErtcthjwOqeBQEgFDmp6DQTT4eQiTuhPLdjN4+D/2tWalM5wj9+MXVeBi0+ACL5aQ==
PQoSRNZihEP48FyLJfSCWqjNswDv3DMgr5fwXTANUsGo8SdlKhJgiynHCErtcthjwOqeBQEgFDmp6DQTT4eQiTuhPLdjN4+D/2tcaVM5wj9+MXVeBi0+ACL5aQ==
iZ93BVUl4kQqrGV49ncLqANb46QZaifZvsl1rlftEKa2iUUv8qMXYhzNdx4IQZnU8zFfRGkR1XA7hp3YG5/TON1zufGJKKxFcccuNfl8
rtpjr+3NhnZz/s7kZRNt4W1NgK1g8mthFylYEmb9rYtSB3+WjHn/mojFEWBjxTfgybU9BOsy1RxbWZsMDQdR1akMxLFh8yYx+Xg=
rWkZJU51wEiDcDmNXQyWx4y/IRUo1oq1NFFTiK35bCWtwgcnJlbjStZ/zpqwGW8Y+mXnKHpPoT/+FZXRsivtjwEfUYvwNJ2BjOOwQVuCaBXQHCz5Zw==
qDBc8nYjcIyoGJeKHS04QHY/y4lk5/TEvbRreDB0LjdwlBsR4umdjoExo/k7JL238gM3QBnNmYO00+2w1Lb3mZHCUNbXFSCulkHVt7K7Byp8RYcmCHlpXJN5T1wpiUW4G46tIJvn5TD9OylpSTC8jZFPXg35RA==
oAcNGdRHxh8sUMtDgKJT1vf0mXBanby5UUZE5KOXafg8UHfXBNC+i0khwonzBCQfC8DIG22CW9Mz6vmbUfajdAFm++gBjpWx9b95QohjCdUSK/lm
/0lmbBMYfsn6r8lpCv6KbLXG6e3ho819RWmMpbliJAibw7nEdJS3m9xkzlfhRWIli5C0Y4NESJf19utPW04Z9+ki88jJIrsuWLpl7d1bWW5wdxkpGi/5ag==
SzpRc5Wi7MWGOcx5FczfhnUkzJJj/PPfuq9sYzdhKCJzlBAS4umdjoExo/k7JL238gM3QBnNmYO00+2w1Lb3mZHCUNbXFSCulkHVt7K7Byp8RYcmCHlpXJN5T1wpiUW4G46tIJvk4TD0OilpSTC8jZFPXg35RA==
IzmR4ufpEDkp6PRJQjJ41HQkzJJj/PPfuq9sYzdhKCJzlBAS4umdjoExo/k7JL238gM3QBnNmYO00+2w1Lb3mZHCUNbXFSCulkHVt7K7Byp8RYcmCHlpXJN5T1wpiUW4G46tIJvr4TD0OilpSTC8jZFPXg35RA==
BKGaPPDY8J53YPFSPmVdpPf0mXBanby5UUZE5KOXafg8UHfXBNC+i0khwonzBCQfC8DIG22CW9Mz6vmbUfajdAFm++QEjpyw9b95QohjCdUSK/lm
HEctvZYSvx7y+jHOmihJUQ0ZNZoQXZKAITr7S1pJ1Zhwk6bR+sOmDz/H44vbK7zg/4Cfx3oRsQb6vZLIRvkN
YsVeMysBqbm5C68hTyc070Iw+sV5QbnpEcppazMsPY0FO2bl7Won4+7JYTAsQ+opjiOyFzP336MPa2iIA/ATX+6xBb62bc4gMvl5
MraB0HdQw2VwVDSFK1ItYEo0JipVZXloUeXtu1QXFbX8vudVPaTfPBZ6b4K2twtvj/yUOkYq5d2pkHJjp3+XFUsb3XQr4rUMW099XET2MWUpfGQBISMGIflo
fnKRJ8I6J6bdmbzzK/UdjSYc7x4Xj/aO4fCevQeBv75gXP6wmQNpwpZ1r5X725t5SfKzGOkyuz15aiw8fcvZ/tCnWfk6P/l6
ZtFMV4fR1YN11dnUglsNG0g0JipVZXloUeXtu1QXFbX8vudVPaTfPBZ6b4K2twtvj/yUOkYq5d2pkHJjp3+XFUsb3XQr4rUMW099XET2MWUpfGQBISMGIflo
VV/bnn7vcUDCMPaV/Rn4uGaY23SGvlzbkusFgOa+Tk2ReQ6RwvDpAyMNTw+Qi/26/Gdy8wPJq7upe1mHyayklP8HPR7UMU6ngMIjtiT8hUaJkjP4qRK7FD+KrVy969neEMfZGXof+Vo=
2YnRgcMhb1EHnQhOdxidxNPMwr7RZH2ou8sk5jis2MeDWRUUzBg/KUJhzovN1sy1YzZcPq7NNnvq20iNVP/b/L0FLGFz6t6uhuLhB1MCm+1/Y4kfhYcNSy0smZmpq/yh1wrM5RRkEPlb
tvw1I1og2fX0+UCE1sQnNtPMwr7RZH2ou8sk5jis2MeDWRUUzBg/KUJhzovN1sy1YzZcPq7NNnvq20iNVP/b/L0FLGFz6t6uguv2AFMCm+1/Y4kfhYcNSyormZmpq/yh1wrM5RRkEPlb
jvR1NgqYNVtloLqdZ8gH82aY23SGvlzbkusFgOa+Tk2ReQ6RwvDpAyMNTw+Qi/26/Gdy8wPJq7upe1mHyayklP8HPR7UMU6jidUktiT8hUaJkjP4qRK7GD2Krly969neEMfZGXof+Vo=
qsK7i269FC9XdMYrH1XYcg0ZNZoQXZKAITr7S1pJ1Zhxk6bR+sOmDz/H44vbK7ni/4Kfx3oRsQb6vZLIRvkN
yqDMixjEK0YxnIUr1d15z0Iw+sV5QbnpEcppazMsPY0FO2bl7Won4+7JYTAtQ+opjiOyFzP336MPa22KA/ITX+6xBb62bc4gMvl5
ayz3M+Ip9rENBB2llxeU90o0JipVZXloUeXtu1QXFbX8vudVPaTfPBZ6b4K2twtvj/yUOkYq5d2pkHJip3+XFUsb3XQr4rUMW0x4XEb2MWUpfGQBISMGIflo
tLqPuu+zO+8ceIEv9nXLuCYc7x4Xj/aO4fCevQeBv75gXP6wmQNpwpZ0r5X725t5SfKzGOkyuz98ai48fcvZ/tCnWfk6P/l6
pBcyq4257MPKcqsdkyEPskk0JipVZXloUeXtu1QXFbX8vudVPaTfPBZ6b4K2twtvj/yUOkYq5d2pkHJip3+XFUsb3XQr4rUMW014XEb2MWUpfGQBISMGIflo
tLqPuu+zO+8ceIEv9nXLuCYc7x4Xj/aO4fCevQeBv75gXP6wmQNpwpZ0r5X725t5SfKzGOkyuz98ai48fcvZ/tCnWfk6P/l6
3no4vDjpplMe0eyncu85b0g0JipVZXloUeXtu1QXFbX8vudVPaTfPBZ6b4K2twtvj/yUOkYq5d2pkHJip3+XFUsb3XQr4rUMW014XEb2MWUpfGQBISMGIflo
4+kpsGj3Df0qdmYvkdI6YiYc7x4Xj/aO4fCevQeBv75gXP6wmQNpwpZ0r5X725t5SfKzGOkyuzh8ai48fcvZ/tCnWfk6P/l6
0bnIpj8SzSzMdyhaz1lbQk80JipVZXloUeXtu1QXFbX8vudVPaTfPBZ6b4K2twtvj/yUOkYq5d2pkHJip3+XFUsb3XQr4rUMW0p4XEb2MWUpfGQBISMGIflo
mFTWUAiSPkTuMx04CuPPxLKQoB9YYMKbjzw7ldq9y26hR4D6hZJgExgq5tXZQDwpoeg8A2dnyNnD4WRH21dnM3fr3x77k7uPpnFNjl4N1hAq+WE=
dynl2tpMM5+46cesAwuBPnefsej389A2bMTkJ59xYSSNUhEfHHPa9eTxwwhdWRzlXeIXJzY204pmH34aIHm/2KpFFygKb3F/rvUFUQLLXc8x/0GL6RLty31DwMHLIjjVAHwc+Vc=
Sc+D9YvYP9v/SRJ/5y9QqbKQoB9YYMKbjzw7ldq9y26hR4D6hZJgExgq5tXZQDwpoeg8A2dnyNnD4WRH21dnM3fr1xv7lLuPpnFNjl4N1hAq+WE=
1ioKkm//SWwpby0bev3alXefsej389A2bMTkJ59xYSSNUhEfHHPa9eTxwwhdWRzlXeIXJzY204pmH34aIHm/2KpFFygKb3F/rvUFUQLLXc8x/0GL4RftzH1DwMHLIjjVAHwc+Vc=
MN314FlYblVlErdTiLLN3L88OMAFCsmR3WqF1vnUk/Ni/x3ww92ZfaEiRfPoAvi0cHIUEAlFfngU1/mMzbnMpQ2CJyfGFoPKNr/umpDZz5iapQcoGg9Bv15VtdGSa40P4d8xi9L3PQwtI1BBO8KIlXBcDPlH
Tf3AM1Pr2wAFZ1FkdtRyFLk8OMAFCsmR3WqF1vnUk/Ni/x3ww92ZfaEiRfPoAvi0cHIUEAlFfngU1/mMzbnMpQ2CJyfGFoPKNr/umpDZz5iapQcoGg9Bv15VtdGSa40P4d8xi9X3PQwtI1BBO8KIlXBcDPlH
SvEAlEWmJDx4CwaME/ZvVro8OMAFCsmR3WqF1vnUk/Ni/x3ww92ZfaEiRfPoAvi0cHIUEAlFfngU1/mMzbnMpQ2CJyfGFoPKNr/umpDZz5iapQcoGg9Bv15VtdGSa40P4d8xi9X3PQwtI1BBO8KIlXBcDPlH
5RcsCXZYZhSFvbMdsZQEG+JtLSF+zliIzobSkvd5BQjg9MPgEYIAmBsH1MngOzhRUM6Lt6SnhZT0kh9tQfYYkpdRaBpGtT0TEh9vXuzxD6KI/eHoAw0n+IktrUzLOuVk26OpBCDOwU1pFNT5gXtWCflA
MOG0XR9xkeDYvEb7IP/gP7o8OMAFCsmR3WqF1vnUk/Ni/x3ww92ZfaEiRfPoAvi0cHIUEAlFfngU1/mMzbnMpQ2CJyfGFoPKNr/umpDZz5iapQcoGg9Bv15VtdGSa40P4d8xi9T3PQwtI1BBO8KIlXBcDPlH
2RzVjYHbS6TQnm9TkIBzdOJtLSF+zliIzobSkvd5BQjg9MPgEYIAmBsH1MngOzhRUM6Lt6SnhZT0kh9tQfYYkpdRaBpGtT0TEh9vXuzxD6KI/eHoAw0n+IktrUzLOuVk26CpBCDOwU1pFNT5gXtWCflA
f9fqDCndvPFEJCZkGF7o5OpH2MSOm+Un2344dHQ9w110kqFxP+VXztNDfo6OLPb+kpCPyfjgYltvPFtVOj2rLkFHoLolEsBTOCrGlbnA3GnB6NzDB+coGePhRId718fzV+uw2xsU289GcS3O/o12UAr5QQ==
/Ubt3GNbGUqVPMyj/23JkjbD5P/x/II2YN/Mc5hiSHSAUgQQGWWOuKS3iQxdWRzlXeIXJzY204pmH34aIHm/2KpFFygKb3F/rvUFUQLLXc8x/0GL5hftzH1DwMHLIjjVAHwc+Vc=
fwwMLcqkC0Nrtk/QZl7I6yke8XWPSlBKS17dJ1LjCtay/BrWhpCb4RQwXgMbnM+tpo3HRvWHVJIJYtxrLMryzcWQcIFVaEirqzfUwdeBUL9nJ+vbI6sDMvekR7fS0dkWwt0aeB75VQ==
XHougR6hPVLd9P6rdpj1b7KQoB9YYMKbjzw7ldq9y26hR4D6hZJgExgq5tXZQDwpoeg8A2dnyNnD4WRH21dnM3fr3hr7lLuPpnFNjl4N1hAq+WE=
W7gl1KQY5mPN8JkgNgK7SHafsej389A2bMTkJ59xYSSNUhEfHHPa9eTxwwhdWRzlXeIXJzY204pmH34aIHm/2KpFFygKb3F/rvUFUQLLXc8x/0GL6BbtzH1DwMHLIjjVAHwc+Vc=
Gsa9T/RczpVrj18G8A7yqOpH2MSOm+Un2344dHQ9w110kqFxP+VXztNDfo6OLPb+kpCPyfjgYltvPFtVOj2rLkFHoLolEsBTOCrGlbnA3GnB6NzDB+coGePhRId718fzV+u32RsU289GcS3O/o12UAr5QQ==
HG1lbKNRMYpyvEFYtNDwczbD5P/x/II2YN/Mc5hiSHSAUgQQGWWOuKS3iQxdWRzlXeIXJzY204pmH34aIHm/2KpFFygKb3F/rvUFUQLLXc8x/0GL4RXtzH1DwMHLIjjVAHwc+Vc=
eo+Cxyt9B8Dw77/Io9AvFCke8XWPSlBKS17dJ1LjCtay/BrWhpCb4RQwXgMbnM+tpo3HRvWHVJIJYtxrLMryzcWQcIFVaEirqzfUwdeBUL9nJ+vbI6sBMfekR7fS0dkWwt0aeB75VQ==
nX+HVxq3jLF9mut7AA/esbKQoB9YYMKbjzw7ldq9y26hR4D6hZJgExgq5tXZQDwpoeg8A2dnyNnD4WRH21dnM3fr0xn7lLuPpnFNjl4N1hAq+WE=
kZ4fTk+JYL5W2kkc/K9zR3Sfsej389A2bMTkJ59xYSSNUhEfHHPa9eTxwwhdWRzlXeIXJzY204pmH34aIHm/2KpFFygKb3F/rvUFUQLLXc8x/0GL5RXtzH1DwMHLIjjVAHwc+Vc=
qLCQpYYWL7p4ebUIAmA5SbKQoB9YYMKbjzw7ldq9y26hR4D6hZJgExgq5tXZQDwpoeg8A2dnyNnD4WRH21dnM3fr0hn7lLuPpnFNjl4N1hAq+WE=
5dwpxEDIw6IvWzYIpzdv+XSfsej389A2bMTkJ59xYSSNUhEfHHPa9eTxwwhdWRzlXeIXJzY204pmH34aIHm/2KpFFygKb3F/rvUFUQLLXc8x/0GL5BXtzH1DwMHLIjjVAHwc+Vc=
JoeNI80d9DQXxM9gRuqnoCoe8XWPSlBKS17dJ1LjCtay/BrWhpCb4RQwXgMbnM+tpo3HRvWHVJIJYtxrLMryzcWQcIFVaEirqzfUwdeBUL9nJ+vbI6sKMfekR7fS0dkWwt0aeB75VQ==
GvhScrkrbBPFSfzih6p0V7KQoB9YYMKbjzw7ldq9y26hR4D6hZJgExgp5tXZQDwpoeg8A2dnyNnD4WRH21dnM3fr0Bj7lLuPpnFNjl4N1hAq+WE=
AlL1Pm7eZ/wqZ2iKlmCvqUjY98EPcGDAy3tZrMQMNxNMHG7/kZ2hbVuo1IuzXEif5Q7LZ6sWWT+5mhOgebo7o87CyEStg5kmoE95wSo3+WI=
OOMD3QTzg4RX2T59FFahJT+Nk6kAHfXlzgY3F3jJyOdini86CseqeRSBk4h27WOo/sctr4KNMbFWk7F/TVeVy7L80bxRm5RhP5pUBdwUKPlj
FWfyColtZvBSa+e6pRc/bSYc7x4Xj7eL/LSOh0HV4bUrQPSzo1RIh9Umq5/73plnSfKzGOkyuzR5aig8fcvZ/tCnWfk6P/l6
jgA5scbHQu5TNC+uz5dNSXwBhKJh9Gt8FylYEmb9rYtRB3+WjHn/mojFEWBjxTfgybU9BOsy1RxbXJwMAAZR1akMxLFh8yYx+Xg=
SFhRv1P+OUjS3ymjgdbd8G1NgK1g8mthFylYEmb9rYtRB3+WjHn/mojFEWBjxTfgybU9BOsy1RxbWJwMAAZR1akMxLFh8yYx+Xg=
myey2ChJUy1CZsT/1hcl+Yu/IRUo1oq1NFFTiK35bCWtwgcnJlbjStZ/zpmwGW8Y+mXnKHpPoT/+FZXRsivtjwEfUYvzN52NjeOwQVuCaBXQHCz5Zw==
HiK80PE2duusQNV8WTyZXaUYhnYqwxoNIx4V3iNfD2CdzUHC4hI4LznVfN2yY513aD7G8YPZjNvE8I6jixx/DVZN92aFh2Ry+aJsC1xJYi0VUCDhRWhYS3t3hKFHAaBf12ebuxOr8BLH5TcXYlFJtpKdSlgO+UU=
P40AG6NKF8tiomcZoS1MsrPG6e3ho819RWmMpbliJAibw7nEdJS3m9xkzlfhRWEli5C0Y4NESJf19utPW04Z9+ki88jJIrsqXLpp7N1bWW5wdxkpGi/5ag==
WpnF30Czx9b0pV7PRoe1gqUYhnYqwxoNIx4V3iNfD2CdzUHC4hI4LznVfN2yY513aD7G8YPZjNvE8I6jixx/DVZN92aFh2Ry+aJsC1xJYi0VUCDhRWhYS3t3hKFHAaBf12ebuxOr+hHH5TcXYlFJtpKdSlgO+UU=
D9mv0vGHiBmA7l3ilKAfOPf0mXBanby5UUZE5KOXafg8UHfXBNC+i0khwYnzBCQfC8DIG22CW9Mz6vmbUfajdAFm++EGjpmw9b95QohjCdUSK/lm
qYzjyo8yvZbAt+YaEhRTJrbG6e3ho819RWmMpbliJAibw7nEdJS3m9xkzlfhRWEli5C0Y4NESJf19utPW04Z9+ki88jJIrsqXrpp7N1bWW5wdxkpGi/5ag==
jjQuHGr4PD1a8z7H8oa1uXY/y4lk5/TEvbRreDB0LjdwlBUR4umdjoExo/k7JL238gM3QBnNmYO00+2w1Lb3mZHCUNbXFSCulkHVt7G7Byp8RYcmCHlpXJN5T1wpiUW4G46tIJvr5TDxOilpSTC8jZFPXg35RA==
/kLCojbMzmxndw+YwcMU6Pf0mXBanby5UUZE5KOXafg8UHfXBNC+i0khwYnzBCQfC8DIG22CW9Mz6vmbUfajdAFm++EAjpmw9b95QohjCdUSK/lm
jfPBBvxuEj3fY/NhlruvqbfG6e3ho819RWmMpbliJAibw7nEdJS3m9xkzlfhRWEli5C0Y4NESJf19utPW04Z9+ki88jJIrsqWLpp7N1bWW5wdxkpGi/5ag==
HxrSGLmPAjNpjYaYW+GuDnY/y4lk5/TEvbRreDB0LjdwlBoR4umdjoExo/k7JL238gM3QBnNmYO00+2w1Lb3mZHCUNbXFSCulkHVt7G7Byp8RYcmCHlpXJN5T1wpiUW4G46tIJvn4DDyOilpSTC8jZFPXg35RA==
HOUt3wNyOcmw+Ya8w42snPf0mXBanby5UUZE5KOXafg8UHfXBNC+i0khwYnzBCQfC8DIG22CW9Mz6vmbUfajdAFm++gEjpqw9b95QohjCdUSK/lm
fk7sfADaXSiUdIR3BCPNbrrG6e3ho819RWmMpbliJAibw7nEdJS3m9xkzlfhRWEli5C0Y4NESJf19utPW04Z9+ki88jJIrstX7pq7N1bWW5wdxkpGi/5ag==
sBsnB0gWBcLcoJSow8DAknQkzJJj/PPfuq9sYzdhKCJzlBMS4umdjoExo/k7JL238gM3QBnNmYO00+2w1Lb3mZHCUNbXFSCulkHVt7G7Byp8RYcmCHlpXJN5T1wpiUW4G46tIJvg4jDyOilpSTC8jZFPXg35RA==
CiAgSHXj/uqpn1hPtPxIq/f0mXBanby5UUZE5KOXafg8UHfXBNC+i0khwYnzBCQfC8DIG22CW9Mz6vmbUfajdAFm++QGjpqw9b95QohjCdUSK/lm
lia6uHX33Wn3xW5qL4OXW7KQoB9YYMKbjzw7ldq9y26hR4D6hZJgExgp5tXZQDwpoeg8A2dnyNnD4WRH21dnM3fr1R77lruPpnFNjl4N1hAq+WE=
DaC+Wj3NfrcNTuoDSiL6XHSfsej389A2bMTkJ59xYSSNUhEfHHPa9eTxwwhdWRzlXeIXJzY204pmH34ZIHm/2KpFFygKb3F/rvUFUQLLXc8x/0GL4xLtzn1DwMHLIjjVAHwc+Vc=
LEf7QkElkBTgHtYnydVHkSUe8XWPSlBKS17dJ1LjCtay/BrWhpCb4RQwXgMbnM+tpo3HRvWHVJIJYtxrLMnyzcWQcIFVaEirqzfUwdeBUL9nJ+vbI6sGNvemR7fS0dkWwt0aeB75VQ==
P2Yu/PADUJsvi5CwUYaI+bKQoB9YYMKbjzw7ldq9y26hR4D6hZJgExgp5tXZQDwpoeg8A2dnyNnD4WRH21dnM3fr0R77lruPpnFNjl4N1hAq+WE=
2q25U6TBWPkcnYMbtGJyinefsej389A2bMTkJ59xYSSNUhEfHHPa9eTxwwhdWRzlXeIXJzY204pmH34ZIHm/2KpFFygKb3F/rvUFUQLLXc8x/0GL5xLtzn1DwMHLIjjVAHwc+Vc=
8dQJLf1Z7D158OJNj3Piz788OMAFCsmR3WqF1vnUk/Ni/x3ww92ZfaEiRfPoAvi0cHIUEAlFfngU1/mMzbnMpQ2CJyfGFoPKNr/umZDZz5iapQcoGg9Bv15VtdGSa40P4d8xi9D2PQ8tI1BBO8KIlXBcDPlH
ObfrGvZe8T7hcjZX1580Ebo8OMAFCsmR3WqF1vnUk/Ni/x3ww92ZfaEiRfPoAvi0cHIUEAlFfngU1/mMzbnMpQ2CJyfGFoPKNr/umZDZz5iapQcoGg9Bv15VtdGSa40P4d8xi9f2PQ8tI1BBO8KIlXBcDPlH
nzGrB0yc1IZ8Z74yI5YC27Y8OMAFCsmR3WqF1vnUk/Ni/x3ww92ZfaEiRfPoAvi0cHIUEAlFfngU1/mMzbnMpQ2CJyfGFoPKNr/umZDZz5iapQcoGg9Bv15VtdGSa40P4d8xi9b2PQ8tI1BBO8KIlXBcDPlH
TyvjKWni9alcg0DSDTh//BYEvuYaG+Do8N6F7GSe3vzWnM9r6e4A3ve+WcBcLqvdMCd4ibTX0EQfCQxFeUIkKFsjOaQ0tLe7nAROtyFlYQVLcDQDw2RIt7WWa6+bbhnXKcJzqIkCuwQc2usMHXtZTrCXmUlaD/lK
tixPzJYKrILbeKpG+zbUNhEEvuYaG+Do8N6F7GSe3vzWnM9r6e4A3ve+WcBcLqvdMCd4ibTX0EQfCQxFeUIkKFsjOaQ0tLe7nAROtyFlYQVLcDQDw2RIt7WWa6+bbhnXKcJzqIkCuwQc2usMHXtZTrCXmUlaD/lK
sRx8kIFvvoUnc4cQKjOp/hAEvuYaG+Do8N6F7GSe3vzWnM9r6e4A3ve+WcBcLqvdMCd4ibTX0EQfCQxFeUIkKFsjOaQ0tLe7nAROtyFlYQVLcDQDw2RIt7WWa6+bbhnXKcJzqIkCuwQc2usMHXtZTrCXmUlaD/lK
cowsVhNUR4W77hXFd5hLKxcEvuYaG+Do8N6F7GSe3vzWnM9r6e4A3ve+WcBcLqvdMCd4ibTX0EQfCQxFeUIkKFsjOaQ0tLe7nAROtyFlYQVLcDQDw2RIt7WWa6+bbhnXKcJzqIkCuwwf2usMHXtZTrCXmUlaD/lK
IMwpqVK2hR7Os9D0ywRvqb08OMAFCsmR3WqF1vnUk/Ni/x3ww92ZfaEiRfPoAvi0cHIUEAlFfngU1/mMzbnMpQ2CJyfGFoPKNr/umZDZz5iapQcoGg9Bv15VtdGSa40P4d8xi9P1PQ8tI1BBO8KIlXBcDPlH
Wh5eq+Lv7KwV9g+5RwfMZOJtLSF+zliIzobSkvd5BQjg9MPgEYIAmBsH1MngOzhRUM6Lt6SnhZT0kh9tQfYYkpdRaBpGtT0TER9vXuzxD6KI/eHoAw0n+IktrUzLOuVk26WrBCPOwU1pFNT5gXtWCflA
SUVlhjZHXaBwUW1GOTjFs+dtLSF+zliIzobSkvd5BQjg9MPgEYIAmBsH1MngOzhRUM6Lt6SnhZT0kh9tQfYYkpdRaBpGtT0TER9vXuzxD6KI/eHoAw0n+IktrUzLOuVk26aqBCPOwU1pFNT5gXtWCflA
/2ma70jhPOT2uynjRRg7Or88OMAFCsmR3WqF1vnUk/Ni/x3ww92ZfaEiRfPoAvi0cHIUEAlFfngU1/mMzbnMpQ2CJyfGFoPKNr/umZDZz5iapQcoGg9Bv15VtdGSa40P4d8xi9H0PQ8tI1BBO8KIlXBcDPlH
egFOspZp3uKCUxCamarj7rKQoB9YYMKbjzw7ldq9y26hR4D6hZJgExgp5tXZQDwpoeg8A2dnyNnD4WRH21dnM3fr1x/7l7uPpnFNjl4N1hAq+WE=
3PzgknleKPNubfEv4F0x6Hefsej389A2bMTkJ59xYSSNUhEfHHPa9eTxwwhdWRzlXeIXJzY204pmH34ZIHm/2KpFFygKb3F/rvUFUQLLXc8x/0GL4RPtz31DwMHLIjjVAHwc+Vc=
F0bfnFLEq8Rqur+hp5ZMIrKQoB9YYMKbjzw7ldq9y26hR4D6hZJgExgp5tXZQDwpoeg8A2dnyNnD4WRH21dnM3fr1h/7l7uPpnFNjl4N1hAq+WE=
B4Fha3vduJ8BOwOCCoQnzHefsej389A2bMTkJ59xYSSNUhEfHHPa9eTxwwhdWRzlXeIXJzY204pmH34ZIHm/2KpFFygKb3F/rvUFUQLLXc8x/0GL4BPtz31DwMHLIjjVAHwc+Vc=
gpgnH/B4SW2yp3K95Eb3PbKQoB9YYMKbjzw7ldq9y26hR4D6hZJgExgp5tXZQDwpoeg8A2dnyNnD4WRH21dnM3fr1R/7l7uPpnFNjl4N1hAq+WE=
rlc39XjiB6cUtyrlQA/qsHSfsej389A2bMTkJ59xYSSNUhEfHHPa9eTxwwhdWRzlXeIXJzY204pmH34ZIHm/2KpFFygKb3F/rvUFUQLLXc8x/0GL4xPtz31DwMHLIjjVAHwc+Vc=
gpgnH/B4SW2yp3K95Eb3PbKQoB9YYMKbjzw7ldq9y26hR4D6hZJgExgp5tXZQDwpoeg8A2dnyNnD4WRH21dnM3fr1R/7l7uPpnFNjl4N1hAq+WE=
2d4j8B520QPbBBrFaWjXvXefsej389A2bMTkJ59xYSSNUhEfHHPa9eTxwwhdWRzlXeIXJzY204pmH34ZIHm/2KpFFygKb3F/rvUFUQLLXc8x/0GL4xPtz31DwMHLIjjVAHwc+Vc=
g+MwwAIgi5jWZAI0FvXLMbKQoB9YYMKbjzw7ldq9y26hR4D6hZJgExgp5tXZQDwpoeg8A2dnyNnD4WRH21dnM3fr0h/7l7uPpnFNjl4N1hAq+WE=
9qgM0iH2JUYNZYK2UfrMYnSfsej389A2bMTkJ59xYSSNUhEfHHPa9eTxwwhdWRzlXeIXJzY204pmH34ZIHm/2KpFFygKb3F/rvUFUQLLXc8x/0GL5BPtz31DwMHLIjjVAHwc+Vc=
M+ewkvaXRIgC0yGWQIgHubKQoB9YYMKbjzw7ldq9y26hR4D6hZJgExgp5tXZQDwpoeg8A2dnyNnD4WRH21dnM3fr0R/7l7uPpnFNjl4N1hAq+WE=
uqjE5NcdpW+DouDrRDjEnnSfsej389A2bMTkJ59xYSSNUhEfHHPa9eTxwwhdWRzlXeIXJzY204pmH34ZIHm/2KpFFygKb3F/rvUFUQLLXc8x/0GL5xPtz31DwMHLIjjVAHwc+Vc=
VgdqGpbxavxAJmGiTX0e4rKQoB9YYMKbjzw7ldq9y26hR4D6hZJgExgp5tXZQDwpoeg8A2dnyNnD4WRH21dnM3fr0B/7l7uPpnFNjl4N1hAq+WE=
ibsGkmNMNiChgNdfHF4wX3efsej389A2bMTkJ59xYSSNUhEfHHPa9eTxwwhdWRzlXeIXJzY204pmH34ZIHm/2KpFFygKb3F/rvUFUQLLXc8x/0GL5hPtz31DwMHLIjjVAHwc+Vc=
5trjjzTnNHk4ZdKuVPlai7KQoB9YYMKbjzw7ldq9y26hR4D6hZJgExgp5tXZQDwpoeg8A2dnyNnD4WRH21dnM3fr1h77l7uPpnFNjl4N1hAq+WE=
BbSNJj8Pk74rEGaAn4RVTnSfsej389A2bMTkJ59xYSSNUhEfHHPa9eTxwwhdWRzlXeIXJzY204pmH34ZIHm/2KpFFygKb3F/rvUFUQLLXc8x/0GL4BLtz31DwMHLIjjVAHwc+Vc=
3VazHOXUifvSOZncQq9vVrKQoB9YYMKbjzw7ldq9y26hR4D6hZJgExgp5tXZQDwpoeg8A2dnyNnD4WRH21dnM3fr0B77l7uPpnFNjl4N1hAq+WE=
SJTcmRMKAOyatuxC5XS1xnafsej389A2bMTkJ59xYSSNUhEfHHPa9eTxwwhdWRzlXeIXJzY204pmH34ZIHm/2KpFFygKb3F/rvUFUQLLXc8x/0GL5hLtz31DwMHLIjjVAHwc+Vc=
QHEhOXJkTU/rET3oZwkEm7KQoB9YYMKbjzw7ldq9y26hR4D6hZJgExgp5tXZQDwpoeg8A2dnyNnD4WRH21dnM3fr3x77l7uPpnFNjl4N1hAq+WE=
ByyIu3wBXWlzyP9bh1MMYXafsej389A2bMTkJ59xYSSNUhEfHHPa9eTxwwhdWRzlXeIXJzY204pmH34ZIHm/2KpFFygKb3F/rvUFUQLLXc8x/0GL6RLtz31DwMHLIjjVAHwc+Vc=
693+iJhFKLfPSb4NQgtpvbKQoB9YYMKbjzw7ldq9y26hR4D6hZJgExgp5tXZQDwpoeg8A2dnyNnD4WRH21dnM3fr0hr7mLuPpnFNjl4N1hAq+WE=
7mV7uW1YdctnpVBsVdTCE9zBEUFvpDZrBX6S13nom2xIBRATqBh7w5ZYReQ0fBAMFUxyO6iJl6ipwZCVwUrj5wJez7pqB0p5dEFzCBYtg6ieh80v4s3RsTbTUf8tF3XLlbxxMPHbtGEf2vSFfFQI+UM=
WgKys1XoGEM8Qsq84Lnuk2dpenVM8sLjZ3NrmtCWNzkRYpA213VgDhbhlZexW0dK/KVHBghZqbwTGQ+8KakFGJsu7UCbCiKQfJrpSUlQfG0RLx4t+WQ=
M5imHaAn0CsLAZinEB1diLKQoB9YYMKbjzw7ldq9y26hR4D6hZJgExgq5tXZQDwpoeg8A2dnyNnD4WRH21dnM3fr3x/7mLuPpnFNjl4N1hAq+WE=
NSGDtp6JbR01MteuKLGQUEjY98EPcGDAy3tZrMQMNxNMHG7/kZ2ibVuo1IuzXEif5Q7LZ6sWWT+5mhOgebo7rMnCxEStg5kmoE95wSo3+WI=
BVMVuLcD+8LwXNYySZb1ZT+Nk6kAHfXlzgY3F3jJyOdini86CseqehSBk4h27WOo/sctr4KNMbFWk7F/TVeVy7370bBRm5RhP5pUBdwUKPlj
o8HmAG0KH4uRL0e+1V4PUwNb46QZaifZvsl1rlftEKa2iUUv8qMXYhzNdx4IQZnU8zFfRGkR1XA7hp3YG5LVONxyufGJKKxFcccuNfl8
dg3IilIGfNGh+Kxha4WARGxmfWhU79W3N385zJ6YODEQbtM913VgDhbhlZeyW0dK/KVHBghZqbwTGQ+8KakFGJsu7UCbCiWQfJrpSUlQfG0RLx4t+WQ=
EOXdaWvFe4Ikksi7oAciyHSfsej389A2bMTkJ59xYSSNUhEfHHPa9eTxwwhdWRzlXeIXJzY204pmH34aIHm/2KpFFygKb3F/rvUFUQLLXc8x/0GL6RPtwH1DwMHLIjjVAHwc+Vc=
dDsJIkcwuTaYT/8O9WUSkbKQoB9YYMKbjzw7ldq9y26hR4D6hZJgExgq5tXZQDwpoeg8A2dnyNnD4WRH21dnM3fr0R77mLuPpnFNjl4N1hAq+WE=
UGRnoypgAc/0grSKzg6V9Xefsej389A2bMTkJ59xYSSNUhEfHHPa9eTxwwhdWRzlXeIXJzY204pmH34aIHm/2KpFFygKb3F/rvUFUQLLXc8x/0GL5xLtwH1DwMHLIjjVAHwc+Vc=
dDsJIkcwuTaYT/8O9WUSkbKQoB9YYMKbjzw7ldq9y26hR4D6hZJgExgq5tXZQDwpoeg8A2dnyNnD4WRH21dnM3fr0R77mLuPpnFNjl4N1hAq+WE=
Vo3trU2pEd4H4bYBNOaGj3afsej389A2bMTkJ59xYSSNUhEfHHPa9eTxwwhdWRzlXeIXJzY204pmH34aIHm/2KpFFygKb3F/rvUFUQLLXc8x/0GL5xLtwH1DwMHLIjjVAHwc+Vc=
bRQHORMUTukxZyQEv7/OErKQoB9YYMKbjzw7ldq9y26hR4D6hZJgExgq5tXZQDwpoeg8A2dnyNnD4WRH21dnM3fr0xv7mbuPpnFNjl4N1hAq+WE=
Skk9CxUCY6PrCdf+LZhEwNzBEkFvpDZrBX6S13nom2xIBRATqBh7w5ZYReQ0fBAMFUxyO6iJl6ipwZCVwUrj5wJez7pqB0p6dEFzCBYtg6ieh80v4s3RsTbTUf8tF3XLnb9xMfHbtGEf2vSFfFQI+UM=
E3XcHyZP87CqotttDr6nFGdpenVM8sLjZ3NrmtCWNzkRYpA213VgDhbhlZeyW0dK/KVHBghZqbwTGQ+8KakFGJsu7UCbAiCQfZrpSUlQfG0RLx4t+WQ=
h0wJrkl4AIDup+8imnXAbHwBhKJh9Gt8FylYEmb9rYtTB3+WjHn/mojFEWBjxTfgybU9BOsy1RxbV5gMDQZR1akMxLFh8yYx+Xg=
cTGk/Zf3ANpn5Cs82esiHz+Nk6kAHfXlzgY3F3jJyOdini86CseqexSBk4h27WOo/sctr4KNMbFWk7F/TVeVy7z+0bFRm5RhP5pUBdwUKPlj
DFxabumhRPEbzP2PIs0Ew51Rh3JIli8BvaAmWWfXtpXETV5BUcm8isZnj6eupksqDs+2W2hJV/jSde8ocl+JX8bFzZFKm7VvqW/ZC32HdSjQEwsBg1IQNTgMJPlv
u9CXd9WP0UTAU0moanD7E55Rh3JIli8BvaAmWWTXtpXETV5BUcm8isZnj6eupksqDs+2W2hJV/jSde8ocl+JX8bFzZFKm7VvqW/ZC3GHdSjQEwsBg1IQNTgMJPlv
qWoFsZlEq1hXZb/8/QvMR59Rh3JIli8BvaAmWWXXtpXETV5BUcm8isZnj6eupksqDs+2W2hJV/jSde8ocl+JX8bFzZFKm7VvqW/ZC3iGdSjQEwsBg1IQNTgMJPlv
auuT4ziU8JcPNgwh0aRlAZ9Rh3JIli8BvaAmWWLXtpXETV5BUcm8isZnj6eupksqDs+2W2hJV/jSde8ocl+JX8bFzZFKm7VvqW/ZC32GdSjQEwsBg1IQNTgMJPlv
N3nj2rIznJ3lSzVlsFFPyZhRh3JIli8BvaAmWWLXtpXETV5BUcm8isZnj6eupksqDs+2W2hJV/jSde8ocl+JX8bFzZFKm7VvqW/ZC3mFdSjQEwsBg1IQNTgMJPlv
9DjhdQw6XKOa7+euS5pFs6fNswDv3DMgr5fwUjANUsGo8SdlKhJgiynHCErtcthjwOueBQEgFDmp6DQTT4eQiTuhPLdjN4+D/2tcaVMwxj99MXVeBi0+ACL5aQ==
NSl+kXVoBKGwDAELGOy5/QNb46QZaifZvsl1rlftEKa2iUUv86MXYhzNdx4IQZnU8zFfRGkR1XA7hp3YG53TONR3ufKJKKxFcccuNfl8
wv0DA2IsQJQVX+LY+b1BzG1NgK1g8mthFylYEmb9rYtTB3+WjHn/mojFEWBjxTfgybU9BOsy1RxbV5sMBANR1qkMxLFh8yYx+Xg=
Paqq4vduyaTi9o6+SA74gFz9YjujlapScD2upeEYX032zRem5YdEslkiDMu8SwJttdCAoSVouIvb9yRhpwHAHzfnO/szqxdQp2CS10FRaXZyHSoYLvll
e/CPUNLNolVt1PMCx25mn3Y/y4lk5/TEvbRreDB0LjdwlBYS4umdjoExo/k7JL238gM3QBnNmYO00+2w1Lb3mZHCUNbXFSCulkHVt7O7Byp8RYcmCHlpXJN5T1wpiUW4G46tIJvj5DD0PylqSTC8jZFPXg35RA==
12x6AnsXz/IXw8704nffxff0mXBanby5UUZE5KOXafg8UHfXBNC+i0khw4nzBCQfC8DIG22CW9Mz6vmbUfajdAFm++QAjpy19bx5QohjCdUSK/lm
RwmJg0mMa2S2XxUuZvhwoHLpjRWgv2wNPIeqyGB/JWzx0Zh1+TpLZ+rut5piFxI7zLH7aE79a6j21xXPar1pce7DWd/Vpx1LNEpJWPzLbyFnanwlJAQg+Ws=
rxe6BIjJYVMMyQ/UadIo33Y/y4lk5/TEvbRreDB0LjdwlBcS4umdjoExo/k7JL238gM3QBnNmYO00+2w1Lb3mZHCUNbXFSCulkHVt7O7Byp8RYcmCHlpXJN5T1wpiUW4G46tIJvm4DD1PylqSTC8jZFPXg35RA==
hgULdKEZi7p35sLVs8Xe8ff0mXBanby5UUZE5KOXafg8UHfXBNC+i0khw4nzBCQfC8DIG22CW9Mz6vmbUfajdAFm++YEjp219bx5QohjCdUSK/lm
v1bjgAB+5OhualgBtIxdmnPpjRWgv2wNPIeqyGB/JWzx0Zh1+TpLZ+rut5piFxI7zLH7aE79a6j21xXPar1pce7DWd/Vpx1LPE1JWfzLbyFnanwlJAQg+Ws=
NvXPgV477gL4a+lqdVkZs3Y/y4lk5/TEvbRreDB0LjdwlBQS4umdjoExo/k7JL238gM3QBnNmYO00+2w1Lb3mZHCUNbXFSCulkHVt7O7Byp8RYcmCHlpXJN5T1wpiUW4G46tIJvl4jD1PylqSTC8jZFPXg35RA==
Z4TjGnnsDwznGVokRAcE3ff0mXBanby5UUZE5KOXafg8UHfXBNC+i0khw4nzBCQfC8DIG22CW9Mz6vmbUfajdAFm++kGjp219bx5QohjCdUSK/lm
6u67dvGnGuCNPK0ZrSR023TpjRWgv2wNPIeqyGB/JWzx0Zh1+TpLZ+rut5piFxI7zLH7aE79a6j21xXPar1pce7DWd/Vpx1LPktJWfzLbyFnanwlJAQg+Ws=
9he/jD9r/kipuusWT6et1nY/y4lk5/TEvbRreDB0LjdwlBUS4umdjoExo/k7JL238gM3QBnNmYO00+2w1Lb3mZHCUNbXFSCulkHVt7O7Byp8RYcmCHlpXJN5T1wpiUW4G46tIJvm5DD1PylqSTC8jZFPXg35RA==
FMErmMg5CwMyYiKH1GcxW/f0mXBanby5UUZE5KOXafg8UHfXBNC+i0khw4nzBCQfC8DIG22CW9Mz6vmbUfajdAFm++YAjp219bx5QohjCdUSK/lm
mm3F+OsmSAzfdN19hXfz6LrG6e3ho819RWmMpbliJAibw7nEdJS3m9xkzlfhRWMli5C0Y4NESJf19utPW04Z9+ki88jJIrssXbpu6d1YWW5wdxkpGi/5ag==
/AEONHYZzZxTcQEwjROc43QkzJJj/PPfuq9sYzdhKCJzlBES4umdjoExo/k7JL238gM3QBnNmYO00+2w1Lb3mZHCUNbXFSCulkHVt7O7Byp8RYcmCHlpXJN5T1wpiUW4G46tIJvi4DD2PylqSTC8jZFPXg35RA==
EXzBTl/kWTz3FCoKf0Xsgff0mXBanby5UUZE5KOXafg8UHfXBNC+i0khw4nzBCQfC8DIG22CW9Mz6vmbUfajdAFm++EEjp619bx5QohjCdUSK/lm
wZoe2Jo/SqNC6IjLiZKd2bKQoB9YYMKbjzw7ldq9y26hR4D6hZJgExgr5tXZQDwpoeg8A2dnyNnD4WRH21dnM3fr3xr7kr6PpXFNjl4N1hAq+WE=
DPF8P/CPwGvNG1eefHD8+K999p6VYO/nSDvXhXb149uBl1u37KnfyIwXh5psaRUR/lXStmoxzNORXyZdTNqSm8erm7KQ/ofh8VrAXledsDZ2uSV/c3M3Elxdly4IcXlEs0F/lOlBtUD7Fj2oG2pzqJZHWSIJeIy1sVdOBflM
tQ2GExO0mFbl3h6FqMyFlWdpenVM8sLjZ3NrmtCWNzkRYpA213VgDhbhlZezW0dK/KVHBghZqbwTGQ+8KakFGJsu7UCbBCOQdp/pSklQfG0RLx4t+WQ=
ih2Jg81NB/A5Cl/n3Ql4PUjY98EPcGDAy3tZrMQMNxNMHG7/kZ2jbVuo1IuzXEif5Q7LZ6sWWT+5mhOgebo7p8nCzkGtgJkmoE95wSo3+WI=
+GCG8TD1ZYIu143ps+097z+Nk6kAHfXlzgY3F3jJyOdini86CseqexSBk4h27WOo/sctr4KNMbFWk7F/TVeVy7b70bpUm5dhP5pUBdwUKPlj
mWo64+UmHUIG1VajfJ0XfQNb46QZaifZvsl1rlftEKa2iUUv86MXYhzNdx4IQZnU8zFfRGkR1XA7hp3YG5/VONZ3ufKJKKxFcccuNfl8
ahMY3OPeKpzNRHhNSOpJBGxmfWhU79W3N385zJ6YODEQbtM913VgDhbhlZezW0dK/KVHBghZqbwTGQ+8KakFGJsu7UCbByWQdp/pSklQfG0RLx4t+WQ=
jBEDZBtvQoUYP86BVDaMTXSfsej389A2bMTkJ59xYSSNUhEfHHPa9eTxwwhdWRzlXeIXJzY204pmH34bIHm/2KpFFygKb3F/rvUFUQLLXc8x/0GL5BPtynhDw8HLIjjVAHwc+Vc=
XNPgvBgbAzuX7lNFC2/F2LKQoB9YYMKbjzw7ldq9y26hR4D6hZJgExgr5tXZQDwpoeg8A2dnyNnD4WRH21dnM3fr1h77kr6PpXFNjl4N1hAq+WE=
tX8EpHf7AOikUvGg1TCtNnSfsej389A2bMTkJ59xYSSNUhEfHHPa9eTxwwhdWRzlXeIXJzY204pmH34bIHm/2KpFFygKb3F/rvUFUQLLXc8x/0GL4BLtynhDw8HLIjjVAHwc+Vc=
IlG0OtKIYF6ZFjKSLiEhiCUe8XWPSlBKS17dJ1LjCtay/BrWhpCb4RQwXgMbnM+tpo3HRvWHVJIJYtxrLMvyzcWQcIFVaEirqzfUwdeBUL9nJ+vbI6sANveiQrfR0dkWwt0aeB75VQ==
OSZjMiD3o3lLxN7cueVsPrKQoB9YYMKbjzw7ldq9y26hR4D6hZJgExgr5tXZQDwpoeg8A2dnyNnD4WRH21dnM3fr1hv7k76PpXFNjl4N1hAq+WE=
NvlQvOvb3L0W6AZx7kV883efsej389A2bMTkJ59xYSSNUhEfHHPa9eTxwwhdWRzlXeIXJzY204pmH34bIHm/2KpFFygKb3F/rvUFUQLLXc8x/0GL4Bfty3hDw8HLIjjVAHwc+Vc=
vgKlYDyDEzEfvY/WXRAXV788OMAFCsmR3WqF1vnUk/Ni/x3ww92ZfaEiRfPoAvi0cHIUEAlFfngU1/mMzbnMpQ2CJyfGFoPKNr/um5DZz5iapQcoGg9Bv15VtdGSa40P4d8xi9L3PQsoI1NBO8KIlXBcDPlH
7/bXF1+DD49lyzgRAjXfSbY8OMAFCsmR3WqF1vnUk/Ni/x3ww92ZfaEiRfPoAvi0cHIUEAlFfngU1/mMzbnMpQ2CJyfGFoPKNr/um5DZz5iapQcoGg9Bv15VtdGSa40P4d8xi9X3PQsoI1NBO8KIlXBcDPlH
WKMMm5feQWZ/ioRpDjP3w3Ug3tkgpqyU/bowLG4iOmYnzU1MoLCL1MF26Lw7I7y98A8wVVDKg4O00+2w1Lb3mZHCUNbXFSCulkHVt7O7Byp8RYcmCHlpXJN5T1wpiUW4G46tIJvn4TD3PylqSTC8jZFPXg35RA==
lHHsazC8qiu5sIEmzgCx9RcEvuYaG+Do8N6F7GSe3vzWnM9r6e4A3ve+WcBcLqvdMCd4ibTX0EQfCQxFeUIkKFsjOaQ0tLe7nAROtyFlYwVLcDQDw2RIt7WWa6+bbhnXKcJzqIkCuwkd2u8JHXhZTrCXmUlaD/lK
SegKyLLfD2wEDwpfhD+PcnIg3tkgpqyU/bowLG4iOmYnzU1MoLCL1MF26Lw7I7y98A8wVVDKg4O00+2w1Lb3mZHCUNbXFSCulkHVt7O7Byp8RYcmCHlpXJN5T1wpiUW4G46tIJvk4TD3PylqSTC8jZFPXg35RA==
LbNqI089D9BbQp1nTAQpZBYEvuYaG+Do8N6F7GSe3vzWnM9r6e4A3ve+WcBcLqvdMCd4ibTX0EQfCQxFeUIkKFsjOaQ0tLe7nAROtyFlYwVLcDQDw2RIt7WWa6+bbhnXKcJzqIkCuwod2u8JHXhZTrCXmUlaD/lK
n1DdMwJvVmpQrQBbgJEruxEEvuYaG+Do8N6F7GSe3vzWnM9r6e4A3ve+WcBcLqvdMCd4ibTX0EQfCQxFeUIkKFsjOaQ0tLe7nAROtyFlYwVLcDQDw2RIt7WWa6+bbhnXKcJzqIkCuwsd2u8JHXhZTrCXmUlaD/lK
0vZNk3XFvVCofbkJUwCpWbosbYdKA8iC3WqF1vnUk/Ni/x3ww92ZfaEiRfPoAvi0cHIUEAlFfngU1/mMzbnMpQ2CJyfGFoPKNr/um5DZz5iapQcoGg9Bv15VtdGSa40P4d8xi9n3PQsoI1NBO8KIlXBcDPlH
l31umxcoYiOzoh3KBlSbrRAEvuYaG+Do8N6F7GSe3vzWnM9r6e4A3ve+WcBcLqvdMCd4ibTX0EQfCQxFeUIkKFsjOaQ0tLe7nAROtyFlYwVLcDQDw2RIt7WWa6+bbhnXKcJzqIkCuwQd2u8JHXhZTrCXmUlaD/lK
QSR3B4by5GRAM502E5xyPBEEvuYaG+Do8N6F7GSe3vzWnM9r6e4A3ve+WcBcLqvdMCd4ibTX0EQfCQxFeUIkKFsjOaQ0tLe7nAROtyFlYwVLcDQDw2RIt7WWa6+bbhnXKcJzqIkCuwQd2u8JHXhZTrCXmUlaD/lK
Xou111fs8khGEF8F0/GZBrKQoB9YYMKbjzw7ldq9y26hR4D6hZJgExgr5tXZQDwpoeg8A2dnyNnD4WRH21dnM3fr1xn7k76PpXFNjl4N1hAq+WE=
R+nYrodjeEIJR80riCzZnHafsej389A2bMTkJ59xYSSNUhEfHHPa9eTxwwhdWRzlXeIXJzY204pmH34bIHm/2KpFFygKb3F/rvUFUQLLXc8x/0GL4RXty3hDw8HLIjjVAHwc+Vc=
lVF7iPo1jcvENM4VOKOJnrKQoB9YYMKbjzw7ldq9y26hR4D6hZJgExgr5tXZQDwpoeg8A2dnyNnD4WRH21dnM3fr1Bn7k76PpXFNjl4N1hAq+WE=
jJlTv1CjZYSlLCkeEhJZDXafsej389A2bMTkJ59xYSSNUhEfHHPa9eTxwwhdWRzlXeIXJzY204pmH34bIHm/2KpFFygKb3F/rvUFUQLLXc8x/0GL4hXty3hDw8HLIjjVAHwc+Vc=
BWzSbIwRd1FDThFGlFFHJ788OMAFCsmR3WqF1vnUk/Ni/x3ww92ZfaEiRfPoAvi0cHIUEAlFfngU1/mMzbnMpQ2CJyfGFoPKNr/um5DZz5iapQcoGg9Bv15VtdGSa40P4d8xi9f1PQsoI1NBO8KIlXBcDPlH
GRdppHNKIun7r/HR7A5rC7Y8OMAFCsmR3WqF1vnUk/Ni/x3ww92ZfaEiRfPoAvi0cHIUEAlFfngU1/mMzbnMpQ2CJyfGFoPKNr/um5DZz5iapQcoGg9Bv15VtdGSa40P4d8xi9b1PQsoI1NBO8KIlXBcDPlH
Un46FctzUDUlQUWj5Z1dSXcg3tkgpqyU/bowLG4iOmYnzU1MoLCL1MF26Lw7I7y98A8wVVDKg4O00+2w1Lb3mZHCUNbXFSCulkHVt7O7Byp8RYcmCHlpXJN5T1wpiUW4G46tIJvl4zD3PylqSTC8jZFPXg35RA==
RkgSZCerQ0i7eQkQS5byPHQg3tkgpqyU/bowLG4iOmYnzU1MoLCL1MF26Lw7I7y98A8wVVDKg4O00+2w1Lb3mZHCUNbXFSCulkHVt7O7Byp8RYcmCHlpXJN5T1wpiUW4G46tIJvq4zD3PylqSTC8jZFPXg35RA==
p6fqPxPiApKPHbpvVTP0ZRcEvuYaG+Do8N6F7GSe3vzWnM9r6e4A3ve+WcBcLqvdMCd4ibTX0EQfCQxFeUIkKFsjOaQ0tLe7nAROtyFlYwVLcDQDw2RIt7WWa6+bbhnXKcJzqIkCuwUf2u8JHXhZTrCXmUlaD/lK
nlUVxFj7cuJ1NxVrdAppfRYEvuYaG+Do8N6F7GSe3vzWnM9r6e4A3ve+WcBcLqvdMCd4ibTX0EQfCQxFeUIkKFsjOaQ0tLe7nAROtyFlYwVLcDQDw2RIt7WWa6+bbhnXKcJzqIkCuwwe2u8JHXhZTrCXmUlaD/lK
mR4woeBFNp3TkaSP4zjLIBEEvuYaG+Do8N6F7GSe3vzWnM9r6e4A3ve+WcBcLqvdMCd4ibTX0EQfCQxFeUIkKFsjOaQ0tLe7nAROtyFlYwVLcDQDw2RIt7WWa6+bbhnXKcJzqIkCuwwe2u8JHXhZTrCXmUlaD/lK
ecdbJZRwc+KZq7x4j5+VNxAEvuYaG+Do8N6F7GSe3vzWnM9r6e4A3ve+WcBcLqvdMCd4ibTX0EQfCQxFeUIkKFsjOaQ0tLe7nAROtyFlYwVLcDQDw2RIt7WWa6+bbhnXKcJzqIkCuw0e2u8JHXhZTrCXmUlaD/lK
mGR3l5rDm9071N5MGGHm+rKQoB9YYMKbjzw7ldq9y26hR4D6hZJgExgr5tXZQDwpoeg8A2dnyNnD4WRH21dnM3fr1Rr7lL6PpXFNjl4N1hAq+WE=
osA0qR4HJXWbXPtfqTdRq3Sfsej389A2bMTkJ59xYSSNUhEfHHPa9eTxwwhdWRzlXeIXJzY204pmH34bIHm/2KpFFygKb3F/rvUFUQLLXc8x/0GL4xbtzHhDw8HLIjjVAHwc+Vc=
mGR3l5rDm9071N5MGGHm+rKQoB9YYMKbjzw7ldq9y26hR4D6hZJgExgr5tXZQDwpoeg8A2dnyNnD4WRH21dnM3fr1Rr7lL6PpXFNjl4N1hAq+WE=
br9nBPf50MGUP2KBU8lFYXefsej389A2bMTkJ59xYSSNUhEfHHPa9eTxwwhdWRzlXeIXJzY204pmH34bIHm/2KpFFygKb3F/rvUFUQLLXc8x/0GL4xbtzHhDw8HLIjjVAHwc+Vc=
+R/XipHVrGpIosD+n0TqIrKQoB9YYMKbjzw7ldq9y26hR4D6hZJgExgr5tXZQDwpoeg8A2dnyNnD4WRH21dnM3fr1Br7lL6PpXFNjl4N1hAq+WE=
fmDchb3EOKapPrDZ2WLl5XSfsej389A2bMTkJ59xYSSNUhEfHHPa9eTxwwhdWRzlXeIXJzY204pmH34bIHm/2KpFFygKb3F/rvUFUQLLXc8x/0GL4hbtzHhDw8HLIjjVAHwc+Vc=
+R/XipHVrGpIosD+n0TqIrKQoB9YYMKbjzw7ldq9y26hR4D6hZJgExgr5tXZQDwpoeg8A2dnyNnD4WRH21dnM3fr1Br7lL6PpXFNjl4N1hAq+WE=
ac6t6BkqXFp/oGnxCwGugXefsej389A2bMTkJ59xYSSNUhEfHHPa9eTxwwhdWRzlXeIXJzY204pmH34bIHm/2KpFFygKb3F/rvUFUQLLXc8x/0GL4hbtzHhDw8HLIjjVAHwc+Vc=
IEhQeNdD3Ucdny7sHy0KXbwsbYdKA8iC3WqF1vnUk/Ni/x3ww92ZfaEiRfPoAvi0cHIUEAlFfngU1/mMzbnMpQ2CJyfGFoPKNr/um5DZz5iapQcoGg9Bv15VtdGSa40P4d8xi9f2PQwoI1NBO8KIlXBcDPlH
CeuCzykbqw3pvMLOGqR0b70sbYdKA8iC3WqF1vnUk/Ni/x3ww92ZfaEiRfPoAvi0cHIUEAlFfngU1/mMzbnMpQ2CJyfGFoPKNr/um5DZz5iapQcoGg9Bv15VtdGSa40P4d8xi9n2PQwoI1NBO8KIlXBcDPlH
oD1Mt8asDLJ1MpzgCgc41bosbYdKA8iC3WqF1vnUk/Ni/x3ww92ZfaEiRfPoAvi0cHIUEAlFfngU1/mMzbnMpQ2CJyfGFoPKNr/um5DZz5iapQcoGg9Bv15VtdGSa40P4d8xi9n2PQwoI1NBO8KIlXBcDPlH
d93CFDZZ7QfSDm8ZUhVvq7ssbYdKA8iC3WqF1vnUk/Ni/x3ww92ZfaEiRfPoAvi0cHIUEAlFfngU1/mMzbnMpQ2CJyfGFoPKNr/um5DZz5iapQcoGg9Bv15VtdGSa40P4d8xi9j2PQwoI1NBO8KIlXBcDPlH
0wV6/zFpOYR9k+ts2wQfnbKQoB9YYMKbjzw7ldq9y26hR4D6hZJgExgr5tXZQDwpoeg8A2dnyNnD4WRH21dnM3fr1hn7lL6PpXFNjl4N1hAq+WE=
2glwQN9LkXvlS71LDU6Q43afsej389A2bMTkJ59xYSSNUhEfHHPa9eTxwwhdWRzlXeIXJzY204pmH34bIHm/2KpFFygKb3F/rvUFUQLLXc8x/0GL4BXtzHhDw8HLIjjVAHwc+Vc=
ZcG+m8WL8We3VDSECwq8u7KQoB9YYMKbjzw7ldq9y26hR4D6hZJgExgr5tXZQDwpoeg8A2dnyNnD4WRH21dnM3fr1Rn7lL6PpXFNjl4N1hAq+WE=
oktd/OaokhLKPJLIUqsHlnefsej389A2bMTkJ59xYSSNUhEfHHPa9eTxwwhdWRzlXeIXJzY204pmH34bIHm/2KpFFygKb3F/rvUFUQLLXc8x/0GL4xXtzHhDw8HLIjjVAHwc+Vc=
cPJLFNwGr4KEzdne075yJrKQoB9YYMKbjzw7ldq9y26hR4D6hZJgExgr5tXZQDwpoeg8A2dnyNnD4WRH21dnM3fr1Bn7lL6PpXFNjl4N1hAq+WE=
5aVNRyLork9WYrOKDd9CxXafsej389A2bMTkJ59xYSSNUhEfHHPa9eTxwwhdWRzlXeIXJzY204pmH34bIHm/2KpFFygKb3F/rvUFUQLLXc8x/0GL4hXtzHhDw8HLIjjVAHwc+Vc=
WQzurhCuW9ukE5FJWCtFcrssbYdKA8iC3WqF1vnUk/Ni/x3ww92ZfaEiRfPoAvi0cHIUEAlFfngU1/mMzbnMpQ2CJyfGFoPKNr/um5DZz5iapQcoGg9Bv15VtdGSa40P4d8xi9T1PQwoI1NBO8KIlXBcDPlH
TlDWKP7Di64pmJpjogF0VbosbYdKA8iC3WqF1vnUk/Ni/x3ww92ZfaEiRfPoAvi0cHIUEAlFfngU1/mMzbnMpQ2CJyfGFoPKNr/um5DZz5iapQcoGg9Bv15VtdGSa40P4d8xi9T1PQwoI1NBO8KIlXBcDPlH
RNbbL49ljqNBlTCOwOjvXr0sbYdKA8iC3WqF1vnUk/Ni/x3ww92ZfaEiRfPoAvi0cHIUEAlFfngU1/mMzbnMpQ2CJyfGFoPKNr/um5DZz5iapQcoGg9Bv15VtdGSa40P4d8xi9T1PQwoI1NBO8KIlXBcDPlH
mXzMRX04r01Y5xv+jx1mwrwsbYdKA8iC3WqF1vnUk/Ni/x3ww92ZfaEiRfPoAvi0cHIUEAlFfngU1/mMzbnMpQ2CJyfGFoPKNr/um5DZz5iapQcoGg9Bv15VtdGSa40P4d8xi9f1PQwoI1NBO8KIlXBcDPlH
I0kyw3H7n8W83patKCyNi7KQoB9YYMKbjzw7ldq9y26hR4D6hZJgExgr5tXZQDwpoeg8A2dnyNnD4WRH21dnM3fr3xn7lL6PpXFNjl4N1hAq+WE=
HpJpIiJrO7xaVZaHEjl9KXafsej389A2bMTkJ59xYSSNUhEfHHPa9eTxwwhdWRzlXeIXJzY204pmH34bIHm/2KpFFygKb3F/rvUFUQLLXc8x/0GL6RXtzHhDw8HLIjjVAHwc+Vc=
I0kyw3H7n8W83patKCyNi7KQoB9YYMKbjzw7ldq9y26hR4D6hZJgExgr5tXZQDwpoeg8A2dnyNnD4WRH21dnM3fr3xn7lL6PpXFNjl4N1hAq+WE=
8xyAOJE5GB94sEOeFsBM63Gfsej389A2bMTkJ59xYSSNUhEfHHPa9eTxwwhdWRzlXeIXJzY204pmH34bIHm/2KpFFygKb3F/rvUFUQLLXc8x/0GL6RXtzHhDw8HLIjjVAHwc+Vc=
YKsmoTXRpu5+ikhRTTRbYw0ZNZoQXZKAITr7S1pJ1Zh3k6bR+sOmDz/H44vbK7ng/4Sax3kRsQb6vZLIRvkN
5PJ3qmY3Bx1p64t46BuQ7EIw+sV5QbnpEcppazMsPY0FO2bl7Won4+7JYTArQ+opjiOyFzP336MPa22IA/QWX+2xBb62bc4gMvl5
tGThbU2fn5dMs2LVyEn9VE80JipVZXloUeXtu1QXFbX8vudVPaTfPBZ6b4K2twtvj/yUOkYq5d2pkHJkp3+XFUsb3XQr4rUMW0x6XEDzMWYpfGQBISMGIflo
O0FS62sNgXTD/G6v8VJ51CYc7x4Xj/aO4fCevQeBv75gXP6wmQNpwpZyr5X725t5SfKzGOkyuz5+aig5fcjZ/tCnWfk6P/l6
eljxugY3GYdZBU07FcZgb0o0JipVZXloUeXtu1QXFbX8vudVPaTfPBZ6b4K2twtvj/yUOkYq5d2pkHJkp3+XFUsb3XQr4rUMW0x6XEDzMWYpfGQBISMGIflo
bathHRH7zv8URDBJ9d4hTSYc7x4Xj/aO4fCevQeBv75gXP6wmQNpwpZyr5X725t5SfKzGOkyuz9+aig5fcjZ/tCnWfk6P/l6
CxMJVB+lCsJyAaMan4WZSEk0JipVZXloUeXtu1QXFbX8vudVPaTfPBZ6b4K2twtvj/yUOkYq5d2pkHJkp3+XFUsb3XQr4rUMW016XEDzMWYpfGQBISMGIflo
bathHRH7zv8URDBJ9d4hTSYc7x4Xj/aO4fCevQeBv75gXP6wmQNpwpZyr5X725t5SfKzGOkyuz9+aig5fcjZ/tCnWfk6P/l6
ST65QlDoAeSSCiseZk47BEo0JipVZXloUeXtu1QXFbX8vudVPaTfPBZ6b4K2twtvj/yUOkYq5d2pkHJkp3+XFUsb3XQr4rUMW016XEDzMWYpfGQBISMGIflo
9NZkCE0kEQoxFqDYzeoabg0ZNZoQXZKAITr7S1pJ1Zh2k6bR+sOmDz/H44vbK7zg/4Sax3kRsQb6vZLIRvkN
xoR+jtiqBzJvGYp2DYbFYkIw+sV5QbnpEcppazMsPY0FO2bl7Won4+7JYTAqQ+opjiOyFzP336MPa2iIA/QWX+2xBb62bc4gMvl5
+2TZdqsxLA8tfp+fa6L140o0JipVZXloUeXtu1QXFbX8vudVPaTfPBZ6b4K2twtvj/yUOkYq5d2pkHJlp3+XFUsb3XQr4rUMW0l6XEDzMWYpfGQBISMGIflo
guX1PHtSFcsgg8Z2/IXtvLKQoB9YYMKbjzw7ldq9y26hR4D6hZJgExgr5tXZQDwpoeg8A2dnyNnD4WRH21dnM3fr1Rr7lb6PpXFNjl4N1hAq+WE=
OMVMZyNIK66yLhSNMoVZzq999p6VYO/nSDvXhXb149uBl1u37KnfyIwXh5psaRUR/lXStmoxzNORXyZdTNqSm8erm7KQ/ofh8VrAXledsDZ2uSV/c3M3Elxdly4IcXlEs0F/lOlBtUD7Fj2oG21wqJFHWSIJeIy1sVdOBflM
HXHsBTBgujyJjqEMeyu732dpenVM8sLjZ3NrmtCWNzkRYpA213VgDhbhlZezW0dK/KVHBghZqbwTGQ+8KakFGJsu7UCbCyCQcZ/pSklQfG0RLx4t+WQ=
wbFJd5xR6HmYYdJWDNO8R0jY98EPcGDAy3tZrMQMNxNMHG7/kZ2jbVuo1IuzXEif5Q7LZ6sWWT+5mhOgebo7os/CyUGtgJkmoE95wSo3+WI=
TXVTY/tN9h1vGZpBzmDxHz+Nk6kAHfXlzgY3F3jJyOdini86CseqexSBk4h27WOo/sctr4KNMbFWk7F/TVeVy7P90b1Um5dhP5pUBdwUKPlj
O/WyAwbje6EHpNihfHp+Z9zBEkFvpDZrBX6S13nom2xIBRATqBh7w5ZYReQ0fBAMFUxyO6iJl6ipwZCVwUrj5wJez7pqB0p6dEFzCBYtg6ieh80v4s3RsTbTUf8tF3XLl7xxPvTbt2Ef2vSFfFQI+UM=
AeqBJXqrxaOTCyjBXoDao3Sfsej389A2bMTkJ59xYSSNUhEfHHPa9eTxwwhdWRzlXeIXJzY204pmH34aIHm/2KpFFygKb3F/rvUFUQLLXc8x/0GL4RPtznhDw8HLIjjVAHwc+Vc=
MMT74QSLGMUUeahHHivWV7KQoB9YYMKbjzw7ldq9y26hR4D6hZJgExgq5tXZQDwpoeg8A2dnyNnD4WRH21dnM3fr1h/7lr6PpXFNjl4N1hAq+WE=
4Ei3Ot8/okR1JcUXF5Vk2Xefsej389A2bMTkJ59xYSSNUhEfHHPa9eTxwwhdWRzlXeIXJzY204pmH34aIHm/2KpFFygKb3F/rvUFUQLLXc8x/0GL4BPtznhDw8HLIjjVAHwc+Vc=
Gn7lb2qy6Fo7WpGk3xAvHLKQoB9YYMKbjzw7ldq9y26hR4D6hZJgExgq5tXZQDwpoeg8A2dnyNnD4WRH21dnM3fr1R/7lr6PpXFNjl4N1hAq+WE=
094N279shRMceUi/tc/y03afsej389A2bMTkJ59xYSSNUhEfHHPa9eTxwwhdWRzlXeIXJzY204pmH34aIHm/2KpFFygKb3F/rvUFUQLLXc8x/0GL4xPtznhDw8HLIjjVAHwc+Vc=
Gn7lb2qy6Fo7WpGk3xAvHLKQoB9YYMKbjzw7ldq9y26hR4D6hZJgExgq5tXZQDwpoeg8A2dnyNnD4WRH21dnM3fr1R/7lr6PpXFNjl4N1hAq+WE=
mtHMSwPdycpLkMVbxaDDbnGfsej389A2bMTkJ59xYSSNUhEfHHPa9eTxwwhdWRzlXeIXJzY204pmH34aIHm/2KpFFygKb3F/rvUFUQLLXc8x/0GL4xPtznhDw8HLIjjVAHwc+Vc=
Wdl8BiBKeSgXGwtHy70LtHwBhKJh9Gt8FylYEmb9rYtQB3+WjHn/mojFEWBjxTfgybU9BOsy1RxbVpoMAwNR1qkMxLFh8yYx+Xg=
Ssmk+JoPl9kr+8GtSJft0z+Nk6kAHfXlzgY3F3jJyOdini86CseqeBSBk4h27WOo/sctr4KNMbFWk7F/TVeVy7380b9Um5dhP5pUBdwUKPlj
ucasGe+NtmiZ+A874e2QoKnNswDv3DMgr5fwXDANUsGo8SdlKhJgiynHCErtcthjwOieBQEgFDmp6DQTT4eQiTuhPLdjN4+D/2tZa1M4xj99MXVeBi0+ACL5aQ==
n0W0su98cj7Y+ICJCKGS7KjNswDv3DMgr5fwXTANUsGo8SdlKhJgiynHCErtcthjwOieBQEgFDmp6DQTT4eQiTuhPLdjN4+D/2tWa1M4xj99MXVeBi0+ACL5aQ==
vhyTjy0gjNEbE5egLqDTeKfNswDv3DMgr5fwUjANUsGo8SdlKhJgiynHCErtcthjwOieBQEgFDmp6DQTT4eQiTuhPLdjN4+D/2tdalM4xj99MXVeBi0+ACL5aQ==
bVSf1ChAyuh+eE9igIKvVwNb46QZaifZvsl1rlftEKa2iUUv8KMXYhzNdx4IQZnU8zFfRGkR1XA7hp3YG5zQONx3ufKJKKxFcccuNfl8
hQorvo3Nuj2fvc6E1xJllG1NgK1g8mthFylYEmb9rYtQB3+WjHn/mojFEWBjxTfgybU9BOsy1RxbV5gMDANR1qkMxLFh8yYx+Xg=
nif9XeZ0fdg2BBSGqI7uMI6/IRUo1oq1NFFTiK35bCWtwgcnJlbjStZ/zpiwGW8Y+mXnKHpPoT/+FZXRsivtjwEfUYvyNZ2AiOOzQVuCaBXQHCz5Zw==
4nO6lT2lsDkK7hhTMNp0WXQkzJJj/PPfuq9sYzdhKCJwlBMS4umdjoExo/k7JL238gM3QBnNmYO00+2w1Lb3mZHCUNbXFSCulkHVt7C7Byp8RYcmCHlpXJN5T1wpiUW4G46tIJvj5TD8PylqSTC8jZFPXg35RA==
hS37+Dnx4DW/Y3mk/4AWf/f0mXBanby5UUZE5KOXafg8UHfXBNC+i0khwInzBCQfC8DIG22CW9Mz6vmbUfajdAFm++MBjpS19bx5QohjCdUSK/lm
fuk9Veq7lFSCTOSDLvCeFrKQoB9YYMKbjzw7ldq9y26hR4D6hZJgExgo5tXZQDwpoeg8A2dnyNnD4WRH21dnM3fr0R/7mL6PpXFNjl4N1hAq+WE=
eHW3D3l7eSt+Lh10AZ+Z5Y+/IRUo1oq1NFFTiK35bCWtwgcnJlbjStZ/zpiwGW8Y+mXnKHpPoT/+FZXRsivtjwEfUYvxMp2AiOOzQVuCaBXQHCz5Zw==
yVW4o6XFgVFdwvpA6DphQXQkzJJj/PPfuq9sYzdhKCJwlBAS4umdjoExo/k7JL238gM3QBnNmYO00+2w1Lb3mZHCUNbXFSCulkHVt7C7Byp8RYcmCHlpXJN5T1wpiUW4G46tIJvl5DD8PylqSTC8jZFPXg35RA==
fu1za20qgBdll2oxvRz3B/f0mXBanby5UUZE5KOXafg8UHfXBNC+i0khwInzBCQfC8DIG22CW9Mz6vmbUfajdAFm++gAjpS19bx5QohjCdUSK/lm
F2ls1ioJUXLjtfqwJf9Xw7KQoB9YYMKbjzw7ldq9y26hR4D6hZJgExgo5tXZQDwpoeg8A2dnyNnD4WRH21dnM3fr3h77mL6PpXFNjl4N1hAq+WE=
3h2KYxWPl+3L0jJEdOdAdzgnfWBV65C3eXNrmtCWNzkRYpA213VgDhbhlZewW0dK/KVHBghZqbwTGQ+8KakFGJsu7UCbBiGQfZ/pSklQfG0RLx4t+WQ=
5PvOQbJTgx339uU/b4MWpHQkzJJj/PPfuq9sYzdhKCJwlBES4umdjoExo/k7JL238gM3QBnNmYO00+2w1Lb3mZHCUNbXFSCulkHVt7C7Byp8RYcmCHlpXJN5T1wpiUW4G46tIJvq4TD9PylqSTC8jZFPXg35RA==
S+EhO2lFODKIobjzTOmli/f0mXBanby5UUZE5KOXafg8UHfXBNC+i0khwInzBCQfC8DIG22CW9Mz6vmbUfajdAFm++kFjpW19bx5QohjCdUSK/lm
As+lyUrncgBFRrEIO/4RJrKQoB9YYMKbjzw7ldq9y26hR4D6hZJgExgo5tXZQDwpoeg8A2dnyNnD4WRH21dnM3fr1Rr7mb6PpXFNjl4N1hAq+WE=
dJVeIoVPmg2cCF0zjub2Tqx99J6VYO/nSDvXhXb149uBl1u37KnfyIwXh5psaRUR/lXStmoxzNORXyZdTNqSm8erm7KQ/ofh8VrAXledsDZ2uSV/cHM3Elxdly4IcXlEs0F/lOlBtUD7Fj2oG2NwqJ1HWSIJeIy1sVdOBflM
ALJxtzYG6rXzrwt+SpL8HYj0+jijsAhyjMAvMjUXSU2HYTxbKzZ0/Wt8jMuxvlbvbgDao1hNCdWq28xYFhVPMQckAEwzX0nwbPj3f1TYnkPZiYCh48yEl1voyDM9CvsbI8K5M8E+g3xRzntNV4a1fWUUOWqYq6ldQgP5Tg==
Dw7DqR4+7odSjwUwjJBEt4j0+jijsAhyjMAvMjUXSU2HYTxbKzZ0/Wt8jMuxsVbvbgDao1hNCdWq28xYFhVPMQckAEwzX0nwbPj3f1TYnkPZiYCh48yEl1voyDM9CvsbI8K5M8E+g3xRzntOVoa1fWUUOWqYq6ldQgP5Tg==
9Tn5b7H/rexJoeuMzOIoy4j0+TijsAhyjMAvMjUXSU2HYTxbKzZ0/Wt8jMuxsFbvbgDao1hNCdWq28xYFhVPMQckAEwzX0nwbPj3f1TYnkPZiYCh48yEl1voyDM9CvsbI8K5M8E+g3xRzntMUYa1fWUUOWqYq6ldQgP5Tg==
gozGYdKtRq0TiE/9vdgK1Ij0+TijsAhyjMAvMjUXSU2HYTxbKzZ0/Wt8jMuxsFbvbgDao1hNCdWq28xYFhVPMQckAEwzX0nwbPj3f1TYnkPZiYCh48yEl1voyDM9CvsbI8K5M8E+g3xRzntMUIa1fWUUOWqYq6ldQgP5Tg==
LN6J/ECBlUBofOq0mT9i8mdpenVM8sLjZ3NrmtCWNzkRYpA213VgDhbhlZewW0dK/KVHBghZqbwTGQ+8KakFGJsu7UCbCiSQfZ/pSklQfG0RLx4t+WQ=
k3ed5atoBpGTJstlDKK7i8yBmllO0rUga1TWaxfYy+Mvy3end1sV78mv+QuYxtWosdNrAaMS8LWYzET5Dw==
kfPlh0Fog8lKlYzy65pX2XRsYy8IrIHsZ3U/0oqUGnBIOMoqjTlnFQTB4IK6cAQE8L59QFpTpP0YHhKmPbcFGJsu7UCbACGQc57pSklQfG0RLx4t+WQ=
VcyC8oM61IMlNLD8qgYP5jY8NRCkMWPm/Q8e2XMsXo/KPpT+2ubFpBkq0/CZyju37fKLkM1wGbYA/7mRykf5cg==
Ipk+LR1A2ABP+BZ/cJQnGKq8QfK3gQKuwwE0RA1gU2UQg7lfdec9S16PKd9di08hhyrcpYTEQPkL
b+f6PLyfXaBKVhYzqV7VhDsWMbAbr7AOkb/ShCzLxXgbTi1gmyFhcPN+qapJcDzNkY/eTfkE
42BAz/OeLhkUV81wIuE+IHRsYy8IrIHsZ3U/0oqUGnBIOMoqjTlnFQTB4IK6cAQE8L59QFpTpP0YHhKmPbcFGJsu7UCbCiGQc57pSklQfG0RLx4t+WQ=
NVPupimqFj34W+J+V5yajzY8NRCkMWPm/Q8e2XMsXo/KPpT+2ubFpBkq0/CZyju97fKLkM1wGbYA/7mRykf5cg==
LfwijeB3n5qsb6Bm68kPflVV/HFKTCBvz4czq+srzwKvRytn6ZFBZir9ouhW+R0=
jHS/I8yw1wHlftxtw/mFsaq8QfK3gQKuwwE0RA1gU2UQg7lfdec9S1mOKd9di08hhyrcpYTEQPkL
UTVxclAqq7So4jbGysV9VDsWMbAbr7AOkb/ShCzLxXgbTi1gmyZgcPN+qapJcDzNkY/eTfkE
hLFYelrG8EK240rEP08A2zK9mhWguSkKJp6khCpqJSK43J949y0GYafuu4MRDU9mzabsZFfAJLngxxCDc7lEfObDWd/Vpx1LOU5JX/3LbyFnanwlJAQg+Ws=
tcoj2R7UlsRBtEqEbaBfkbaXqA9WLIiOj3JymN2wxXnsQc36iYsTCUV258LOTCUU7vkqE2Ir0d3u7GxH21dnM3fr0xr7l7+PpXFNjl4N1hAq+WE=
