vzpc7OD9pTq75xZ1bhO8o1/5cmXsyfJAKmXn8axUXFHk8Fi3qIxGtGR1K47tGwte4daUgWxZ/ZXU8jlnqgDeHzfnO/szqxpTp2OT10tSaXVyHSoYLvll
d2H0df/PDoyrGjP+Rh5A3jh/PhK4I2L07B9dyWx5XoXxf5Ou1vjPsRkq0/CZyju17PKPkM16GrYD/7mRykf5cg==
jfpR9c5CuhDTB/jD+1gUbevsyTEFjK6/R0Ad6LmUQ7hoTSaAQpa6qgxopc6qM21SPYzTGDSEWdMp4/yZUfajdAFm++kGjp+09bZ6QotjCdUSK/lm
xAhs2IAQemGqillKuJUZEUQe0IJ2KRX4JWWeh93dhr0NNVmF8eRTNPYvqT9j5rwWGH9QDPT7RS/5j+kLgKQl62Gz8YITsUB1yCw0+X8=
eDtrcfL7YSONZEjcIKiQA13sl7Z+GAeHl3H1IxoofznsFadhq9VDMBn8vGtrf6Gi9t5Sq2JcBq9vB5NryyuiwM/DS6eDkiGlSn3CKDb5fQ==
Jw7Ih4d8AlJgudzDXL3UE13sl7Z+GAeHl2vzNBA7fznsFadhq9VDMBn8vGtrf6Gi9t5Sq2JcBq9vB5NryyuiwM/DS6eDkiGlSn3CKDb5fQ==
uqPqbjUImsYXQi21ULyPMEQe0IJ2KRX4JVy4i93dhr0NNVmF8eRTNPYvqT9j5rwWGH9QDPT7RS/5j+kLgKQl62Gz8YITsUB1yCw0+X8=
gj5U8jzN11Dsiqn77chShQ3u58dbOj70/SwH8pgbYFBXATmMi8L9ZFb82J+JCl+evAvCabEbRDG5mhOgebo7rc7Cz0Ctipomo095wSo3+WI=
gL0nRW2cNaMGCXbL/cEsHl3sl7Z+GAeHlzKgZEpQfznsFadhq9VDMBn8vGtrf6Gi9t5Sq2JcBq9vB5NryyuiwM/DS6eDkiGlSn3CKDb5fQ==
gL0nRW2cNaMGCXbL/cEsHl3sl7Z+GAeHlzKgZEpQfznsFadhq9VDMBn8vGtrf6Gi9t5Sq2JcBq9vB5NryyuiwM/DS6eDkiGlSn3CKDb5fQ==
TmRE+cTz860rn17CNHX3/0Qe0IJ2KRX4JQLnjt3dhr0NNVmF8eRTNPYvqT9j5rwWGH9QDPT7RS/5j+kLgKQl62Gz8YITsUB1yCw0+X8=
sUoJ1LjDWSr88hTQ0QMQ4EQe0IJ2KRX4JQPnjt3dhr0NNVmF8eRTNPYvqT9j5rwWGH9QDPT7RS/5j+kLgKQl62Gz8YITsUB1yCw0+X8=
K26V+0uJk2owKD/cekpyWh9R76hOGlGG75Q8uQCuC7vh+l9wraoaNhDZTUgfQMDR+j9FSXQf1XA7hp3YG5PSONd2ufiKKK9FcccuNfl8
h1D3eCtUQrOkB14YlaF19Q3u/cFZISz0/SwH8pgbYFBXATmMi8L9ZFb82J+JCl+evAvCabEbRDG5mhOgebo7rc7Cz0Ctipomo095wSo3+WI=
kGsXtsWm1q+yY7fEMwWrow7u/cFZISz0/SwH8pgbYFBXATmMi8L9ZFb82J+JCl+evAvCabEbRDG5mhOgebo7rc7Cz0Ctipomo095wSo3+WI=
DP4sHiRGnMt++vdNgDVkRw/u/cFZISz0/SwH8pgbYFBXATmMi8L9ZFb82J+JCl+evAvCabEbRDG5mhOgebo7rc7Cz0Ctipomo095wSo3+WI=
QuBqsJ7Y2JXf8Z7CyiDkt2uhgK4VB/3zvjdkSz/W1LAhhTJted31JR2Mx4Ri1zW//54opoyXPKxYk7F/TVeVy7z80btVm51iP5lUBdwUKPlj
AOBj42YhLTBI8S5NmkSXyTYo6oslGlc+0N+gDK9ViSDjJl3YzohIEwGO3wIEnzIFGb8kzeEuw+yx/ntxthb/bEXuuhq7u2nNIjP5fg==
62Ky3LvH08g0OY0CuFlIKjUo6oslHVc+0N+gDK9ViSDjJl3YzohIEwGO3wIEnzIFGb8kzeEuw+yx/ntxthb/bEXuuhq7u2nNIjP5fg==
hN+BRBLERFkAuq7Aeue/NkZt0odwHlGE75c8uQCuC7vh+l9wraoaNhDZTUgfQMDR+j9FSXQf1XA7hp3YG5PSONd2ufiKKK9FcccuNfl8
HS9NmiQ1BO9C2MTTxtY+EDYo6oslGFc90N+gDK9ViSDjJl3YzohIEwGO3wIEnzIFGb8kzeEuw+yx/ntxthb/bEXuuhq7u2nNIjP5fg==
NjWJqqwH84LR2t40k3BGsDUo6oslGFU90N+gDK9ViSDjJl3YzohIEwGO3wIEnzIFGb8kzeEuw+yx/ntxthb/bEXuuhq7u2nNIjP5fg==
yoXC/QpsMoMqhu3X767RNDYo6oslGFc80N+gDK9ViSDjJl3YzohIEwGO3wIEnzIFGb8kzeEuw+yx/ntxthb/bEXuuhq7u2nNIjP5fg==
UK9P3ZeqUP0vKc0+KBfUXzUo6oslGFc80N+gDK9ViSDjJl3YzohIEwGO3wIEnzIFGb8kzeEuw+yx/ntxthb/bEXuuhq7u2nNIjP5fg==
HOLvcsKBuZfgwvZ4Lb3ZvUQe+7Fdc1KZOALnjt3dhr0NNVmF8eRTNPYvqT9j5rwWGH9QDPT7RS/5j+kLgKQl62Gz8YITsUB1yCw0+X8=
M71F4RoVrfj4/+SVvNWgzEce+7FdcVCZOALnjt3dhr0NNVmF8eRTNPYvqT9j5rwWGH9QDPT7RS/5j+kLgKQl62Gz8YITsUB1yCw0+X8=
znL+P50QXQuLD9xPXdYG9kQe+7Fdc1KZOAPnjt3dhr0NNVmF8eRTNPYvqT9j5rwWGH9QDPT7RS/5j+kLgKQl62Gz8YITsUB1yCw0+X8=
3fv+JmogKU5hGSw+YEl5Kkce+7FddFKZOAPnjt3dhr0NNVmF8eRTNPYvqT9j5rwWGH9QDPT7RS/5j+kLgKQl62Gz8YITsUB1yCw0+X8=
elKn5n5S4eRcDQ951vjgTkYe+7FddFKZOAPnjt3dhr0NNVmF8eRTNPYvqT9j5rwWGH9QDPT7RS/5j+kLgKQl62Gz8YITsUB1yCw0+X8=
6U+t2xSia5oCPvXIpulk1w3u/8tbIyjr/S4H8ZgbYFBXATmMi8L9ZFb82J+JCl+evAvCabEbRDG5mhOgebo7rc7Cz0Ctipomo095wSo3+WI=
dOzSarnWzLHGZ3nW/adEcRoEduJws27G4P8CEITzLT0Uhd4BefMDOk5kbxWxhmNEIXb7+Sa+X8QVJvrS65NJ5TI7+XY=
ud5jBfxRfYq23y9bAc6zABoEduJws27G4PsAHoTzLT0Uhd4BefMDOk5kbxWxhmNEIXb7+Sa+X8QVJvrS65NJ5TI7+XY=
19XUVyb05XhPx6d6sCOpbR+zeuFcYXO7qSFU1IL+N7/lO0xsmzyBLc3zQT+dd6XLzByBe+U7DeLP+YRF7DQ4+XM=
FEhCTxGiOZ7jwoYQnIHwxkc7Lhj+hoaDkPJiFgLr2Lj/ElDdnFwV5MeTtZralpCi/EAscEYUIn0/owHKJQDL5pn5OKieiv2hZjkFphhuRKeAWPXuDV3p7w+HcyurK4+Gb0Pr56OSAeXq/WJoFvld
xSrXU4x6JfqUdmq+itihhFqx8W/RY9QJyWGhNHfQpHRk3VxVDkWH3uAx61HjK2WoW34NUJsXREA9LgkwyuDfnVH/Pj35dA==
/swIkYsRw2I9cjFQ2TF03VX41l5qXMap+XBEHsgQXbSQsfww2WWpIFcE7LA0efTBjtEverD1o4XDP22sS1olhNvD7OStqoGkajSXWQHbFin5YA==
XhVCUELHSdpsIxtzbgjADmf63hed5rcWYHx+YJdYMlkPfcPt46xwbzcopZIZoJ3hfmleZeozib+/om0QDvbQroLpz9xqKfx71DPhv303hcug2iHxBXst4q85JMUMdBj5Uw==
GtjHMAn/KGomU+d/QeLGXRoEfcU+7CmW4egEGIfTLWJJr9INQLoAGXgkPAexhmNEIXb78yW+WMcVJvrS65NJ5TI7+XY=
p+eb2hgxuYv29IEcigqBhVDQ4c1CISzTgnhFtsBNOR5XFjmP2cTkbE+PncbRI1KZ6AbQXYBIHDO5mhOgebo7p83CyEOtipomo095wSo3+WI=
CTKc3pcFp3hnj0l8uIGay2G0doAe7cQR7ZgfMbmYkkJ5EE7TyJSUGlFj45wiBskYp5YfUz1MO4m6+dXTUnK2lssMNjrBhJRP30dDS7srmKMfBDgHExKRRRo9Mggm+W0=
m97Fr6eT2I2DsItiKWApWQEowIQiY0vNExywppvcnf4FZ1+c+f0gca93gDJksrEELE4DVPb7RS/5j+kLjKcl7GKz8YITsUB1yCw0+X8=
vVwwM03kmr6aBpbKVjI91GK0doAe7cQR7ZgfMbmYkkJ5EE7TyJSUGlFj45wiBskYp5YfUz1MO4m6+dXTUnK2lssMNjrBhJRP30dDS7srnqMfBDgHExKRRRo9Mggm+W0=
EikOQvsp+wnHcJkNEv2lGgEowIQiY0vNExywppvcnf4FZ1+c+f0gca93gDJksrEELE4DVPb7RS/5j+kLjqcl7GKz8YITsUB1yCw0+X8=
YQ0F2sUQPJBeqkPcU1TwGGK0doAe7cQR7ZgfMbmYkkJ5EE7TyJSUGlFj45wiBskYp5YfUz1MO4m6+dXTUnK2lssMNjrBhJRP30dDS7srnKMfBDgHExKRRRo9Mggm+W0=
Fz5obob3vlD1jk/z2XOY3wEowIQiY0vNExywppvcnf4FZ1+c+f0gca93gDJksrEELE4DVPb7RS/5j+kLgacl7GKz8YITsUB1yCw0+X8=
b4o5kBaMIeDWy1G9K4ehD2O0doAe7cQR7ZgfMbmYkkJ5EE7TyJSUGlFj45wiBskYp5YfUz1MO4m6+dXTUnK2lssMNjrBhJRP30dDS7srk6MfBDgHExKRRRo9Mggm+W0=
d462SYU/47tnCJ2hGV/lJgEowIQiY0vNExywppvcnf4FZ1+c+f0gca93gDJksrEELE4DVPb7RS/5j+kLgKcl7GKz8YITsUB1yCw0+X8=
gxtf4cXaeVVkYrtf5Tn55GK0doAe7cQR7ZgfMbmYkkJ5EE7TyJSUGlFj45wiBskYp5YfUz1MO4m6+dXTUnK2lssMNjrBhJRP30dDS7srkqMfBDgHExKRRRo9Mggm+W0=
sJBw8li1nkduWDxb6ilKXwEowIQiY0vNExywppvcnf4FZ1+c+f0gca93gDJksrEELE4DVPb7RS/5j+kLiaYl7GKz8YITsUB1yCw0+X8=
nfKjRSbGNYxR1rLSLPh5DmG0doAe7cQR7ZgfMbmYkkJ5EE7TyJSUGlFj45wiBskYp5YfUz1MO4m6+dXTUnK2lssMNjrBhJRP30dDS7srm6IfBDgHExKRRRo9Mggm+W0=
pGydEy8nFqcmkeNWuwXc0AEowIQiY0vNExywppvcnf4FZ1+c+f0gca93gDJksrEELE4DVPb7RS/5j+kLiKYl7GKz8YITsUB1yCw0+X8=
gl76a0B8RkdacHuEK9b1CGK0doAe7cQR7ZgfMbmYkkJ5EE7TyJSUGlFj45wiBskYp5YfUz1MO4m6+dXTUnK2lssMNjrBhJRP30dDS7srmqIfBDgHExKRRRo9Mggm+W0=
YhNqE0GmvTocRiyMOmQMkgEowIQiY0vNExywppvcnf4FZ1+c+f0gca93gDJksrEELE4DVPb7RS/5j+kLi6Yl7GKz8YITsUB1yCw0+X8=
cjpNkAg6kFBr9u67XtxhfmO0doAe7cQR7ZgfMbmYkkJ5EE7TyJSUGlFj45wiBskYp5YfUz1MO4m6+dXTUnK2lssMNjrBhJRP30dDS7srmaIfBDgHExKRRRo9Mggm+W0=
YhNqE0GmvTocRiyMOmQMkgEowIQiY0vNExywppvcnf4FZ1+c+f0gca93gDJksrEELE4DVPb7RS/5j+kLi6Yl7GKz8YITsUB1yCw0+X8=
GsN2romLDvKL0sycMfyLGmS0doAe7cQR7ZgfMbmYkkJ5EE7TyJSUGlFj45wiBskYp5YfUz1MO4m6+dXTUnK2lssMNjrBhJRP30dDS7srmaIfBDgHExKRRRo9Mggm+W0=
JonhJ91gmRRysxip/9iTslqx8W/RY9QJyWGhNHfQpHRk3VxVDkWH3uByvhazU2WoW34NUJsbQ0AyLQkwyuDfnVH/Pj35dA==
9+30RTFMz7RFwGk5sVqMYlX41l5qXMap+XBEHsgQXbSQsfww2WWpIFcE7LA0efTBjtEverC29sKTR22sS1olhNvP6+SiqYGkajSXWQHbFin5YA==
dJ9k7x2cGAJ5BBFVLD3/rUnwyhd1S9eotmcWSIYeUryRvb872WWpIFcE7LA0efTBjtEverC29sKTR22sS1olhNvG6uSiqYGkajSXWQHbFin5YA==
b67AL6qoqYGBZN0KKz7ZaLKQoB9YYMKPg2Upk87+w2TvQYztxI1QR0tv3ZaXGBQS4u4wDVVU08jZ+25H21dnM3fr1xj7lryPr3JNjV4N1hAq+WE=
bhJu5fQvnr3FYLXTEVG94XMe0b5aCk5ohobxQ6MJwWOtKkfqgJIcLwCbzg9TqAgQEqgjyeEuw+yx/nt4thb6b0Xuuhq7u2nNIjP5fg==
4/iNA7UvbQlKWYij2P1+qBAy2YNjNAPPWl+2o4uS0fVOe1Wfw6pJYMouvC5usYssDXRHC/D7RS/5j+kLiaQl7mKz8YITsUB1yCw0+X8=
AUgywhHZCDNh8mytiH7+am0EnqYvsmIsHiZaU3nN+dgXPDzY1FHE2Y7JH1JQ3ib60789BOsy1RxbX5oMAgFR3KoMx7Fh8yYx+Xg=
WIIrUoRCbF1DVplacjYtU1X41l5qXMap+XBEHsgQXbSQsfww2WWpIFcE7LA0efTBjtEverC29sKTR22sS1olhNvH6uSiqYGkajSXWQHbFin5YA==
5JalwjcTyzRC+FGksG0Gw2f63hed5rcWYHx+YJdYMlkPfcPt46xwbzcopZIZoJ3hfmleZeozib+/om0QDvbQroLpz9wpfLsrrDPhv303hcuk3CH+Bnst4q85JMUMdBj5Uw==
EbqlN24re4gXvmvt15sHKRjah7AqUlmyoS73PBMBMDWwXeQvp89xfgOogGp+bqz1weRHoHVbAq9vB5NryyupwM/GSKeDkiGlSn3CKDb5fQ==
kFEdtqyd/jMJSIP3FA10KGT63hed5rcWYHx+YJdYMlkPfcPt46xwbzcopZIZoJ3hfmleZeozib+/om0QDvbQroLpz9wpfLsrrDPhv303hcun3CH+Bnst4q85JMUMdBj5Uw==
gisA06usiOu/n/W76YzOokUPaoSTiveYaPZbYkGr2lQgJs9xYXO6wTXqLcRkywJ/x6cLG0OrJHBXJiB3O9L51aJd+jg++XU=
bgGpz2cLMKOCSApSpzYHvaqYthMVMY6JxnQuidu6wmPmTMOthIZHWlVLroycdiMZ9fMuKVk6kZyQqxZH21dnM3fr0Bj7lryPr3JNjV4N1hAq+WE=
iklZA6mPLX3mUJGEEGo56HPL4Okje+rlZUp+/yWX0Drs2LqHo/M1APvWvegbrfLokoPZaAq4D/Wxl85F+Qw=
B5SxqcPrWMzbea96rpiCgYPfQnH13vZ7pRNYrnxMEiMDV53UqwL1LFtnujzCV/FMKpwn4aGDxkH5CA==
aMBNw38n4XElO0asYVnO8SSf0yk+u70AsrnlVZT0pALmUfMBQf6DPNEOe4nRxrq55V46qhvrqZ3CQ/kO
af7U+NMLeD3uz8bCskwPDnPL4Okje+rlZUp+/yWX0Drs2LqHo/M1APvWvegbrfTokoPZaAq4D/Wxl85F+Qw=
X3X1Aye7FaUgGJid3s5lkQqf0yk+u70AsrnlVZT0pALmUfMBQf6DPNEOe43Qxru55V46qhvrqZ3CQ/kO
RhmRuxJI8cWfkRBOsN0LXEUPaoSTiveYaPZbYkGr2lQgJs9xYXO6wTXqLcRkywJ/x6cLG0OrKnJXJSd3O9L51aJd+jg++XU=
3VKM8U5zUWjJr9q9HBJupKqYthMVMY6JxnQuidu6wmPmTMOthIZHWlVLroycdiMZ9fMuKVk6kZyQqxZH21dnM3fr3hr7lbuPr3JNjV4N1hAq+WE=
1kDEz/atT+2inECfxV9mk72qs8/aSaD507cDAqNCPRVcyrmBtTt3IzCl9fKIwH3EkEHUKxLC1K7z51ZLGh4f5pP/6yaeBAIbQ68NHIsKBXTbv8g04R5hNOqkNynBC3YZ+VA=
1p2aaa94WUMhde9nYjxelVqx8W/RY9QJyWGhNHfQpHRk3VxVDkWH3uByvhazU2WoW34NUJsXQkAxKgkwyuDfnVH/Pj35dA==
00Do9b2RzdIEzzBoDbQDJhAy2YNjNAPPWl+2o4uS0fVOe1Wfw6pJYMouvC5usYssDXRHC/D7RS/5j+kLjKQl7WWz8YITsUB1yCw0+X8=
RBKD7dHm54cWROV5RmO75G0EnqYvsmIsHiZaU3nN+dgXPDzY1FHE2Y7JH1JQ3ib60789BOsy1RxbWJoMAQZR3KoMx7Fh8yYx+Xg=
f+DdZeyF9eAVO9xpah1Ea1X41l5qXMap+XBEHsgQXbSQsfww2WWpIFcE7LA0efTBjtEverC29sKTR22sS1olhNvA6uShroGkajSXWQHbFin5YA==
gGYQZE+5GqW5s9dOvy5zSGf63hed5rcWYHx+YJdYMlkPfcPt46xwbzcopZIZoJ3hfmleZeozib+/om0QDvbQroLpz9wpfLsrrDPhv303hcuj3CH9AXst4q85JMUMdBj5Uw==
YqLaKOl6jxqTYxmwS8z1Hlqx8W/RY9QJyWGhNHfQpHRk3VxVDkWH3uAx61HjK2WoW34NUJsVQUAyKgkwyuDfnVH/Pj35dA==
AyTAtwacelopLoUv1a8Dr1X41l5qXMap+XBEHsgQXbSQsfww2WWpIFcE7LA0efTBjtEverD1o4XDP22sS1olhNvB6eSiroGkajSXWQHbFin5YA==
ITKD1vsI3YCsz0zD42BlsWf63hed5rcWYHx+YJdYMlkPfcPt46xwbzcopZIZoJ3hfmleZeozib+/om0QDvbQroLpz9xqKfx71DPhv303hcus3yH+AXst4q85JMUMdBj5Uw==
Xw3vSuYaXw8Y1U3GAksjjRjah7AqUlmyoS73PBMBMDWwXeQvp89xfgOogGp+bqz1weQE9TILeq9vB5Nryyurwc/GT6eDkiGlSn3CKDb5fQ==
VnNxsR4Kwg9V+Kf2RU3N5Gf63hed5rcWYHx+YJdYMlkPfcPt46xwbzcopZIZoJ3hfmleZeozib+/om0QDvbQroLpz9xqKfx71DPhv303hcul3SH+AXst4q85JMUMdBj5Uw==
XOKa7K18UrX2kN0yeCA5tVqx8W/RY9QJyWGhNHfQpHRk3VxVDkWH3uBouAG5QGWoW34NUJsaQ0AyKgkwyuDfnVH/Pj35dA==
G05nS7GAGrHJgMC221znV1X41l5qXMap+XBEHsgQXbSQsfww2WWpIFcE7LA0efTBjtEverCs8NWZVG2sS1olhNvP6+SiroGkajSXWQHbFin5YA==
eHJPGwOy0iLwznrstrwJEWf63hed5rcWYHx+YJdYMlkPfcPt46xwbzcopZIZoJ3hfmleZeozib+/om0QDvbQroLpz9wzeqwhvzPhv303hcus3SH+AXst4q85JMUMdBj5Uw==
dzx5PSHgLerPRDf005TyOhoEfcU+7CmW4egEGIfTLWJJr9INQLoAGXh7YwKxhmNEIXb7+Sa+WsAVJvrS65NJ5TI7+XY=
THGXwZOl6BTCzYmdINe4oFDQ4c1CISzTgnhFtsBNOR5XFjmP2cTkbE+PncbRI1KZ6AbQXYAXQza5mhOgebo7rc7CykStipomo095wSo3+WI=
QckMlS7JGgwXMLyy5AGPSmG0doAe7cQR7ZgfMbmYkkJ5EE7TyJSUGlFj45wiBskYp5YfUz1MO4m6+dXTUnK2lssMNjqe25FP30dDS7srkqAfBj8HExKRRRo9Mggm+W0=
JLs9ohWyI3JZc/FOk37QBAEowIQiY0vNExywppvcnf4FZ1+c+f0gca93gDJksrEELE5cC/P7RS/5j+kLgKcl72Wz8YITsUB1yCw0+X8=
VPaTU7athZ3exhbJ6DkpnGG0doAe7cQR7ZgfMbmYkkJ5EE7TyJSUGlFj45wiBskYp5YfUz1MO4m6+dXTUnK2lssMNjqe25FP30dDS7srkqMfBz8HExKRRRo9Mggm+W0=
9rWWQiImpjUFd85AwY1cpwEowIQiY0vNExywppvcnf4FZ1+c+f0gca93gDJksrEELE5cC/P7RS/5j+kLiaYl72Wz8YITsUB1yCw0+X8=
GImfwfCpozAS37f3212g3mK0doAe7cQR7ZgfMbmYkkJ5EE7TyJSUGlFj45wiBskYp5YfUz1MO4m6+dXTUnK2lssMNjqe25FP30dDS7srm6IfBz8HExKRRRo9Mggm+W0=
71m69OAu5tVnxiVjAg3hEwEowIQiY0vNExywppvcnf4FZ1+c+f0gca93gDJksrEELE5cC/P7RS/5j+kLi6Yl72Wz8YITsUB1yCw0+X8=
Dw9AlVhQCTxuFygivbsIh2O0doAe7cQR7ZgfMbmYkkJ5EE7TyJSUGlFj45wiBskYp5YfUz1MO4m6+dXTUnK2lssMNjqe25FP30dDS7srmaIfBz8HExKRRRo9Mggm+W0=
M4CvdOuC4v2rP+y3DqUJ0AEowIQiY0vNExywppvcnf4FZ1+c+f0gca93gDJksrEELE5cC/P7RS/5j+kLiqYl72Wz8YITsUB1yCw0+X8=
WbEDj48s3prfq88uwN2KRWS0doAe7cQR7ZgfMbmYkkJ5EE7TyJSUGlFj45wiBskYp5YfUz1MO4m6+dXTUnK2lssMNjqe25FP30dDS7srmKIfBz8HExKRRRo9Mggm+W0=
qrE/smY29vr/bZgymf4djhjah7AqUlmyoS73PBMBMDWwXeQvp89xfgOogGp+bqz1weRHoHVbAq9vB5Nryyuoxs/HT6eDkiGlSn3CKDb5fQ==
Mnc/NPdD5+Ya+uzwuiL4iWf63hed5rcWYHx+YJdYMlkPfcPt46xwbzcopZIZoJ3hfmleZeozib+/om0QDvbQroLpz9wpfLsrrDPhv303hcum2iH/AXst4q85JMUMdBj5Uw==
DWM+SpjSVrPLOH4JdeR7Fg7zpjyRPsIGjzDsbCC9xx51uAVpOXyvvo8ymVPsVWWoW34NUJsTQUA1LwkxyuDfnVH/Pj35dA==
vAO7i1LFhlDkygx3CzqwDnRsYy8IrIHsZ3U/0oqUGnBIOMoqjTlnFQTB4IK6cAQE8L59QFpTpP0YHhKmPbcFGJsu7UCbBSOQdZ7pQUpQf20RLx4t+WQ=
5pethlsuhU4SwvG5l17xUTY8NRCkMWPm/Q8e2XMsXo/KPpT+2ubFpBkq0/CZyjuz7/KNkM17GrYD/7mRykf5cg==
wrrVOCsDmPUZRKDQc4ZyA3RsYy8IrIHsZ3U/0oqUGnBIOMoqjTlnFQTB4IK6cAQE8L59QFpTpP0YHhKmPbcFGJsu7UCbACSQdJ7pSElQf20RLx4t+WQ=
PVOci+BpNNVignVT7xITqzY8NRCkMWPm/Q8e2XMsXo/KPpT+2ubFpBkq0/CZyju26PKMkM1yGbYD/7mRykf5cg==
41L0U68nSAG9kRRe1pIdrFVV/HFKTCBvz4czq+srzAavQCtn65FBZSr9ouhW+R0=
XIhMz/3+NJ519Pmdj23mOaq8QfK3gQKuwwE0RA1gU2UQg7lfdec9S1qKKdhdi00hhyncpYTEQPkL
SGpFAS9kX6Kwy0MoYxtiEzsWMbAbr7AOkb/ShCzLxXgbTi1gmyVkcPR+qahJcD/NkY/eTfkE
JJ2ny1QUwJDw15f/rReMCzK9mhWguSkKJp6khCpqJSK43J949y0GYafuu4MRDU9mzabsZFfAJLngxxCDc7lEfObDWd/Vpx1LNUpJWP3LbSFnaXwlJAQg+Ws=
iooyaeLGKjjlFxt8u905xraXqA9WLIiOj3JymN2wxXnsQc36iYsTCUV258LOTCUU7vkqE2Ir0d3u7GxH21dnM3fr3x77kL+Pp3FNjV4N1hAq+WE=
