O+NBYau+RF955irjc/ztyF/5cmXsyfJAKmXn8axUXFHk8Fi3qIxGtGR1K47tGwte4daUgWxZ/ZXU8jlnqgDeHzfnO/szqxNSp2eR10pSaXFyHSoYLvll
2ZzhFVPLWrGXVqAOARPbxTh/PhK4I2L07B9dyWx5XoXxf5Ou1vjPsRkq0/CZyju37PKLks17GrYH/7mRykf5cg==
3ri0ZVgpdJBhb5ykFUvAo2IH8g9Cw43I56nZ9FuKvbwmFPinmQJfhowjopHh04RpSfKzGOkyuz5+ais6fcPa/tenWfk6P/l6
xxs9KigBc+AYbmgoP9pWqx9grJ40CbD4VcB2PmQ3PpcfNxTmv2ww4+//JSp6Tv08giaiFzP336MPa22IA/cVX+ayBbm2bc4gMvl5
rxbghKiyCo9gZjJ5mzNYjvaRuw4RNLjdlHQlndC60GH8YsPhmMUTCUd179iNTCgT9/89WmJuxsPO/GpH21dnM3fr1h/7l72PrnJNiV4N1hAq+WE=
AtqUlpBJ0ZHfqc4ZCSCzOczz5l60zGB4/dnqBnUHXMD+4WwvMBp7riHdDkflaeI3lq27Rk8sAAP//zVKSo6NnDKmMrdjN4+D/2teb1M3xT92MnVZBi0+ACL5aQ==
kfxPWy9LM3lKOjRGXP8HIPeRuw4RNLjdlHQlndC60GH8YsPhmMUTCUd179iNTCgT9/89WmJuxsPO/GpH21dnM3fr1R/7l72PrnJNiV4N1hAq+WE=
AU7qidxffbxbJqYFhLVWi8zz5l60zGB4/dnqBnUHXMD+4GwvMBp7riHdDkflaeI3lq27Rk8sAAP//zVKSo6NnDKmMrdjN4+D/2tdb1M3xT92MnVZBi0+ACL5aQ==
Fj+X6VrcapxCHYXwTt79n2Id9A9e24zI56nZ9FuKvbwmFPinmQJfhowjopHh04RpSfKzGOkyuzx4ais6fcPa/tenWfk6P/l6
PkGLk62D94q9htaNYQvCLWjlu5YCY3+ekD0Nr8JAMB0YRXHPxc7nVhjm2J+JCl+evAvCer4fXjG5mhOgebo7pMjCy0Kti5omp095wSo3+WI=
EMeCicgXZY/XeoKHRUnrF2Md9A9e24zI56nZ9FuKvbwmFPinmQJfhowjopHh04RpSfKzGOkyuzl4ais6fcPa/tenWfk6P/l6
lxsaAs6jy1AAFMJ2z9QZKWjlu5YCY3+ekD0Nr8JAMB0YRHHPxc7nVhjm2J+JCl+evAvCer4fXjG5mhOgebo7ocjCy0Kti5omp095wSo3+WI=
yiY59IU9Pwh2ihIKD6Vt/08rT4Q//SmIs+4dEJ6gaDsRht8KFLcSLUl3ZAWxhmNEIXb79CW+VMYVJ/rS75NJ5TI7+XY=
H1bo89wthUnfPjwM1xw8pQYlujhnjOWE7bmWuUHfk41oDvinmQJfhowjooLu155pSfKzGOkyuzh9aiQ6fcPa/tenWfk6P/l6
TznfqOAjK3jnsJ03noGI/04rT4Q//SmIs+4dEJ6gaDsRht8KFLcSLUl3ZAWxhmNEIXb79SW+VMYVJ/rS75NJ5TI7+XY=
Z343E/zBVffgZJrvlfAI1wYlujhnjOWE7bmWuUHek41oDvinmQJfhowjooLu155pSfKzGOkyuzl9aiQ6fcPa/tenWfk6P/l6
I2rwUVsMezwfJ2qCaA6sg00rT4Q//SmIs+4dEJ6gaDsRht8KFLcSLUl3ZAWxhmNEIXb79yW+VMYVJ/rS75NJ5TI7+XY=
xHtDioEXRnTfqzvEbs3R5gYlujhnjOWE7bmWuUHdk41oDvinmQJfhowjooLu155pSfKzGOkyuzt9aiQ6fcPa/tenWfk6P/l6
uGk9dtyzclXggGnMB/WI0kwrT4Q//SmIs+4dEJ6gaDsRht8KFLcSLUl3ZAWxhmNEIXb7+CW+VMYVJ/rS75NJ5TI7+XY=
G+V7OWftN5hCpXXRcZ5V4QYlujhnjOWE7bmWuUHck41oDvinmQJfhowjooLu155pSfKzGOkyuzR9aiQ6fcPa/tenWfk6P/l6
QCFv8Lzqd8MfyrGgB0wHf/aRuw4RNLjdlHQlndC60GH8YsPhmMUTCUd179iNTCgT9/89WmJuxsPO/GpH21dnM3fr0x/7mL2PrnJNiV4N1hAq+WE=
NKKNpzDQcDsiB9Nm/a9Xj9OUkPKYPx78rMAv4jyx6d+FdSpEk2pcFhYuisOajZW2VXhcPr/YH2bt1nvgQa3d5bUcXyQq582/h67gBhQHlOxwY4kfhYcNSykrmZCvq/Si1w3M5RRkEPlb
LkhTxP8uBkwzEWtNYZLSewPLcsZWs4BBtsxgKa+duw88Q0fWzpiXJxgxpcwkA8YCpIB6Qi5XEd7TvIyLe3+xwsYeEQSWxpZP30dDS7srn6cfCDkHEhKRQRo9Mggm+W0=
NMGCGuiv4n32/olWV9FYeF2kISGrjo9Sdja+5K5YTEjl7gG1oqwHqUR1f9HjFQtg4dyUm3N/udLe/ip7qhzOHzfnO/szqxdXp2iR10pSaXFyHSoYLvll
wRXyxAnQ+ChyYpqngm++AN6HQwco61N6WSnShzWxwTATeEdT52ssg9crS7tgOVQRGUo7PJKJxuS3yZqS2kW+whhayY4ZHRUlfUwnBAIX1b+f3sgm7NfcrDjTUf8tF3XLkbtxMPfbvGIf3fSFfFQI+UM=
jW1DU88AbeYVWGmNRsI5hHSsAEMp+6QpZMOg8NT4AdDWyYD5XGpsDrbjqeWNf/0Z9Vq+12zKIOrC9312Jwz4M4f/zXoyrmWsemb65wuXFxNn68P/y9htbz7yvSkuzQZwGvlR
NnNvaE0ajFeNsCv0f9sg3gnx20NuWfD9q3BPCsMQT7aKn6Vj3kWkOU8U7LBgRfXUn9x4TYqy/NmZUm2sS1olhNvA7eSsqIGlajSTWQHbFin5YA==
ZvK1L+dDK9SzoJzkbjzkvfQfdGuDCwOt1ngw2BASLHdAoE8bcWSfhBiUjHN4bTXHLJHmIzDFwZZVaRw8AlUXPSVRIAImSQU46iPitkx+66lRWiERUAUAMT+CSi4WAzrQbxrvjSvbVe8JL7kLUEOVoXNTIAJjlbC1WEwE+U8=
Oob+Q8xukK6eKQGy4Zoj2nfv7ipaqOAZ1ou9/RvJMG4WaHAnhwgMtI3xzzSzWJ9WGfnvnVhlGTRSQR5LGHZcNROW7P5e7QZ7mrt4TaEFbXwxfX2howrOrpKLpkCD4gttzwP5X7Vn/UseCunRHwsEIketnKVERAD5Sw==
FNs6OIdDmp3t95TkaaGNFPUfdGuDCwKt1ngw2BASLHdAoE8bcWSfnh6UkGt5bTXHLJLmIzDFwZZVaRw8AlUXPSVRIAImSQU46iPitkx+66lRWiERUAUAMT+CSi4WAzrQbxrvjSvbVe8JL7kLUEKVoXNTIAJjlbC1WEwE+U8=
6MCKQQoBrxTZT0bYMbQ/GvUfdGuDCwKt1ngw2BASLHdAoE8bcWSfnh6UkGt5bTXHLJLmIzDFwZZVaRw8AlUXPSVRIAImSQU46iPitkx+66lRWiERUAUAMT+CSi4SCi3XbxrvjSvbVe8JL7kLWUeVqHRTIAJjlbC1WEwE+U8=
ZkglpwXIuyex7YtoWcJWlV2kISGrjo9Sdja+5K5YTEjl7gG1oqwHqUR1f9HjFQtg4dyUm3N/udLe/ip7qhzOHzfnO/szqxJTp2CW10pSaXFyHSoYLvll
3Qwkt3eoAqgevV7/oV9IAt6HQwco61N6WSnShzWxwTATeEdT52ssg9crS7tgOVQRGUo7PJKJxuS3yZqS2kW+whhayY4ZHRUlfUwnBAIX1b+f3sgm7NfcrDjTUf8tF3XLlL9xOPDbvGIf3fSFfFQI+UM=
ZvrqQtXL+tlDric/UAPV8XSsAEMp+6QpZMOg8NT4AdDWyYD5XGpsDrbjqeWNf/0Z9Vq+12zKIOrC9312Jwz4M4f/zXoyrmWsemb65wuXFxNn68b7y9Bqbz7yvSkuzQZwGvlR
x38kp0n66zCxCepeMSbxSQnx20NuWfD9q3BPCsMQT7aKn6Vj3kWkOU8U7LBgRfXUn9x4TYqy/NmZUm2sS1olhNvP6eSkr4GlajSTWQHbFin5YA==
pKj4TPJD/dHSmqFTpH+NZPQfdGuDCwOt1ngw2BASLHdAoE8bcWSfhBiUjHN4bTXHLJHmIzDFwZZVaRw8AlUXPSVRIAImSQU46iPitkx+66lRWiERUAUAMT+CSi4SCi3XbxrvjSvbVe8JL7kLUEeVqHRTIAJjlbC1WEwE+U8=
XzbwaraHb9p0PTwaZcHlVUda+LVQPl2XrcB651PnEKO0lxxlr4hULBDZTUgfQMDR+i5ERXkO1XA7hp3YG5PRONRzufmKKKtFcccuNfl8
ZtiMbkbIjh8uJrasZ2MOSSkFhbdm5hhiDS9VGn3H+d0VIjzYgG3FzJ/ESGVq2izh2ao9BOsy1RxbWJ0MBAdR3aoMw7Fh8yYx+Xg=
VSQ6AJATHJt3jrhM1eoGhPaRuw4RNLjdlHQlndC60GH8YsPhmMUTCUd179iNTCgT9/89WmJuxsPO/GpH21dnM3fr3x/7kLqPrnJNiV4N1hAq+WE=
cFS8Y2szBfoTRBI/KXb1NMzz5l60zGB4/dnqBnUHXMD+4WwvMBp7riHdDkflaeI3lq27Rk8sAAP//zVKSo6NnDKmMrdjN4+D/2tXb1Mwwj92MnVZBi0+ACL5aQ==
1cL8CYy0/H3U6BkfHLp8ZikFhbdm5hhiDS9VGn3H+d0VIjzYgG3FzJ/ESGVq2izh2ao9BOsy1RxbWZwMBAdR3aoMw7Fh8yYx+Xg=
LXs+OlufSp7d1iCSJ6RU8/aRuw4RNLjdlHQlndC60GH8YsPhmMUTCUd179iNTCgT9/89WmJuxsPO/GpH21dnM3fr3h77kLqPrnJNiV4N1hAq+WE=
qMzSPkxyfCKhbuXD71vjzszz5l60zGB4/dnqBnUHXMD+4WwvMBp7riHdDkflaeI3lq27Rk8sAAP//zVKSo6NnDKmMrdjN4+D/2tWblMwwj92MnVZBi0+ACL5aQ==
nWiB/yNr4eauW/5Na5TiH3fv7ipaqOEZ1ou9/RvJMG4WaHAnhwgNrovx0yyyWIJHQKmsxFhsAgsXRh4uXSoNB1bI9vhC8DRcyahbFPAbYXwoZ2KhowrOrpKLpkCD4gttzwP5X7Vn/UsUD+nZGAsEIketnKVERAD5Sw==
1UwzfVE77O+QbxWSEk6A3Hbv7ipaqOAZ1ou9/RvJMG4WaHAnhwgNtI3xzzSzWIJHQKqsxFhsAgsXRh4uXSoNB1bI9vhC8DRcyahbFPAbYXwoZ2KhowrOrpKLpkCD4gttzwP5X7Vn/UseDunZGAsEIketnKVERAD5Sw==
mhRVWisggnzRT5Eq1beyB3bv7ipaqOAZ1ou9/RvJMG4WaHAnhwgMtI3xzzSzWIJHQKqsxFhsAgsXRh4uXSoNB1bJ9vhC8DRcyahbFPAbYXwoZ2KhowrOrpKLpkCD4gttzwP5X7Vn/UsbDunZGAsEIketnKVERAD5Sw==
DyO2kUsR+lKBSelS4kOKdGaY23SGvlzbkusFgOa+Tk2ReQ6Rx/DpAyMNTw6Qi/26/Gdy8wPJq7upe1mEyayklP8HPR7UMU6jidUktiT8hUaJkjP4qRK7FDyKrV2949reF8fZGXof+Vo=
IAnUEBFjp8GK3a4V3xXOx2aY23SGvlzbkusFgOa+Tk2ReQ6RxvDpAyMNTw+Qi/26/Gdy8wPJq7upe1mEyayklP8HPR7UMU6jidUktiT8hUaJkjP4qRK7HT+KrV2949reF8fZGXof+Vo=
7wVPZIbPGduQ78WlZEv5kWaY23SGvlzbkusFgOa+Tk2ReQ6RxfDpAyMNTw6Qi/26/Gdy8wPJq7upe1mFyayklP8HPR7UMU6jidUktiT8hUaJkjP4qRK7GD+KrV2949reF8fZGXof+Vo=
q3cFtJ9qvY78F1EgtULS6GaY23SGvlzbkusFgOa+Tk2ReQ6RxPDpAyMNTw+Qi/26/Gdy8wPJq7upe1mFyayklP8HPR7UMU6jidUktiT8hUaJkjP4qRK7Gj+KrV2949reF8fZGXof+Vo=
OPrmQmgIm0gXbZMwIMtj1tHfQkDAirklqHAywT0ZV2lTOp3UqwL1LFtsuTzBV/FNKpwj4aGDxkH5CA==
7V0TZ/bLfV+VUaD3W+CF4w0ZNZoQXZKAOzz7V0JI1ZhyiaDR5tunDz/H44vbK77h/4aex3ISsQH6vZLIRvkN
BiOUaPX4hKI4ffj6QiS+kEIw+sV5QbnpEcppazMsPY0FO2bl92wn//bIYTAuWewpkjuzFzP336MPa2qJA/YSX+ayBbm2bc4gMvl5
nwgqW67/i+ARY979kybhDV445oxmVqjoXt07PX0iMoUENyXu92wn//bIYTAuWewpkjuzFzP336MPa2mJA/YSX+ayBbm2bc4gMvl5
TS/f6UFH0xeiDSNWM1oaSHMe0b5aCk59ipTqQ7IMzmm/LV/aiNpIBB2X6EYeyyUHA6sj3OEuw+yx/ntwtxb6aUXvuhq/u2nNIjP5fg==
5d8yNCnvTc4D+sNreQYcfOYoJypVIXMaPJkKR8vy2VQJI7gIL+yA4UK1fEs9i71PUT9hiwlVTU7cAyjC6+WYVeA8PPl3
A03pB8FlQshJ6xpIzby8UVqu8mzecpVTgWy0MXajpzww9kFZKAzKvc1lrxWzRmWoW34NUJsaQ0AyKwkxyuDbnVH/Pj35dA==
iwpIHHebqQCwaegKchCGBHfv7ipaqOEZ1ou9/RvJMG4WaHAnhwgNrovx0yyyWIJHQKmsxFhsAgsXRh4uXSoNB1bI9vhC8DRcyahbFPAbYXwoZ2KhowrOrpaCsUeD4gttzwP5X7Vn/UsVD+naGQsEIketnKVERAD5Sw==
VPCUlAMDKIMks7vDnHpZdnfv7ipaqOAZ1ou9/RvJMG4WaHAnhwgMtI3xzzSzWJ9WGfnvnVhlGTRSQR5LGHZcNROW7P5e7QZ7mrt4TaEFbXwxfX2howrOrpaCsUeD4gttzwP5X7Vn/UsVD+naGQsEIketnKVERAD5Sw==
RkI0lXAuz/W+Dh1RP5E7sVgHMo8LV+CeczzsS1t/kYImnrPK/tGnDz/H44vbK7Pj/4Kfx3ISsQH6vZLIRvkN
85OTgXn/yKimb84NdSnQ8GMH8g9Cw43I56nZ9FuKvbwmFPinmQJfhowjopHh04RpSfKzGOkyuzV5ai48fcPa/tenWfk6P/l6
MCP7rvpIM56+qJhr5+UtjR9grJ40CbD4VcB2PmU3PpcfNxTmv2ww4+//JSp6Tv08giaiFzP336MPa2aPA/ITX+ayBbm2bc4gMvl5
+QQT5WQw0LKSWL6dELPV/Xfv7ipaqOEZ1ou9/RvJMG4WaHAnhwgMrovx0yyyWIJHQKmsxFhsAgsXRh4uXSoNB1bI9vhC8DRcyahbFPAbYXwoZ2KhowrOrpKLpkCD4gttzwP5X7Vn/UseCunaGQsEIketnKVERAD5Sw==
rZ2IA9jB1NtwFsJevEeFtXfv7ipaqOAZ1ou9/RvJMG4WaHAnhwgMtI3xzzSzWJ9WGfnvnVhlGTRSQR5LGHZcNROW7P5e7QZ7mrt4TaAFbXwxfX2howrOrpKLpkCD4gttzwP5X7Vn/UsYCunaGQsEIketnKVERAD5Sw==
tWIHITrLkppoaPeXxx/fOQ0ZNZoQXZKAOzz7V0JI1ZhziaDR5tunDz/H44vbK7ni/4Ofx3ISsQH6vZLIRvkN
ShSecCtDRX/dovL/PBkjAEIw+sV5QbnpEcppazMsPY0FO2bl92wn//bIYTAvWewpkjuzFzP336MPa22KA/MTX+ayBbm2bc4gMvl5
XVj3S4ujYBXE6Afufe6K0Es0JipVZXloUeXtu1QXFbX8vudVPaTfPBZ6b4K2twtvj/yUIEAq+cWokHJgvXmXCVMa3XQr4rUMW0x4XEf2MW0qfGMBISMGIflo
D8ORG8WbipvoCoL2cr2f3F2+JyOwnI9SYTCu46R+GEjx0QyrqKwHqUR1f9HjFQtg4dyUm3N/udLe/ip7qhzOHzfnO/szqxJTp2mX10pSaXFyHSoYLvll
pG/G2jIOz2GAenrat2tRpQgvZzrMvWbJzBXap6NGpg2dVyypipy8wZudj+fgExFoOCMRv5TWH7R3yTR+2KRJVyQ9JSYf7NAjj//FahrOXXyiJoJX03e/Y+9rTkujebOfhrLl+dbtbmAS+Vk=
cgPT90P27OfCI5iiyWslJkdA/rdLLF2XusZq4FnBRKOgqBF7pYhULBDZTUgfQMDR+i5ERXkO1XA7hp3YG53RON1yufmKKKtFcccuNfl8
9FkvgdvmXG2QZXiKmeluYGIH8g1FyYzI56nZ9FuKvbwmFPinmQJfhowjopHh04RpSfKzGOkyuz18aiU8fcPa/tenWfk6P/l6
rixn1oUDvf6r1VJQC1WZn2jhotZKJTvC8T0Nr8JAMB0YRWvJx9X1Vhjm2J+JCl+evAvCer4fXjG5mhOgebo7pczCxUSti5omp095wSo3+WI=
62HB0pv4TT7kx+nE1UMoV1gHMo0MXeGeczzsS1t/kYImnrPK/tGnDz/H44vbK7nm/4Oax3sRsQH6vZLIRvkN
pSsM4m7AFrQuPY5cnJy9T3fv7ipaqOEZ1ou9/RvJMG4WaHAnhwgMrovx0yyyWIJHQKmsxFhsAgsXRh4uXSoNB1bI9vhC8DRcyahbFPAbYXwoZ2KhowrOrpaCsUeD4gttzwP5X7Vn/UseCunbHAsNIUetnKVERAD5Sw==
GpfQEfVb1ORYKyaN2gsUaHfv7ipaqOAZ1ou9/RvJMG4WaHAnhwgMtI3xzzSzWJ9WGfnvnVhlGTRSQR5LGHZcNROW7P5e7QZ7mrt4TaAFbXwxfX2howrOrpaCsUeD4gttzwP5X7Vn/UseCunbHAsNIUetnKVERAD5Sw==
0wWZ3WPwguGJe5wpNEr45FkHMo8LV+CeczzsS1t/kYImnrPK/tGnDz/H44vbK7jm/4Oax3sRsQH6vZLIRvkN
qvw5dwwmce5eqhEeauI76mMH8g9Cw43I56nZ9FuKvbwmFPinmQJfhowjopHh04RpSfKzGOkyuzl4ai85fcrZ/tenWfk6P/l6
XpPBov8F+na8u5SeoQeYfB9grJ40CbD4VcB2PmU3PpcfNxTmv2ww4+//JSp6Tv08giaiFzP336MPa2qOA/MWX++xBbm2bc4gMvl5
eyJMkEV24liwrW5XcaVuEaVr95qMYeHlUynChHnxpYzB0AvtttmeicNkkpk+PE9SoCnK7y8/z8WQCyZHS9CIz/K2yPD/ud7v/EHKAWzetjp4i2ksNHchKxUQoGsOdWVXvAhglvVAtUD7Fj2oG290qJdHWSAJeIu1sVdOBflM
GugtwO4THK1wkU1P7Pi4JKVr95qMYeHlUynChXnxpYzB0AvtttmeicNkkpkkOk9OuCjK8j5mn4bJCy9cdJWPz5fzlKHN/ID1+l3XM0uNpRkh23cgNG47NBUQoGsOdWVXvAhglvVAtUD7Fj2oG290qJdHWSAJeIu1sVdOBflM
/OP993i30FzKKeVze+yGiw0ZNZoQXZKAOzz7V0JI1ZhziaDR5tunDz/H44vbK7jj/4Sax3sRsQH6vZLIRvkN
TNLTkuuBn+VeD620PxVHVEIw+sV5QbnpEcppazMsPY0FO2bl92wn//bIYTAvWewpkjuzFzP336MPa2yLA/QWX++xBbm2bc4gMvl5
vpI8OTWEoWWCqdHL9WXsAF445oxmVqjoXt07PX0iMoUENyXu92wn//bIYTAvWewpkjuzFzP336MPa2uLA/QWX++xBbm2bc4gMvl5
eJI5bO3fBM2/XEcucSNCYXMe0b5aCk59ipTqQ7IMzmm/LV/aiNpIBB2X6EYeyiUHA6sj3OEuw+yx/nt9tRb4bUXmuRq/u2nNIjP5fg==
ojsDVP4roQZ7eusxoYWHdeYoJypVIXMaPJkKR8vy2VQJI7gIL+yB4UK1fEs9i71PUT9hiwlXTUzYAyHB6+WYVeA8PPl3
YpVRDEiKUHhX5dGTDoO4GFqu8mzecpVTgWy0MXajpzww9kFZKAzKvM1lrxWzRmWoW34NUJsaQUAwLwk4yeDbnVH/Pj35dA==
dGT6QTwI+CzO+kJ6hgq+jw0ZNZoQXZKAITr7S1pJ1Zhyk6bR+sOmDz/H44vbK7/h/4Wax3sRsQH6vZLIRvkN
zdPSjjyRF+V17Yb+yIpscEIw+sV5QbnpEcppazMsPY0FO2bl7Won4+7JYTAuQ+opjiOyFzP336MPa2uJA/UWX++xBbm2bc4gMvl5
uwFP7bpX/N/N4suwgzsk+Uo0JipVZXloUeXtu1QXFbX8vudVPaTfPBZ6b4K2twtvj/yUOkYq5d2pkHJhp3+XFUsb3XQr4rUMW0p7XEHzMWQpfGMBISMGIflo
c9xMMdRTkQVIPvDCR4DVEiYc7x4Xj/aO4fCevQeBv75gXP6wmQNpwpZ3r5X725t5SfKzGOkyuzp/aik5fcrZ/tenWfk6P/l6
OtxKGvfSeNqm84kvCL+2Dkk0JipVZXloUeXtu1QXFbX8vudVPaTfPBZ6b4K2twtvj/yUOkYq5d2pkHJhp3+XFUsb3XQr4rUMW0h7XEHzMWQpfGMBISMGIflo
PmyZfCgzGJ+zmJFTrmS9oCYc7x4Xj/aO4fCevQeBv75gXP6wmQNpwpZ3r5X725t5SfKzGOkyuzt/aik5fcrZ/tenWfk6P/l6
aIs05/DfDpuVi754sNl3EBFDZoSRmfeFKfJGbViXmUZ5GtN7YkntqFqzfoEyg25/x6cLG0OrJ3NXJiJ3M9H50aJd+jg++XU=
RjDnPujFbKN3PM1atPyIX031zVZhS8f9vHhXBY9aErSevqo+1m+7J0805OJmUvXVqZhiGYen592LU22sS1olhNvC6eSiq4GsaTSTWQHbFin5YA==
juwugAahnJYfr0xdephx020EnqYvsmIsHiZaVnbH698PDDSKhnrFzamAUjFnzzfly6s9BOsy1RxbWpkMAgNR1KkMw7Fh8yYx+Xg=
fpTij3S2fIgMS8DkU8/rqRFDZoSRmfeFKfJGbViXmUZ5GtN7YkntqFqzfoEyg25/x6cLG0OrKnNXJiJ3M9H50aJd+jg++XU=
SCoXYGDlf0rg+dAcqkU2IU31zVZhS8f9vHhXBY9aErSevqo+1m+7J0805OJmUvXVqZhiGYen592LU22sS1olhNvP6eSiq4GsaTSTWQHbFin5YA==
8TibjvB3usLULcXsDjBC8W0EnqYvsmIsHiZaVnbH698PDDSKhnrFzamAUjFnzzfly6s9BOsy1RxbV5kMAgNR1KkMw7Fh8yYx+Xg=
rWDDdNre63QvBcdrA0fsMBFDZoSRmfeFKfJGbViXmUZ5GtN7YkntqFqzfoEyg25/x6cLG0OrJ3JXJiJ3M9H50aJd+jg++XU=
OOIPVGWQ07bG5scwxRNAo031zVZhS8f9vHhXBY9aErSevqo+1m+7J0805OJmUvXVqZhiGYen592LU22sS1olhNvC6OSiq4GsaTSTWQHbFin5YA==
De7U1QRNAjGZiGopZ7PAoW0EnqYvsmIsHiZaVnbH698PDDSKhnrFzamAUjFnzzfly6s9BOsy1RxbWpgMAgNR1KkMw7Fh8yYx+Xg=
4qO/9e0vxvFdP4AsPApCLEk0JipVZXloUeXtu1QXFbX8vudVPaTfPBZ6b4K2twtvj/yUOkYq5d2pkHJhp3+XFUsb3XQr4rUMW0x6XELzMWQpfGMBISMGIflo
6SDPE3K5/fpWK6OTdHwuUSYc7x4Xj/aO4fCevQeBv75gXP6wmQNpwpZ3r5X725t5SfKzGOkyuz9+aio5fcrZ/tenWfk6P/l6
byaQRc/FBJeTLIaEmzRKG0o0JipVZXloUeXtu1QXFbX8vudVPaTfPBZ6b4K2twtvj/yUOkYq5d2pkHJhp3+XFUsb3XQr4rUMW016XELzMWQpfGMBISMGIflo
3oQRfnrxKR0ssoYypCaRVyYc7x4Xj/aO4fCevQeBv75gXP6wmQNpwpZ3r5X725t5SfKzGOkyuzh+aio5fcrZ/tenWfk6P/l6
WGEAyTD5zC0GvifsgXC5rkk0JipVZXloUeXtu1QXFbX8vudVPaTfPBZ6b4K2twtvj/yUOkYq5d2pkHJhp3+XFUsb3XQr4rUMW0p6XELzMWQpfGMBISMGIflo
3oQRfnrxKR0ssoYypCaRVyYc7x4Xj/aO4fCevQeBv75gXP6wmQNpwpZ3r5X725t5SfKzGOkyuzh+aio5fcrZ/tenWfk6P/l6
WGEAyTD5zC0GvifsgXC5rkk0JipVZXloUeXtu1QXFbX8vudVPaTfPBZ6b4K2twtvj/yUOkYq5d2pkHJhp3+XFUsb3XQr4rUMW0p6XELzMWQpfGMBISMGIflo
GT/pQjaSn1MADTxYWvn+tiYc7x4Xj/aO4fCevQeBv75gXP6wmQNpwpZ3r5X725t5SfKzGOkyuzl+aio5fcrZ/tenWfk6P/l6
PdO5Uocf16l26l1ZwQGQ8Eo0JipVZXloUeXtu1QXFbX8vudVPaTfPBZ6b4K2twtvj/yUOkYq5d2pkHJhp3+XFUsb3XQr4rUMW0t6XELzMWQpfGMBISMGIflo
VTOHhf4QPTvJ1o0frbrf/iYc7x4Xj/aO4fCevQeBv75gXP6wmQNpwpZ3r5X725t5SfKzGOkyuzp+aio5fcrZ/tenWfk6P/l6
yhOmVFWLT1RVTjNUNveL6Eo0JipVZXloUeXtu1QXFbX8vudVPaTfPBZ6b4K2twtvj/yUOkYq5d2pkHJhp3+XFUsb3XQr4rUMW0p9XELzMWQpfGMBISMGIflo
l/POIVKQDH8KcCTQkRH9oCYc7x4Xj/aO4fCevQeBv75gXP6wmQNpwpZ3r5X725t5SfKzGOkyuzR4aio5fcrZ/tenWfk6P/l6
NyadeUybx4rm4s+28sVvTUo0JipVZXloUeXtu1QXFbX8vudVPaTfPBZ6b4K2twtvj/yUOkYq5d2pkHJhp3+XFUsb3XQr4rUMW0Z8XELzMWQpfGMBISMGIflo
zvHNxXEChB/BM6HmJaPbSiYc7x4Xj/aO4fCevQeBv75gXP6wmQNpwpZ3r5X725t5SfKzGOkyuzV4aio5fcrZ/tenWfk6P/l6
CQDhjTW4ALGmjZwosiD1Mitd1vIv/youCWoPUnbH698PDDSKhnrFzamAUjFnzzfly6s9BOsy1RxbW5kMAwNR1KkMw7Fh8yYx+Xg=
256+x83JPs0i5n7YwRi1whmgNzSknLhfbTej4+JUVUX+g1vso45LsB0yNo3oFwkmqdqDm3JJ/ciK8y5hogPeHzfnO/szqxZTp2eS10NRaXFyHSoYLvll
x/QaMDCjx3Ywyj2PGMIHa20EnqYvsmIsHiZaVnbH698PDDSKhnrFzamAUjFnzzfly6s9BOsy1RxbW5kMAwNR1KkMw7Fh8yYx+Xg=
hXWZUZV1d6MxJhAPndt7BS1d1vIv/youCWoPUnbH698PDDSKhnrFzamAUjFnzzfly6s9BOsy1RxbX5gMAwNR1KkMw7Fh8yYx+Xg=
ibUtOgQnHJ0Bk/owi/41UQ93Yz9Wbm8gTfTGpkMSNbX8sOddb+KCPB42Ooa2twtvj/yUOkYq5d2pkHJhp3+XFUsb3XQr4rUMW094XEPzMWQpfGMBISMGIflo
+/S8SQPpipBLcPPyEhNdSW0EnqYvsmIsHiZaVnbH698PDDSKhnrFzamAUjFnzzfly6s9BOsy1RxbX5gMAwNR1KkMw7Fh8yYx+Xg=
vDVb3uc5fGQKpWNBjwMtQRFDZoSRmfeFKfJGbViXmUZ5GtN7YkntqFqzfoEyg25/x6cLG0OrI3FXJyJ3M9H50aJd+jg++XU=
h4tz/J3SMGwCNbYI20/JLU31zVZhS8f9vHhXBY9aErSevqo+1m+7J0805OJmUvXVqZhiGYen592LU22sS1olhNvG6+Sjq4GsaTSTWQHbFin5YA==
EZnIMigoe/r7MYcHd3hRA20EnqYvsmIsHiZaVnbH698PDDSKhnrFzamAUjFnzzfly6s9BOsy1RxbXpsMAwNR1KkMw7Fh8yYx+Xg=
6FB03I8Q1Rwbn93rTvooN0o0JipVZXloUeXtu1QXFbX8vudVPaTfPBZ6b4K2twtvj/yUOkYq5d2pkHJhp3+XFUsb3XQr4rUMW0d7XEPzMWQpfGMBISMGIflo
ghmB8/F3dIzIPjVlibt9VyYc7x4Xj/aO4fCevQeBv75gXP6wmQNpwpZ3r5X725t5SfKzGOkyuzx+ais5fcrZ/tenWfk6P/l6
sq04Cpfl4u6/EYWxshMb/BFDZoSRmfeFKfJGbViXmUZ5GtN7YkntqFqzfoEyg25/x6cLG0OrIHBXJyJ3M9H50aJd+jg++XU=
vk/idSq0IiMH+HQGYCZgm031zVZhS8f9vHhXBY9aErSevqo+1m+7J0805OJmUvXVqZhiGYen592LU22sS1olhNvF6uSjq4GsaTSTWQHbFin5YA==
QQqvclr5Sk3i389s1tAIsW0EnqYvsmIsHiZaVnbH698PDDSKhnrFzamAUjFnzzfly6s9BOsy1RxbXZoMAwNR1KkMw7Fh8yYx+Xg=
+1aE7fW6O3O5qNIuiJDsxRJDZoSRmfeFKfJGbViXmUZ5GtN7YkntqFqzfoEyg25/x6cLG0OrI3dXJyJ3M9H50aJd+jg++XU=
5zF7qxZEkG7ejfR8YY4pHkYDquFcJG/Z/4Yq6F7iEuKmswN7r6hcfhbOTUkpBNqF9ztfQWsP1XA7hp3YG5rVONN3ufCJKKtFcccuNfl8
4j6/bbHM2GDkKvSsT5dU920EnqYvsmIsHiZaVnbH698PDDSKhnrFzamAUjFnzzfly6s9BOsy1RxbXp0MAwNR1KkMw7Fh8yYx+Xg=
5ZPluimMVDYF/yuu782MwytNiKJj52stEWoPUnbH698PDDSKhnrFzamAUjFnzzfly6s9BOsy1RxbXJ0MAwNR1KkMw7Fh8yYx+Xg=
+/SNJSpSuJ1UyA1qL6/SpA0ZNZoQXZKAITr7S1pJ1Zhzk6bR+sOmDz/H44vbK73i/4max3sRsQH6vZLIRvkN
kR/dQJ3HYZHHsEgDOlRHdEIw+sV5QbnpEcppazMsPY0FO2bl7Won4+7JYTAvQ+opjiOyFzP336MPa2mKA/kWX++xBbm2bc4gMvl5
7o8qJJi4Ozsgbc/7Oi8Qq3wBhKJh9Gt8FylYEmb9rYtRB3+WjHn/mojFEWBjxTfgybU9BOsy1RxbW5sMDQNR1KkMw7Fh8yYx+Xg=
wwolLtSRkLJOsJ1CNBrCeWxmfWhU79W3N385zJ6YODEQbtM913VgDhbhlZexW0dK/KVHBghZqbwTGQ+8KakFGJsu7UCbByOQfZ/pSElQe20RLx4t+WQ=
o2cBiBNbzCX23lKXQlA9oHBuYSFL+MS2eGhrmtCWNzkRYpA213VgDhbhlZexW0dK/KVHBghZqbwTGQ+8KakFGJsu7UCbBSOQfZ/pSElQe20RLx4t+WQ=
Tuv3zMutEtS2YpLh+Z1fE0jY98EPcGDAy3tZrMQMNxNMHG7/kZ2hbVuo1IuzXEif5Q7LZ6sWWT+5mhOgebo7ps7CxUGtgpkmp095wSo3+WI=
pNmUeQsZvgNwDEQtf9ke7T+Nk6kAHfXlzgY3F3jJyOdini86CseqeRSBk4h27WOo/sctr4KNMbFWk7F/TVeVy7f80bFUm5VhP51UBdwUKPlj
MsRw8WcicFD7+7Bk3v+/YlVV/HFKTCBvz4czq+sryACvRChn6pFBYSr9ouhW+R0=
ip3y95TgmQ6Xbts/38WgNKq8QfK3gQKuwwE0RA1gU2UQg7lfdec9S16MKdxei0whhy3cpYTEQPkL
c8L64RD9L/u8riehjb8BBDsWMbAbr7AOkb/ShCzLxXgbTi1gmyFicPB9qalJcDvNkY/eTfkE
B8uTRI9Ow/bozQEg9IyrdjK9mhWguSkKJp6khCpqJSK43J949y0GYafuu4MRDU9mzabsZFfAJLngxxCDc7lEfObDWd/Vpx1LOUxJXP7LbCFnbXwlJAQg+Ws=
2vowwBi6sDxMq3xTsiXobraXqA9WLIiOj3JymN2wxXnsQc36iYsTCUV258LOTCUU7vkqE2Ir0d3u7GxH21dnM3fr0xj7lLyPpnFNiV4N1hAq+WE=
