pKDLzRsM9BB4nQ4Pa5BkpF/5cmXsyfJAKmXn8axUXFHk8Fi3qIxGtGR1K47tGwte4daUgWxZ/ZXU8jlnqgDeHzfnO/szqxdXp2mX10RTaXVyHSoYLvll
iWdM9GO+YBeuP07cyB3FPDh/PhK4I2L07B9dyWx5XoXxf5Ou1vjPsRkq0/CZyju86fKFlM11G7YD/7mRykf5cg==
HwB0N8GGc5X1bjppzkbj4evsyTEFjK6/R0Ad6LmUQ7hoTSaAQpa6qgxopc6qM21SPYzTGDSEWdMp4/yZUfajdAFm++MFjpy19bZ7QotjCdUSK/lm
e5D9tkyCVHnwiZeEL6XyZ/aRuw4RNLjdlHQlndC60GH8YsPhmMUTCUd179iNTCgT9/89WmJuxsPO/GpH21dnM3fr1Bv7kL6Pr3NNjV4N1hAq+WE=
azB8R2q8huZUVlulDW9YSfeRuw4RNLjdlHQlndC60GH8YsPhmMUTCUd179iNTCgT9/89WmJuxsPO/GpH21dnM3fr1Bv7kL6Pr3NNjV4N1hAq+WE=
MFDDBga0UMzS+kQ56yQvt/SRuw4RNLjdlHQlndC60GH8YsPhmMUTCUd179iNTCgT9/89WmJuxsPO/GpH21dnM3fr1Bv7kL6Pr3NNjV4N1hAq+WE=
X+ITJW5OozyvCaB7RS1kyvWRuw4RNLjdlHQlndC60GH8YsPhmMUTCUd179iNTCgT9/89WmJuxsPO/GpH21dnM3fr1Bv7kL6Pr3NNjV4N1hAq+WE=
KCIZEYxcTUkc1CQ3XFQlQGMd9A9e24zI56nZ9FuKvbwmFPinmQJfhowjopHh04RpSfKzGOkyuz99aiw5fcLb/tOnWfk6P/l6
mI1miEeLSTJmoMlCLAB9qWAd9A9e24zI56nZ9FuKvbwmFPinmQJfhowjopHh04RpSfKzGOkyuz99aiw5fcLb/tOnWfk6P/l6
vGxzgxCAmLJ88A6S5gtOkmEd9A9e24zI56nZ9FuKvbwmFPinmQJfhowjopHh04RpSfKzGOkyuzh9aiw5fcLb/tOnWfk6P/l6
55SYp67pyhlHpGCBStysuGYd9A9e24zI56nZ9FuKvbwmFPinmQJfhowjopHh04RpSfKzGOkyuzh9aiw5fcLb/tOnWfk6P/l6
rdox60MzIsanlxSs7OwnvGcd9A9e24zI56nZ9FuKvbwmFPinmQJfhowjopHh04RpSfKzGOkyuzh9aiw5fcLb/tOnWfk6P/l6
G2APx94oD1uMkd5MALIE/WQd9A9e24zI56nZ9FuKvbwmFPinmQJfhowjopHh04RpSfKzGOkyuzh9aiw5fcLb/tOnWfk6P/l6
SiyAeUykZWFfZbGcMJUllmIH8g1FyYzI56nZ9FuKvbwmFPinmQJfhowjopHh04RpSfKzGOkyuzh9aiw5fcLb/tOnWfk6P/l6
dP6R4n4Fu/bNz7wMTOSZgGMH8g1FyYzI56nZ9FuKvbwmFPinmQJfhowjopHh04RpSfKzGOkyuzh9aiw5fcLb/tOnWfk6P/l6
yAsnKn9ytZ8zwF3s3XIhsGAH8g1FyYzI56nZ9FuKvbwmFPinmQJfhowjopHh04RpSfKzGOkyuzh9aiw5fcLb/tOnWfk6P/l6
5M2hVh6+io6DcEvai+kpExZq66/IEOFfmRXaDaFtveVVXP+kiqctv+duQIa0x/TskCPpnyXHLUtJb3kYDGvVo/fJrGX0JDD5ew==
77CtbmNyAdf7IOnA4tJvQ08rT4Q//SmIs+4dEJ6gaDsRht8KFLcSLUl3ZAWxhmNEIXb79CW+XMUVJvvS65NJ5TI7+XY=
68JSf4qIKGZHjkBzDSFKTU4rT4Q//SmIs+4dEJ6gaDsRht8KFLcSLUl3ZAWxhmNEIXb79CW+XMUVJvvS65NJ5TI7+XY=
GyiE6kSPTOEiZep51fDOi2qMl78UBsahnRszF2ubgtghhTJted31JR2Mx4Ri1zW//54opoyXPKxYk7F/TVeVy7H/0bhUm51jP5lUBdwUKPlj
WA6l7xnL4aJCEZ6EP3PrJk0rT4Q//SmIs+4dEJ6gaDsRht8KFLcSLUl3ZAWxhmNEIXb79CW+XMUVJvvS65NJ5TI7+XY=
tQqkuAr1b8nbyX2ZCt8VA0wrT4Q//SmIs+4dEJ6gaDsRht8KFLcSLUl3ZAWxhmNEIXb79CW+XMUVJvvS65NJ5TI7+XY=
oi8ptfxCP4zDH1YRDkSAXUsrT4Q//SmIs+4dEJ6gaDsRht8KFLcSLUl3ZAWxhmNEIXb79CW+XMUVJvvS65NJ5TI7+XY=
+9bDT6O77bU3DcMvQFCaCUorT4Q//SmIs+4dEJ6gaDsRht8KFLcSLUl3ZAWxhmNEIXb79CW+XMUVJvvS65NJ5TI7+XY=
QgPCmWj+HzVCDBVMtbv3vkkrT4Q//SmIs+4dEJ6gaDsRht8KFLcSLUl3ZAWxhmNEIXb79CW+XMUVJvvS65NJ5TI7+XY=
CAYxEsQ1CA+/iEOwLTzU60grT4Q//SmIs+4dEJ6gaDsRht8KFLcSLUl3ZAWxhmNEIXb79CW+XMUVJvvS65NJ5TI7+XY=
x89uF+RuGRIgyw31RK4W3UcrT4Q//SmIs+4dEJ6gaDsRht8KFLcSLUl3ZAWxhmNEIXb79CW+XMUVJvvS65NJ5TI7+XY=
0V4oF+FtRt/PV3z9SmSNXEYrT4Q//SmIs+4dEJ6gaDsRht8KFLcSLUl3ZAWxhmNEIXb79CW+XMUVJvvS65NJ5TI7+XY=
jnPSqwDUc1CYr1erCYxfEaJwHB9VbS5ddcUBRcm0i1QeP6E/a/bU9kCvaEwsi71PUT9hiwVXTUjYAynD6+GYVeA8PPl3
3oDSA3UR9Ov7dx4ssasIBWIF+A9HzZPI56nZ9FuKvbwmFPinmQJfhowjopHh04RpSfKzGOkyuzh9aiw5fcLb/tOnWfk6P/l6
u99sWv+fOuDNuUtZsY5P9hoEduJws27G4P8CEITzLT0Uhd4BefMDOk5kbxWxhmNEIXb79CW+XMUVJvvS65NJ5TI7+XY=
n/rMjsdP01gIPIqLtnX/FhoEduJws27G4PsAHoTzLT0Uhd4BefMDOk5kbxWxhmNEIXb79CW+XMUVJvvS65NJ5TI7+XY=
DDjWu0NOh1qyr+0wCyJScR+zeuFcYXO7qSFU1IL+N7/lO0xsmzyBLc3zQT+dd6XLwR+BeOQ7DePP+YRF7DQ4+XM=
VzMG0nQNG2UktwRgvO3qHHwBhKJh9Gt8FylYEmb9rYtQB3+WjHn/mojFEWBjxTfgybU9BOsy1RxbVpkMAgNR3KsMx7Fh8yYx+Xg=
dwvdMI+FIKiziUZuB4v76T+Nk6kAHfXlzgY3F3jJyOdini86CseqeBSBk4h27WOo/sctr4KNMbFWk7F/TVeVy73/0b5Um51jP5lUBdwUKPlj
RrrvkjZH0kberGh6IwvAGQ0ZNZoQXZKAITr7S1pJ1Zhzk6bR+sOmDz/H44vbK7jm/4Cbx3MTsQX6vZLIRvkN
YpL+sCr8TWtFMvauTj9V70Iw+sV5QbnpEcppazMsPY0FO2bl7Won4+7JYTAvQ+opjiOyFzP336MPa2yOA/AXX+ezBb22bc4gMvl5
EDuPKS5KN9A9Hm8GG9O2IisDh695sT8sFmoPUnbH698PDDSKhnrFzamAUjBnzzfly6s9BOsy1RxbXZoMBQJR3KsMx7Fh8yYx+Xg=
t7x2G4VUHv3w3yBVtwhcA0pkJH2bwH6ZnVKJ9N5L+VndDXX954SwnNDL2bvgUBBoPDUQjZTDFf0yhh03maJSRSQ3BS5N6scjjsmBcE/DSmmuI5JX03e/Y+9rS0+jcbefh7Pl/dbtbmAS+Vk=
fimLQUwro55u5KkHGt64CU5rrrTIWbAm3xODSugxtudXGreinacsiaN0FYuw3fzzgCPpnyXHLUtLa3kZDWvVo/fJrGX0JDD5ew==
En05rhUKyyf+gw6QyZAcOkYv2Y10YBbFExH05pvb3/pEaVKH86IbMuEvqAkn/OkbHGVYE+T7RS/5j+kLiKIl6WGz8YMTsUB1yCw0+X8=
1CYrGGc2Zvz05uv0WRdRxUpkJH2bwH6ZnVKJ9N5L+VndDXr954SwnNDL2bvgUBBoPDUQjZTDFf0yhh03maJSRSQ3BS5N6scjjsmBcE/DSmmuI5JX03e/Y+9rT0qjcrefh7Pl/dbtbmAS+Vk=
/NcO6TYWMvGZ0VgsghB4HE5rrrTIWbAm3xODSugxtudXGreinacsiaN0FYuw3fzzgCPpnyXHLUtPbnkaDWvVo/fJrGX0JDD5ew==
bOspFk3gkysKPa3RgC0AMCYc7x4Xj/aO4fCevQeBv75gXP6wmQNpwpZ2r5X725t5SfKzGOkyuzp9ai84fcLb/tOnWfk6P/l6
YBujqtbBuRE0+bJ/hDSoSkk0JipVZXloUeXtu1QXFbX8vudVPaTfPBZ6b4K2twtvj/yUOkYq5d2pkHJgp3+XFUsb3XQr4rUMW0h5XEfyMWwrfGcBISMGIflo
bOspFk3gkysKPa3RgC0AMCYc7x4Xj/aO4fCevQeBv75gXP6wmQNpwpZ2r5X725t5SfKzGOkyuzp9ai84fcLb/tOnWfk6P/l6
5W0tk61eNZiynQdtYJah5U80JipVZXloUeXtu1QXFbX8vudVPaTfPBZ6b4K2twtvj/yUOkYq5d2pkHJgp3+XFUsb3XQr4rUMW0h5XEfyMWwrfGcBISMGIflo
pB7bPr1Mx+VzJvzjaxEpryYc7x4Xj/aO4fCevQeBv75gXP6wmQNpwpZ2r5X725t5SfKzGOkyuzt9ai84fcLb/tOnWfk6P/l6
3oSdpng7CxKx8DDIlWyJ7kg0JipVZXloUeXtu1QXFbX8vudVPaTfPBZ6b4K2twtvj/yUOkYq5d2pkHJgp3+XFUsb3XQr4rUMW0l5XEfyMWwrfGcBISMGIflo
pB7bPr1Mx+VzJvzjaxEpryYc7x4Xj/aO4fCevQeBv75gXP6wmQNpwpZ2r5X725t5SfKzGOkyuzt9ai84fcLb/tOnWfk6P/l6
DuL+vKbj9JgEzvsU6ONAok80JipVZXloUeXtu1QXFbX8vudVPaTfPBZ6b4K2twtvj/yUOkYq5d2pkHJgp3+XFUsb3XQr4rUMW0l5XEfyMWwrfGcBISMGIflo
58b50E8MDQn/I2uhAx9UWiYc7x4Xj/aO4fCevQeBv75gXP6wmQNpwpZ2r5X725t5SfKzGOkyuzR9ai84fcLb/tOnWfk6P/l6
yX8084BjPK2Dy8xCgV07o0k0JipVZXloUeXtu1QXFbX8vudVPaTfPBZ6b4K2twtvj/yUOkYq5d2pkHJgp3+XFUsb3XQr4rUMW0Z5XEfyMWwrfGcBISMGIflo
RvLqOvSm4z955lugFy2lyyYc7x4Xj/aO4fCevQeBv75gXP6wmQNpwpZ2r5X725t5SfKzGOkyuzt/ai84fcLb/tOnWfk6P/l6
SCEg3SVEyi6KqqbR3jS6zUk0JipVZXloUeXtu1QXFbX8vudVPaTfPBZ6b4K2twtvj/yUOkYq5d2pkHJgp3+XFUsb3XQr4rUMW0l7XEfyMWwrfGcBISMGIflo
8p8VBLlelxjobKnQkrhJXSYc7x4Xj/aO4fCevQeBv75gXP6wmQNpwpZ2r5X725t5SfKzGOkyuzR/ai84fcLb/tOnWfk6P/l6
bo4NYa0loG3hZnxMTSnmjEg0JipVZXloUeXtu1QXFbX8vudVPaTfPBZ6b4K2twtvj/yUOkYq5d2pkHJgp3+XFUsb3XQr4rUMW0Z7XEfyMWwrfGcBISMGIflo
8p8VBLlelxjobKnQkrhJXSYc7x4Xj/aO4fCevQeBv75gXP6wmQNpwpZ2r5X725t5SfKzGOkyuzR/ai84fcLb/tOnWfk6P/l6
0nxPHBbdpP/Js5vPZTMAw080JipVZXloUeXtu1QXFbX8vudVPaTfPBZ6b4K2twtvj/yUOkYq5d2pkHJgp3+XFUsb3XQr4rUMW0Z7XEfyMWwrfGcBISMGIflo
ljQD+3ZtpJb2k8Tm4OlpfyYc7x4Xj/aO4fCevQeBv75gXP6wmQNpwpZ2r5X725t5SfKzGOkyuz1+ai84fcLb/tOnWfk6P/l6
Cz87S5H0CbNL8ypCCOSmh040JipVZXloUeXtu1QXFbX8vudVPaTfPBZ6b4K2twtvj/yUOkYq5d2pkHJgp3+XFUsb3XQr4rUMW096XEfyMWwrfGcBISMGIflo
6kP69HjLT9qGYWZ2aYuIPCYc7x4Xj/aO4fCevQeBv75gXP6wmQNpwpZ2r5X725t5SfKzGOkyuz14ai84fcLb/tOnWfk6P/l6
oNnezcPaSxYKu9L6VKJCEEo0JipVZXloUeXtu1QXFbX8vudVPaTfPBZ6b4K2twtvj/yUOkYq5d2pkHJgp3+XFUsb3XQr4rUMW098XEfyMWwrfGcBISMGIflo
f0MEc6t9YJlIKrxfznNvRSYc7x4Xj/aO4fCevQeBv75gXP6wmQNpwpZ2r5X725t5SfKzGOkyuz54ai84fcLb/tOnWfk6P/l6
mWt0Mg3W87CI/g5B5iUAPUo0JipVZXloUeXtu1QXFbX8vudVPaTfPBZ6b4K2twtvj/yUOkYq5d2pkHJgp3+XFUsb3XQr4rUMW0x8XEfyMWwrfGcBISMGIflo
XEPCpPvl0VVaSnBv+pCiqSYc7x4Xj/aO4fCevQeBv75gXP6wmQNpwpZ2r5X725t5SfKzGOkyuz94ai84fcLb/tOnWfk6P/l6
c7sHK/ZdFbcrD/xWzsRdXEo0JipVZXloUeXtu1QXFbX8vudVPaTfPBZ6b4K2twtvj/yUOkYq5d2pkHJgp3+XFUsb3XQr4rUMW018XEfyMWwrfGcBISMGIflo
XEPCpPvl0VVaSnBv+pCiqSYc7x4Xj/aO4fCevQeBv75gXP6wmQNpwpZ2r5X725t5SfKzGOkyuz94ai84fcLb/tOnWfk6P/l6
c7sHK/ZdFbcrD/xWzsRdXEo0JipVZXloUeXtu1QXFbX8vudVPaTfPBZ6b4K2twtvj/yUOkYq5d2pkHJgp3+XFUsb3XQr4rUMW018XEfyMWwrfGcBISMGIflo
l7YUmI4CrrMuyl3FZM1voQ0ZNZoQXZKAITr7S1pJ1Zh0k6bR+sOmDz/H44vbK7Pi/4Sbx3MTsQX6vZLIRvkN
Hk0zyyvsj1EvyrHu9Ea3p0Iw+sV5QbnpEcppazMsPY0FO2bl7Won4+7JYTAoQ+opjiOyFzP336MPa2eKA/QXX+ezBb22bc4gMvl5
JS/+AUbWv1H6CZgf9dt2KEo0JipVZXloUeXtu1QXFbX8vudVPaTfPBZ6b4K2twtvj/yUOkYq5d2pkHJnp3+XFUsb3XQr4rUMW0d7XEDyMWwrfGcBISMGIflo
TxhhXNev9Jsf//caQS0qFSYc7x4Xj/aO4fCevQeBv75gXP6wmQNpwpZxr5X725t5SfKzGOkyuzx+aig4fcLb/tOnWfk6P/l6
wycD2PIBgI0o3/Cof6nJo0k0JipVZXloUeXtu1QXFbX8vudVPaTfPBZ6b4K2twtvj/yUOkYq5d2pkHJnp3+XFUsb3XQr4rUMW056XEDyMWwrfGcBISMGIflo
TxhhXNev9Jsf//caQS0qFSYc7x4Xj/aO4fCevQeBv75gXP6wmQNpwpZxr5X725t5SfKzGOkyuzx+aig4fcLb/tOnWfk6P/l6
n7p93FTVIeDkTOMCqqC89Eg0JipVZXloUeXtu1QXFbX8vudVPaTfPBZ6b4K2twtvj/yUOkYq5d2pkHJnp3+XFUsb3XQr4rUMW056XEDyMWwrfGcBISMGIflo
TxhhXNev9Jsf//caQS0qFSYc7x4Xj/aO4fCevQeBv75gXP6wmQNpwpZxr5X725t5SfKzGOkyuzx+aig4fcLb/tOnWfk6P/l6
n7p93FTVIeDkTOMCqqC89Eg0JipVZXloUeXtu1QXFbX8vudVPaTfPBZ6b4K2twtvj/yUOkYq5d2pkHJnp3+XFUsb3XQr4rUMW056XEDyMWwrfGcBISMGIflo
/E21mzZxDNvYtzkFnMNbliYc7x4Xj/aO4fCevQeBv75gXP6wmQNpwpZxr5X725t5SfKzGOkyuz1+aig4fcLb/tOnWfk6P/l6
VQYuW9t7J8NhYA92Ld2LEk80JipVZXloUeXtu1QXFbX8vudVPaTfPBZ6b4K2twtvj/yUOkYq5d2pkHJnp3+XFUsb3XQr4rUMW096XEDyMWwrfGcBISMGIflo
/E21mzZxDNvYtzkFnMNbliYc7x4Xj/aO4fCevQeBv75gXP6wmQNpwpZxr5X725t5SfKzGOkyuz1+aig4fcLb/tOnWfk6P/l6
MzRzmPEAJH4JhpADgGSzhU40JipVZXloUeXtu1QXFbX8vudVPaTfPBZ6b4K2twtvj/yUOkYq5d2pkHJnp3+XFUsb3XQr4rUMW096XEDyMWwrfGcBISMGIflo
EKzxXM+EFT5Jpvfjomo4ySYc7x4Xj/aO4fCevQeBv75gXP6wmQNpwpZxr5X725t5SfKzGOkyuz5+aig4fcLb/tOnWfk6P/l6
Gyd669TDYd7Bzjxw5+7oV040JipVZXloUeXtu1QXFbX8vudVPaTfPBZ6b4K2twtvj/yUOkYq5d2pkHJnp3+XFUsb3XQr4rUMW0x6XEDyMWwrfGcBISMGIflo
EKzxXM+EFT5Jpvfjomo4ySYc7x4Xj/aO4fCevQeBv75gXP6wmQNpwpZxr5X725t5SfKzGOkyuz5+aig4fcLb/tOnWfk6P/l6
2Zx/OzqTomqECQZv0URZEk80JipVZXloUeXtu1QXFbX8vudVPaTfPBZ6b4K2twtvj/yUOkYq5d2pkHJnp3+XFUsb3XQr4rUMW0x6XEDyMWwrfGcBISMGIflo
vqgtvyveWlx+fec8JQQ29CYc7x4Xj/aO4fCevQeBv75gXP6wmQNpwpZxr5X725t5SfKzGOkyuz1+aik4fcLb/tOnWfk6P/l6
szrAh1gn0crNIGmRgR2JDygDh695sT8sFmoPUnbH698PDDSKhnrFzamAUjdnzzfly6s9BOsy1RxbVpoMAQJR3KsMx7Fh8yYx+Xg=
dhZxTkNMIei/zOWf7sX8cObxoNDLwajWS2uexYqMlRGPlEUrOypA896Rix51JQxbIuXN39vpl8YP47ZqaaxOiX9NXzrIoM6kQa/pZl5tv2FDVzu9Ic5DTHHee1p3tnqMhY67+vvb6W1iE/le
b4D5Ya/0pLwHQIek3qI6OE5rrrTIWbAm3xODSugxtudXGreinacsiaN0Eouw3fzzgCPpnyXHLUtObXkeDWvVo/fJrGX0JDD5ew==
KUPWLLSOMsJwWf1XDghRWubxoNDLwajWS2uexYqMlRGPlEUrOypA896Rix51JQxbIuXN39vpl8YP47ZqaaxOiX9NXzrIoM6kQa/pZl5tv2FDVzu9Ic5DTHHee1pxtnqMhY67+vvb6W1iE/le
N9mkIBlo5HxpfmI4KM9O7E5rrrTIWbAm3xODSugxtudXGreinacsiaN0Eouw3fzzgCPpnyXHLUtJa3keDWvVo/fJrGX0JDD5ew==
shtS4fxNQ2HFY0tXEo/dhCYc7x4Xj/aO4fCevQeBv75gXP6wmQNpwpZxr5X725t5SfKzGOkyuz14aio4fcLb/tOnWfk6P/l6
cXqipe/QkF/Uygmpx5q9oko0JipVZXloUeXtu1QXFbX8vudVPaTfPBZ6b4K2twtvj/yUOkYq5d2pkHJnp3+XFUsb3XQr4rUMW098XELyMWwrfGcBISMGIflo
1nEonykrOO4OnTltYxIJqSYc7x4Xj/aO4fCevQeBv75gXP6wmQNpwpZxr5X725t5SfKzGOkyuz94aio4fcLb/tOnWfk6P/l6
jVhB3qo9j2kTSpBZnS769Uk0JipVZXloUeXtu1QXFbX8vudVPaTfPBZ6b4K2twtvj/yUOkYq5d2pkHJnp3+XFUsb3XQr4rUMW018XELyMWwrfGcBISMGIflo
1nEonykrOO4OnTltYxIJqSYc7x4Xj/aO4fCevQeBv75gXP6wmQNpwpZxr5X725t5SfKzGOkyuz94aio4fcLb/tOnWfk6P/l6
b3DPHkP/+lxmcyofIl1h+0o0JipVZXloUeXtu1QXFbX8vudVPaTfPBZ6b4K2twtvj/yUOkYq5d2pkHJnp3+XFUsb3XQr4rUMW018XELyMWwrfGcBISMGIflo
e+v/rbXPdv4bOHcbx/NyKw0ZNZoQXZKAITr7S1pJ1Zhwk6bR+sOmDz/H44vbK7zj/4ebx3MTsQX6vZLIRvkN
AM7pHJXP0V9vNMphLy1ZVkIw+sV5QbnpEcppazMsPY0FO2bl7Won4+7JYTAsQ+opjiOyFzP336MPa2iLA/cXX+ezBb22bc4gMvl5
ILPax9JqKzwNueNsEw87vA0ZNZoQXZKAITr7S1pJ1Zhxk6bR+sOmDz/H44vbK7ri/4ebx3MTsQX6vZLIRvkN
1p7v/2/m/NnSHofrbQU9zkIw+sV5QbnpEcppazMsPY0FO2bl7Won4+7JYTAtQ+opjiOyFzP336MPa26KA/cXX+ezBb22bc4gMvl5
gSTa7YyQf3XBDBOthdVsgEo0JipVZXloUeXtu1QXFbX8vudVPaTfPBZ6b4K2twtvj/yUOkYq5d2pkHJjp3+XFUsb3XQr4rUMW097XEPyMWwrfGcBISMGIflo
gLoXSXXfUXN1xAwjOeIg9Qhocz1TaitoXf7F71MEPOXxvvJaOLKLcVY8JYa2twtvj/yUOkYq5d2pkHJjp3+XFUsb3XQr4rUMW0x7XEPyMWwrfGcBISMGIflo
Td2jzl3O4/HBb0ut4ACLGSJ2hQzGopjm/OradEV1y4qIl0EobvDQDO/TtlqJfA7Z373fSmhwDvQhn+lWPjl/seMnu02BngOcke57bJdmO9wlfjuKWwspPQIj+W4=
hO1K25x7Sn+J9/5qaJagCyYc7x4Xj/aO4fCevQeBv75gXP6wmQNpwpZ1r5X725t5SfKzGOkyuzl/ais4fcLb/tOnWfk6P/l6
c0NPh9Muvrggvl8Rai6qXkk0JipVZXloUeXtu1QXFbX8vudVPaTfPBZ6b4K2twtvj/yUOkYq5d2pkHJjp3+XFUsb3XQr4rUMW0t7XEPyMWwrfGcBISMGIflo
dCllJfLo0aSse7wD75jaxCYc7x4Xj/aO4fCevQeBv75gXP6wmQNpwpZ1r5X725t5SfKzGOkyuzp/ais4fcLb/tOnWfk6P/l6
cJlwZ7jKkCCaLNCLHqJW8Eg0JipVZXloUeXtu1QXFbX8vudVPaTfPBZ6b4K2twtvj/yUOkYq5d2pkHJjp3+XFUsb3XQr4rUMW0h7XEPyMWwrfGcBISMGIflo
dCllJfLo0aSse7wD75jaxCYc7x4Xj/aO4fCevQeBv75gXP6wmQNpwpZ1r5X725t5SfKzGOkyuzp/ais4fcLb/tOnWfk6P/l6
WRVEYgeTPZ5qOXk6IvEbL080JipVZXloUeXtu1QXFbX8vudVPaTfPBZ6b4K2twtvj/yUOkYq5d2pkHJjp3+XFUsb3XQr4rUMW0h7XEPyMWwrfGcBISMGIflo
0IXxzv3ngvJghR1SIuK5yiYc7x4Xj/aO4fCevQeBv75gXP6wmQNpwpZ1r5X725t5SfKzGOkyuzt/ais4fcLb/tOnWfk6P/l6
lPzBoqBp8CRBXoE+hIN+Kk40JipVZXloUeXtu1QXFbX8vudVPaTfPBZ6b4K2twtvj/yUOkYq5d2pkHJjp3+XFUsb3XQr4rUMW0l7XEPyMWwrfGcBISMGIflo
0IXxzv3ngvJghR1SIuK5yiYc7x4Xj/aO4fCevQeBv75gXP6wmQNpwpZ1r5X725t5SfKzGOkyuzt/ais4fcLb/tOnWfk6P/l6
E0QDpz7GugYAK+LHeHxALk00JipVZXloUeXtu1QXFbX8vudVPaTfPBZ6b4K2twtvj/yUOkYq5d2pkHJjp3+XFUsb3XQr4rUMW0l7XEPyMWwrfGcBISMGIflo
GUviiQ0M+ki4V+3/NGGfQyYc7x4Xj/aO4fCevQeBv75gXP6wmQNpwpZ1r5X725t5SfKzGOkyuzR/ais4fcLb/tOnWfk6P/l6
8OT8/fu7UvwKeiTtr8PP3Ew0JipVZXloUeXtu1QXFbX8vudVPaTfPBZ6b4K2twtvj/yUOkYq5d2pkHJjp3+XFUsb3XQr4rUMW0Z7XEPyMWwrfGcBISMGIflo
GUviiQ0M+ki4V+3/NGGfQyYc7x4Xj/aO4fCevQeBv75gXP6wmQNpwpZ1r5X725t5SfKzGOkyuzR/ais4fcLb/tOnWfk6P/l6
0/e4n8TaSmnkiZ6qgw9jCk40JipVZXloUeXtu1QXFbX8vudVPaTfPBZ6b4K2twtvj/yUOkYq5d2pkHJjp3+XFUsb3XQr4rUMW0Z7XEPyMWwrfGcBISMGIflo
GUviiQ0M+ki4V+3/NGGfQyYc7x4Xj/aO4fCevQeBv75gXP6wmQNpwpZ1r5X725t5SfKzGOkyuzR/ais4fcLb/tOnWfk6P/l6
uBb7FPGrzfjzb0+1d/VO9080JipVZXloUeXtu1QXFbX8vudVPaTfPBZ6b4K2twtvj/yUOkYq5d2pkHJjp3+XFUsb3XQr4rUMW0Z7XEPyMWwrfGcBISMGIflo
RCGGL2Z4izb0pPRd/gEW3CYc7x4Xj/aO4fCevQeBv75gXP6wmQNpwpZ1r5X725t5SfKzGOkyuz5+ais4fcLb/tOnWfk6P/l6
VdxS3B3MhwCXau34TJzC20g0JipVZXloUeXtu1QXFbX8vudVPaTfPBZ6b4K2twtvj/yUOkYq5d2pkHJjp3+XFUsb3XQr4rUMW0x6XEPyMWwrfGcBISMGIflo
ejKMWA7gy0HFJuII4Si2xyYc7x4Xj/aO4fCevQeBv75gXP6wmQNpwpZ1r5X725t5SfKzGOkyuz9+ais4fcLb/tOnWfk6P/l6
36u7u5mE7fScVJDccevOOU80JipVZXloUeXtu1QXFbX8vudVPaTfPBZ6b4K2twtvj/yUOkYq5d2pkHJjp3+XFUsb3XQr4rUMW016XEPyMWwrfGcBISMGIflo
/S8ERb7tuhINLPuwRrWyHiYc7x4Xj/aO4fCevQeBv75gXP6wmQNpwpZ1r5X725t5SfKzGOkyuzh+ais4fcLb/tOnWfk6P/l6
FZzzd+VXQYZr0NW40HXNG0g0JipVZXloUeXtu1QXFbX8vudVPaTfPBZ6b4K2twtvj/yUOkYq5d2pkHJjp3+XFUsb3XQr4rUMW0p6XEPyMWwrfGcBISMGIflo
aB3o0KThcOfCJG9F1AbsC0o0JipVZXloUeXtu1QXFbX8vudVPaTfPBZ6b4K2twtvj/yUOkYq5d2pkHJip3+XFUsb3XQr4rUMW0h6XEPyMWwrfGcBISMGIflo
WuEyC6/xFUuBpg4LgpvVYghocz1TaitoXf7F71MEPOXxvvJaOLKLcVY8JYa2twtvj/yUOkYq5d2pkHJip3+XFUsb3XQr4rUMW0l6XEPyMWwrfGcBISMGIflo
294RXqqO8JfUZOlMeMiKoyJ2hQzGopjm/OradEV1y4qIl0EobvDQDO/TtlqJfA7Z373fSmhwDvQhn+lWPjh/seMnu02BngOcke57YZZmO9wlfjuKWwspPQIj+W4=
uGJT0H0/8FuWWUrDUG+fcyYc7x4Xj/aO4fCevQeBv75gXP6wmQNpwpZ0r5X725t5SfKzGOkyuzV+ais4fcLb/tOnWfk6P/l6
H3vXnvqwnmLTc1HE96nyEUk0JipVZXloUeXtu1QXFbX8vudVPaTfPBZ6b4K2twtvj/yUOkYq5d2pkHJip3+XFUsb3XQr4rUMW0d6XEPyMWwrfGcBISMGIflo
7bxJkJnU+NSr23MF48+t2CYc7x4Xj/aO4fCevQeBv75gXP6wmQNpwpZ0r5X725t5SfKzGOkyuzx5ais4fcLb/tOnWfk6P/l6
4Mnw1iq0dtAHMq+I9JklDkg0JipVZXloUeXtu1QXFbX8vudVPaTfPBZ6b4K2twtvj/yUOkYq5d2pkHJip3+XFUsb3XQr4rUMW059XEPyMWwrfGcBISMGIflo
7bxJkJnU+NSr23MF48+t2CYc7x4Xj/aO4fCevQeBv75gXP6wmQNpwpZ0r5X725t5SfKzGOkyuzx5ais4fcLb/tOnWfk6P/l6
6WuHixIGosk2onqLbpDPNE80JipVZXloUeXtu1QXFbX8vudVPaTfPBZ6b4K2twtvj/yUOkYq5d2pkHJip3+XFUsb3XQr4rUMW059XEPyMWwrfGcBISMGIflo
GZznRc8c+9KhyLa0zqQX1Q0ZNZoQXZKAITr7S1pJ1Zh2k6bR+sOmDz/H44vbK7Pn/4ebx3MTsQX6vZLIRvkN
FRmK5SiTtILWvaR1UgIKsUIw+sV5QbnpEcppazMsPY0FO2bl7Won4+7JYTAqQ+opjiOyFzP336MPa2ePA/cXX+ezBb22bc4gMvl5
4MJ2N2j0zQGSohIDCaHGxB9g+s14RfzpX8Y7PX0iMoUENyXu7Won4+7JYTAqQ+opjiOyFzP336MPa2uJA/gXX+ezBb22bc4gMvl5
hmcOGo9+sYotdJMWtMUar0pkJH2bwH6ZnVKJ9N5L+VndDXb+54SwnNDL2bvgUBBoPDUQjZTDFf0yhh03maJSRSQ3BS5N6scjjsmBcErDSmmuI5JX03e/Y+9rRkijeLefh7Pl/dbtbmAS+Vk=
6K4xzby4UoZbpv525X8Vi05rrrTIWbAm3xODSugxtudXGreinacsiaN0EIuw3fzzgCPpnyXHLUtMa3kQDWvVo/fJrGX0JDD5ew==
UdQGuPnWpatOfdq4lpzvLUUD9aBVPy7DscwjpRboDeKmswN7r6hcfhbOTUkpBNqB9ztfQWsP1XA7hp3YG5rUONx2ufiLKK9FcccuNfl8
tKXymk0iCGZmgLy+BmQX8EpkJH2bwH6ZnVKJ9N5L+VndDXf+54SwnNDL2bvgUBBoPDUQjZTDFf0yhh03maJSRSQ3BS5N6scjjsmBcErDSmmuI5JX03e/Y+9rT0ujebefh7Pl/dbtbmAS+Vk=
Zn5544L4CoCt1wNAcZEp405rrrTIWbAm3xODSugxtudXGreinacsiaN0EIuw3fzzgCPpnyXHLUtPb3kRDWvVo/fJrGX0JDD5ew==
61HWj6f8S+OzXiw/B7k6HCYc7x4Xj/aO4fCevQeBv75gXP6wmQNpwpZzr5X725t5SfKzGOkyuzR8aiU4fcLb/tOnWfk6P/l6
tcNq0w4AOOq2Q8o9r/WBrko0JipVZXloUeXtu1QXFbX8vudVPaTfPBZ6b4K2twtvj/yUOkYq5d2pkHJlp3+XFUsb3XQr4rUMW0Z4XE3yMWwrfGcBISMGIflo
Qbi7JcPI3BxXsZRH2nT1oyYc7x4Xj/aO4fCevQeBv75gXP6wmQNpwpZzr5X725t5SfKzGOkyuzx/aiU4fcLb/tOnWfk6P/l6
WStn2/4cNn8iWfmvfwHBMEo0JipVZXloUeXtu1QXFbX8vudVPaTfPBZ6b4K2twtvj/yUOkYq5d2pkHJlp3+XFUsb3XQr4rUMW057XE3yMWwrfGcBISMGIflo
0uwQh9EdQcElcNPkrz2+qyYc7x4Xj/aO4fCevQeBv75gXP6wmQNpwpZzr5X725t5SfKzGOkyuz1/aiU4fcLb/tOnWfk6P/l6
T8cXB1Lpdj+gtncMz7A3Nkk0JipVZXloUeXtu1QXFbX8vudVPaTfPBZ6b4K2twtvj/yUOkYq5d2pkHJlp3+XFUsb3XQr4rUMW097XE3yMWwrfGcBISMGIflo
EcgCR8MfcdBy5b2naOg1ySYc7x4Xj/aO4fCevQeBv75gXP6wmQNpwpZzr5X725t5SfKzGOkyuz5/aiU4fcLb/tOnWfk6P/l6
TNMlYEnjdbH0JdhTP8uaj0k0JipVZXloUeXtu1QXFbX8vudVPaTfPBZ6b4K2twtvj/yUOkYq5d2pkHJlp3+XFUsb3XQr4rUMW0x7XE3yMWwrfGcBISMGIflo
EcU68eQdK8kVZyXSk1Cz5CYc7x4Xj/aO4fCevQeBv75gXP6wmQNpwpZzr5X725t5SfKzGOkyuz9/aiU4fcLb/tOnWfk6P/l6
J4W08O7pjfoLSy66ULE6T0g0JipVZXloUeXtu1QXFbX8vudVPaTfPBZ6b4K2twtvj/yUOkYq5d2pkHJlp3+XFUsb3XQr4rUMW017XE3yMWwrfGcBISMGIflo
GBKcrj0CFod4SF+WTrfa+A0ZNZoQXZKAITr7S1pJ1Zh3k6bR+sOmDz/H44vbK7Ph/4mbx3MTsQX6vZLIRvkN
op019pWwtyafttuVVdUiq0Iw+sV5QbnpEcppazMsPY0FO2bl7Won4+7JYTArQ+opjiOyFzP336MPa2eJA/kXX+ezBb22bc4gMvl5
IdyxCPSTR/3a4+MQlogmdh1g+s14RfzpX8Y7PX0iMoUENyXu7Won4+7JYTArQ+opjiOyFzP336MPa2iIA/kXX+ezBb22bc4gMvl5
BTu/LcyQvIoJXZ7oK4yV20pkJH2bwH6ZnVKJ9N5L+VndDXT+54SwnNDL2bvgUBBoPDUQjZTDFf0yhh03maJSRSQ3BS5N6scjjsmBcEvDSmmuI5JX03e/Y+9rS0+jebefh7Pl/dbtbmAS+Vk=
t/tkE1vWVM2wXk9ToM67IE5rrrTIWbAm3xODSugxtudXGreinacsiaN0EYuw3fzzgCPpnyXHLUtIa3kRDWvVo/fJrGX0JDD5ew==
Vswtx38HwzsANfzvhAzjMkMD9aBVPy7DscwjpRboDeKmswN7r6hcfhbOTUkpBNqA9ztfQWsP1XA7hp3YG5rUON12ufiLKK9FcccuNfl8
f57oyErElZYw1wVbKpK/WEpkJH2bwH6ZnVKJ9N5L+VndDXX+54SwnNDL2bvgUBBoPDUQjZTDFf0yhh03maJSRSQ3BS5N6scjjsmBcEvDSmmuI5JX03e/Y+9rR06jebefh7Pl/dbtbmAS+Vk=
ufgbiFLGHnLei16c1bPnJE5rrrTIWbAm3xODSugxtudXGreinacsiaN0EYuw3fzzgCPpnyXHLUtNb3kYDmvVo/fJrGX0JDD5ew==
4alwicwkhi0e8KP/1exbsSYc7x4Xj/aO4fCevQeBv75gXP6wmQNpwpZyr5X725t5SfKzGOkyuzp9aiw7fcLb/tOnWfk6P/l6
OYsneSKwhDKkIlbSEt32A0o0JipVZXloUeXtu1QXFbX8vudVPaTfPBZ6b4K2twtvj/yUOkYq5d2pkHJkp3+XFUsb3XQr4rUMW0h5XETxMWwrfGcBISMGIflo
DEm/bRm8tOJ53r3mNAVV7CYc7x4Xj/aO4fCevQeBv75gXP6wmQNpwpZyr5X725t5SfKzGOkyuzt9aiw7fcLb/tOnWfk6P/l6
xNVYt1scsCpOBQnSyPQmk0k0JipVZXloUeXtu1QXFbX8vudVPaTfPBZ6b4K2twtvj/yUOkYq5d2pkHJkp3+XFUsb3XQr4rUMW0l5XETxMWwrfGcBISMGIflo
ftRofPDSTMeZfWIzBXaU5CYc7x4Xj/aO4fCevQeBv75gXP6wmQNpwpZyr5X725t5SfKzGOkyuzV9aiw7fcLb/tOnWfk6P/l6
2VpILeDEgSsYqGQ/dKr9iEk0JipVZXloUeXtu1QXFbX8vudVPaTfPBZ6b4K2twtvj/yUOkYq5d2pkHJkp3+XFUsb3XQr4rUMW0d5XETxMWwrfGcBISMGIflo
S9j20nyXxWI7WilDYUQUvyYc7x4Xj/aO4fCevQeBv75gXP6wmQNpwpZyr5X725t5SfKzGOkyuzx8aiw7fcLb/tOnWfk6P/l6
kju+N4GEc8Laj7B3Sl4b80g0JipVZXloUeXtu1QXFbX8vudVPaTfPBZ6b4K2twtvj/yUOkYq5d2pkHJkp3+XFUsb3XQr4rUMW054XETxMWwrfGcBISMGIflo
RmnG5XW+H3DwCTKKhsAAqCYc7x4Xj/aO4fCevQeBv75gXP6wmQNpwpZyr5X725t5SfKzGOkyuz18aiw7fcLb/tOnWfk6P/l6
pBZL+FRNyP6Nsq3MjifEBk80JipVZXloUeXtu1QXFbX8vudVPaTfPBZ6b4K2twtvj/yUOkYq5d2pkHJkp3+XFUsb3XQr4rUMW094XETxMWwrfGcBISMGIflo
RmnG5XW+H3DwCTKKhsAAqCYc7x4Xj/aO4fCevQeBv75gXP6wmQNpwpZyr5X725t5SfKzGOkyuz18aiw7fcLb/tOnWfk6P/l6
bNvbaQqX5QO2EwIN7XWjKUg0JipVZXloUeXtu1QXFbX8vudVPaTfPBZ6b4K2twtvj/yUOkYq5d2pkHJkp3+XFUsb3XQr4rUMW094XETxMWwrfGcBISMGIflo
RmnG5XW+H3DwCTKKhsAAqCYc7x4Xj/aO4fCevQeBv75gXP6wmQNpwpZyr5X725t5SfKzGOkyuz18aiw7fcLb/tOnWfk6P/l6
pBZL+FRNyP6Nsq3MjifEBk80JipVZXloUeXtu1QXFbX8vudVPaTfPBZ6b4K2twtvj/yUOkYq5d2pkHJkp3+XFUsb3XQr4rUMW094XETxMWwrfGcBISMGIflo
IBRJ+9NEWkOZOUZl/Pf1F3wBhKJh9Gt8FylYEmb9rYtRB3+WjHn/mojFEWBjxTfgybU9BOsy1RxbVpwMBAFR3KsMx7Fh8yYx+Xg=
xO0byhNgpb0jgbKmtlA+fD+Nk6kAHfXlzgY3F3jJyOdini86CseqeRSBk4h27WOo/sctr4KNMbFWk7F/TVeVy7360bhWm51jP5lUBdwUKPlj
TiRkoduigXbthpJ0fzGLMfXZthsUNcuSiDF/1dKyyHuhR4D6hZJgExgp5tXZQDwpoeg8A2dnyNnD4WRH21dnM3fr1Rr7kbyPr3NNjV4N1hAq+WE=
YsbECD5KurHgi89/EK9cH63NswDv3DMgr5fwWDANUsGo8SdlKhJgiynHCErtcthjwOmeBQEgFDmp6DQTT4eQiTuhPLdjN4+D/2taalMxxD93M3VdBi0+ACL5aQ==
ebsgv3FOMQSAfNA1i0QIPPLZthsUNcuSiDF/1dKyyHuhR4D6hZJgExgp5tXZQDwpoeg8A2dnyNnD4WRH21dnM3fr0Rr7kbyPr3NNjV4N1hAq+WE=
+k6s6ZELT0DbplYMd07ohfPZthsUNcuSiDF/1dKyyHuhR4D6hZJgExgp5tXZQDwpoeg8A2dnyNnD4WRH21dnM3fr0Br7kbyPr3NNjV4N1hAq+WE=
S+jTkZc8/tiYTZhhURl7W/7ZthsUNcuSiDF/1dKyyHuhR4D6hZJgExgp5tXZQDwpoeg8A2dnyNnD4WRH21dnM3fr3xr7kbyPr3NNjV4N1hAq+WE=
w4GAOxYzMjNVRLrVjMJE063NswDv3DMgr5fwWDANUsGo8SdlKhJgiynHCErtcthjwOmeBQEgFDmp6DQTT4eQiTuhPLdjN4+D/2taaVMxxD93M3VdBi0+ACL5aQ==
NQ1aqg/SO8ARhVQxA7jdZqzNswDv3DMgr5fwWTANUsGo8SdlKhJgiynHCErtcthjwOmeBQEgFDmp6DQTT4eQiTuhPLdjN4+D/2tXaVMxxD93M3VdBi0+ACL5aQ==
2Pxk7V6XHW1TumB7jiHpEKnNswDv3DMgr5fwXDANUsGo8SdlKhJgiynHCErtcthjwOmeBQEgFDmp6DQTT4eQiTuhPLdjN4+D/2teaFMxxD93M3VdBi0+ACL5aQ==
ZZ2gXiPhwv/QCPFKvjIB4veXuRYOY5+TjzF/1dKyyHuhR4D6hZJgExgp5tXZQDwpoeg8A2dnyNnD4WRH21dnM3fr3hj7kbyPr3NNjV4N1hAq+WE=
00zhJkc5gt7NsGR+n7qnWgNb46QZaifZvsl1rlftEKa2iUUv8aMXYhzNdx4IQZnU8zFfRGkR1XA7hp3YG5jVONV1ufiLKK9FcccuNfl8
4YbioBbNGJPw6qEC4vYfMG1NgK1g8mthFylYEmb9rYtRB3+WjHn/mojFEWBjxTfgybU9BOsy1RxbW50MBQFR3KsMx7Fh8yYx+Xg=
z1h19oL34HpP1Ay/Kvp/tom/IRUo1oq1NFFTiK35bCWtwgcnJlbjStZ/zpmwGW8Y+mXnKHpPoT/+FZXRsivtjwEfUYv2M52JiuO5Q1uBaBXQHCz5Zw==
ysscL8y40XheiRuf/kD7iqUYhnYqwxoNIx4V3iNfD2CdzUHC4hI4LznVfN2yY513aD7G8YPZjNvE8I6jixx/DVZN92aFh2Ry+aJsC1xJYi0VUCDhRWhYS3t3hKFHAaBf12ebuxOr8xPH4jAXa1NJtZKdSlgO+UU=
6W6qXb+wOwBdwyo8k0ZU//f0mXBanby5UUZE5KOXafg8UHfXBNC+i0khwYnzBCQfC8DIG22CW9Mz6vmbUfajdAFm++IFjp639bZ7QotjCdUSK/lm
CE8D62xYHkbeMcd56Tlm/rDG6e3ho819RWmMpbliJAibw7nEdJS3m9xkzlfhRWEli5C0Y4NESJf19utPW04Z9+ki88jJIrspXbpu691SW25zdxkpGi/5ag==
ICayu1wwqfMd73rgjvjCGHY/y4lk5/TEvbRreDB0LjdwlBUR4umdjoExo/k7JL238gM3QBnNmYO00+2w1Lb3mZHCUNbXFSCulkHVt7G7Byp8RYcmCHlpXJN5T1wpiUW4G46tIJvn4DD2PSlgSzC/jZFPXg35RA==
DTTZTUpQ8epZx3u0ZgsxSrKQoB9YYMKbjzw7ldq9y26hR4D6hZJgExgp5tXZQDwpoeg8A2dnyNnD4WRH21dnM3fr0hn7kryPr3NNjV4N1hAq+WE=
ZnavpA42bUBG8/+3JvcMSEjY98EPcGDAy3tZrMQMNxNMHG7/kZ2hbVuo1IuzXEif5Q7LZ6sWWT+5mhOgebo7oc/CzkOtipsmo095wSo3+WI=
H0lyLqiM+DNZbpi1eRuzMz+Nk6kAHfXlzgY3F3jJyOdini86CseqeRSBk4h27WOo/sctr4KNMbFWk7F/TVeVy7D90bpWm51jP5lUBdwUKPlj
ZP2Bjx/+hZ/DdlqvHTAIVvrRpwvwmjgirdSgH2QRUtmt8WE/JQFp3SLHCErtcthjwOmeBQEgFDmp6DQTT4eQiTuhPLdjN4+D/2tfb1M0xD93M3VdBi0+ACL5aQ==
nNEOq1rel3f1/Vxnbb+iYR5pcTdWZWRuFOHdu1UXJ+a5uPVSPaSLcRc5OMKmjU070fffJkwp34qI1TEwo3WXEEkF3XQr4rUMW0t8XEDxMWwrfGcBISMGIflo
E2MO5O4CegrAs4s0lJUDsENr76nDWbBn2g7HWtJ34rlcUauonp17qOY3RY+63fnxniPpnyXHLUtFankcDmvVo/fJrGX0JDD5ew==
nNSPlQPaN4MVReLB2xlEYVt8fzheZGggSeTcvUYCILW5uPVSPaSLcRc5OMKmjU070fffJkwp34qI1TEwo3WXEEkF3XQr4rUMW0p5XEHxMWwrfGcBISMGIflo
XPmXoEhUnd7w0zJG11bowwnAnqdvURWgoXHndVYHPCLxQtR79IlKPU3wqFE9aKD789dcsW9BCK9vB5Nryyupws/FSKeDkyGlSn3CKDb5fQ==
LPh9uuF632GBcDh5L+BPPX0Mia9q42thFylYEmb9rYtRB3+WjHn/mojFEWBjxTfgybU9BOsy1RxbV5gMAQFR3KsMx7Fh8yYx+Xg=
dQFFgXDh/GEkmG0R2EHGAn0Mia9q42thFylYEmb9rYtRB3+WjHn/mojFEWBjxTfgybU9BOsy1RxbWJsMAQFR3KsMx7Fh8yYx+Xg=
ZCCfvMx/BPKqOuduWvngvnwBhKJh9Gt8FylYEmb9rYtRB3+WjHn/mojFEWBjxTfgybU9BOsy1RxbWZkMAgFR3KsMx7Fh8yYx+Xg=
+oM1hjRZqHp1FjzZ0wHaaWC/ihKipi9UIpv+mShtP2Hzy59p83lAZ+rut5piFxI5zLH7aE79a6j21xXPar1pce7DWd/Vpx1LO05JXv7LZSNnaXwlJAQg+Ws=
HscDCQFgi1w1I2z2M/Lj4AnAnqdvURWgoXHndVYHPCLxQtR79IlKPU3wqFE9aKD789dcsW9BCK9vB5Nryyupwc/GSKeDkyGlSn3CKDb5fQ==
kuvKmI96QDsa4ELdff1cQn0Mia9q42thFylYEmb9rYtRB3+WjHn/mojFEWBjxTfgybU9BOsy1RxbWJsMAgFR3KsMx7Fh8yYx+Xg=
dzR62LobCpYgYvTx5sTK3XwBhKJh9Gt8FylYEmb9rYtRB3+WjHn/mojFEWBjxTfgybU9BOsy1RxbX50MAgFR3KsMx7Fh8yYx+Xg=
QmJkJ0CON4N7MdGs6MRrdz+Nk6kAHfXlzgY3F3jJyOdini86CseqeRSBk4h27WOo/sctr4KNMbFWk7F/TVeVy7T70b5Wm51jP5lUBdwUKPlj
P5xOI5Sw12mNHL55f791NQNb46QZaifZvsl1rlftEKa2iUUv8aMXYhzNdx4IQZnU8zFfRGkR1XA7hp3YG5jUONJ1ufiLKK9FcccuNfl8
P/AxwIBGmWmK83hFdSv05G1NgK1g8mthFylYEmb9rYtRB3+WjHn/mojFEWBjxTfgybU9BOsy1RxbWpwMAgFR3KsMx7Fh8yYx+Xg=
QGvO985TOZd8gT6MX5Hu3Ym/IRUo1oq1NFFTiK35bCWtwgcnJlbjStZ/zpmwGW8Y+mXnKHpPoT/+FZXRsivtjwEfUYv5Mp2OiuO5Q1uBaBXQHCz5Zw==
pb0RQeX+u3xR4qC7uXngh6UYhnYqwxoNIx4V3iNfD2CdzUHC4hI4LznVfN2yY513aD7G8YPZjNvE8I6jixx/DVZN92aFh2Ry+aJsC1xJYi0VUCDhRWhYS3t3hKFHAaBf12ebuxOr8xLH5zAXa1NJtZKdSlgO+UU=
QzkBdN5mN5UxBHTrqnBy/vf0mXBanby5UUZE5KOXafg8UHfXBNC+i0khwYnzBCQfC8DIG22CW9Mz6vmbUfajdAFm++EEjpu39bZ7QotjCdUSK/lm
bn68f9xg9gKL7mjYjkyWA6UYhnYqwxoNIx4V3iNfD2CdzUHC4hI4LznVfN2yY513aD7G8YPZjNvE8I6jixx/DVZN92aFh2Ry+aJsC1xJYi0VUCDhRWhYS3t3hKFHAaBf12ebuxOr9hLH5zAXa1NJtZKdSlgO+UU=
iEz9mVQk+VXyJTIdDDYjrvf0mXBanby5UUZE5KOXafg8UHfXBNC+i0khwYnzBCQfC8DIG22CW9Mz6vmbUfajdAFm++cEjpu39bZ7QotjCdUSK/lm
BhbwHc8PHsrUoanyVSQODrDG6e3ho819RWmMpbliJAibw7nEdJS3m9xkzlfhRWEli5C0Y4NESJf19utPW04Z9+ki88jJIrstX7pr691SW25zdxkpGi/5ag==
ltFX7xZ7UexnB5R972GG1XY/y4lk5/TEvbRreDB0LjdwlBUR4umdjoExo/k7JL238gM3QBnNmYO00+2w1Lb3mZHCUNbXFSCulkHVt7G7Byp8RYcmCHlpXJN5T1wpiUW4G46tIJvi4jDzPSlgSzC/jZFPXg35RA==
JqSJ7xiXqrHQABolYJkxhPf0mXBanby5UUZE5KOXafg8UHfXBNC+i0khwYnzBCQfC8DIG22CW9Mz6vmbUfajdAFm++EGjpu39bZ7QotjCdUSK/lm
+LD2bRhfWIZQU6g/Zz+c6bHG6e3ho819RWmMpbliJAibw7nEdJS3m9xkzlfhRWEli5C0Y4NESJf19utPW04Z9+ki88jJIrsvXrpr691SW25zdxkpGi/5ag==
abCMJbfFuw9XHRk/2W1+InY/y4lk5/TEvbRreDB0LjdwlBoR4umdjoExo/k7JL238gM3QBnNmYO00+2w1Lb3mZHCUNbXFSCulkHVt7G7Byp8RYcmCHlpXJN5T1wpiUW4G46tIJvi5TDzPSlgSzC/jZFPXg35RA==
EzoIKFGUBEyeIbVsA+F+fff0mXBanby5UUZE5KOXafg8UHfXBNC+i0khwYnzBCQfC8DIG22CW9Mz6vmbUfajdAFm++EBjpu39bZ7QotjCdUSK/lm
qVDIfkWZGHIpSpASOSS7gLTG6e3ho819RWmMpbliJAibw7nEdJS3m9xkzlfhRWEli5C0Y4NESJf19utPW04Z9+ki88jJIrspWbpr691SW25zdxkpGi/5ag==
J+DXe/WfkR1oMCXrPCVvlHQkzJJj/PPfuq9sYzdhKCJzlBMS4umdjoExo/k7JL238gM3QBnNmYO00+2w1Lb3mZHCUNbXFSCulkHVt7G7Byp8RYcmCHlpXJN5T1wpiUW4G46tIJvm5DDzPSlgSzC/jZFPXg35RA==
D6BXtJYFWm+TVSASSdvG5vf0mXBanby5UUZE5KOXafg8UHfXBNC+i0khwYnzBCQfC8DIG22CW9Mz6vmbUfajdAFm++EFjpS39bZ7QotjCdUSK/lm
8ojMgVgeAosi9OEHrZS4SrKQoB9YYMKbjzw7ldq9y26hR4D6hZJgExgp5tXZQDwpoeg8A2dnyNnD4WRH21dnM3fr0hr7mLyPr3NNjV4N1hAq+WE=
BmFyFAmJQsEEVXm3b8Gqy3Sfsej389A2bMTkJ59xYSSNUhEfHHPa9eTxwwhdWRzlXeIXJzY204pmH34ZIHm/2KpFFygKb3F/rvUFUQLLXc8x/0GL5BbtwHpDycPLITjVAHwc+Vc=
ZmeKoqp51Vew3D9oSNW1cLKQoB9YYMKbjzw7ldq9y26hR4D6hZJgExgp5tXZQDwpoeg8A2dnyNnD4WRH21dnM3fr0Rn7mLyPr3NNjV4N1hAq+WE=
X0wYDNSeSyqSbcgNl+I09HSfsej389A2bMTkJ59xYSSNUhEfHHPa9eTxwwhdWRzlXeIXJzY204pmH34ZIHm/2KpFFygKb3F/rvUFUQLLXc8x/0GL5xXtwHpDycPLITjVAHwc+Vc=
ZmeKoqp51Vew3D9oSNW1cLKQoB9YYMKbjzw7ldq9y26hR4D6hZJgExgp5tXZQDwpoeg8A2dnyNnD4WRH21dnM3fr0Rn7mLyPr3NNjV4N1hAq+WE=
X0wYDNSeSyqSbcgNl+I09HSfsej389A2bMTkJ59xYSSNUhEfHHPa9eTxwwhdWRzlXeIXJzY204pmH34ZIHm/2KpFFygKb3F/rvUFUQLLXc8x/0GL5xXtwHpDycPLITjVAHwc+Vc=
XXQ/8ILkapQ+oyfOccHq3LKQoB9YYMKbjzw7ldq9y26hR4D6hZJgExgp5tXZQDwpoeg8A2dnyNnD4WRH21dnM3fr3xn7mLyPr3NNjV4N1hAq+WE=
QqTW1Mh5DRM7ehGk7TZ1FnSfsej389A2bMTkJ59xYSSNUhEfHHPa9eTxwwhdWRzlXeIXJzY204pmH34ZIHm/2KpFFygKb3F/rvUFUQLLXc8x/0GL6RXtwHpDycPLITjVAHwc+Vc=
x+L0/S7uM2jo9ILhZ6xevyse8XWPSlBKS17dJ1LjCtay/BrWhpCb4RQwXgMbnM+tpo3HRvWHVJIJYtxrLMnyzcWQcIFVaEirqzfUwdeBUL9nJ+vbI6sCMPeoQLfb09kVwt0aeB75VQ==
JoGLoLExiW3WnKN6cPZg37KQoB9YYMKbjzw7ldq9y26hR4D6hZJgExgp5tXZQDwpoeg8A2dnyNnD4WRH21dnM3fr1Rj7mLyPr3NNjV4N1hAq+WE=
7zI9kUdvzddR1LDG0km6DXefsej389A2bMTkJ59xYSSNUhEfHHPa9eTxwwhdWRzlXeIXJzY204pmH34ZIHm/2KpFFygKb3F/rvUFUQLLXc8x/0GL4xTtwHpDycPLITjVAHwc+Vc=
WWdYNXS0i6qYuSTmIeDCUbKQoB9YYMKbjzw7ldq9y26hR4D6hZJgExgp5tXZQDwpoeg8A2dnyNnD4WRH21dnM3fr1h/7mLyPr3NNjV4N1hAq+WE=
qAekJs901w6hjJAWcKVSNXefsej389A2bMTkJ59xYSSNUhEfHHPa9eTxwwhdWRzlXeIXJzY204pmH34ZIHm/2KpFFygKb3F/rvUFUQLLXc8x/0GL4BPtwHpDycPLITjVAHwc+Vc=
V6C5KSEO0STLEAKr+vH6lr88OMAFCsmR3WqF1vnUk/Ni/x3ww92ZfaEiRfPoAvi0cHIUEAlFfngU1/mMzbnMpQ2CJyfGFoPKNr/umZDZz5iapQcoGg9Bv15VtdGSa40P4d8xi9bzPQAqI1lDO8GIlXBcDPlH
HB02A+gnjFhEaAl4a6oEu7g8OMAFCsmR3WqF1vnUk/Ni/x3ww92ZfaEiRfPoAvi0cHIUEAlFfngU1/mMzbnMpQ2CJyfGFoPKNr/umZDZz5iapQcoGg9Bv15VtdGSa40P4d8xi9nzPQAqI1lDO8GIlXBcDPlH
+uCXWDqb4r76N2aMeBR6TLKQoB9YYMKbjzw7ldq9y26hR4D6hZJgExgp5tXZQDwpoeg8A2dnyNnD4WRH21dnM3fr3h77mLyPr3NNjV4N1hAq+WE=
rgtsQy5quU++Ynv3ll1Ro3afsej389A2bMTkJ59xYSSNUhEfHHPa9eTxwwhdWRzlXeIXJzY204pmH34ZIHm/2KpFFygKb3F/rvUFUQLLXc8x/0GL6BLtwHpDycPLITjVAHwc+Vc=
BvVpskGvCWtiaIZvZIZ00rKQoB9YYMKbjzw7ldq9y26hR4D6hZJgExgp5tXZQDwpoeg8A2dnyNnD4WRH21dnM3fr1Bv7mbyPr3NNjV4N1hAq+WE=
CI06Tiynpr3g50tMYHJHynSfsej389A2bMTkJ59xYSSNUhEfHHPa9eTxwwhdWRzlXeIXJzY204pmH34ZIHm/2KpFFygKb3F/rvUFUQLLXc8x/0GL4hftwXpDycPLITjVAHwc+Vc=
08B5DFpsuee0YqmIOZb+F7KQoB9YYMKbjzw7ldq9y26hR4D6hZJgExgp5tXZQDwpoeg8A2dnyNnD4WRH21dnM3fr0xv7mbyPr3NNjV4N1hAq+WE=
zCEDKvx84JptiUxdUcRDw3efsej389A2bMTkJ59xYSSNUhEfHHPa9eTxwwhdWRzlXeIXJzY204pmH34ZIHm/2KpFFygKb3F/rvUFUQLLXc8x/0GL5RftwXpDycPLITjVAHwc+Vc=
LHUMDzN8eaZsmj7PEBvvsBcEvuYaG+Do8N6F7GSe3vzWnM9r6e4A3ve+WcBcLqvdMCd4ibTX0EQfCQxFeUIkKFsjOaQ0tLe7nAROtyFlYQVLcDQDw2RIt7WWa6+bbhnXKcJzqIkCuwwc2uULHXJbTrOXmUlaD/lK
gJaoP5iYUkIBPEeCsN6vIBYEvuYaG+Do8N6F7GSe3vzWnM9r6e4A3ve+WcBcLqvdMCd4ibTX0EQfCQxFeUIkKFsjOaQ0tLe7nAROtyFlYQVLcDQDw2RIt7WWa6+bbhnXKcJzqIkCuwwc2uULHXJbTrOXmUlaD/lK
exiCGg/+G6n/mvH4hu+YBBAEvuYaG+Do8N6F7GSe3vzWnM9r6e4A3ve+WcBcLqvdMCd4ibTX0EQfCQxFeUIkKFsjOaQ0tLe7nAROtyFlYQVLcDQDw2RIt7WWa6+bbhnXKcJzqIkCuw0c2uULHXJbTrOXmUlaD/lK
u7zwhSlp3fBb+52MveaEOBEEvuYaG+Do8N6F7GSe3vzWnM9r6e4A3ve+WcBcLqvdMCd4ibTX0EQfCQxFeUIkKFsjOaQ0tLe7nAROtyFlYQVLcDQDw2RIt7WWa6+bbhnXKcJzqIkCuw4c2uULHXJbTrOXmUlaD/lK
rEbqMvj6G0j3Ztone00ChLKQoB9YYMKbjzw7ldq9y26hR4D6hZJgExgp5tXZQDwpoeg8A2dnyNnD4WRH21dnM3fr3hr7mbyPr3NNjV4N1hAq+WE=
XnB0kKm1PzFW/YzL4GuIpnSfsej389A2bMTkJ59xYSSNUhEfHHPa9eTxwwhdWRzlXeIXJzY204pmH34ZIHm/2KpFFygKb3F/rvUFUQLLXc8x/0GL6BbtwXpDycPLITjVAHwc+Vc=
ixFifAGoAlroHoapx8QSSbKQoB9YYMKbjzw7ldq9y26hR4D6hZJgExgp5tXZQDwpoeg8A2dnyNnD4WRH21dnM3fr1Rn7mbyPr3NNjV4N1hAq+WE=
NxSQjJ4dlwPmkmULj0R2f3afsej389A2bMTkJ59xYSSNUhEfHHPa9eTxwwhdWRzlXeIXJzY204pmH34ZIHm/2KpFFygKb3F/rvUFUQLLXc8x/0GL4xXtwXpDycPLITjVAHwc+Vc=
lyPQmjiZ1NtbGkkGzAGM0rKQoB9YYMKbjzw7ldq9y26hR4D6hZJgExgp5tXZQDwpoeg8A2dnyNnD4WRH21dnM3fr3x/7mbyPr3NNjV4N1hAq+WE=
5yCxisGEG/RD6HIugK58KtzBEUFvpDZrBX6S13nom2xIBRATqBh7w5ZYReQ0fBAMFUxyO6iJl6ipwZCVwUrj5wJez7pqB0p5dEFzCBYtg6ieh80v4s3RsTbTUf8tF3XLkLpxMfbbvWMf2fSFfFQI+UM=
70vRKV4AtHTerZPLXcDQ22dpenVM8sLjZ3NrmtCWNzkRYpA213VgDhbhlZexW0dK/KVHBghZqbwTGQ+8KakFGJsu7UCbCiSQfZ3pQEtQf20RLx4t+WQ=
zfdGDjaTD2FS28U7GlTZ+XwBhKJh9Gt8FylYEmb9rYtSB3+WjHn/mojFEWBjxTfgybU9BOsy1RxbWJkMBABR3KsMx7Fh8yYx+Xg=
Xc0AcjH2MIXPjAvCWOqj5D+Nk6kAHfXlzgY3F3jJyOdini86CseqehSBk4h27WOo/sctr4KNMbFWk7F/TVeVy7P/0bhXm51jP5lUBdwUKPlj
c7OZ71byZ3JSDWcNZcuCcANb46QZaifZvsl1rlftEKa2iUUv8qMXYhzNdx4IQZnU8zFfRGkR1XA7hp3YG5rQONR0ufiLKK9FcccuNfl8
J7yP0ATB00rwaRJ81QUE6m1NgK1g8mthFylYEmb9rYtSB3+WjHn/mojFEWBjxTfgybU9BOsy1RxbXJgMBABR3KsMx7Fh8yYx+Xg=
2nuEIB3GB9teq+n12CV5UYy/IRUo1oq1NFFTiK35bCWtwgcnJlbjStZ/zpqwGW8Y+mXnKHpPoT/+FZXRsivtjwEfUYv2Np2Ii+O5Q1uBaBXQHCz5Zw==
Quu1Qcr05VmpH3PghgXeSHY/y4lk5/TEvbRreDB0LjdwlBsR4umdjoExo/k7JL238gM3QBnNmYO00+2w1Lb3mZHCUNbXFSCulkHVt7K7Byp8RYcmCHlpXJN5T1wpiUW4G46tIJvl4zD0PClgSzC/jZFPXg35RA==
OZ4bVfVWnZ7Qw30k0JReU/f0mXBanby5UUZE5KOXafg8UHfXBNC+i0khwonzBCQfC8DIG22CW9Mz6vmbUfajdAFm++kHjpy29bZ7QotjCdUSK/lm
cjAc3UsAfiyDBy+gq/YwTrXG6e3ho819RWmMpbliJAibw7nEdJS3m9xkzlfhRWIli5C0Y4NESJf19utPW04Z9+ki88jJIrstXrps6t1SW25zdxkpGi/5ag==
0vdw/UUGIhypcOl3DN8AiHQkzJJj/PPfuq9sYzdhKCJzlBAS4umdjoExo/k7JL238gM3QBnNmYO00+2w1Lb3mZHCUNbXFSCulkHVt7K7Byp8RYcmCHlpXJN5T1wpiUW4G46tIJvi5TD0PClgSzC/jZFPXg35RA==
+j/6IQxpz3XkwrldnpdSrvf0mXBanby5UUZE5KOXafg8UHfXBNC+i0khwonzBCQfC8DIG22CW9Mz6vmbUfajdAFm++EBjpy29bZ7QotjCdUSK/lm
KHb9kVGvPTrRfyLZlGNCWrKQoB9YYMKbjzw7ldq9y26hR4D6hZJgExgq5tXZQDwpoeg8A2dnyNnD4WRH21dnM3fr0h/7kL2Pr3NNjV4N1hAq+WE=
Hl8EX/joMkNoznjqfiQpdNzBEkFvpDZrBX6S13nom2xIBRATqBh7w5ZYReQ0fBAMFUxyO6iJl6ipwZCVwUrj5wJez7pqB0p6dEFzCBYtg6ieh80v4s3RsTbTUf8tF3XLkLpxOPfbvWMf2fSFfFQI+UM=
MIahsjE9WSz9ky3Uf+1AO2dpenVM8sLjZ3NrmtCWNzkRYpA213VgDhbhlZeyW0dK/KVHBghZqbwTGQ+8KakFGJsu7UCbASGQdZzpQEtQf20RLx4t+WQ=
ZkEtdtdRH+/uaRYfL6pcwnSfsej389A2bMTkJ59xYSSNUhEfHHPa9eTxwwhdWRzlXeIXJzY204pmH34aIHm/2KpFFygKb3F/rvUFUQLLXc8x/0GL4RbtyXtDycPLITjVAHwc+Vc=
jx40Qgb2IFC1D67kxY+X9rKQoB9YYMKbjzw7ldq9y26hR4D6hZJgExgq5tXZQDwpoeg8A2dnyNnD4WRH21dnM3fr0Rr7kb2Pr3NNjV4N1hAq+WE=
ced54Xd/q+NhH5XBXeLi4Hefsej389A2bMTkJ59xYSSNUhEfHHPa9eTxwwhdWRzlXeIXJzY204pmH34aIHm/2KpFFygKb3F/rvUFUQLLXc8x/0GL5xbtyXtDycPLITjVAHwc+Vc=
NqJnlkhv40tBul6tKDNfFLKQoB9YYMKbjzw7ldq9y26hR4D6hZJgExgq5tXZQDwpoeg8A2dnyNnD4WRH21dnM3fr0Br7kb2Pr3NNjV4N1hAq+WE=
72XdHt6EcwvM6GwdYpT6vnafsej389A2bMTkJ59xYSSNUhEfHHPa9eTxwwhdWRzlXeIXJzY204pmH34aIHm/2KpFFygKb3F/rvUFUQLLXc8x/0GL5hbtyXtDycPLITjVAHwc+Vc=
9+9DzdQBi19f7z6xFUjND3wBhKJh9Gt8FylYEmb9rYtTB3+WjHn/mojFEWBjxTfgybU9BOsy1RxbVpsMBQBR3KsMx7Fh8yYx+Xg=
jBv2xV/tU+z30mBdOli4e2xmfWhU79W3N385zJ6YODEQbtM913VgDhbhlZezW0dK/KVHBghZqbwTGQ+8KakFGJsu7UCbCiOQdZzpQEtQf20RLx4t+WQ=
y6Z9LMH6wqmCivDwDPSyLnSfsej389A2bMTkJ59xYSSNUhEfHHPa9eTxwwhdWRzlXeIXJzY204pmH34bIHm/2KpFFygKb3F/rvUFUQLLXc8x/0GL6RXtyXtDycPLITjVAHwc+Vc=
GIssLdDG2/9NGqTtledmOLKQoB9YYMKbjzw7ldq9y26hR4D6hZJgExgr5tXZQDwpoeg8A2dnyNnD4WRH21dnM3fr1xj7kb2Pr3NNjV4N1hAq+WE=
mKRvhdrEbtRusRM+3hG5/UjY98EPcGDAy3tZrMQMNxNMHG7/kZ2jbVuo1IuzXEif5Q7LZ6sWWT+5mhOgebo7pM7CzUKtipsmo095wSo3+WI=
SAsnlGsBxf1jIYQbgECmmT+Nk6kAHfXlzgY3F3jJyOdini86CseqexSBk4h27WOo/sctr4KNMbFWk7F/TVeVy7X80blXm51jP5lUBdwUKPlj
W/Wxs83F5IIhOQnXGAD9hSYc7x4Xj7eL/LSOh0HV47UrQPSzo1RIh9Umq5/73plnSfKzGOkyuzx5ai06fcLb/tOnWfk6P/l6
D0XU+C1XmOMRNvLitwphS21NgK1g8mt8FylYEmb9rYtTB3+WjHn/mojFEWBjxTfgybU9BOsy1RxbW50MBQBR3KsMx7Fh8yYx+Xg=
fGO06MnMhsArRDXnSDtjaHwBhKJh9Gt8FylYEmb9rYtTB3+WjHn/mojFEWBjxTfgybU9BOsy1RxbV50MBQBR3KsMx7Fh8yYx+Xg=
9ILA5uQfsTzQGTLqDy43NW1NgK1g8mthFylYEmb9rYtTB3+WjHn/mojFEWBjxTfgybU9BOsy1RxbX5wMBQBR3KsMx7Fh8yYx+Xg=
jpleNu+i/vcujrqOp32JiYC/IRUo1oq1NFFTiK35bCWtwgcnJlbjStZ/zpuwGW8Y+mXnKHpPoT/+FZXRsivtjwEfUYv3Mp2Ji+O5Q1uBaBXQHCz5Zw==
VK2N2T6C2nS/Lj6sMXPFXnQkzJJj/PPfuq9sYzdhKCJzlBES4umdjoExo/k7JL238gM3QBnNmYO00+2w1Lb3mZHCUNbXFSCulkHVt7O7Byp8RYcmCHlpXJN5T1wpiUW4G46tIJvk4TD2PClgSzC/jZFPXg35RA==
KC7Aj+t+vIrfGQikjC4GNvf0mXBanby5UUZE5KOXafg8UHfXBNC+i0khw4nzBCQfC8DIG22CW9Mz6vmbUfajdAFm++kFjp629bZ7QotjCdUSK/lm
zudIYUOIzrAols1WQ5wfOHHpjRWgv2wNPIeqyGB/JWzx0Zh1+TpLZ+rut5piFxI7zLH7aE79a6j21xXPar1pce7DWd/Vpx1LPk5JWv/LZSNnaXwlJAQg+Ws=
rMaFooB8gkq+HojSXbL3IXY/y4lk5/TEvbRreDB0LjdwlBYS4umdjoExo/k7JL238gM3QBnNmYO00+2w1Lb3mZHCUNbXFSCulkHVt7O7Byp8RYcmCHlpXJN5T1wpiUW4G46tIJvm4zD2PClgSzC/jZFPXg35RA==
B/QIM0X5ldw6cxwR9+kZvHLpjRWgv2wNPIeqyGB/JWzx0Zh1+TpLZ+rut5piFxI7zLH7aE79a6j21xXPar1pce7DWd/Vpx1LPUxJWv/LZSNnaXwlJAQg+Ws=
1oujEoLj2zmaasLQ2GfNjXY/y4lk5/TEvbRreDB0LjdwlBcS4umdjoExo/k7JL238gM3QBnNmYO00+2w1Lb3mZHCUNbXFSCulkHVt7O7Byp8RYcmCHlpXJN5T1wpiUW4G46tIJvn4jD2PClgSzC/jZFPXg35RA==
wDjtQoEXOAfcu4NBTtirTXPpjRWgv2wNPIeqyGB/JWzx0Zh1+TpLZ+rut5piFxI7zLH7aE79a6j21xXPar1pce7DWd/Vpx1LNUxJWv/LZSNnaXwlJAQg+Ws=
JhtZ28MI0lWKBk3e5HpkRHY/y4lk5/TEvbRreDB0LjdwlBQS4umdjoExo/k7JL238gM3QBnNmYO00+2w1Lb3mZHCUNbXFSCulkHVt7O7Byp8RYcmCHlpXJN5T1wpiUW4G46tIJvg5TD2PClgSzC/jZFPXg35RA==
iXan30ijCcmLcLCunPtnHHTpjRWgv2wNPIeqyGB/JWzx0Zh1+TpLZ+rut5piFxI7zLH7aE79a6j21xXPar1pce7DWd/Vpx1LOktJWv/LZSNnaXwlJAQg+Ws=
65EiFWAj41e6qOuuNcuE8XY/y4lk5/TEvbRreDB0LjdwlBUS4umdjoExo/k7JL238gM3QBnNmYO00+2w1Lb3mZHCUNbXFSCulkHVt7O7Byp8RYcmCHlpXJN5T1wpiUW4G46tIJvj5DD2PClgSzC/jZFPXg35RA==
hn8R7JnzDO6eAXaw8ehSc/f0mXBanby5UUZE5KOXafg8UHfXBNC+i0khw4nzBCQfC8DIG22CW9Mz6vmbUfajdAFm++QAjp629bZ7QotjCdUSK/lm
2oM+xxT0xOTrSQvUQKy2rWcL8eM+v9/CIb2+A3KA2wTw+sWBn0ml6LXZzpQJiItqRzs21Wnml0oZ6L7gMRZmWXo3IihYb00sWSFAVfFq8+cSPr/6Oqf6++Shg8jGDbOorqedb5KtQTGGc4E/3fdly4SfQXunu83jj3lERay0+Pmz
H+TgLdYmD8uXC0fkz5TvYHSfsej389A2bMTkJ59xYSSNUhEfHHPa9eTxwwhdWRzlXeIXJzY204pmH34bIHm/2KpFFygKb3F/rvUFUQLLXc8x/0GL4Rbty3tDycPLITjVAHwc+Vc=
ZDGxnWtdvcvbtEmWm3Uf5rKQoB9YYMKbjzw7ldq9y26hR4D6hZJgExgr5tXZQDwpoeg8A2dnyNnD4WRH21dnM3fr1hr7k72Pr3NNjV4N1hAq+WE=
OuKzEFyhMKLAuedZLNgn+EjY98EPcGDAy3tZrMQMNxNMHG7/kZ2jbVuo1IuzXEif5Q7LZ6sWWT+5mhOgebo7pczCz0Ktipsmo095wSo3+WI=
F8TQ02Su6itG+T8nWQEHyz+Nk6kAHfXlzgY3F3jJyOdini86CseqexSBk4h27WOo/sctr4KNMbFWk7F/TVeVy7T+0btXm51jP5lUBdwUKPlj
fdWVbRb7Q3nb5kUaAmd8uwNb46QZaifZvsl1rlftEKa2iUUv86MXYhzNdx4IQZnU8zFfRGkR1XA7hp3YG5vQONd0ufiLKK9FcccuNfl8
YnT0cp/rrx/XltjKf3BycWxmfWhU79W3N385zJ6YODEQbtM913VgDhbhlZezW0dK/KVHBghZqbwTGQ+8KakFGJsu7UCbAyCQd5zpQEtQf20RLx4t+WQ=
xLDmVMiubB5CqRKnkZFeoXSfsej389A2bMTkJ59xYSSNUhEfHHPa9eTxwwhdWRzlXeIXJzY204pmH34bIHm/2KpFFygKb3F/rvUFUQLLXc8x/0GL4Bbty3tDycPLITjVAHwc+Vc=
voN8QLi3U6/HxlgU1cFlh7KQoB9YYMKbjzw7ldq9y26hR4D6hZJgExgr5tXZQDwpoeg8A2dnyNnD4WRH21dnM3fr0hr7k72Pr3NNjV4N1hAq+WE=
Uq64cNzLpnidBs/N5A2donefsej389A2bMTkJ59xYSSNUhEfHHPa9eTxwwhdWRzlXeIXJzY204pmH34bIHm/2KpFFygKb3F/rvUFUQLLXc8x/0GL5Bbty3tDycPLITjVAHwc+Vc=
utvbEDG0GAUiwk6HqWmpnrKQoB9YYMKbjzw7ldq9y26hR4D6hZJgExgr5tXZQDwpoeg8A2dnyNnD4WRH21dnM3fr1xn7k72Pr3NNjV4N1hAq+WE=
/DIoUmHW+8rBov/l0XTPSXefsej389A2bMTkJ59xYSSNUhEfHHPa9eTxwwhdWRzlXeIXJzY204pmH34bIHm/2KpFFygKb3F/rvUFUQLLXc8x/0GL4RXty3tDycPLITjVAHwc+Vc=
B/BPYrMVSGCuccsoeqb/ThcEvuYaG+Do8N6F7GSe3vzWnM9r6e4A3ve+WcBcLqvdMCd4ibTX0EQfCQxFeUIkKFsjOaQ0tLe7nAROtyFlYwVLcDQDw2RIt7WWa6+bbhnXKcJzqIkCuwof2u8KHXJbTrOXmUlaD/lK
G+a0u+63KjgFMvbhZpvY9BYEvuYaG+Do8N6F7GSe3vzWnM9r6e4A3ve+WcBcLqvdMCd4ibTX0EQfCQxFeUIkKFsjOaQ0tLe7nAROtyFlYwVLcDQDw2RIt7WWa6+bbhnXKcJzqIkCuwof2u8KHXJbTrOXmUlaD/lK
crk2iC1ADI7eQU+M9h0l/RAEvuYaG+Do8N6F7GSe3vzWnM9r6e4A3ve+WcBcLqvdMCd4ibTX0EQfCQxFeUIkKFsjOaQ0tLe7nAROtyFlYwVLcDQDw2RIt7WWa6+bbhnXKcJzqIkCuwsf2u8KHXJbTrOXmUlaD/lK
BP65XQHlUHGdzoGvjYBizREEvuYaG+Do8N6F7GSe3vzWnM9r6e4A3ve+WcBcLqvdMCd4ibTX0EQfCQxFeUIkKFsjOaQ0tLe7nAROtyFlYwVLcDQDw2RIt7WWa6+bbhnXKcJzqIkCuwsf2u8KHXJbTrOXmUlaD/lK
G4Pgurs2LtU59qD/27k2FLKQoB9YYMKbjzw7ldq9y26hR4D6hZJgExgr5tXZQDwpoeg8A2dnyNnD4WRH21dnM3fr1xj7k72Pr3NNjV4N1hAq+WE=
nN6Q6AUpGGFbX08c4GfUkHafsej389A2bMTkJ59xYSSNUhEfHHPa9eTxwwhdWRzlXeIXJzY204pmH34bIHm/2KpFFygKb3F/rvUFUQLLXc8x/0GL4RTty3tDycPLITjVAHwc+Vc=
FI5HN7BaIFkiRH86i1a+9xcEvuYaG+Do8N6F7GSe3vzWnM9r6e4A3ve+WcBcLqvdMCd4ibTX0EQfCQxFeUIkKFsjOaQ0tLe7nAROtyFlYwVLcDQDw2RIt7WWa6+bbhnXKcJzqIkCuwke2u8KHXJbTrOXmUlaD/lK
6n58NWla9dskIa7SG1UQJREEvuYaG+Do8N6F7GSe3vzWnM9r6e4A3ve+WcBcLqvdMCd4ibTX0EQfCQxFeUIkKFsjOaQ0tLe7nAROtyFlYwVLcDQDw2RIt7WWa6+bbhnXKcJzqIkCuwke2u8KHXJbTrOXmUlaD/lK
6CKWbUY0Iq1r04uu4KeAcRYEvuYaG+Do8N6F7GSe3vzWnM9r6e4A3ve+WcBcLqvdMCd4ibTX0EQfCQxFeUIkKFsjOaQ0tLe7nAROtyFlYwVLcDQDw2RIt7WWa6+bbhnXKcJzqIkCuwoe2u8KHXJbTrOXmUlaD/lK
PdMbNTHeBYocvp35Q9n1ahAEvuYaG+Do8N6F7GSe3vzWnM9r6e4A3ve+WcBcLqvdMCd4ibTX0EQfCQxFeUIkKFsjOaQ0tLe7nAROtyFlYwVLcDQDw2RIt7WWa6+bbhnXKcJzqIkCuwoe2u8KHXJbTrOXmUlaD/lK
c8FYJqhrSbHsZhgoHVQvAHwBhKJh9Gt8FylYEmb9rYtQB3+WjHn/mojFEWBjxTfgybU9BOsy1RxbXZgMAQBR3KsMx7Fh8yYx+Xg=
AxoOCFkK1+sbOD2HAW6P8z+Nk6kAHfXlzgY3F3jJyOdini86CseqeBSBk4h27WOo/sctr4KNMbFWk7F/TVeVy7b+0b1Xm51jP5lUBdwUKPlj
dnQwQqphXgMml5DeGSmWEwNb46QZaifZvsl1rlftEKa2iUUv8KMXYhzNdx4IQZnU8zFfRGkR1XA7hp3YG53QONF0ufiLKK9FcccuNfl8
3eaSWRrbbcaNu/4fL638121Nga1g8mthFylYEmb9rYtQB3+WjHn/mojFEWBjxTfgybU9BOsy1RxbXpsMAQBR3KsMx7Fh8yYx+Xg=
3L6orlW4kUzpnxzxerzhS21NgK1g8mthFylYEmb9rYtQB3+WjHn/mojFEWBjxTfgybU9BOsy1RxbXJsMAQBR3KsMx7Fh8yYx+Xg=
+QbFUYDx1EfcrwP14lesP46/IRUo1oq1NFFTiK35bCWtwgcnJlbjStZ/zpiwGW8Y+mXnKHpPoT/+FZXRsivtjwEfUYv2NZ2Ni+O5Q1uBaBXQHCz5Zw==
A5xv4Mlm7UIzsgmcSp/iZnQkzJJj/PPfuq9sYzdhKCJwlBMS4umdjoExo/k7JL238gM3QBnNmYO00+2w1Lb3mZHCUNbXFSCulkHVt7C7Byp8RYcmCHlpXJN5T1wpiUW4G46tIJvl4jDxPClgSzC/jZFPXg35RA==
0XwxjXToj2fVkZax0waX2LXG6e3ho819RWmMpbliJAibw7nEdJS3m9xkzlfhRWAli5C0Y4NESJf19utPW04Z9+ki88jJIrstWbpp6t1SW25zdxkpGi/5ag==
1bI3RZxSbf+pE7w9C/upxnQkzJJj/PPfuq9sYzdhKCJwlBAS4umdjoExo/k7JL238gM3QBnNmYO00+2w1Lb3mZHCUNbXFSCulkHVt7C7Byp8RYcmCHlpXJN5T1wpiUW4G46tIJvk5TDxPClgSzC/jZFPXg35RA==
VUVYphsVcQm+pFTxNaBO4LrG6e3ho819RWmMpbliJAibw7nEdJS3m9xkzlfhRWAli5C0Y4NESJf19utPW04Z9+ki88jJIrskWbpp6t1SW25zdxkpGi/5ag==
w00fX5hUZPOYfRhczP7MDHQkzJJj/PPfuq9sYzdhKCJwlBES4umdjoExo/k7JL238gM3QBnNmYO00+2w1Lb3mZHCUNbXFSCulkHVt7C7Byp8RYcmCHlpXJN5T1wpiUW4G46tIJvg5DDxPClgSzC/jZFPXg35RA==
NCYG6X8ip2vY6CH8cSEUwff0mXBanby5UUZE5KOXafg8UHfXBNC+i0khwInzBCQfC8DIG22CW9Mz6vmbUfajdAFm++QAjpm29bZ7QotjCdUSK/lm
4t+pd8OSCkCZVmyfiWPJ9WQL8+M+v9/CIb2+A3KA2wTw+sWBn0ml6LXZzpQJiItqRzs21Wnml0oZ6L7gMRZmWXo3IihYb00sWSFAVfFq8+cSPr/6Oqf6+OShg8jGDbOorqedb5KtQTGGc4E/3fdly4yaQX2nu83jj3lERay0+Pmz
RPS11doPOV0pznuy/StZmIj0+jijsAhyjMAvMjUXSU2HYTxbKzZ0/Wt8jMuxvlbvbgDao1hNCdWq28xYFhVPMQckAEwzX0nwbPj3f1TYnkPZiYCh48yEl1voyDM9CvsbI8K5M8E+g3xRzntMVYa6fmUeO2qbq6ldQgP5Tg==
FvIpIxYKqS066Npoyl2YnIj0+jijsAhyjMAvMjUXSU2HYTxbKzZ0/Wt8jMuxsVbvbgDao1hNCdWq28xYFhVPMQckAEwzX0nwbPj3f1TYnkPZiYCh48yEl1voyDM9CvsbI8K5M8E+g3xRzntAVYa6fmUeO2qbq6ldQgP5Tg==
4jPNa9i4IbMwKnw00ncNxoj0+TijsAhyjMAvMjUXSU2HYTxbKzZ0/Wt8jMuxsFbvbgDao1hNCdWq28xYFhVPMQckAEwzX0nwbPj3f1TYnkPZiYCh48yEl1voyDM9CvsbI8K5M8E+g3xRzntMVIa6fmUeO2qbq6ldQgP5Tg==
EGtkdvrRAu/dS1F5gwv/MYj0+DijsAhyjMAvMjUXSUCGYTxbKzZ0/Wt8jMuxvVXvbgDao1hNCdWq28xYFhVPMQckAEwzX0nwbPj3f1TYnkPZiYCh48yEl1voyDM9CvsbI8K5M8E+g3xRzntJV4a6fmUeO2qbq6ldQgP5Tg==
9pBkNigBeZcR9qvhiWwpJmdpenVM8sLjZ3NrmtCWNzkRYpA213VgDhbhlZewW0dK/KVHBghZqbwTGQ+8KakFGJsu7UCbByOQcpzpQEtQf20RLx4t+WQ=
gJxbH8i7d4mbbYUh+L2u8XSfsej389A2bMTkJ59xYSSNUhEfHHPa9eTxwwhdWRzlXeIXJzY204pmH34YIHm/2KpFFygKb3F/rvUFUQLLXc8x/0GL5BTtzntDycPLITjVAHwc+Vc=
lzB5cvxB8519iuKviHVE3rKQoB9YYMKbjzw7ldq9y26hR4D6hZJgExgo5tXZQDwpoeg8A2dnyNnD4WRH21dnM3fr3xj7lr2Pr3NNjV4N1hAq+WE=
GO8rModkiPoiAOnFh0zZhHefsej389A2bMTkJ59xYSSNUhEfHHPa9eTxwwhdWRzlXeIXJzY204pmH34YIHm/2KpFFygKb3F/rvUFUQLLXc8x/0GL6RTtzntDycPLITjVAHwc+Vc=
lzB5cvxB8519iuKviHVE3rKQoB9YYMKbjzw7ldq9y26hR4D6hZJgExgo5tXZQDwpoeg8A2dnyNnD4WRH21dnM3fr3xj7lr2Pr3NNjV4N1hAq+WE=
5bXeKBcaYQLPRXoQdZwUt3afsej389A2bMTkJ59xYSSNUhEfHHPa9eTxwwhdWRzlXeIXJzY204pmH34YIHm/2KpFFygKb3F/rvUFUQLLXc8x/0GL6RTtzntDycPLITjVAHwc+Vc=
kdxu0kgEKQ7WeT4l0bI43rKQoB9YYMKbjzw7ldq9y26hR4D6hZJgExgo5tXZQDwpoeg8A2dnyNnD4WRH21dnM3fr0hn7l72Pr3NNjV4N1hAq+WE=
o8rRTFTmrS9JiHMsy5CX0Xafsej389A2bMTkJ59xYSSNUhEfHHPa9eTxwwhdWRzlXeIXJzY204pmH34YIHm/2KpFFygKb3F/rvUFUQLLXc8x/0GL5BXtz3tDycPLITjVAHwc+Vc=
WokMgiIziweB0NumqThcH7KQoB9YYMKbjzw7ldq9y26hR4D6hZJgExgo5tXZQDwpoeg8A2dnyNnD4WRH21dnM3fr0Rn7l72Pr3NNjV4N1hAq+WE=
jqJ/2GDAepZW9/dPw1ZeUEjY98EPcGDAy3tZrMQMNxNMHG7/kZ2gbVuo1IuzXEif5Q7LZ6sWWT+5mhOgebo7os/Cy0Ktipsmo095wSo3+WI=
MVkW6pTHo0Xg28ataX6l6j+Nk6kAHfXlzgY3F3jJyOdini86CseqeBSBk4h27WOo/sctr4KNMbFWk7F/TVeVy7P90b9Xm51jP5lUBdwUKPlj
9M47QKiAlzCFbjbh6/ka2ANb46QZaifZvsl1rlftEKa2iUUv8KMXYhzNdx4IQZnU8zFfRGkR1XA7hp3YG5vSONN0ufiLKK9FcccuNfl8
J8IyixhY8/GwAbM7ma6s6GxmfWhU79W3N385zJ6YODEQbtM913VgDhbhlZewW0dK/KVHBghZqbwTGQ+8KakFGJsu7UCbAyKQc5zpQEtQf20RLx4t+WQ=
JSB1SrlBXfU241l2lnNranSfsej389A2bMTkJ59xYSSNUhEfHHPa9eTxwwhdWRzlXeIXJzY204pmH34YIHm/2KpFFygKb3F/rvUFUQLLXc8x/0GL4BTtz3tDycPLITjVAHwc+Vc=
0z9sYSoSVrGQwgXN4S4DJise8XWPSlBKS17dJ1LjCtay/BrWhpCb4RQwXgMbnM+tpo3HRvWHVJIJYtxrLMjyzcWQcIFVaEirqzfUwdeBUL9nJ+vbI6sAMPenQbfb09kVwt0aeB75VQ==
dwsB7gLOcvPRd2tHnXS2B7KQoB9YYMKbjzw7ldq9y26hR4D6hZJgExgo5tXZQDwpoeg8A2dnyNnD4WRH21dnM3fr0xj7l72Pr3NNjV4N1hAq+WE=
OAjaMRAqhsbgNZfejQI+xXefsej389A2bMTkJ59xYSSNUhEfHHPa9eTxwwhdWRzlXeIXJzY204pmH34YIHm/2KpFFygKb3F/rvUFUQLLXc8x/0GL5RTtz3tDycPLITjVAHwc+Vc=
d7qQ2zJ4dffP/gtJ4YijVCoe8XWPSlBKS17dJ1LjCtay/BrWhpCb4RQwXgMbnM+tpo3HRvWHVJIJYtxrLMjyzcWQcIFVaEirqzfUwdeBUL9nJ+vbI6sFMPenQbfb09kVwt0aeB75VQ==
BGgDxdjq1Va8oitzfa0nZ7KQoB9YYMKbjzw7ldq9y26hR4D6hZJgExgo5tXZQDwpoeg8A2dnyNnD4WRH21dnM3fr0Bj7l72Pr3NNjV4N1hAq+WE=
vCQa0geyS/d1x9yGY6yeEXafsej389A2bMTkJ59xYSSNUhEfHHPa9eTxwwhdWRzlXeIXJzY204pmH34YIHm/2KpFFygKb3F/rvUFUQLLXc8x/0GL5hTtz3tDycPLITjVAHwc+Vc=
OOoIV2r27WgM+mw/UDcPvyUe8XWPSlBKS17dJ1LjCtay/BrWhpCb4RQwXgMbnM+tpo3HRvWHVJIJYtxrLMjyzcWQcIFVaEirqzfUwdeBUL9nJ+vbI6sKMPenQbfb09kVwt0aeB75VQ==
5zh99mqeHiRevQ+jrNtvKdt4EyYSimmPaWF2UbbIAmSJ7gL7n2lLTkrEpJqVz2QldjkGU/xC7k4a2AWMsT69/hR/PU5FVAj/juHNE+xsaILVlH2ka5KV/Fs+WKyEp5H8q+wH0eETZhH5WA==
ZIIB0/MCkUAwhB+oSeG3Bdt4EyYSimmPaWF2UbbIAmSJ7gL7n2lLTkrEpJqVz2QldjkGU/xC7k4a2AWMsT69/hR/PU5FVAj/juHNE+xsaILVlH2ka5KV/Fs7W6yHp5H8q+wH0eETZhH5WA==
k3pW+NpTRt1ibbcN2FV6tXRsYy8IrIHsZ3U/0oqUGnBIOMoqjTlnFQTB4IK6cAQE8L59QFpTpP0YHhKmPbcFGJsu7UCbCyOQdZzpQUtQf20RLx4t+WQ=
DbuTjZVvfXduy1EqFEI6EDY8NRCkMWPm/Q8e2XMsXo/KPpT+2ubFpBkq0/CZyju07vKNks17G7YD/7mRykf5cg==
9IxgXxKGXJ0V73BFqagRunRsYy8IrIHsZ3U/0oqUGnBIOMoqjTlnFQTB4IK6cAQE8L59QFpTpP0YHhKmPbcFGJsu7UCbAiKQdZzpQUtQf20RLx4t+WQ=
6FlAxO2AI/tnm7kIIXLjizY8NRCkMWPm/Q8e2XMsXo/KPpT+2ubFpBkq0/CZyju17vKNks17G7YD/7mRykf5cg==
Jt5ajQPMzlp3FAA9v59xPXRsYy8IrIHsZ3U/0oqUGnBIOMoqjTlnFQTB4IK6cAQE8L59QFpTpP0YHhKmPbcFGJsu7UCbAyKQdZzpQUtQf20RLx4t+WQ=
6FlAxO2AI/tnm7kIIXLjizY8NRCkMWPm/Q8e2XMsXo/KPpT+2ubFpBkq0/CZyju17vKNks17G7YD/7mRykf5cg==
Jt5ajQPMzlp3FAA9v59xPXRsYy8IrIHsZ3U/0oqUGnBIOMoqjTlnFQTB4IK6cAQE8L59QFpTpP0YHhKmPbcFGJsu7UCbAyKQdZzpQUtQf20RLx4t+WQ=
6FlAxO2AI/tnm7kIIXLjizY8NRCkMWPm/Q8e2XMsXo/KPpT+2ubFpBkq0/CZyju17vKNks17G7YD/7mRykf5cg==
HAkK5JRgVCsucYl2+7TWInRsYy8IrIHsZ3U/0oqUGnBIOMoqjTlnFQTB4IK6cAQE8L59QFpTpP0YHhKmPbcFGJsu7UCbByKQdZzpQUtQf20RLx4t+WQ=
2pqvmh8oi6Nf3iIbyIDAWTY8NRCkMWPm/Q8e2XMsXo/KPpT+2ubFpBkq0/CZyjux7vKNks17G7YD/7mRykf5cg==
ddokTa+VbR6l0qW4oyxFE1VV/HFKTCBvz4czq+srwgCvQSln4pNBZSr9ouhW+R0=
YBwOBa8Ih6NiXh82Q9VR+qq8QfK3gQKuwwE0RA1gU2UQg7lfdec9S1SMKdlfi0QjhyncpYTEQPkL
VB0tD4DwvwMTxzJB8BMvtjsWMbAbr7AOkb/ShCzLxXgbTi1gmyticPV8qaFLcD/NkY/eTfkE
