11p1M7lMmVs2eHUiXSX0GV/5cmXsyfJAKmXn8axUXFHk8Fi3qIxGtGR1K47tGwte4daUgWxZ/ZXU8jlnqgDeHzfnO/szqxBSp2eR10RSaXVyHSoYLvll
jS1rmA6MAvFLov0d6EYZ5Dh/PhK4I2L07B9dyWx5XoXxf5Ou1vjPsRkq0/CZyjuy7PKLks11GrYD/7mRykf5cg==
l9YyehLeTGKh/5OrYxQuYevsyTEFjK6/R0Ad6LmUQ7hoTSaAQpa6qgxopc6qM21SPYzTGDSEWdMp4/yZUfajdAFm++IFjpS29bl6QotjCdUSK/lm
QYlUben0HSDfRN0UwVEctkQe0IJ2KRX4JWWeh93dhr0NNVmF8eRTNPYvqT9j5rwWGH9QDPT7RS/5j+kLi6cl4GOz/oITsUB1yCw0+X8=
9vSyjMc7CU52NnmGe1gqHF3sl7Z+GAeHl3H1IxoofznsFadhq9VDMBn8vGtrf6Gi9t5Sq2JcBq9vB5Nryyupw8/ISaeMkiGlSn3CKDb5fQ==
+XJJtxOqZYYrKrxWCTm8C13sl7Z+GAeHl2vzNBA7fznsFadhq9VDMBn8vGtrf6Gi9t5Sq2JcBq9vB5Nryyupw8/ISaeMkiGlSn3CKDb5fQ==
jFqBj2E9wvOlFlGxi2ZUTUQe0IJ2KRX4JVy4i93dhr0NNVmF8eRTNPYvqT9j5rwWGH9QDPT7RS/5j+kLi6cl4GOz/oITsUB1yCw0+X8=
uJNoQpl5Lp6HvClus9dS7Q3u58dbOj70/SwH8pgbYFBXATmMi8L9ZFb82J+JCl+evAvCabEbRDG5mhOgebo7ps3CxEKthZomo095wSo3+WI=
Qq7/9HM5tWtrmB0hSMMBYV3sl7Z+GAeHlzKgZEpQfznsFadhq9VDMBn8vGtrf6Gi9t5Sq2JcBq9vB5Nryyupw8/ISaeMkiGlSn3CKDb5fQ==
Qq7/9HM5tWtrmB0hSMMBYV3sl7Z+GAeHlzKgZEpQfznsFadhq9VDMBn8vGtrf6Gi9t5Sq2JcBq9vB5Nryyupw8/ISaeMkiGlSn3CKDb5fQ==
BLHUtrFAQkZ6X9jLDFp7IEQe0IJ2KRX4JQLnjt3dhr0NNVmF8eRTNPYvqT9j5rwWGH9QDPT7RS/5j+kLi6cl4GOz/oITsUB1yCw0+X8=
32wnQKeTzzA7ROG5oj3lh0Qe0IJ2KRX4JQPnjt3dhr0NNVmF8eRTNPYvqT9j5rwWGH9QDPT7RS/5j+kLi6cl4GOz/oITsUB1yCw0+X8=
GXsxbmJ3C6lc6N4eRePzkR9R76hOGlGG75Q8uQCuC7vh+l9wraoaNhDZTUgfQMDR+j9FSXQf1XA7hp3YG5jRONx0ufeKKK9FcccuNfl8
6GurRavk4WT+x+qvuqB2YQ3u/cFZISz0/SwH8pgbYFBXATmMi8L9ZFb82J+JCl+evAvCabEbRDG5mhOgebo7ps3CxEKthZomo095wSo3+WI=
EhA4VtT4T97Yq/d4v15Gug7u/cFZISz0/SwH8pgbYFBXATmMi8L9ZFb82J+JCl+evAvCabEbRDG5mhOgebo7ps3CxEKthZomo095wSo3+WI=
cN5zbcKO7r0W3LMCRfTA1w/u/cFZISz0/SwH8pgbYFBXATmMi8L9ZFb82J+JCl+evAvCabEbRDG5mhOgebo7ps3CxEKthZomo095wSo3+WI=
1FNrhj8JtUuGJHar7qjJN2uhgK4VB/3zvjdkSz/W1LAhhTJted31JR2Mx4Ri1zW//54opoyXPKxYk7F/TVeVy7f/0bBXm5JiP5lUBdwUKPlj
haEdhjyA+RWA95HuQeStnzYo6oslGlc+0N+gDK9ViSDjJl3YzohIEwGO3wIEnzIFGb8kzeEuw+yx/nt6tRb0bkXhuhq7u2nNIjP5fg==
IcxBblZg4mxlW4PqedP3EzUo6oslHVc+0N+gDK9ViSDjJl3YzohIEwGO3wIEnzIFGb8kzeEuw+yx/nt6tRb0bkXhuhq7u2nNIjP5fg==
CbnZv6eE9l5zhQsWez32jEZt0odwHlGE75c8uQCuC7vh+l9wraoaNhDZTUgfQMDR+j9FSXQf1XA7hp3YG5jRONx0ufeKKK9FcccuNfl8
Vw0EWLAT45Ago53du3z8VTYo6oslGFc90N+gDK9ViSDjJl3YzohIEwGO3wIEnzIFGb8kzeEuw+yx/nt6tRb0bkXhuhq7u2nNIjP5fg==
xZycGsvqHjI1VtbkmYCZcjUo6oslGFU90N+gDK9ViSDjJl3YzohIEwGO3wIEnzIFGb8kzeEuw+yx/nt6tRb0bkXhuhq7u2nNIjP5fg==
YVIvbbMq9u9/em4oZcy7HjYo6oslGFc80N+gDK9ViSDjJl3YzohIEwGO3wIEnzIFGb8kzeEuw+yx/nt6tRb0bkXhuhq7u2nNIjP5fg==
VRQBMgrCEIQX2uUD3tmOQDUo6oslGFc80N+gDK9ViSDjJl3YzohIEwGO3wIEnzIFGb8kzeEuw+yx/nt6tRb0bkXhuhq7u2nNIjP5fg==
2xkfertVXbrzFV3h5NDcmEQe+7Fdc1KZOALnjt3dhr0NNVmF8eRTNPYvqT9j5rwWGH9QDPT7RS/5j+kLi6cl4GOz/oITsUB1yCw0+X8=
IWFMXwGMA1U+9RwEBiSvMEce+7FdcVCZOALnjt3dhr0NNVmF8eRTNPYvqT9j5rwWGH9QDPT7RS/5j+kLi6cl4GOz/oITsUB1yCw0+X8=
Vx9czLZQgkK9osnH5pnVMkQe+7Fdc1KZOAPnjt3dhr0NNVmF8eRTNPYvqT9j5rwWGH9QDPT7RS/5j+kLi6cl4GOz/oITsUB1yCw0+X8=
ibo8RkxtpTkb0r8YPueg8kce+7FddFKZOAPnjt3dhr0NNVmF8eRTNPYvqT9j5rwWGH9QDPT7RS/5j+kLi6cl4GOz/oITsUB1yCw0+X8=
REJxMivaXXbXyXYY8K96ZEYe+7FddFKZOAPnjt3dhr0NNVmF8eRTNPYvqT9j5rwWGH9QDPT7RS/5j+kLi6cl4GOz/oITsUB1yCw0+X8=
gwBy8TthqLsWbY8r4D1C8A3u/8tbIyjr/S4H8ZgbYFBXATmMi8L9ZFb82J+JCl+evAvCabEbRDG5mhOgebo7ps3CxEKthZomo095wSo3+WI=
GsQSduAObE5Ucdp1TXHtARoEduJws27G4P8CEITzLT0Uhd4BefMDOk5kbxWxhmNEIXb78iW+VMYVKfrS65NJ5TI7+XY=
J0A8OgAW/E1Lfc88EUHN9RoEduJws27G4PsAHoTzLT0Uhd4BefMDOk5kbxWxhmNEIXb78iW+VMYVKfrS65NJ5TI7+XY=
ru2t64Ggt4WvQ8zgrcOBtx+zeuFcYXO7qSFU1IL+N7/lO0xsmzyBLc3zQT+dd6XLxx+BcOc7AuLP+YRF7DQ4+XM=
DuHxIUaFZCbu4Y23x6nb6iF0eVzvFEC1ol0i3G94SovwANTujbWT3Rkq0/CZyjuy7PKEks11GrYD/7mRykf5cg==
/WzxipblTnPWU6GQGenON0c7Lhj+hoaDkPJiFgLr2Lj/ElDdnFwV5MeTtZralpCi/EAscEYUIn0/owHKJQDL5pn5OKieiv2hZjkFphhuRKeAWPXuDV3p7w+HcyurK4yCb0jp56ySAeXq/WJoFvld
Mb0e/SPAz43KDu3/hsLXL3RsYy8IrIHsZ3U/0oqUGnBIOMoqjTlnFQTB4IK6cAQE8L59QFpTpP0YHhKmPbcFGJsu7UCbCyCQd5rpT0pQf20RLx4t+WQ=
S0SUFIYW9pTJvbdLaQkg/zY8NRCkMWPm/Q8e2XMsXo/KPpT+2ubFpBkq0/CZyju97PKPlM11GrYD/7mRykf5cg==
